/tmp/anima_an11_fire_helper.hexa_tmp:21: DeprecationWarning: datetime.datetime.utcnow() is deprecated and scheduled for removal in a future version. Use timezone-aware objects to represent datetimes in UTC: datetime.datetime.now(datetime.UTC).
  def task_id(): return 'an11_fire_' + datetime.datetime.utcnow().strftime('%Y%m%dT%H%M%SZ')
/tmp/anima_an11_fire_helper.hexa_tmp:20: DeprecationWarning: datetime.datetime.utcnow() is deprecated and scheduled for removal in a future version. Use timezone-aware objects to represent datetimes in UTC: datetime.datetime.now(datetime.UTC).
  def utc(): return datetime.datetime.utcnow().strftime('%Y-%m-%dT%H:%M:%SZ')
/tmp/anima_an11_fire_helper.hexa_tmp:20: DeprecationWarning: datetime.datetime.utcnow() is deprecated and scheduled for removal in a future version. Use timezone-aware objects to represent datetimes in UTC: datetime.datetime.now(datetime.UTC).
  def utc(): return datetime.datetime.utcnow().strftime('%Y-%m-%dT%H:%M:%SZ')
{
  "task_id": "an11_fire_20260428T025832Z",
  "started_utc": "2026-04-28T02:58:32Z",
  "tool": "anima_an11_fire",
  "version": "v1",
  "cost_center": "anima-an11-mistral7b-vast-h100-pod",
  "vendor": "vast.ai",
  "gpu_class": "H100_SXM",
  "watchdog_min": 240,
  "dry_run": false,
  "preflight": {
    "wrapper_local_exists": true,
    "corpus_local_exists": true,
    "templates_local_exists": true,
    "prompts_local_exists": true,
    "vast_ssh_key_exists": true,
    "vastai_cli_present": true
  },
  "n_offers_filtered": 1,
  "chosen_offer": {
    "id": 28160508,
    "dph_total": 1.8675925925925925,
    "gpu_name": "H100 SXM",
    "reliability": 0.9980811
  },
  "estimated_cost_usd": 7.47,
  "instance_id": 35722589,
  "ssh": {
    "host": "ssh2.vast.ai",
    "port": 12588
  },
  "result": "SCP_FAIL",
  "scp_stderr": "ssh: connect to host ssh2.vast.ai port 12588: Connection refused\nscp: Connection closed\n",
  "exception": "scp",
  "destroy_returncode": 0,
  "ended_utc": "2026-04-28T02:58:37Z"
}
