/tmp/anima_an11_fire_helper.hexa_tmp:21: DeprecationWarning: datetime.datetime.utcnow() is deprecated and scheduled for removal in a future version. Use timezone-aware objects to represent datetimes in UTC: datetime.datetime.now(datetime.UTC).
  def task_id(): return 'an11_fire_' + datetime.datetime.utcnow().strftime('%Y%m%dT%H%M%SZ')
/tmp/anima_an11_fire_helper.hexa_tmp:20: DeprecationWarning: datetime.datetime.utcnow() is deprecated and scheduled for removal in a future version. Use timezone-aware objects to represent datetimes in UTC: datetime.datetime.now(datetime.UTC).
  def utc(): return datetime.datetime.utcnow().strftime('%Y-%m-%dT%H:%M:%SZ')
/tmp/anima_an11_fire_helper.hexa_tmp:20: DeprecationWarning: datetime.datetime.utcnow() is deprecated and scheduled for removal in a future version. Use timezone-aware objects to represent datetimes in UTC: datetime.datetime.now(datetime.UTC).
  def utc(): return datetime.datetime.utcnow().strftime('%Y-%m-%dT%H:%M:%SZ')
{
  "task_id": "an11_fire_20260428T060622Z",
  "started_utc": "2026-04-28T06:06:22Z",
  "tool": "anima_an11_fire",
  "version": "v1",
  "cost_center": "anima-an11-mistral7b-vast-h100-pod",
  "vendor": "vast.ai",
  "gpu_class": "H100_SXM",
  "watchdog_min": 240,
  "dry_run": false,
  "preflight": {
    "wrapper_local_exists": true,
    "corpus_local_exists": true,
    "templates_local_exists": true,
    "prompts_local_exists": true,
    "vast_ssh_key_exists": true,
    "vastai_cli_present": true
  },
  "n_offers_filtered": 1,
  "chosen_offer": {
    "id": 32880894,
    "dph_total": 2.9747222222222223,
    "gpu_name": "H100 SXM",
    "reliability": 0.9964717,
    "cuda_max_good": 13.0
  },
  "estimated_cost_usd": 11.9,
  "instance_id": 35729543,
  "ssh": {
    "host": "ssh7.vast.ai",
    "port": 19542
  },
  "tcp_probe_attempts": 1,
  "tcp_ready": true,
  "result": "SCP_FAIL",
  "scp_stderr": "Connection closed by 54.81.15.77 port 19542\nscp: Connection closed\n",
  "exception": "scp",
  "destroy_returncode": 0,
  "ended_utc": "2026-04-28T06:06:44Z"
}
