__LAW_64_CYCLE_4_T8M_40x40_MULTI_SEED_BEGIN__ universality robustness @ 40x40 / 32% density
hypothesis H1 (UNIVERSALITY): mean(N=15)>50 AND mean(N=1500)<20 with bounded stdev
hypothesis H2 (SEED-SPECIFIC): stdev(N=15)>50 OR stdev(N=1500)>30
hypothesis H3 (BOUNDARY): mixed — neither H1 nor H2 cleanly
seeds={20260428, 12345, 99999, 7777, 31416} N_TRAIN_anchors={15,1500} grid=40x40 density=512/1600
--- per-seed × per-N_TRAIN sweep ---
seed 20260428:
  seed=20260428 n_train=15 ca_acc=1000 tf_acc=935 advantage_per_thousand=69
  seed=20260428 n_train=1500 ca_acc=1000 tf_acc=996 advantage_per_thousand=4
seed 12345:
  seed=12345 n_train=15 ca_acc=1000 tf_acc=937 advantage_per_thousand=67
  seed=12345 n_train=1500 ca_acc=1000 tf_acc=1000 advantage_per_thousand=0
seed 99999:
  seed=99999 n_train=15 ca_acc=1000 tf_acc=920 advantage_per_thousand=86
  seed=99999 n_train=1500 ca_acc=1000 tf_acc=967 advantage_per_thousand=34
seed 7777:
  seed=7777 n_train=15 ca_acc=1000 tf_acc=957 advantage_per_thousand=44
  seed=7777 n_train=1500 ca_acc=1000 tf_acc=997 advantage_per_thousand=3
seed 31416:
  seed=31416 n_train=15 ca_acc=1000 tf_acc=955 advantage_per_thousand=47
  seed=31416 n_train=1500 ca_acc=1000 tf_acc=998 advantage_per_thousand=2
--- aggregate (across 5 seeds) ---
N=15:   mean=62 stdev=15 min=44 max=86
N=1500: mean=8 stdev=12 min=0 max=34
mean_descent(N=15 → N=1500) = 54 per_thousand
--- H1 vs H2 vs H3 hypothesis verdict ---
__LAW_64_CYCLE_4_T8M_RESULT__ H1_SUPPORTED_UNIVERSALITY_CONFIRMED_mean_n15_62_mean_n1500_8_stdev_n15_15_stdev_n1500_12
--- Law 64 v4 universality strength assessment ---
law_64_v4_universality_strength=STRONG_seed_independent_descent_pattern_holds
--- comparison vs predecessor T8j (single seed) ---
T8j seed=20260428 (commit 8871288a): advantage 69 → 29 → 23 → 21 → 4 (descent observed)
T8m anchor on same seed (this run, N=15 then N=1500): see seed=20260428 row above
raw_91_caveat=Single-seed T8j advantages might reflect that seed's initial pattern. T8m tests universality.
raw_91_caveat=5 seeds is a small ensemble; n>=10 would tighten stdev estimate. Compute budget caps current sweep.
raw_91_caveat=N_TRAIN anchors {15,1500} skip middle ladder rungs — tests endpoints only, not full descent shape.
raw_91_caveat=Population stdev (not sample stdev) used; n=5 makes sample correction (n-1) modestly different.
raw_91_caveat=Mac CPU local execution; 40x40 × 1515 steps × 5 seeds × 2 train slices ≈ 5-10 min wallclock.
