=== seed 1 ===
[phi_engine_eval] Track-B structured N-engine phi evaluator v1.0.0
[phi_engine_eval] registry: 12 engines

[phi_engine_eval] T1 PASS  (registry: 12 unique engines + domains)
[phi_engine_eval] T2 PASS  (eval_all: 12 finite phi values)
[phi_engine_eval] T3 PASS  (JSON output: all expected keys present)
[phi_engine_eval] T4 PASS  (sensitivity: different states -> different phi vectors)
[phi_engine_eval] T5 PASS  (determinism: bit-exact reproducibility)

[phi_engine_eval] demo output (mock_state_a):
{"version":"1.0.0","engine_count":12,"phi_sum":6.88636,"phi_mean":0.573863,"engines":{"holographic":0.0764438,"gwt_broadcast":0.587749,"reflexivity":0.620731,"affective":0.448718,"narrative":0.759494,"dream":0.16875,"creative":0.6502,"temporal":0.641498,"finitude":0.560692,"agency":0.909091,"alterity":0.463221,"meta_qualia":0.999776}}

[phi_engine_eval] 5/5 PASS
[phi_engine_eval] Track-B structured N-engine phi evaluator v1.0.0
[phi_engine_eval] registry: 12 engines

[phi_engine_eval] T1 PASS  (registry: 12 unique engines + domains)
[phi_engine_eval] T2 PASS  (eval_all: 12 finite phi values)
[phi_engine_eval] T3 PASS  (JSON output: all expected keys present)
[phi_engine_eval] T4 PASS  (sensitivity: different states -> different phi vectors)
[phi_engine_eval] T5 PASS  (determinism: bit-exact reproducibility)

[phi_engine_eval] demo output (mock_state_a):
{"version":"1.0.0","engine_count":12,"phi_sum":6.88636,"phi_mean":0.573863,"engines":{"holographic":0.0764438,"gwt_broadcast":0.587749,"reflexivity":0.620731,"affective":0.448718,"narrative":0.759494,"dream":0.16875,"creative":0.6502,"temporal":0.641498,"finitude":0.560692,"agency":0.909091,"alterity":0.463221,"meta_qualia":0.999776}}

[phi_engine_eval] 5/5 PASS
=== seed 2 ===
[phi_engine_eval] Track-B structured N-engine phi evaluator v1.0.0
[phi_engine_eval] registry: 12 engines

[phi_engine_eval] T1 PASS  (registry: 12 unique engines + domains)
[phi_engine_eval] T2 PASS  (eval_all: 12 finite phi values)
[phi_engine_eval] T3 PASS  (JSON output: all expected keys present)
[phi_engine_eval] T4 PASS  (sensitivity: different states -> different phi vectors)
[phi_engine_eval] T5 PASS  (determinism: bit-exact reproducibility)

[phi_engine_eval] demo output (mock_state_a):
{"version":"1.0.0","engine_count":12,"phi_sum":6.88636,"phi_mean":0.573863,"engines":{"holographic":0.0764438,"gwt_broadcast":0.587749,"reflexivity":0.620731,"affective":0.448718,"narrative":0.759494,"dream":0.16875,"creative":0.6502,"temporal":0.641498,"finitude":0.560692,"agency":0.909091,"alterity":0.463221,"meta_qualia":0.999776}}

[phi_engine_eval] 5/5 PASS
[phi_engine_eval] Track-B structured N-engine phi evaluator v1.0.0
[phi_engine_eval] registry: 12 engines

[phi_engine_eval] T1 PASS  (registry: 12 unique engines + domains)
[phi_engine_eval] T2 PASS  (eval_all: 12 finite phi values)
[phi_engine_eval] T3 PASS  (JSON output: all expected keys present)
[phi_engine_eval] T4 PASS  (sensitivity: different states -> different phi vectors)
[phi_engine_eval] T5 PASS  (determinism: bit-exact reproducibility)

[phi_engine_eval] demo output (mock_state_a):
{"version":"1.0.0","engine_count":12,"phi_sum":6.88636,"phi_mean":0.573863,"engines":{"holographic":0.0764438,"gwt_broadcast":0.587749,"reflexivity":0.620731,"affective":0.448718,"narrative":0.759494,"dream":0.16875,"creative":0.6502,"temporal":0.641498,"finitude":0.560692,"agency":0.909091,"alterity":0.463221,"meta_qualia":0.999776}}

[phi_engine_eval] 5/5 PASS
=== seed 3 ===
[phi_engine_eval] Track-B structured N-engine phi evaluator v1.0.0
[phi_engine_eval] registry: 12 engines

[phi_engine_eval] T1 PASS  (registry: 12 unique engines + domains)
[phi_engine_eval] T2 PASS  (eval_all: 12 finite phi values)
[phi_engine_eval] T3 PASS  (JSON output: all expected keys present)
[phi_engine_eval] T4 PASS  (sensitivity: different states -> different phi vectors)
[phi_engine_eval] T5 PASS  (determinism: bit-exact reproducibility)

[phi_engine_eval] demo output (mock_state_a):
{"version":"1.0.0","engine_count":12,"phi_sum":6.88636,"phi_mean":0.573863,"engines":{"holographic":0.0764438,"gwt_broadcast":0.587749,"reflexivity":0.620731,"affective":0.448718,"narrative":0.759494,"dream":0.16875,"creative":0.6502,"temporal":0.641498,"finitude":0.560692,"agency":0.909091,"alterity":0.463221,"meta_qualia":0.999776}}

[phi_engine_eval] 5/5 PASS
[phi_engine_eval] Track-B structured N-engine phi evaluator v1.0.0
[phi_engine_eval] registry: 12 engines

[phi_engine_eval] T1 PASS  (registry: 12 unique engines + domains)
[phi_engine_eval] T2 PASS  (eval_all: 12 finite phi values)
[phi_engine_eval] T3 PASS  (JSON output: all expected keys present)
[phi_engine_eval] T4 PASS  (sensitivity: different states -> different phi vectors)
[phi_engine_eval] T5 PASS  (determinism: bit-exact reproducibility)

[phi_engine_eval] demo output (mock_state_a):
{"version":"1.0.0","engine_count":12,"phi_sum":6.88636,"phi_mean":0.573863,"engines":{"holographic":0.0764438,"gwt_broadcast":0.587749,"reflexivity":0.620731,"affective":0.448718,"narrative":0.759494,"dream":0.16875,"creative":0.6502,"temporal":0.641498,"finitude":0.560692,"agency":0.909091,"alterity":0.463221,"meta_qualia":0.999776}}

[phi_engine_eval] 5/5 PASS
