__LAW_64_CYCLE_4_T10B_5CELL_FALSIFIER_BEGIN__ 5-cell rule v8 falsifier
hypothesis H1 (v8 confirmed): adv_o5_n5000<5 AND adv_o3_n5000>=50 — matched-window principle holds on 5-cell rule
hypothesis H2 (v8 broken): adv_o5_n5000>=50 — matched-context Markov FAILS on deterministic 5-cell rule
hypothesis H3 (sparsity-limited): 5<=adv_o5_n5000<50 — partial closure, data-volume scales with window size
seed=20260428 len=64 alphabet=4 rule=xor5_plus_p1n1_plus_c_plus_1_mod4 N_TEST=15
init_random_density_counts s0=11 s1=16 s2=16 s3=21 (sum=64)
--- order=1 (P(next|self), 4 ctx/cell × 4 outs = 16 params/cell) ---
  order=1 n_train=50 oracle_acc=1000 markov_acc=225 advantage_per_thousand=3444
  order=1 n_train=500 oracle_acc=1000 markov_acc=255 advantage_per_thousand=2921
  order=1 n_train=5000 oracle_acc=1000 markov_acc=270 advantage_per_thousand=2703
--- order=3 (UNDER-MATCHED: P(next|l1,self,r1), 64 ctx/cell × 4 outs = 256 params/cell — must FAIL ±2) ---
  order=3 n_train=50 oracle_acc=1000 markov_acc=250 advantage_per_thousand=3000
  order=3 n_train=500 oracle_acc=1000 markov_acc=238 advantage_per_thousand=3201
  order=3 n_train=5000 oracle_acc=1000 markov_acc=263 advantage_per_thousand=2802
--- order=5 (MATCHED: P(next|l2,l1,self,r1,r2), 1024 ctx/cell × 4 outs = 4096 params/cell — should SATURATE if v8 holds) ---
  order=5 n_train=50 oracle_acc=1000 markov_acc=290 advantage_per_thousand=2448
  order=5 n_train=500 oracle_acc=1000 markov_acc=545 advantage_per_thousand=834
  order=5 n_train=5000 oracle_acc=1000 markov_acc=991 advantage_per_thousand=9
--- aggregate (advantage_per_thousand at key anchors) ---
adv_o1_n500=2921 adv_o1_n5000=2703
adv_o3_n500=3201 adv_o3_n5000=2802
adv_o5_n500=834 adv_o5_n5000=9
--- verdict ---
verdict=H3_SUPPORTED_v8_SPARSITY_LIMITED_o5_partial_closure_5_lte_adv_lt_50_at_N5000
law_64_direction=LAW_64_v8_SPARSITY_LIMITED_principle_holds_asymptotically_data_volume_scales_with_window_size_followup_o7_or_extended_N
o3_under_matched_check_adv_o3_n5000=2802_threshold_>=50_for_under_matched_failure
__LAW_64_CYCLE_4_T10B_5CELL_FALSIFIER_RESULT__ H3_SUPPORTED_v8_SPARSITY_LIMITED_o5_partial_closure_5_lte_adv_lt_50_at_N5000
raw_91_C1_falsifiable=YES_pre_registered_thresholds_5_and_50_at_o5_and_o3_N5000_frozen_in_header
raw_91_C2_replicable=YES_seed_20260428_deterministic_LCG_high_bits_rule_xor5_plus_p1n1_plus_c_plus_1_mod4_random_density_init
raw_91_C3_no_p_hacking=YES_thresholds_orders_anchors_frozen_in_header_BEFORE_run_no_post_hoc_tuning
raw_91_C4_data_caveats=length_64_toroidal_random_density_init_only_single_seed_o7_DEFERRED_memory_budget
raw_91_C5_negative_result_published=YES_emit_regardless_of_outcome_per_raw_71_v8_broken_outcome_emitted_if_observed
raw_91_caveat=order-5_exactly_matches_5_cell_rule_neighborhood_test_is_whether_5000_steps_fill_1024_ctx_per_cell_uniformly_enough_for_argmax_to_lock_correct_output
raw_91_caveat=under-matched_o3_should_have_genuine_structural_gap_NOT_just_sparsity_because_5_cell_rule_truly_depends_on_p2_n2_which_o3_cannot_observe
raw_91_caveat=if_H3_fires_followup_run_o7_to_distinguish_sparsity_from_principle_break_or_extend_N_to_50000
