[2026-04-26T16:58:16Z] R46 zone closure — start
design=auto-conditioning (HID = max(2, N//2)) — well-conditioned canonical
hypotheses=H3A_substrate_NEG / H3B_arch_divergent / H3C_universal_POS
DONE
[create] pod=v10-phi-v3-r46-zone-closure-r1 gpu=NVIDIA H100 80GB HBM3
{
  "containerDiskInGb": 60,
  "costPerHr": 2.99,
  "desiredStatus": "RUNNING",
  "env": [
    "PUBLIC_KEY=ssh-ed25519 AAAAC3NzaC1lZDI1NTE5AAAAIKOEWe0SBseZceuCgcVnlNDhEwbU/TIqGeK9FdrpIy9V ghost@ghostui-MacBookAir.local\n\nssh-rsa AAAAB3NzaC1yc2EAAAADAQABAAABAQCf5vOKHhrik9f3yA4IWXXGKPVvDQ8nFP5b1PF7a7YHuXMmZVSOvISYwph7yuCCYyZP8GTDm9MWHZVSR6ArijPxRfAbGDUtENFrHtyA5IGI9GycJkrYokI20neQXR4AGTwk/kVXOdaMaxEREFKhyffzZyrPKUEpZ7ikGXVM9MqWYNFvvy1ioQ7uuqyFq+65phVjojKgg4LWdnTjcxNzNrOgwlZqANx450Nhv3KAGhWSiLZgU6iA4JJ6gsq6t5S9p5n7T6EeypUyuKT4iOH0U5d4jIrssz0QwBncytLvQCvv7IpsapPqhgQzBXcGMZKkLS62UWYDRTeL7PPz3+N2hM4N RunPod-Key-Go"
  ],
  "gpuCount": 1,
  "id": "yr8u2h1svoxlj1",
  "imageName": "runpod/pytorch:2.4.0-py3.11-cuda12.4.1-devel-ubuntu22.04",
  "lastStatusChange": "Rented by User: Sun Apr 26 2026 16:58:19 GMT+0000 (Coordinated Universal Time)",
  "machine": {
    "gpuDisplayName": "H100 SXM",
    "location": "DE"
  },
  "memoryInGb": 251,
  "name": "v10-phi-v3-r46-zone-closure-r1",
  "ports": "8888/http,22/tcp",
  "vcpuCount": 8,
  "volumeInGb": 60,
  "volumeMountPath": "/workspace"
}
[create] pod_id=yr8u2h1svoxlj1
[ssh-wait] pod=yr8u2h1svoxlj1

[2026-04-26T17:01:26Z] R46 zone closure — RESUME on yr8u2h1svoxlj1 (87.120.211.209:16334)
[ssh-ready] try=1
[scp] uploading helper + token
Warning: Permanently added '[87.120.211.209]:16334' (ED25519) to the list of known hosts.
Warning: Permanently added '[87.120.211.209]:16334' (ED25519) to the list of known hosts.
Warning: Permanently added '[87.120.211.209]:16334' (ED25519) to the list of known hosts.
[exec] pip install
Warning: Permanently added '[87.120.211.209]:16334' (ED25519) to the list of known hosts.

[notice] A new release of pip is available: 24.2 -> 26.0.1
[notice] To update, run: python -m pip install --upgrade pip

=== R1 CELL pythia_1b  model=EleutherAI/pythia-1b ===
Warning: Permanently added '[87.120.211.209]:16334' (ED25519) to the list of known hosts.
[phi-v3] base=EleutherAI/pythia-1b N=16 HALF=8 K=8 HID_TRUNC=8(auto) eff_dof_full=8 eff_dof_half=0 ridge=0.001
/usr/local/lib/python3.11/dist-packages/transformers/generation/configuration_utils.py:774: UserWarning: `return_dict_in_generate` is NOT set to `True`, but `output_hidden_states` is. When `return_dict_in_generate` is not `True`, `output_hidden_states` is ignored.
  warnings.warn(
[phi-v3] loaded 14.7s h_dim=2048
[phi-v3] forward 4/16
[phi-v3] forward 8/16
[phi-v3] forward 12/16
[phi-v3] forward 16/16
[phi-v3] activations (N,H)=(16, 8) top_var=[80.28, 50.05, 32.03, 21.01, 15.29, 14.8, 12.53, 11.88]
[phi-v3] I_full = log|C(N=16,H=8)| = 19.9803
[phi-v3] sample-part 1/8 S1|S2=8|8 phi=0.1955
[phi-v3] sample-part 2/8 S1|S2=8|8 phi=2.1750
[phi-v3] sample-part 3/8 S1|S2=8|8 phi=5.2980
[phi-v3] sample-part 4/8 S1|S2=8|8 phi=2.7899
[phi-v3] sample-part 5/8 S1|S2=8|8 phi=4.0992
[phi-v3] sample-part 6/8 S1|S2=8|8 phi=8.3886
[phi-v3] sample-part 7/8 S1|S2=8|8 phi=-0.3109
[phi-v3] sample-part 8/8 S1|S2=8|8 phi=-1.3230
[phi-v3] DONE phi_star_min=-1.3230 sign=negative_anti_integrated positive_gate=False -> /workspace/out_pythia_1b/phi_v3_canonical.json
Warning: Permanently added '[87.120.211.209]:16334' (ED25519) to the list of known hosts.

=== R1 CELL tinyllama_1b  model=TinyLlama/TinyLlama-1.1B-intermediate-step-1431k-3T ===
Warning: Permanently added '[87.120.211.209]:16334' (ED25519) to the list of known hosts.
[phi-v3] base=TinyLlama/TinyLlama-1.1B-intermediate-step-1431k-3T N=16 HALF=8 K=8 HID_TRUNC=8(auto) eff_dof_full=8 eff_dof_half=0 ridge=0.001
/usr/local/lib/python3.11/dist-packages/transformers/generation/configuration_utils.py:774: UserWarning: `return_dict_in_generate` is NOT set to `True`, but `output_hidden_states` is. When `return_dict_in_generate` is not `True`, `output_hidden_states` is ignored.
  warnings.warn(
[phi-v3] loaded 20.4s h_dim=2048
[phi-v3] forward 4/16
[phi-v3] forward 8/16
[phi-v3] forward 12/16
[phi-v3] forward 16/16
[phi-v3] activations (N,H)=(16, 8) top_var=[16.4, 13.8, 9.32, 9.05, 8.64, 6.77, 6.32, 6.14]
[phi-v3] I_full = log|C(N=16,H=8)| = 10.4424
[phi-v3] sample-part 1/8 S1|S2=8|8 phi=11.5548
[phi-v3] sample-part 2/8 S1|S2=8|8 phi=8.9756
[phi-v3] sample-part 3/8 S1|S2=8|8 phi=4.1147
[phi-v3] sample-part 4/8 S1|S2=8|8 phi=9.0589
[phi-v3] sample-part 5/8 S1|S2=8|8 phi=7.9801
[phi-v3] sample-part 6/8 S1|S2=8|8 phi=12.4620
[phi-v3] sample-part 7/8 S1|S2=8|8 phi=13.4366
[phi-v3] sample-part 8/8 S1|S2=8|8 phi=8.4045
[phi-v3] DONE phi_star_min=4.1147 sign=positive_iit_integrated positive_gate=True -> /workspace/out_tinyllama_1b/phi_v3_canonical.json
Warning: Permanently added '[87.120.211.209]:16334' (ED25519) to the list of known hosts.

=== R1 CELL phi_2  model=microsoft/phi-2 ===
Warning: Permanently added '[87.120.211.209]:16334' (ED25519) to the list of known hosts.
