2026/04/15 19:10:44 NOTICE: s3: s3 provider "Cloudflare" not known - please set correctly
[cuda_ffi] module loaded — CUDA/cuBLAS extern FFI bindings ready (batch GEMM #23 included)
[cuda_rtc] module loaded — NVRTC + driver API bindings ready
[cuda_kernels] module loaded — 20 kernels ready for NVRTC compile (12 base + 8 fused)
[gpu_train] module loaded — CLM training primitives ready
[corpus_loader] module ready — load_corpus(path) / synthetic_*()
[train_clm_kr] ==================================================
[train_clm_kr] CLM byte-level KR (GPU, hexa-native, zero-Rust)
[train_clm_kr] config: D=64 FF=256 NL=8 VOCAB=256 SEQ=128 RANK=16 BATCH=1 GRAD_ACC=8 effective_batch=8
[train_clm_kr] schedule: STEPS=50000 WARMUP=500 LR_MAX=0.003 LR_MIN=0.0003
[train_clm_kr] log_every=500 eval_every=1000 save_every=5000
[train_clm_kr] ckpt_dir=/workspace/ckpt_clm_d64_kr_nl8
[train_clm_kr] r2_prefix=r2:anima-models/clm-d64-kr round=2
[train_clm_kr] random baseline ln(256) = 5.54518
[train_clm_kr] ==================================================
[cuda_ffi] initialized — handle=106484935718016
[cuda_ffi] GPU memory: 80484 MB free / 81079 MB total
[cuda_rtc] initialized — ctx=106484922027184
[cuda_rtc] cache HIT 'clm_kernels.cu' → .hexa-cache/ptx_162369251.ptx (49031 bytes)
[cuda_kernels] gpu_init_kernels OK — 20 entry points resolved (12 base + 8 fused)
[train_clm_kr] kernels: NVRTC compile OK (12 custom kernels)
[train_clm_kr] tensor cores: CUBLAS_TENSOR_OP_MATH enabled
[train_clm_kr] cfg: D=64 FF=256 NL=8 SEQ=128 RANK=16
[corpus] loading: training/corpus_ko_seed.tok
[corpus] loaded 63305 tokens from training/corpus_ko_seed.tok
[train_clm_kr] corpus: 63305 bytes from training/corpus_ko_seed.tok
[train_clm_kr] first bytes: 236 157 152 236 139 ...
[gpu_train] init_gpu_weights — D=64 FF=256 NL=8 VOCAB=256 SEQ=128 RANK=16
[train_clm_kr] weights: GPU initialized (seed=54321, scale=0.1)
[train_clm_kr] buffers: fwd/grad/eval allocated on GPU
[cuda_ffi] GPU memory: 79816 MB free / 81079 MB total
[train_clm_kr] ==================================================
[train_clm_kr] training start — STEPS=50000
[train_clm_kr] ==================================================
[train_clm_kr] step=1 loss=5.71126 lr=7.5e-07 elapsed=0.107528s
[train_clm_kr] step=500 loss=4.1315 lr=0.000375 elapsed=20.5116s
[train_clm_kr] step=1000 loss=3.19251 lr=0.000374915 elapsed=41.6753s
[train_clm_kr] eval step=1000 ppl=23.9506 kr_acc=-1/16
[phi] step=1000 phi_proxy=101.004
[train_clm_kr] step=1500 loss=2.96425 lr=0.00037466 elapsed=62.2387s
[train_clm_kr] step=2000 loss=2.91662 lr=0.000374236 elapsed=82.8774s
[train_clm_kr] eval step=2000 ppl=16.3789 kr_acc=-1/16
[phi] step=2000 phi_proxy=101.204
[train_clm_kr] step=2500 loss=2.72901 lr=0.000373642 elapsed=103.496s
[train_clm_kr] step=3000 loss=2.72606 lr=0.00037288 elapsed=123.793s
[train_clm_kr] eval step=3000 ppl=14.1007 kr_acc=-1/16
[phi] step=3000 phi_proxy=101.398
[train_clm_kr] step=3500 loss=2.6509 lr=0.00037195 elapsed=144.127s
[train_clm_kr] step=4000 loss=2.71179 lr=0.000370854 elapsed=165.007s
[train_clm_kr] eval step=4000 ppl=12.9021 kr_acc=-1/16
[phi] step=4000 phi_proxy=101.571
[train_clm_kr] step=4500 loss=2.54599 lr=0.000369591 elapsed=189.535s
[train_clm_kr] step=5000 loss=2.50791 lr=0.000368164 elapsed=210.948s
[train_clm_kr] eval step=5000 ppl=12.131 kr_acc=-1/16
[phi] step=5000 phi_proxy=101.723
[gpu_train] saved checkpoint → /workspace/ckpt_clm_d64_kr_nl8/step_5000.hexackpt (NL=8, 67 tensors)
[train_clm_kr] saved checkpoint → /workspace/ckpt_clm_d64_kr_nl8/step_5000.hexackpt
[train_clm_kr] R2 upload: rclone copy /workspace/ckpt_clm_d64_kr_nl8/step_5000.hexackpt r2:anima-models/clm-d64-kr/r2-nl8/step_5000/
[train_clm_kr] WARN — rclone exit= (R2 upload deferred, local ckpt intact: /workspace/ckpt_clm_d64_kr_nl8/step_5000.hexackpt)
[train_clm_kr] step=5500 loss=2.44827 lr=0.000366575 elapsed=236.327s
[train_clm_kr] step=6000 loss=2.50267 lr=0.000364823 elapsed=256.699s
[train_clm_kr] eval step=6000 ppl=11.6194 kr_acc=-1/16
[phi] step=6000 phi_proxy=101.859
[train_clm_kr] step=6500 loss=2.50938 lr=0.000362912 elapsed=277.62s
[train_clm_kr] step=7000 loss=2.2026/04/15 19:14:17 NOTICE: s3: s3 provider "Cloudflare" not known - please set correctly
2026/04/15 19:17:50 NOTICE: s3: s3 provider "Cloudflare" not known - please set correctly
49365 lr=0.000360843 elapsed=298.228s
[train_clm_kr] eval step=7000 ppl=11.1782 kr_acc=-1/16
[phi] step=7000 phi_proxy=101.98
[train_clm_kr] step=7500 loss=2.40056 lr=0.000358619 elapsed=319.23s
[train_clm_kr] step=8000 loss=2.36208 lr=0.000356241 elapsed=340.277s
[train_clm_kr] eval step=8000 ppl=10.8611 kr_acc=-1/16
[phi] step=8000 phi_proxy=102.087
[train_clm_kr] step=8500 loss=2.43008 lr=0.000353712 elapsed=361.267s
[train_clm_kr] step=9000 loss=2.55405 lr=0.000351035 elapsed=382.037s
[train_clm_kr] eval step=9000 ppl=10.5724 kr_acc=-1/16
[phi] step=9000 phi_proxy=102.187
[train_clm_kr] step=9500 loss=2.30154 lr=0.000348212 elapsed=402.938s
[train_clm_kr] step=10000 loss=2.40207 lr=0.000345245 elapsed=423.46s
[train_clm_kr] eval step=10000 ppl=10.348 kr_acc=-1/16
[phi] step=10000 phi_proxy=102.277
[gpu_train] saved checkpoint → /workspace/ckpt_clm_d64_kr_nl8/step_10000.hexackpt (NL=8, 67 tensors)
[train_clm_kr] saved checkpoint → /workspace/ckpt_clm_d64_kr_nl8/step_10000.hexackpt
[train_clm_kr] R2 upload: rclone copy /workspace/ckpt_clm_d64_kr_nl8/step_10000.hexackpt r2:anima-models/clm-d64-kr/r2-nl8/step_10000/
[train_clm_kr] WARN — rclone exit= (R2 upload deferred, local ckpt intact: /workspace/ckpt_clm_d64_kr_nl8/step_10000.hexackpt)
[train_clm_kr] step=10500 loss=2.39924 lr=0.000342139 elapsed=450.082s
[train_clm_kr] step=11000 loss=2.4293 lr=0.000338896 elapsed=470.636s
[train_clm_kr] eval step=11000 ppl=10.169 kr_acc=-1/16
[phi] step=11000 phi_proxy=102.359
[train_clm_kr] step=11500 loss=2.23811 lr=0.00033552 elapsed=491.14s
[train_clm_kr] step=12000 loss=2.28563 lr=0.000332013 elapsed=512.841s
[train_clm_kr] eval step=12000 ppl=9.96371 kr_acc=-1/16
[phi] step=12000 phi_proxy=102.435
[train_clm_kr] step=12500 loss=2.42027 lr=0.00032838 elapsed=533.554s
[train_clm_kr] step=13000 loss=2.3621 lr=0.000324624 elapsed=554.221s
[train_clm_kr] eval step=13000 ppl=9.80842 kr_acc=-1/16
[phi] step=13000 phi_proxy=102.502
[train_clm_kr] step=13500 loss=2.34949 lr=0.000320748 elapsed=574.843s
[train_clm_kr] step=14000 loss=2.35658 lr=0.000316758 elapsed=595.81s
[train_clm_kr] eval step=14000 ppl=9.67015 kr_acc=-1/16
[phi] step=14000 phi_proxy=102.562
[train_clm_kr] step=14500 loss=2.21733 lr=0.000312656 elapsed=616.082s
[train_clm_kr] step=15000 loss=2.3444 lr=0.000308447 elapsed=636.445s
[train_clm_kr] eval step=15000 ppl=9.54955 kr_acc=-1/16
[phi] step=15000 phi_proxy=102.619
[gpu_train] saved checkpoint → /workspace/ckpt_clm_d64_kr_nl8/step_15000.hexackpt (NL=8, 67 tensors)
[train_clm_kr] saved checkpoint → /workspace/ckpt_clm_d64_kr_nl8/step_15000.hexackpt
[train_clm_kr] R2 upload: rclone copy /workspace/ckpt_clm_d64_kr_nl8/step_15000.hexackpt r2:anima-models/clm-d64-kr/r2-nl8/step_15000/
[train_clm_kr] WARN — rclone exit= (R2 upload deferred, local ckpt intact: /workspace/ckpt_clm_d64_kr_nl8/step_15000.hexackpt)
[train_clm_kr] step=15500 loss=2.34375 lr=0.000304135 elapsed=662.626s
[train_clm_kr] step=16000 loss=2.19149 lr=0.000299724 elapsed=683.673s
[train_clm_kr] eval step=16000 ppl=9.43593 kr_acc=-1/16
[phi] step=16000 phi_proxy=102.667
[train_clm_kr] step=16500 loss=2.29108 lr=0.000295219 elapsed=704.162s
[train_clm_kr] step=17000 loss=2.32937 lr=0.000290625 elapsed=725.114s
[train_clm_kr] eval step=17000 ppl=9.33691 kr_acc=-1/16
[phi] step=17000 phi_proxy=102.713
[train_clm_kr] step=17500 loss=2.23308 lr=0.000285946 elapsed=745.595s
[train_clm_kr] step=18000 loss=2.16231 lr=0.000281186 elapsed=765.823s
[train_clm_kr] eval step=18000 ppl=9.32099 kr_acc=-1/16
[phi] step=18000 phi_proxy=102.754
[train_clm_kr] step=18500 loss=2.25243 lr=0.000276351 elapsed=790.99s
[train_clm_kr] step=19000 loss=2.16418 lr=0.000271446 elapsed=811.809s
[train_clm_kr] eval step=19000 ppl=9.18741 kr_acc=-1/16
[phi] step=19000 phi_proxy=102.79
[train_clm_kr] step=19500 loss=2.27709 lr=0.000266475 elapsed=832.763s
[train_clm_kr] step=20000 loss=2.26293 lr=0.000261443 elapsed=853.965s
[train_clm_kr] eval step=20000 ppl=9.10285 kr_acc=-1/16
[phi] step=20000 phi_proxy=102.825
[gpu_train] saved checkpoint → /workspace/ckpt_clm_d62026/04/15 19:21:28 NOTICE: s3: s3 provider "Cloudflare" not known - please set correctly
2026/04/15 19:25:01 NOTICE: s3: s3 provider "Cloudflare" not known - please set correctly
2026/04/15 19:28:33 NOTICE: s3: s3 provider "Cloudflare" not known - please set correctly
4_kr_nl8/step_20000.hexackpt (NL=8, 67 tensors)
[train_clm_kr] saved checkpoint → /workspace/ckpt_clm_d64_kr_nl8/step_20000.hexackpt
[train_clm_kr] R2 upload: rclone copy /workspace/ckpt_clm_d64_kr_nl8/step_20000.hexackpt r2:anima-models/clm-d64-kr/r2-nl8/step_20000/
[train_clm_kr] WARN — rclone exit= (R2 upload deferred, local ckpt intact: /workspace/ckpt_clm_d64_kr_nl8/step_20000.hexackpt)
[train_clm_kr] step=20500 loss=2.23486 lr=0.000256355 elapsed=880.757s
[train_clm_kr] step=21000 loss=2.2249 lr=0.000251217 elapsed=901.505s
[train_clm_kr] eval step=21000 ppl=9.04095 kr_acc=-1/16
[phi] step=21000 phi_proxy=102.857
[train_clm_kr] step=21500 loss=2.14462 lr=0.000246034 elapsed=922.353s
[train_clm_kr] step=22000 loss=2.24202 lr=0.000240811 elapsed=942.649s
[train_clm_kr] eval step=22000 ppl=8.99428 kr_acc=-1/16
[phi] step=22000 phi_proxy=102.886
[train_clm_kr] step=22500 loss=2.16634 lr=0.000235553 elapsed=963.253s
[train_clm_kr] step=23000 loss=2.19616 lr=0.000230266 elapsed=983.79s
[train_clm_kr] eval step=23000 ppl=8.94709 kr_acc=-1/16
[phi] step=23000 phi_proxy=102.911
[train_clm_kr] step=23500 loss=2.25449 lr=0.000224954 elapsed=1004.83s
[train_clm_kr] step=24000 loss=2.15898 lr=0.000219623 elapsed=1025.71s
[train_clm_kr] eval step=24000 ppl=8.86012 kr_acc=-1/16
[phi] step=24000 phi_proxy=102.935
[train_clm_kr] step=24500 loss=2.28932 lr=0.000214279 elapsed=1046.5s
[train_clm_kr] step=25000 loss=2.18427 lr=0.000208927 elapsed=1067.2s
[train_clm_kr] eval step=25000 ppl=8.79255 kr_acc=-1/16
[phi] step=25000 phi_proxy=102.957
[gpu_train] saved checkpoint → /workspace/ckpt_clm_d64_kr_nl8/step_25000.hexackpt (NL=8, 67 tensors)
[train_clm_kr] saved checkpoint → /workspace/ckpt_clm_d64_kr_nl8/step_25000.hexackpt
[train_clm_kr] R2 upload: rclone copy /workspace/ckpt_clm_d64_kr_nl8/step_25000.hexackpt r2:anima-models/clm-d64-kr/r2-nl8/step_25000/
[train_clm_kr] WARN — rclone exit= (R2 upload deferred, local ckpt intact: /workspace/ckpt_clm_d64_kr_nl8/step_25000.hexackpt)
[train_clm_kr] step=25500 loss=2.15961 lr=0.000203573 elapsed=1092.1s
[train_clm_kr] step=26000 loss=2.28318 lr=0.000198221 elapsed=1112.86s
[train_clm_kr] eval step=26000 ppl=8.7776 kr_acc=-1/16
[phi] step=26000 phi_proxy=102.978
[train_clm_kr] step=26500 loss=2.06842 lr=0.000192877 elapsed=1133.51s
[train_clm_kr] step=27000 loss=2.194 lr=0.000187546 elapsed=1154.45s
[train_clm_kr] eval step=27000 ppl=8.70643 kr_acc=-1/16
[phi] step=27000 phi_proxy=102.997
[train_clm_kr] step=27500 loss=2.21232 lr=0.000182234 elapsed=1175.11s
[train_clm_kr] step=28000 loss=2.13748 lr=0.000176947 elapsed=1196.21s
[train_clm_kr] eval step=28000 ppl=8.67098 kr_acc=-1/16
[phi] step=28000 phi_proxy=103.015
[train_clm_kr] step=28500 loss=2.2813 lr=0.000171689 elapsed=1216.89s
[train_clm_kr] step=29000 loss=2.252 lr=0.000166466 elapsed=1237.61s
[train_clm_kr] eval step=29000 ppl=8.65028 kr_acc=-1/16
[phi] step=29000 phi_proxy=103.032
[train_clm_kr] step=29500 loss=2.23377 lr=0.000161283 elapsed=1258.5s
[train_clm_kr] step=30000 loss=2.18003 lr=0.000156145 elapsed=1279.45s
[train_clm_kr] eval step=30000 ppl=8.6146 kr_acc=-1/16
[phi] step=30000 phi_proxy=103.046
[gpu_train] saved checkpoint → /workspace/ckpt_clm_d64_kr_nl8/step_30000.hexackpt (NL=8, 67 tensors)
[train_clm_kr] saved checkpoint → /workspace/ckpt_clm_d64_kr_nl8/step_30000.hexackpt
[train_clm_kr] R2 upload: rclone copy /workspace/ckpt_clm_d64_kr_nl8/step_30000.hexackpt r2:anima-models/clm-d64-kr/r2-nl8/step_30000/
[train_clm_kr] WARN — rclone exit= (R2 upload deferred, local ckpt intact: /workspace/ckpt_clm_d64_kr_nl8/step_30000.hexackpt)
[train_clm_kr] step=30500 loss=2.20539 lr=0.000151057 elapsed=1304.37s
[train_clm_kr] step=31000 loss=2.16496 lr=0.000146025 elapsed=1325.16s
[train_clm_kr] eval step=31000 ppl=8.59187 kr_acc=-1/16
[phi] step=31000 phi_proxy=103.06
[train_clm_kr] step=31500 loss=2.18622 lr=0.000141054 elapsed=1345.85s
[train_clm_kr] step=32000 loss=2.20546 lr=0.000136149 elapsed=1366.97s
[train_clm_kr] eval step=32000 ppl=8.57489 kr_acc=-1/16
[phi] step=32000 phi_proxy=103.071
[train_2026/04/15 19:32:12 NOTICE: s3: s3 provider "Cloudflare" not known - please set correctly
2026/04/15 19:35:47 NOTICE: s3: s3 provider "Cloudflare" not known - please set correctly
clm_kr] step=32500 loss=2.18434 lr=0.000131314 elapsed=1392.46s
[train_clm_kr] step=33000 loss=2.0964 lr=0.000126554 elapsed=1413.53s
[train_clm_kr] eval step=33000 ppl=8.54084 kr_acc=-1/16
[phi] step=33000 phi_proxy=103.083
[train_clm_kr] step=33500 loss=2.18231 lr=0.000121875 elapsed=1435.02s
[train_clm_kr] step=34000 loss=2.18875 lr=0.000117281 elapsed=1456.02s
[train_clm_kr] eval step=34000 ppl=8.5156 kr_acc=-1/16
[phi] step=34000 phi_proxy=103.092
[train_clm_kr] step=34500 loss=2.1489 lr=0.000112776 elapsed=1477.09s
[train_clm_kr] step=35000 loss=2.10056 lr=0.000108365 elapsed=1498.17s
[train_clm_kr] eval step=35000 ppl=8.50093 kr_acc=-1/16
[phi] step=35000 phi_proxy=103.101
[gpu_train] saved checkpoint → /workspace/ckpt_clm_d64_kr_nl8/step_35000.hexackpt (NL=8, 67 tensors)
[train_clm_kr] saved checkpoint → /workspace/ckpt_clm_d64_kr_nl8/step_35000.hexackpt
[train_clm_kr] R2 upload: rclone copy /workspace/ckpt_clm_d64_kr_nl8/step_35000.hexackpt r2:anima-models/clm-d64-kr/r2-nl8/step_35000/
[train_clm_kr] WARN — rclone exit= (R2 upload deferred, local ckpt intact: /workspace/ckpt_clm_d64_kr_nl8/step_35000.hexackpt)
[train_clm_kr] step=35500 loss=2.16409 lr=0.000104053 elapsed=1522.92s
[train_clm_kr] step=36000 loss=2.14137 lr=9.98442e-05 elapsed=1543.69s
[train_clm_kr] eval step=36000 ppl=8.47825 kr_acc=-1/16
[phi] step=36000 phi_proxy=103.11
[train_clm_kr] step=36500 loss=2.18607 lr=9.57423e-05 elapsed=1565.25s
[train_clm_kr] step=37000 loss=2.12861 lr=9.17515e-05 elapsed=1586.66s
[train_clm_kr] eval step=37000 ppl=8.45911 kr_acc=-1/16
[phi] step=37000 phi_proxy=103.117
[train_clm_kr] step=37500 loss=2.1066 lr=8.78761e-05 elapsed=1608.17s
[train_clm_kr] step=38000 loss=2.1174 lr=8.41199e-05 elapsed=1630.17s
[train_clm_kr] eval step=38000 ppl=8.42943 kr_acc=-1/16
[phi] step=38000 phi_proxy=103.123
[train_clm_kr] step=38500 loss=2.20165 lr=8.04866e-05 elapsed=1650.86s
[train_clm_kr] step=39000 loss=2.25644 lr=7.698e-05 elapsed=1671.9s
[train_clm_kr] eval step=39000 ppl=8.40966 kr_acc=-1/16
[phi] step=39000 phi_proxy=103.129
[train_clm_kr] step=39500 loss=1.99291 lr=7.36035e-05 elapsed=1692.97s
[train_clm_kr] step=40000 loss=2.10357 lr=7.03606e-05 elapsed=1713.63s
[train_clm_kr] eval step=40000 ppl=8.41654 kr_acc=-1/16
[phi] step=40000 phi_proxy=103.134
[gpu_train] saved checkpoint → /workspace/ckpt_clm_d64_kr_nl8/step_40000.hexackpt (NL=8, 67 tensors)
[train_clm_kr] saved checkpoint → /workspace/ckpt_clm_d64_kr_nl8/step_40000.hexackpt
[train_clm_kr] R2 upload: rclone copy /workspace/ckpt_clm_d64_kr_nl8/step_40000.hexackpt r2:anima-models/clm-d64-kr/r2-nl8/step_40000/
[train_clm_kr] WARN — rclone exit= (R2 upload deferred, local ckpt intact: /workspace/ckpt_clm_d64_kr_nl8/step_40000.hexackpt)
[train_clm_kr] step=40500 loss=2.11418 lr=6.72546e-05 elapsed=1739.91s
[train_clm_kr] step=41000 loss=2.14489 lr=6.42885e-05 elapsed=1760.96s
[train_clm_kr] eval step=41000 ppl=8.39348 kr_acc=-1/16
[phi] step=41000 phi_proxy=103.138
[train_clm_kr] step=41500 loss=2.07681 lr=6.14653e-05 elapsed=1781.59s
[train_clm_kr] step=42000 loss=2.15669 lr=5.87879e-05 elapsed=1802.73s
[train_clm_kr] eval step=42000 ppl=8.37973 kr_acc=-1/16
[phi] step=42000 phi_proxy=103.143
[train_clm_kr] step=42500 loss=2.08583 lr=5.6259e-05 elapsed=1823.72s
[train_clm_kr] step=43000 loss=2.08728 lr=5.38811e-05 elapsed=1844.54s
[train_clm_kr] eval step=43000 ppl=8.37794 kr_acc=-1/16
[phi] step=43000 phi_proxy=103.146
[train_clm_kr] step=43500 loss=2.12692 lr=5.16567e-05 elapsed=1865.51s
[train_clm_kr] step=44000 loss=2.10864 lr=4.95879e-05 elapsed=1886.39s
[train_clm_kr] eval step=44000 ppl=8.36779 kr_acc=-1/16
[phi] step=44000 phi_proxy=103.149
[train_clm_kr] step=44500 loss=2.11481 lr=4.76769e-05 elapsed=1907.18s
[train_clm_kr] step=45000 loss=2.14694 lr=4.59255e-05 elapsed=1928.34s
[train_clm_kr] eval step=45000 ppl=8.36022 kr_acc=-1/16
[phi] step=45000 phi_proxy=103.152
[gpu_train] saved checkpoint → /workspace/ckpt_clm_d64_kr_nl8/step_45000.hexackpt (NL=8, 67 tensors)
[train_clm_kr] saved checkpoint → /workspace/ckpt_clm_d64_kr_nl8/step_42026/04/15 19:39:22 NOTICE: s3: s3 provider "Cloudflare" not known - please set correctly
2026/04/15 19:43:03 NOTICE: s3: s3 provider "Cloudflare" not known - please set correctly
2026/04/15 19:43:07 NOTICE: s3: s3 provider "Cloudflare" not known - please set correctly
5000.hexackpt
[train_clm_kr] R2 upload: rclone copy /workspace/ckpt_clm_d64_kr_nl8/step_45000.hexackpt r2:anima-models/clm-d64-kr/r2-nl8/step_45000/
[train_clm_kr] WARN — rclone exit= (R2 upload deferred, local ckpt intact: /workspace/ckpt_clm_d64_kr_nl8/step_45000.hexackpt)
[train_clm_kr] step=45500 loss=2.08198 lr=4.43356e-05 elapsed=1954.73s
[train_clm_kr] step=46000 loss=2.10309 lr=4.29087e-05 elapsed=1980.03s
[train_clm_kr] eval step=46000 ppl=8.35332 kr_acc=-1/16
[phi] step=46000 phi_proxy=103.155
[train_clm_kr] step=46500 loss=2.12773 lr=4.16462e-05 elapsed=2001.07s
[train_clm_kr] step=47000 loss=2.14279 lr=4.05495e-05 elapsed=2021.8s
[train_clm_kr] eval step=47000 ppl=8.33642 kr_acc=-1/16
[phi] step=47000 phi_proxy=103.158
[train_clm_kr] step=47500 loss=2.22015 lr=3.96197e-05 elapsed=2043.09s
[train_clm_kr] step=48000 loss=2.1598 lr=3.88576e-05 elapsed=2064.62s
[train_clm_kr] eval step=48000 ppl=8.32573 kr_acc=-1/16
[phi] step=48000 phi_proxy=103.161
[train_clm_kr] step=48500 loss=2.14901 lr=3.82641e-05 elapsed=2085.81s
[train_clm_kr] step=49000 loss=2.11539 lr=3.78397e-05 elapsed=2107.07s
[train_clm_kr] eval step=49000 ppl=8.31465 kr_acc=-1/16
[phi] step=49000 phi_proxy=103.163
[train_clm_kr] step=49500 loss=2.07875 lr=3.7585e-05 elapsed=2128.42s
[train_clm_kr] step=50000 loss=2.13857 lr=3.75e-05 elapsed=2149.54s
[train_clm_kr] eval step=50000 ppl=8.309 kr_acc=-1/16
[phi] step=50000 phi_proxy=103.165
[gpu_train] saved checkpoint → /workspace/ckpt_clm_d64_kr_nl8/step_50000.hexackpt (NL=8, 67 tensors)
[train_clm_kr] saved checkpoint → /workspace/ckpt_clm_d64_kr_nl8/step_50000.hexackpt
[train_clm_kr] R2 upload: rclone copy /workspace/ckpt_clm_d64_kr_nl8/step_50000.hexackpt r2:anima-models/clm-d64-kr/r2-nl8/step_50000/
[train_clm_kr] WARN — rclone exit= (R2 upload deferred, local ckpt intact: /workspace/ckpt_clm_d64_kr_nl8/step_50000.hexackpt)

[train_clm_kr] ==================================================
[train_clm_kr] training complete — STEPS=50000
[train_clm_kr] loss_initial = 5.71126
[train_clm_kr] loss_final   = 2.13857
[train_clm_kr] Δ loss       = -3.57269
[train_clm_kr] total_s      = 2153.35
[train_clm_kr] s/step       = 0.043067
[train_clm_kr] ==================================================
[train_clm_kr] PASS — relative improvement = 62.5552%
[gpu_train] saved checkpoint → /workspace/ckpt_clm_d64_kr_nl8/final.hexackpt (NL=8, 67 tensors)
[train_clm_kr] saved final checkpoint → /workspace/ckpt_clm_d64_kr_nl8/final.hexackpt
[train_clm_kr] R2 upload: rclone copy /workspace/ckpt_clm_d64_kr_nl8/final.hexackpt r2:anima-models/clm-d64-kr/r2-nl8/step_50000/
[train_clm_kr] WARN — rclone exit= (R2 upload deferred, local ckpt intact: /workspace/ckpt_clm_d64_kr_nl8/final.hexackpt)
[train_clm_kr] cuda_shutdown — done. Bye.
