[21:40:25] [anima] ERROR: 이미 실행 중 (lock: /tmp/n6-growth-anima.lock) — 종료
[21:40:48] [anima] ERROR: Lock 획득 실패 (/tmp/n6-growth-anima.lock) — 종료
[21:41:09] [anima] Lock 획득: anima (PID 35175)
[21:41:09] [anima] === anima Growth Loop ===
[21:41:09] [anima]     cycles=999 interval=1800s domain=consciousness
[21:41:09] [anima] ━━━ Cycle 1/999 ━━━
[21:41:10] [anima] Phase: 학습 체크포인트 스캔
[21:41:45] [anima] Lock 획득: anima (PID 35817)
[21:41:45] [anima] === anima Growth Loop ===
[21:41:45] [anima]     cycles=1 interval=0s domain=consciousness
[21:41:45] [anima] ━━━ Cycle 1/1 ━━━
[21:41:45] [anima] Phase: 학습 체크포인트 스캔
[21:42:04] [anima] Lock 획득: anima (PID 36388)
[21:42:04] [anima] === anima Growth Loop ===
[21:42:04] [anima]     cycles=1 interval=0s domain=consciousness
[21:42:04] [anima] ━━━ Cycle 1/1 ━━━
[21:42:04] [anima] Phase: 학습 체크포인트 스캔
[21:43:39] [anima] Lock 획득: anima (PID 38512)
[21:43:39] [anima] === anima Growth Loop ===
[21:43:39] [anima]     cycles=1 interval=0s domain=consciousness
[21:43:39] [anima] ━━━ Cycle 1/1 ━━━
[21:43:39] [anima] Phase: 학습 체크포인트 스캔
[21:43:40] [anima] Lock 획득: anima (PID 38701)
[21:43:40] [anima] === anima Growth Loop ===
[21:43:40] [anima]     cycles=1 interval=0s domain=consciousness
[21:43:40] [anima] ━━━ Cycle 1/1 ━━━
[21:43:40] [anima] Phase: 학습 체크포인트 스캔
[21:43:50] [anima] ERROR: 이미 실행 중 (PID 39067, lock: /tmp/n6-growth-anima.lock) — 종료
[23:23:14] [anima] Lock 획득: anima (PID 98787)
[23:23:14] [anima] === anima Growth Loop ===
[23:23:14] [anima]     cycles=1 interval=0s domain=consciousness
[23:23:14] [anima] ━━━ Cycle 1/1 ━━━
[23:23:14] [anima] WARN: 과부하 — 60초 대기
[23:24:14] [anima] === anima Growth 완료 (1 cycles) ===
