# CLM r4 bundler-relaunch log 20260418T183324Z
[1776537204] wrapper start — pod=FAKEPOD ckpt=/workspace/ckpt_clm1b_r4 steps=750000 dry=1
[1776537204] DRY-RUN — live_fire() will print every ssh/scp without execing
[1776537204] pod endpoint: runpodctl lookup for id=FAKEPOD
[1776537204] dry-run: assuming endpoint=<IP>:<PORT>
[1776537204] step 1 START — MFS preflight — 20GB dd probe
    $ ssh -o LogLevel=ERROR -o StrictHostKeyChecking=no -o UserKnownHostsFile=/dev/null -o ConnectTimeout=10 -p DRYRUN_PORT root@DRYRUN_IP 'dd if=/dev/zero of=/workspace/_q_test bs=1M count=20000 status=none && rm /workspace/_q_test'
[1776537204] step 1 SKIP (dry-run)
[1776537204] step 1 START — ckpt dir preclean (MFS quota rule)
    $ ssh -o LogLevel=ERROR -o StrictHostKeyChecking=no -o UserKnownHostsFile=/dev/null -o ConnectTimeout=10 -p DRYRUN_PORT root@DRYRUN_IP 'rm -rf /workspace/ckpt_clm1b_r4'
[1776537204] step 1 SKIP (dry-run)
[1776537204] step 1 START — tmux kill + pkill legacy residual
    $ ssh -o LogLevel=ERROR -o StrictHostKeyChecking=no -o UserKnownHostsFile=/dev/null -o ConnectTimeout=10 -p DRYRUN_PORT root@DRYRUN_IP 'tmux kill-session -t clm-r4-hexa 2>/dev/null || true; tmux kill-session -t clm-r4 2>/dev/null || true; pkill -f train_clm_1b.py 2>/dev/null || true'
[1776537204] step 1 SKIP (dry-run)
[1776537204] step 2 START — bundler local call (5-module → 1 .c)
    $ /Users/ghost/Dev/hexa-lang/self/native/hexa_v2 /Users/ghost/Dev/anima/scripts/bundler_experiment.hexa /Users/ghost/Dev/anima/training/train_clm.hexa /tmp/clm_r4_bundle.c
[1776537204] step 2 SKIP (dry-run)
[1776537204] step 3 START — mkdir -p /tmp/native on pod
    $ ssh -o LogLevel=ERROR -o StrictHostKeyChecking=no -o UserKnownHostsFile=/dev/null -o ConnectTimeout=10 -p DRYRUN_PORT root@DRYRUN_IP 'mkdir -p /tmp/native'
[1776537204] step 3 SKIP (dry-run)
[1776537204] step 3 START — scp bundle.c → pod:/tmp/
    $ scp -o LogLevel=ERROR -o StrictHostKeyChecking=no -o UserKnownHostsFile=/dev/null -o ConnectTimeout=10 -P DRYRUN_PORT /tmp/clm_r4_bundle.c root@DRYRUN_IP:/tmp/clm_r4_bundle.c
[1776537204] step 3 SKIP (dry-run)
[1776537204] step 3 START — scp runtime.c + native/*.c → pod:/tmp/
    $ scp -o LogLevel=ERROR -o StrictHostKeyChecking=no -o UserKnownHostsFile=/dev/null -o ConnectTimeout=10 -P DRYRUN_PORT /Users/ghost/Dev/hexa-lang/self/runtime.c root@DRYRUN_IP:/tmp/runtime.c && scp -o LogLevel=ERROR -o StrictHostKeyChecking=no -o UserKnownHostsFile=/dev/null -o ConnectTimeout=10 -P DRYRUN_PORT /Users/ghost/Dev/hexa-lang/self/native/tensor_kernels.c /Users/ghost/Dev/hexa-lang/self/native/net.c /Users/ghost/Dev/hexa-lang/self/native/hxblas_linux.c /Users/ghost/Dev/hexa-lang/self/native/hxlmhead_linux.c root@DRYRUN_IP:/tmp/native/
[1776537204] step 3 SKIP (dry-run)
[1776537204] step 3 START — ensure libopenblas-dev on pod
    $ ssh -o LogLevel=ERROR -o StrictHostKeyChecking=no -o UserKnownHostsFile=/dev/null -o ConnectTimeout=10 -p DRYRUN_PORT root@DRYRUN_IP 'dpkg -s libopenblas-dev >/dev/null 2>&1 || (apt-get update -qq && DEBIAN_FRONTEND=noninteractive apt-get install -y -qq libopenblas-dev) || true'
[1776537204] step 3 SKIP (dry-run)
[1776537204] step 3 START — gcc -shared libhxblas.so + libhxlmhead.so + install
    $ ssh -o LogLevel=ERROR -o StrictHostKeyChecking=no -o UserKnownHostsFile=/dev/null -o ConnectTimeout=10 -p DRYRUN_PORT root@DRYRUN_IP 'gcc -O2 -fPIC -shared /tmp/native/hxblas_linux.c -o /tmp/native/libhxblas.so -lopenblas -lgomp -lm && gcc -O2 -fPIC -shared /tmp/native/hxlmhead_linux.c -o /tmp/native/libhxlmhead.so -lopenblas -lgomp -lm && cp /tmp/native/libhxblas.so /tmp/native/libhxlmhead.so /usr/local/lib/ && ldconfig'
[1776537204] step 3 SKIP (dry-run)
[1776537204] step 4 START — remote gcc single .c → ELF (bundler — no --allow-multiple-def)
    $ ssh -o LogLevel=ERROR -o StrictHostKeyChecking=no -o UserKnownHostsFile=/dev/null -o ConnectTimeout=10 -p DRYRUN_PORT root@DRYRUN_IP 'gcc -O2 -I /tmp /tmp/clm_r4_bundle.c -o /workspace/clm_r4_native -lm 2>&1'
[1776537204] step 4 SKIP (dry-run)
[1776537204] step 4 START — scp local corpus_clm_r4.txt.gz
    $ scp -o LogLevel=ERROR -o StrictHostKeyChecking=no -o UserKnownHostsFile=/dev/null -o ConnectTimeout=10 -P DRYRUN_PORT /Users/ghost/Dev/anima/training/corpus_clm_r4.txt.gz root@DRYRUN_IP:/workspace/corpus_clm_r4.txt.gz
[1776537204] step 4 SKIP (dry-run)
[1776537204] step 4 START — remote gunzip corpus_clm_r4.txt.gz
    $ ssh -o LogLevel=ERROR -o StrictHostKeyChecking=no -o UserKnownHostsFile=/dev/null -o ConnectTimeout=10 -p DRYRUN_PORT root@DRYRUN_IP 'cd /workspace && gunzip -f corpus_clm_r4.txt.gz'
[1776537204] step 4 SKIP (dry-run)
[1776537204] step 4 START — tmux launch clm-r4-hexa
    $ ssh -o LogLevel=ERROR -o StrictHostKeyChecking=no -o UserKnownHostsFile=/dev/null -o ConnectTimeout=10 -p DRYRUN_PORT root@DRYRUN_IP "tmux new -d -s clm-r4-hexa 'bash -lc \"LD_LIBRARY_PATH=/usr/local/lib:/tmp/native:\$LD_LIBRARY_PATH HEXA_NATIVE_LIB_DIR=/tmp/native /workspace/clm_r4_native --corpus /workspace/corpus_clm_r4.txt --steps 750000 --batch 8 --seq 512 --lr 3e-4 --warmup 5000 --save-every 5000 --ckpt-dir /workspace/ckpt_clm1b_r4 2>&1 | tee /workspace/clm_r4_hexa.log\"'"
[1776537204] step 4 SKIP (dry-run)
[1776537204] sleep 60s before verify
[1776537204] nvidia-smi util = <util>%
[1776537204] log tail:
<loss tail>
[1776537204] DRY-RUN walked 4 steps — no I/O performed
[1776537204] DRY-RUN complete — no remote I/O performed.
