# CLM r4 hexa-native relaunch log 20260418T155801Z
[1776527881] wrapper start — pod=pvref8zw70kv1z ckpt=/workspace/ckpt_clm1b_r4 steps=750000 dry=1
[1776527881] DRY-RUN — live_fire() will print every ssh/scp without execing
[1776527881] pod endpoint: explicit --pod-ip/--pod-port => 64.247.201.53:10051
[1776527881] step 0 START — MFS preflight — 20GB dd probe
    $ ssh -o LogLevel=ERROR -o StrictHostKeyChecking=no -o UserKnownHostsFile=/dev/null -o ConnectTimeout=10 -p DRYRUN_PORT root@DRYRUN_IP 'dd if=/dev/zero of=/workspace/_q_test bs=1M count=20000 status=none && rm /workspace/_q_test'
[1776527881] step 0 SKIP (dry-run)
[1776527881] step 1 START — ckpt dir preclean (MFS quota rule)
    $ ssh -o LogLevel=ERROR -o StrictHostKeyChecking=no -o UserKnownHostsFile=/dev/null -o ConnectTimeout=10 -p DRYRUN_PORT root@DRYRUN_IP 'rm -rf /workspace/ckpt_clm1b_r4'
[1776527881] step 1 SKIP (dry-run)
[1776527881] step 2 START — tmux kill legacy sessions
    $ ssh -o LogLevel=ERROR -o StrictHostKeyChecking=no -o UserKnownHostsFile=/dev/null -o ConnectTimeout=10 -p DRYRUN_PORT root@DRYRUN_IP 'tmux kill-session -t clm-r4 2>/dev/null || true; tmux kill-session -t clm-r4-hexa 2>/dev/null || true'
[1776527881] step 2 SKIP (dry-run)
[1776527881] step 3 START — pkill residual train_clm_1b.py (KILL not INVOKE — R37 OK)
    $ ssh -o LogLevel=ERROR -o StrictHostKeyChecking=no -o UserKnownHostsFile=/dev/null -o ConnectTimeout=10 -p DRYRUN_PORT root@DRYRUN_IP 'pkill -f train_clm_1b.py 2>/dev/null || true'
[1776527881] step 3 SKIP (dry-run)
[1776527881] step 4 START — mkdir -p /opt/hexa/bin
    $ ssh -o LogLevel=ERROR -o StrictHostKeyChecking=no -o UserKnownHostsFile=/dev/null -o ConnectTimeout=10 -p DRYRUN_PORT root@DRYRUN_IP 'mkdir -p /opt/hexa/bin'
[1776527881] step 4 SKIP (dry-run)
[1776527881] step 5 START — scp hexa_v2 Linux ELF
    $ scp -o LogLevel=ERROR -o StrictHostKeyChecking=no -o UserKnownHostsFile=/dev/null -o ConnectTimeout=10 -P DRYRUN_PORT /Users/ghost/Dev/hexa-lang/build/hexa_v2_linux root@DRYRUN_IP:/opt/hexa/bin/hexa_v2
[1776527881] step 5 SKIP (dry-run)
[1776527882] step 6 START — chmod +x hexa_v2 on pod
    $ ssh -o LogLevel=ERROR -o StrictHostKeyChecking=no -o UserKnownHostsFile=/dev/null -o ConnectTimeout=10 -p DRYRUN_PORT root@DRYRUN_IP 'chmod +x /opt/hexa/bin/hexa_v2'
[1776527882] step 6 SKIP (dry-run)
[1776527882] sha256 local=8eefaddaf8e43e96b4b8d067e65516d013b0a87c6f23728c44b8bc653804fffa remote=8eefaddaf8e43e96b4b8d067e65516d013b0a87c6f23728c44b8bc653804fffa
[1776527882] step 65 START — scp runtime.c -> /tmp/runtime.c
    $ scp -o LogLevel=ERROR -o StrictHostKeyChecking=no -o UserKnownHostsFile=/dev/null -o ConnectTimeout=10 -P DRYRUN_PORT /Users/ghost/Dev/hexa-lang/self/runtime.c root@DRYRUN_IP:/tmp/runtime.c
[1776527882] step 65 SKIP (dry-run)
[1776527882] step 66 START — mkdir -p /tmp/native
    $ ssh -o LogLevel=ERROR -o StrictHostKeyChecking=no -o UserKnownHostsFile=/dev/null -o ConnectTimeout=10 -p DRYRUN_PORT root@DRYRUN_IP 'mkdir -p /tmp/native'
[1776527882] step 66 SKIP (dry-run)
[1776527882] step 67 START — scp native/tensor_kernels.c -> /tmp/native/
    $ scp -o LogLevel=ERROR -o StrictHostKeyChecking=no -o UserKnownHostsFile=/dev/null -o ConnectTimeout=10 -P DRYRUN_PORT /Users/ghost/Dev/hexa-lang/self/native/tensor_kernels.c root@DRYRUN_IP:/tmp/native/tensor_kernels.c
[1776527882] step 67 SKIP (dry-run)
[1776527882] step 68 START — scp native/net.c -> /tmp/native/
    $ scp -o LogLevel=ERROR -o StrictHostKeyChecking=no -o UserKnownHostsFile=/dev/null -o ConnectTimeout=10 -P DRYRUN_PORT /Users/ghost/Dev/hexa-lang/self/native/net.c root@DRYRUN_IP:/tmp/native/net.c
[1776527882] step 68 SKIP (dry-run)
[1776527882] step 7 START — mkdir -p remote training dir
    $ ssh -o LogLevel=ERROR -o StrictHostKeyChecking=no -o UserKnownHostsFile=/dev/null -o ConnectTimeout=10 -p DRYRUN_PORT root@DRYRUN_IP 'mkdir -p /workspace/anima/training'
[1776527882] step 7 SKIP (dry-run)
[1776527882] step 8 START — scp training/train_clm.hexa
    $ scp -o LogLevel=ERROR -o StrictHostKeyChecking=no -o UserKnownHostsFile=/dev/null -o ConnectTimeout=10 -P DRYRUN_PORT /Users/ghost/Dev/anima/training/train_clm.hexa root@DRYRUN_IP:/workspace/anima/training/
[1776527882] step 8 SKIP (dry-run)
[1776527882] step 8 START — scp training/train_clm_gpu.hexa
    $ scp -o LogLevel=ERROR -o StrictHostKeyChecking=no -o UserKnownHostsFile=/dev/null -o ConnectTimeout=10 -P DRYRUN_PORT /Users/ghost/Dev/anima/training/train_clm_gpu.hexa root@DRYRUN_IP:/workspace/anima/training/
[1776527882] step 8 SKIP (dry-run)
[1776527882] step 8 START — scp training/nn_core.hexa
    $ scp -o LogLevel=ERROR -o StrictHostKeyChecking=no -o UserKnownHostsFile=/dev/null -o ConnectTimeout=10 -P DRYRUN_PORT /Users/ghost/Dev/anima/training/nn_core.hexa root@DRYRUN_IP:/workspace/anima/training/
[1776527882] step 8 SKIP (dry-run)
[1776527882] step 8 START — scp training/clm_mmap_loader.hexa
    $ scp -o LogLevel=ERROR -o StrictHostKeyChecking=no -o UserKnownHostsFile=/dev/null -o ConnectTimeout=10 -P DRYRUN_PORT /Users/ghost/Dev/anima/training/clm_mmap_loader.hexa root@DRYRUN_IP:/workspace/anima/training/
[1776527882] step 8 SKIP (dry-run)
[1776527882] step 8 START — scp training/clm_1b_config.json
    $ scp -o LogLevel=ERROR -o StrictHostKeyChecking=no -o UserKnownHostsFile=/dev/null -o ConnectTimeout=10 -P DRYRUN_PORT /Users/ghost/Dev/anima/training/clm_1b_config.json root@DRYRUN_IP:/workspace/anima/training/
[1776527882] step 8 SKIP (dry-run)
[1776527882] step 85 START — scp dep anima-engines/quantum_types.hexa
    $ scp -o LogLevel=ERROR -o StrictHostKeyChecking=no -o UserKnownHostsFile=/dev/null -o ConnectTimeout=10 -P DRYRUN_PORT /Users/ghost/Dev/anima/anima-engines/quantum_types.hexa root@DRYRUN_IP:/workspace/anima/training/
[1776527882] step 85 SKIP (dry-run)
[1776527882] step 85 START — scp dep anima-engines/anima_quantum.hexa
    $ scp -o LogLevel=ERROR -o StrictHostKeyChecking=no -o UserKnownHostsFile=/dev/null -o ConnectTimeout=10 -P DRYRUN_PORT /Users/ghost/Dev/anima/anima-engines/anima_quantum.hexa root@DRYRUN_IP:/workspace/anima/training/
[1776527882] step 85 SKIP (dry-run)
[1776527882] step 85 START — scp dep anima-engines/anima_quantum_clm.hexa
    $ scp -o LogLevel=ERROR -o StrictHostKeyChecking=no -o UserKnownHostsFile=/dev/null -o ConnectTimeout=10 -P DRYRUN_PORT /Users/ghost/Dev/anima/anima-engines/anima_quantum_clm.hexa root@DRYRUN_IP:/workspace/anima/training/
[1776527882] step 85 SKIP (dry-run)
[1776527882] step 85 START — scp dep training/phi_cache_loader.hexa
    $ scp -o LogLevel=ERROR -o StrictHostKeyChecking=no -o UserKnownHostsFile=/dev/null -o ConnectTimeout=10 -P DRYRUN_PORT /Users/ghost/Dev/anima/training/phi_cache_loader.hexa root@DRYRUN_IP:/workspace/anima/training/
[1776527882] step 85 SKIP (dry-run)
[1776527882] step 9 START — remote hexa -> C transpile (main)
    $ ssh -o LogLevel=ERROR -o StrictHostKeyChecking=no -o UserKnownHostsFile=/dev/null -o ConnectTimeout=10 -p DRYRUN_PORT root@DRYRUN_IP '/opt/hexa/bin/hexa_v2 /workspace/anima/training/train_clm.hexa /tmp/clm_r4.c 2>&1'
[1776527882] step 9 SKIP (dry-run)
[1776527882] step 90 START — remote transpile dep quantum_types
    $ ssh -o LogLevel=ERROR -o StrictHostKeyChecking=no -o UserKnownHostsFile=/dev/null -o ConnectTimeout=10 -p DRYRUN_PORT root@DRYRUN_IP '/opt/hexa/bin/hexa_v2 /workspace/anima/training/quantum_types.hexa /tmp/quantum_types.c 2>&1'
[1776527882] step 90 SKIP (dry-run)
[1776527882] step 91 START — rename main() in dep quantum_types
    $ ssh -o LogLevel=ERROR -o StrictHostKeyChecking=no -o UserKnownHostsFile=/dev/null -o ConnectTimeout=10 -p DRYRUN_PORT root@DRYRUN_IP 'sed -i "s|^int main(int argc|int main_quantum_types(int argc|" /tmp/quantum_types.c'
[1776527882] step 91 SKIP (dry-run)
[1776527882] step 90 START — remote transpile dep anima_quantum
    $ ssh -o LogLevel=ERROR -o StrictHostKeyChecking=no -o UserKnownHostsFile=/dev/null -o ConnectTimeout=10 -p DRYRUN_PORT root@DRYRUN_IP '/opt/hexa/bin/hexa_v2 /workspace/anima/training/anima_quantum.hexa /tmp/anima_quantum.c 2>&1'
[1776527882] step 90 SKIP (dry-run)
[1776527882] step 91 START — rename main() in dep anima_quantum
    $ ssh -o LogLevel=ERROR -o StrictHostKeyChecking=no -o UserKnownHostsFile=/dev/null -o ConnectTimeout=10 -p DRYRUN_PORT root@DRYRUN_IP 'sed -i "s|^int main(int argc|int main_anima_quantum(int argc|" /tmp/anima_quantum.c'
[1776527882] step 91 SKIP (dry-run)
[1776527882] step 90 START — remote transpile dep anima_quantum_clm
    $ ssh -o LogLevel=ERROR -o StrictHostKeyChecking=no -o UserKnownHostsFile=/dev/null -o ConnectTimeout=10 -p DRYRUN_PORT root@DRYRUN_IP '/opt/hexa/bin/hexa_v2 /workspace/anima/training/anima_quantum_clm.hexa /tmp/anima_quantum_clm.c 2>&1'
[1776527882] step 90 SKIP (dry-run)
[1776527882] step 91 START — rename main() in dep anima_quantum_clm
    $ ssh -o LogLevel=ERROR -o StrictHostKeyChecking=no -o UserKnownHostsFile=/dev/null -o ConnectTimeout=10 -p DRYRUN_PORT root@DRYRUN_IP 'sed -i "s|^int main(int argc|int main_anima_quantum_clm(int argc|" /tmp/anima_quantum_clm.c'
[1776527882] step 91 SKIP (dry-run)
[1776527882] step 90 START — remote transpile dep phi_cache_loader
    $ ssh -o LogLevel=ERROR -o StrictHostKeyChecking=no -o UserKnownHostsFile=/dev/null -o ConnectTimeout=10 -p DRYRUN_PORT root@DRYRUN_IP '/opt/hexa/bin/hexa_v2 /workspace/anima/training/phi_cache_loader.hexa /tmp/phi_cache_loader.c 2>&1'
[1776527882] step 90 SKIP (dry-run)
[1776527882] step 91 START — rename main() in dep phi_cache_loader
    $ ssh -o LogLevel=ERROR -o StrictHostKeyChecking=no -o UserKnownHostsFile=/dev/null -o ConnectTimeout=10 -p DRYRUN_PORT root@DRYRUN_IP 'sed -i "s|^int main(int argc|int main_phi_cache_loader(int argc|" /tmp/phi_cache_loader.c'
[1776527882] step 91 SKIP (dry-run)
[1776527882] step 10 START — remote gcc link (main + deps)
    $ ssh -o LogLevel=ERROR -o StrictHostKeyChecking=no -o UserKnownHostsFile=/dev/null -o ConnectTimeout=10 -p DRYRUN_PORT root@DRYRUN_IP 'gcc -O2 -I /opt/hexa/include -Wl,--allow-multiple-definition /tmp/clm_r4.c /tmp/quantum_types.c /tmp/anima_quantum.c /tmp/anima_quantum_clm.c /tmp/phi_cache_loader.c -o /workspace/clm_r4_native -lm 2>&1'
[1776527882] step 10 SKIP (dry-run)
[1776527882] Step 11a tier1: local gz scp -> gunzip
[1776527882] step 11 START — scp local corpus_clm_r4.txt.gz
    $ scp -o LogLevel=ERROR -o StrictHostKeyChecking=no -o UserKnownHostsFile=/dev/null -o ConnectTimeout=10 -P DRYRUN_PORT /Users/ghost/Dev/anima/training/corpus_clm_r4.txt.gz root@DRYRUN_IP:/workspace/corpus_clm_r4.txt.gz
[1776527882] step 11 SKIP (dry-run)
[1776527882] step 11 START — remote gunzip corpus_clm_r4.txt.gz
    $ ssh -o LogLevel=ERROR -o StrictHostKeyChecking=no -o UserKnownHostsFile=/dev/null -o ConnectTimeout=10 -p DRYRUN_PORT root@DRYRUN_IP 'cd /workspace && gunzip -f corpus_clm_r4.txt.gz'
[1776527882] step 11 SKIP (dry-run)
[1776527882] step 12 START — corpus presence + size verify (>5GB)
    $ ssh -o LogLevel=ERROR -o StrictHostKeyChecking=no -o UserKnownHostsFile=/dev/null -o ConnectTimeout=10 -p DRYRUN_PORT root@DRYRUN_IP 'test -f /workspace/corpus_clm_r4.txt && test $(wc -c </workspace/corpus_clm_r4.txt) -gt 5000000000 && wc -c /workspace/corpus_clm_r4.txt'
[1776527882] step 12 SKIP (dry-run)
[1776527882] step 13 START — tmux launch clm-r4-hexa
    $ ssh -o LogLevel=ERROR -o StrictHostKeyChecking=no -o UserKnownHostsFile=/dev/null -o ConnectTimeout=10 -p DRYRUN_PORT root@DRYRUN_IP "tmux new -d -s clm-r4-hexa 'bash -lc \"/workspace/clm_r4_native --corpus /workspace/corpus_clm_r4.txt --steps 750000 --batch 8 --seq 512 --lr 3e-4 --warmup 5000 --save-every 5000 --ckpt-dir /workspace/ckpt_clm1b_r4 2>&1 | tee /workspace/clm_r4_hexa.log\"'"
[1776527882] step 13 SKIP (dry-run)
[1776527882] sleep 60s before verify
[1776527882] nvidia-smi util = <util>%
[1776527882] log tail:
<loss tail>
[1776527882] DRY-RUN walked 15 steps — no I/O performed
[1776527882] DRY-RUN complete — no remote I/O performed.
