# CLM r4 hexa-native relaunch log 20260418T152538Z
[1776525938] wrapper start — pod=pvref8zw70kv1z ckpt=/workspace/ckpt_clm1b_r4 steps=750000 dry=1
[1776525938] DRY-RUN — live_fire() will print every ssh/scp without execing
[1776525938] pod endpoint: explicit --pod-ip/--pod-port => 64.247.201.53:10051
[1776525938] step 0 START — MFS preflight — 20GB dd probe
    $ ssh -o LogLevel=ERROR -o StrictHostKeyChecking=no -o UserKnownHostsFile=/dev/null -o ConnectTimeout=10 -p DRYRUN_PORT root@DRYRUN_IP 'dd if=/dev/zero of=/workspace/_q_test bs=1M count=20000 status=none && rm /workspace/_q_test'
[1776525938] step 0 SKIP (dry-run)
[1776525938] step 1 START — ckpt dir preclean (MFS quota rule)
    $ ssh -o LogLevel=ERROR -o StrictHostKeyChecking=no -o UserKnownHostsFile=/dev/null -o ConnectTimeout=10 -p DRYRUN_PORT root@DRYRUN_IP 'rm -rf /workspace/ckpt_clm1b_r4'
[1776525938] step 1 SKIP (dry-run)
[1776525938] step 2 START — tmux kill legacy sessions
    $ ssh -o LogLevel=ERROR -o StrictHostKeyChecking=no -o UserKnownHostsFile=/dev/null -o ConnectTimeout=10 -p DRYRUN_PORT root@DRYRUN_IP 'tmux kill-session -t clm-r4 2>/dev/null || true; tmux kill-session -t clm-r4-hexa 2>/dev/null || true'
[1776525938] step 2 SKIP (dry-run)
[1776525938] step 3 START — pkill residual train_clm_1b.py (KILL not INVOKE — R37 OK)
    $ ssh -o LogLevel=ERROR -o StrictHostKeyChecking=no -o UserKnownHostsFile=/dev/null -o ConnectTimeout=10 -p DRYRUN_PORT root@DRYRUN_IP 'pkill -f train_clm_1b.py 2>/dev/null || true'
[1776525938] step 3 SKIP (dry-run)
[1776525938] step 4 START — mkdir -p /opt/hexa/bin
    $ ssh -o LogLevel=ERROR -o StrictHostKeyChecking=no -o UserKnownHostsFile=/dev/null -o ConnectTimeout=10 -p DRYRUN_PORT root@DRYRUN_IP 'mkdir -p /opt/hexa/bin'
[1776525938] step 4 SKIP (dry-run)
[1776525938] step 5 START — scp hexa_v2 Linux ELF
    $ scp -o LogLevel=ERROR -o StrictHostKeyChecking=no -o UserKnownHostsFile=/dev/null -o ConnectTimeout=10 -P DRYRUN_PORT /Users/ghost/Dev/hexa-lang/build/hexa_v2_linux root@DRYRUN_IP:/opt/hexa/bin/hexa_v2
[1776525938] step 5 SKIP (dry-run)
[1776525938] step 6 START — chmod +x hexa_v2 on pod
    $ ssh -o LogLevel=ERROR -o StrictHostKeyChecking=no -o UserKnownHostsFile=/dev/null -o ConnectTimeout=10 -p DRYRUN_PORT root@DRYRUN_IP 'chmod +x /opt/hexa/bin/hexa_v2'
[1776525938] step 6 SKIP (dry-run)
[1776525938] sha256 local=924e6ffb679c1b8ac253b822e33d851e6541027bc67b45b4793be19fde23bc46 remote=924e6ffb679c1b8ac253b822e33d851e6541027bc67b45b4793be19fde23bc46
[1776525938] step 7 START — mkdir -p remote training dir
    $ ssh -o LogLevel=ERROR -o StrictHostKeyChecking=no -o UserKnownHostsFile=/dev/null -o ConnectTimeout=10 -p DRYRUN_PORT root@DRYRUN_IP 'mkdir -p /workspace/anima/training'
[1776525938] step 7 SKIP (dry-run)
[1776525938] step 8 START — scp training/train_clm.hexa
    $ scp -o LogLevel=ERROR -o StrictHostKeyChecking=no -o UserKnownHostsFile=/dev/null -o ConnectTimeout=10 -P DRYRUN_PORT /Users/ghost/Dev/anima/training/train_clm.hexa root@DRYRUN_IP:/workspace/anima/training/
[1776525938] step 8 SKIP (dry-run)
[1776525938] step 8 START — scp training/train_clm_gpu.hexa
    $ scp -o LogLevel=ERROR -o StrictHostKeyChecking=no -o UserKnownHostsFile=/dev/null -o ConnectTimeout=10 -P DRYRUN_PORT /Users/ghost/Dev/anima/training/train_clm_gpu.hexa root@DRYRUN_IP:/workspace/anima/training/
[1776525938] step 8 SKIP (dry-run)
[1776525938] step 8 START — scp training/nn_core.hexa
    $ scp -o LogLevel=ERROR -o StrictHostKeyChecking=no -o UserKnownHostsFile=/dev/null -o ConnectTimeout=10 -P DRYRUN_PORT /Users/ghost/Dev/anima/training/nn_core.hexa root@DRYRUN_IP:/workspace/anima/training/
[1776525938] step 8 SKIP (dry-run)
[1776525938] step 8 START — scp training/clm_mmap_loader.hexa
    $ scp -o LogLevel=ERROR -o StrictHostKeyChecking=no -o UserKnownHostsFile=/dev/null -o ConnectTimeout=10 -P DRYRUN_PORT /Users/ghost/Dev/anima/training/clm_mmap_loader.hexa root@DRYRUN_IP:/workspace/anima/training/
[1776525938] step 8 SKIP (dry-run)
[1776525938] step 8 START — scp training/clm_1b_config.json
    $ scp -o LogLevel=ERROR -o StrictHostKeyChecking=no -o UserKnownHostsFile=/dev/null -o ConnectTimeout=10 -P DRYRUN_PORT /Users/ghost/Dev/anima/training/clm_1b_config.json root@DRYRUN_IP:/workspace/anima/training/
[1776525938] step 8 SKIP (dry-run)
[1776525938] step 9 START — remote hexa -> C transpile
    $ ssh -o LogLevel=ERROR -o StrictHostKeyChecking=no -o UserKnownHostsFile=/dev/null -o ConnectTimeout=10 -p DRYRUN_PORT root@DRYRUN_IP '/opt/hexa/bin/hexa_v2 /workspace/anima/training/train_clm.hexa /tmp/clm_r4.c 2>&1'
[1776525938] step 9 SKIP (dry-run)
[1776525938] step 10 START — remote gcc link
    $ ssh -o LogLevel=ERROR -o StrictHostKeyChecking=no -o UserKnownHostsFile=/dev/null -o ConnectTimeout=10 -p DRYRUN_PORT root@DRYRUN_IP 'gcc -O2 -I /opt/hexa/include /tmp/clm_r4.c -o /workspace/clm_r4_native -lm 2>&1'
[1776525938] step 10 SKIP (dry-run)
[1776525938] step 11 START — corpus R2 pull (if missing)
    $ ssh -o LogLevel=ERROR -o StrictHostKeyChecking=no -o UserKnownHostsFile=/dev/null -o ConnectTimeout=10 -p DRYRUN_PORT root@DRYRUN_IP 'test -f /workspace/corpus_clm_r4.txt || rclone copy r2:anima-corpora/clm_r4/corpus_clm_r4.txt /workspace/ --s3-no-check-bucket'
[1776525938] step 11 SKIP (dry-run)
[1776525938] step 12 START — corpus presence verify
    $ ssh -o LogLevel=ERROR -o StrictHostKeyChecking=no -o UserKnownHostsFile=/dev/null -o ConnectTimeout=10 -p DRYRUN_PORT root@DRYRUN_IP 'test -f /workspace/corpus_clm_r4.txt'
[1776525938] step 12 SKIP (dry-run)
[1776525938] step 13 START — tmux launch clm-r4-hexa
    $ ssh -o LogLevel=ERROR -o StrictHostKeyChecking=no -o UserKnownHostsFile=/dev/null -o ConnectTimeout=10 -p DRYRUN_PORT root@DRYRUN_IP "tmux new -d -s clm-r4-hexa 'bash -lc \"/workspace/clm_r4_native --corpus /workspace/corpus_clm_r4.txt --steps 750000 --batch 8 --seq 512 --lr 3e-4 --warmup 5000 --save-every 5000 --ckpt-dir /workspace/ckpt_clm1b_r4 2>&1 | tee /workspace/clm_r4_hexa.log\"'"
[1776525938] step 13 SKIP (dry-run)
[1776525938] sleep 60s before verify
[1776525938] nvidia-smi util = <util>%
[1776525938] log tail:
<loss tail>
[1776525938] DRY-RUN walked 14 steps — no I/O performed
[1776525938] DRY-RUN complete — no remote I/O performed.
