[cuda_ffi] module loaded — CUDA/cuBLAS extern FFI bindings ready (batch GEMM #23 included)
[cuda_rtc] module loaded — NVRTC + driver API bindings ready
[cuda_kernels] module loaded — 20 kernels ready for NVRTC compile (12 base + 8 fused)
[gpu_train] module loaded — CLM training primitives ready
[corpus_loader] module ready — load_corpus(path) / synthetic_*()
[train_clm_kr] ==================================================
[train_clm_kr] CLM byte-level KR (GPU, hexa-native, zero-Rust)
[train_clm_kr] config: D=512 FF=2048 NL=12 VOCAB=256 SEQ=512 RANK=64 BATCH=1 GRAD_ACC=8 effective_batch=8
[train_clm_kr] schedule: STEPS=20 WARMUP=500 LR_MAX=0.0003 LR_MIN=3e-05
[train_clm_kr] log_every=20 eval_every=500 save_every=2000
[train_clm_kr] ckpt_dir=/workspace/ckpt_clm_byte_kr
[train_clm_kr] r2_prefix=r2:anima-models/clm_byte_kr round=1
[train_clm_kr] random baseline ln(256) = 5.54518
[train_clm_kr] ==================================================
[cuda_ffi] initialized — handle=109009784583920
[cuda_ffi] GPU memory: 80484 MB free / 81079 MB total
[cuda_rtc] initialized — ctx=109009770868864
[cuda_rtc] cache MISS 'clm_kernels.cu' — compiling via NVRTC
[cuda_rtc] compiled 'clm_kernels.cu' → 49032 bytes PTX
[cuda_rtc] cache WRITE → void
[cuda_kernels] gpu_init_kernels OK — 20 entry points resolved (12 base + 8 fused)
[train_clm_kr] kernels: NVRTC compile OK (12 custom kernels)
[train_clm_kr] tensor cores: CUBLAS_TENSOR_OP_MATH enabled
[train_clm_kr] cfg: D=512 FF=2048 NL=12 SEQ=512 RANK=64
[corpus] loading: training/corpus_ko_seed.tok
[corpus] loaded 63305 tokens from training/corpus_ko_seed.tok
[train_clm_kr] corpus: 63305 bytes from training/corpus_ko_seed.tok
[train_clm_kr] first bytes: 236 157 152 236 139 ...
[cuda_rtc] cuLaunchKernelEx failed: 1 (shmem=0)
[cuda_rtc] cuLaunchKernelEx failed: 1 (shmem=0)
[cuda_rtc] cuLaunchKernelEx failed: 1 (shmem=0)
[cuda_rtc] cuLaunchKernelEx failed: 1 (shmem=0)
[cuda_rtc] cuLaunchKernelEx failed: 1 (shmem=0)
[cuda_rtc] cuLaunchKernelEx failed: 1 (shmem=0)
[cuda_rtc] cuLaunchKernelEx failed: 1 (shmem=0)
[cuda_rtc] cuLaunchKernelEx failed: 1 (shmem=0)
[cuda_rtc] cuLaunchKernelEx failed: 1 (shmem=0)
[cuda_rtc] cuLaunchKernelEx failed: 1 (shmem=0)
[cuda_rtc] cuLaunchKernelEx failed: 1 (shmem=0)
[cuda_rtc] cuLaunchKernelEx failed: 1 (shmem=0)
[cuda_rtc] cuLaunchKernelEx failed: 1 (shmem=0)
[cuda_rtc] cuLaunchKernelEx failed: 1 (shmem=0)
[cuda_rtc] cuLaunchKernelEx failed: 1 (shmem=0)
[cuda_rtc] cuLaunchKernelEx failed: 1 (shmem=0)
[cuda_rtc] cuLaunchKernelEx failed: 1 (shmem=0)
[cuda_rtc] cuLaunchKernelEx failed: 1 (shmem=0)
[cuda_rtc] cuLaunchKernelEx failed: 1 (shmem=0)
[cuda_rtc] cuLaunchKernelEx failed: 1 (shmem=0)
[cuda_rtc] cuLaunchKernelEx failed: 1 (shmem=0)
[cuda_rtc] cuLaunchKernelEx failed: 1 (shmem=0)
[cuda_rtc] cuLaunchKernelEx failed: 1 (shmem=0)
[cuda_rtc] cuLaunchKernelEx failed: 1 (shmem=0)
[cuda_rtc] cuLaunchKernelEx failed: 1 (shmem=0)
[cuda_rtc] cuLaunchKernelEx failed: 1 (shmem=0)
[cuda_rtc] cuLaunchKernelEx failed: 1 (shmem=0)
[cuda_rtc] cuLaunchKernelEx failed: 1 (shmem=0)
[cuda_rtc] cuLaunchKernelEx failed: 1 (shmem=0)
[cuda_rtc] cuLaunchKernelEx failed: 1 (shmem=0)
[cuda_rtc] cuLaunchKernelEx failed: 1 (shmem=0)
[cuda_rtc] cuLaunchKernelEx failed: 1 (shmem=0)
[cuda_rtc] cuLaunchKernelEx failed: 1 (shmem=0)
[cuda_rtc] cuLaunchKernelEx failed: 1 (shmem=0)
[cuda_rtc] cuLaunchKernelEx failed: 1 (shmem=0)
[cuda_rtc] cuLaunchKernelEx failed: 1 (shmem=0)
[cuda_rtc] cuLaunchKernelEx failed: 1 (shmem=0)
[cuda_rtc] cuLaunchKernelEx failed: 1 (shmem=0)
[cuda_rtc] cuLaunchKernelEx failed: 1 (shmem=0)
[cuda_rtc] cuLaunchKernelEx failed: 1 (shmem=0)
[cuda_rtc] cuLaunchKernelEx failed: 1 (shmem=0)
[cuda_rtc] cuLaunchKernelEx failed: 1 (shmem=0)
[cuda_rtc] cuLaunchKernelEx failed: 1 (shmem=0)
[cuda_rtc] cuLaunchKernelEx failed: 1 (shmem=0)
[cuda_rtc] cuLaunchKernelEx failed: 1 (shmem=0)
[cuda_rtc] cuLaunchKernelEx failed: 1 (shmem=0)
[cuda_rtc] cuLaunchKernelEx failed: 1 (shmem=0)
[cuda_rtc] cuLaunchKernelEx failed: 1 (shmem=0)
[cuda_rtc] cuLaunchKernelEx failed: array[0]: container is not an array (tag=0)
1 (shmem=0)
[cuda_rtc] cuLaunchKernelEx failed: 1 (shmem=0)
[cuda_rtc] cuLaunchKernelEx failed: 1 (shmem=0)
[cuda_rtc] cuLaunchKernelEx failed: 1 (shmem=0)
[cuda_rtc] cuLaunchKernelEx failed: 1 (shmem=0)
[cuda_rtc] cuLaunchKernelEx failed: 1 (shmem=0)
[cuda_rtc] cuLaunchKernelEx failed: 1 (shmem=0)
[cuda_rtc] cuLaunchKernelEx failed: 1 (shmem=0)
[cuda_rtc] cuLaunchKernelEx failed: 1 (shmem=0)
[cuda_rtc] cuLaunchKernelEx failed: 1 (shmem=0)
[cuda_rtc] cuLaunchKernelEx failed: 1 (shmem=0)
[cuda_rtc] cuLaunchKernelEx failed: 1 (shmem=0)
[cuda_rtc] cuLaunchKernelEx failed: 1 (shmem=0)
[cuda_rtc] cuLaunchKernelEx failed: 1 (shmem=0)
[cuda_rtc] cuLaunchKernelEx failed: 1 (shmem=0)
[cuda_rtc] cuLaunchKernelEx failed: 1 (shmem=0)
[cuda_rtc] cuLaunchKernelEx failed: 1 (shmem=0)
[cuda_rtc] cuLaunchKernelEx failed: 1 (shmem=0)
[cuda_rtc] cuLaunchKernelEx failed: 1 (shmem=0)
[cuda_rtc] cuLaunchKernelEx failed: 1 (shmem=0)
[cuda_rtc] cuLaunchKernelEx failed: 1 (shmem=0)
[cuda_rtc] cuLaunchKernelEx failed: 1 (shmem=0)
[cuda_rtc] cuLaunchKernelEx failed: 1 (shmem=0)
[cuda_rtc] cuLaunchKernelEx failed: 1 (shmem=0)
[cuda_rtc] cuLaunchKernelEx failed: 1 (shmem=0)
[cuda_rtc] cuLaunchKernelEx failed: 1 (shmem=0)
[cuda_rtc] cuLaunchKernelEx failed: 1 (shmem=0)
[gpu_train] init_gpu_weights — D=512 FF=2048 NL=12 VOCAB=256 SEQ=512 RANK=64
[train_clm_kr] weights: GPU initialized (seed=54321, scale=0.02)
[train_clm_kr] buffers: fwd/grad/eval allocated on GPU
[cuda_ffi] GPU memory: 77456 MB free / 81079 MB total
[train_clm_kr] ==================================================
[train_clm_kr] training start — STEPS=20
[train_clm_kr] ==================================================
[cuda_rtc] cuLaunchKernelEx failed: 1 (shmem=0)
[cuda_rtc] cuLaunchKernelEx failed: 1 (shmem=0)
[cuda_rtc] cuLaunchKernelEx failed: 1 (shmem=0)
[cuda_rtc] cuLaunchKernelEx failed: 1 (shmem=0)
[cuda_rtc] cuLaunchKernelEx failed: 1 (shmem=0)
[cuda_rtc] cuLaunchKernelEx failed: 1 (shmem=0)
[cuda_rtc] cuLaunchKernelEx failed: 1 (shmem=0)
[cuda_rtc] cuLaunchKernelEx failed: 1 (shmem=0)
[cuda_rtc] cuLaunchKernelEx failed: 1 (shmem=0)
[cuda_rtc] cuLaunchKernelEx failed: 1 (shmem=0)
[cuda_rtc] cuLaunchKernelEx failed: 1 (shmem=0)
[cuda_rtc] cuLaunchKernelEx failed: 1 (shmem=0)
[cuda_rtc] cuLaunchKernelEx failed: 1 (shmem=0)
[cuda_rtc] cuLaunchKernelEx failed: 1 (shmem=0)
[cuda_rtc] cuLaunchKernelEx failed: 1 (shmem=0)
[cuda_rtc] cuLaunchKernelEx failed: 1 (shmem=0)
[cuda_rtc] cuLaunchKernelEx failed: 1 (shmem=0)
[cuda_rtc] cuLaunchKernelEx failed: 1 (shmem=0)
[cuda_rtc] cuLaunchKernelEx failed: 1 (shmem=0)
[cuda_rtc] cuLaunchKernelEx failed: 1 (shmem=0)
[cuda_rtc] cuLaunchKernelEx failed: 1 (shmem=0)
[cuda_rtc] cuLaunchKernelEx failed: 1 (shmem=0)
[cuda_rtc] cuLaunchKernelEx failed: 1 (shmem=0)
[cuda_rtc] cuLaunchKernelEx failed: 1 (shmem=0)
[cuda_rtc] cuLaunchKernelEx failed: 1 (shmem=0)
[cuda_rtc] cuLaunchKernelEx failed: 1 (shmem=0)
[cuda_rtc] cuLaunchKernelEx failed: 1 (shmem=0)
[cuda_rtc] cuLaunchKernelEx failed: 1 (shmem=0)
[cuda_rtc] cuLaunchKernelEx failed: 1 (shmem=0)
[cuda_rtc] cuLaunchKernelEx failed: 1 (shmem=0)
[cuda_rtc] cuLaunchKernelEx failed: 1 (shmem=0)
[cuda_rtc] cuLaunchKernelEx failed: 1 (shmem=0)
[cuda_rtc] cuLaunchKernelEx failed: 1 (shmem=0)
[cuda_rtc] cuLaunchKernelEx failed: 1 (shmem=0)
[cuda_rtc] cuLaunchKernelEx failed: 1 (shmem=0)
[cuda_rtc] cuLaunchKernelEx failed: 1 (shmem=0)
[cuda_rtc] cuLaunchKernelEx failed: 1 (shmem=0)
