# gpu     sm    mem    enc    dec    jpg    ofa     fb   bar1   ccpm 
# Idx      %      %      %      %      %      %     MB     MB     MB 
    0      0      0      0      0      0      0      0      1      0 
    0      0      0      0      0      0      0      0      1      0 
    0     10      1      0      0      0      0      0      1      0 
    0      0      0      0      0      0      0      0      1      0 
    0      0      0      0      0      0      0      0      1      0 
    0      0      0      0      0      0      0      0      1      0 
    0      0      0      0      0      0      0      0      1      0 
    0      0      0      0      0      0      0      0      1      0 
    0      0      0      0      0      0      0      0      1      0 
    0      0      0      0      0      0      0      0      1      0 
    0      0      0      0      0      0      0      0      1      0 
    0      0      0      0      0      0      0      0      1      0 
    0      0      0      0      0      0      0      0      1      0 
    0      0      0      0      0      0      0      0      1      0 
    0      0      0      0      0      0      0      0      1      0 
    0      0      0      0      0      0      0      0      1      0 
    0      0      0      0      0      0      0      0      1      0 
    0      0      0      0      0      0      0      0      1      0 
    0      0      0      0      0      0      0      0      1      0 
    0      0      0      0      0      0      0      0      1      0 
    0      0      0      0      0      0      0      0      1      0 
    0      0      0      0      0      0      0      0      1      0 
    0      0      0      0      0      0      0      0      1      0 
    0      0      0      0      0      0      0      0      1      0 
    0      0      0      0      0      0      0      0      1      0 
    0      0      0      0      0      0      0      0      1      0 
    0      0      0      0      0      0      0      0      1      0 
    0      0      0      0      0      0      0      0      1      0 
    0      0      0      0      0      0      0      0      1      0 
    0      0      0      0      0      0      0      0      1      0 
    0      0      0      0      0      0      0      0      1      0 
    0      0      0      0      0      0      0      0      1      0 
    0      0      0      0      0      0      0      0      1      0 
    0      0      0      0      0      0      0      0      1      0 
    0      0      0      0      0      0      0      0      1      0 
    0      0      0      0      0      0      0      0      1      0 
    0      0      0      0      0      0      0      0      1      0 
    0      0      0      0      0      0      0      0      1      0 
    0      0      0      0      0      0      0      0      1      0 
    0      0      0      0      0      0      0      0      1      0 
    0      0      0      0      0      0      0      0      1      0 
    0      0      0      0      0      0      0      0      1      0 
    0      0      0      0      0      0      0      0      1      0 
    0      0      0      0      0      0      0      0      1      0 
# gpu     sm    mem    enc    dec    jpg    ofa     fb   bar1   ccpm 
# Idx      %      %      %      %      %      %     MB     MB     MB 
    0      0      0      0      0      0      0      0      1      0 
    0      0      0      0      0      0      0      0      1      0 
    0      0      0      0      0      0      0      0      1      0 
    0      0      0      0      0      0      0      0      1      0 
    0      0      0      0      0      0      0      0      1      0 
    0      0      0      0      0      0      0      0      1      0 
    0      0      0      0      0      0      0      0      1      0 
    0      0      0      0      0      0      0      0      1      0 
    0      0      0      0      0      0      0      0      1      0 
    0      0      0      0      0      0      0      0      1      0 
    0      0      0      0      0      0      0      0      1      0 
    0      0      0      0      0      0      0      0      1      0 
    0      0      0      0      0      0      0      0      1      0 
    0      0      0      0      0      0      0      0      1      0 
    0      0      0 
    0      0      0      0      0      0      0 
    0      0      0      0      0      0      0 
    0      0      0      0      0      0      0 
# gpu     sm    mem    enc    dec    jpg    ofa 
# Idx      %      %      %      %      %      % 
    0      0      0      0      0      0      0 
    0      0      0      0      0      0      0 
    0      0      0      0      0      0      0 
    0      0      0      0      0      0      0 
    0      0      0      0      0      0      0 
    0      0      0      0      0      0      0 
    0      0      0      0      0      0      0 
    0      0      0      0      0      0      0 
    0      0      0      0      0      0      0 
    0      0      0      0      0      0      0 
    0      0      0      0      0      0      0 
    0      0      0      0      0      0      0 
    0      0      0      0      0      0      0 
    0      0      0      0      0      0      0 
    0      0      0      0      0      0      0 
    0      0      0      0      0      0      0 
