=== hire_sim Z path (deterministic_lenient judge, RAW /generate) ===
endpoint : https://itfl66q4z768kh-8090.proxy.runpod.net/generate
output   : /Users/ghost/Dev/anima/training/deploy/hire_sim_alm_lenient_20260416.json
max_tasks: 30
judge    : deterministic_lenient (synonyms+stemmer, 41 pairs)
loaded 100 tasks from /Users/ghost/Dev/anima/anima-agent/hire_sim_100.hexa
stratified -> 30 tasks

  [01/30] XX EM01 [email/easy] score=0.667 hits=2/3 len=626 t=6.7s  keyword_miss=2/3; len=626>=30; extra=ok
[GATE] dispatch=remote host=192.168.50.119:9900 remote_dir=/home/aiden/airgenome cmd="python3 training/deploy/hire_sim_alm_lenient_runner.py"
[GATE] ⚠ paths in output below are REMOTE — not local filesystem.
=== hire_sim Z path (deterministic_lenient judge, RAW /generate) ===
endpoint : https://itfl66q4z768kh-8090.proxy.runpod.net/generate
output   : /Users/ghost/Dev/anima/training/deploy/hire_sim_alm_lenient_20260416.json
max_tasks: 30
judge    : deterministic_lenient (synonyms+stemmer, 41 pairs)
loaded 100 tasks from /Users/ghost/Dev/anima/anima-agent/hire_sim_100.hexa
stratified -> 30 tasks

  [01/30] XX EM01 [email/easy] score=0.667 hits=2/3 len=1122 t=10.8s  keyword_miss=2/3; len=1122>=30; extra=ok
  [02/30] XX EM02 [email/easy] score=0.500 hits=1/2 len=693 t=7.1s  keyword_miss=1/2; len=693>=30; extra=ok
  [03/30] OK EM03 [email/medium] score=1.000 hits=3/3 len=480 t=4.5s  keywords=3/3; len=480>=30; extra=ok
  [04/30] OK EM04 [email/medium] score=1.000 hits=3/3 len=591 t=6.0s  keywords=3/3; len=591>=30; extra=ok
  [05/30] OK EM05 [email/hard] score=1.000 hits=3/3 len=920 t=9.1s  keywords=3/3; len=920>=30; extra=ok
  [06/30] OK CD01 [code/easy] score=1.000 hits=2/2 len=984 t=8.7s  keywords=2/2; len=984>=40; extra=ok
  [07/30] OK CD02 [code/easy] score=1.000 hits=2/2 len=1106 t=13.2s  keywords=2/2; len=1106>=40; extra=ok
  [08/30] OK CD03 [code/medium] score=1.000 hits=3/3 len=755 t=7.6s  keywords=3/3; len=755>=40; extra=ok
  [09/30] OK CD04 [code/medium] score=1.000 hits=3/3 len=1046 t=10.6s  keywords=3/3; len=1046>=40; extra=ok
  [10/30] OK CD05 [code/hard] score=1.000 hits=3/3 len=1261 t=12.8s  keywords=3/3; len=1261>=40; extra=ok
  [11/30] XX MT01 [meeting/easy] score=0.333 hits=1/3 len=273 t=2.8s  keyword_miss=1/3; len=273>=30; extra=ok
  [12/30] OK MT02 [meeting/easy] score=1.000 hits=2/2 len=495 t=5.4s  keywords=2/2; len=495>=30; extra=ok
  [13/30] OK MT03 [meeting/medium] score=1.000 hits=3/3 len=1093 t=11.7s  keywords=3/3; len=1093>=30; extra=ok
  [14/30] OK MT04 [meeting/medium] score=1.000 hits=2/2 len=1341 t=12.1s  keywords=2/2; len=1341>=30; extra=ok
  [15/30] OK MT05 [meeting/hard] score=1.000 hits=2/2 len=775 t=7.0s  keywords=2/2; len=775>=30; extra=ok
  [16/30] XX DC01 [doc/easy] score=0.500 hits=1/2 len=977 t=9.1s  keyword_miss=1/2; len=977>=30; extra=ok
  [17/30] OK DC02 [doc/easy] score=1.000 hits=2/2 len=658 t=7.4s  keywords=2/2; len=658>=30; extra=ok
  [18/30] OK DC03 [doc/medium] score=1.000 hits=3/3 len=1292 t=12.0s  keywords=3/3; len=1292>=30; extra=ok
  [19/30] OK DC04 [doc/medium] score=1.000 hits=2/2 len=1326 t=12.4s  keywords=2/2; len=1326>=30; extra=ok
  [20/30] OK DC05 [doc/hard] score=1.000 hits=3/3 len=1410 t=12.3s  keywords=3/3; len=1410>=30; extra=ok
  [21/30] OK SC01 [schedule/easy] score=1.000 hits=2/2 len=684 t=7.3s  keywords=2/2; len=684>=30; extra=ok
  [22/30] OK SC02 [schedule/easy] score=1.000 hits=2/2 len=265 t=3.8s  keywords=2/2; len=265>=30; extra=ok
  [23/30] OK SC03 [schedule/medium] score=1.000 hits=2/2 len=722 t=9.0s  keywords=2/2; len=722>=30; extra=ok
  [24/30] OK SC04 [schedule/medium] score=1.000 hits=2/2 len=893 t=13.1s  keywords=2/2; len=893>=30; extra=ok
  [25/30] OK SC05 [schedule/hard] score=1.000 hits=2/2 len=744 t=6.5s  keywords=2/2; len=744>=30; extra=ok
  [26/30] OK RS01 [research/easy] score=1.000 hits=2/2 len=986 t=8.2s  keywords=2/2; len=986>=40; extra=ok
  [27/30] OK RS02 [research/easy] score=1.000 hits=2/2 len=925 t=12.1s  keywords=2/2; len=925>=40; extra=ok
  [28/30] OK RS03 [research/medium] score=1.000 hits=2/2 len=1096 t=12.1s  keywords=2/2; len=1096>=40; extra=ok
  [29/30] OK RS04 [research/medium] score=1.000 hits=2/2 len=958 t=8.6s  keywords=2/2; len=958>=40; extra=ok
  [30/30] OK RS05 [research/hard] score=1.000 hits=3/3 len=1183 t=11.9s  keywords=3/3; len=1183>=40; extra=ok

=== RESULTS (Z path — lenient judge, raw endpoint) ===
  completion_rate : 0.8667 (26/30)
  avg_score       : 0.9333
  delta_vs_baseline (0.5333): +0.3334
  delta_vs_pathc    (0.8667): -0.0000
  ALM gate 0.85   : PASS
  CLM gate 0.80   : PASS
  Z   gate 0.75   : PASS
  verdict         : PASS_ALM_0.85
  by_domain:
    email      n= 5 done= 3 rate=0.600 avg_score=0.833
    code       n= 5 done= 5 rate=1.000 avg_score=1.000
    meeting    n= 5 done= 4 rate=0.800 avg_score=0.867
    doc        n= 5 done= 4 rate=0.800 avg_score=0.900
    schedule   n= 5 done= 5 rate=1.000 avg_score=1.000
    research   n= 5 done= 5 rate=1.000 avg_score=1.000
  report: /Users/ghost/Dev/anima/training/deploy/hire_sim_alm_lenient_20260416.json
