=== hire_sim ACTUAL ALM measurement (Path E) ===
endpoint: https://itfl66q4z768kh-8090.proxy.runpod.net/generate
output:   /Users/ghost/Dev/anima/training/deploy/hire_sim_alm_actual_20260416.json
max_tasks: 30
loaded 100 tasks from /Users/ghost/Dev/anima/anima-agent/hire_sim_100.hexa
stratified -> 30 tasks

  [01/30] XX EM01 [email/easy] score=0.667 hits=2/3 len=736 t=8.5s  keyword_miss=2/3; len=736>=30; extra=ok
  [02/30] OK EM02 [email/easy] score=1.000 hits=2/2 len=1341 t=12.9s  keywords=2/2; len=1341>=30; extra=ok
  [03/30] XX EM03 [email/medium] score=0.667 hits=2/3 len=495 t=5.9s  keyword_miss=2/3; len=495>=30; extra=ok
  [04/30] XX EM04 [email/medium] score=0.667 hits=2/3 len=597 t=5.8s  keyword_miss=2/3; len=597>=30; extra=ok
  [05/30] XX EM05 [email/hard] score=0.667 hits=2/3 len=1147 t=11.3s  keyword_miss=2/3; len=1147>=30; extra=ok
  [06/30] XX CD01 [code/easy] score=1.000 hits=2/2 len=612 t=6.6s  keywords=2/2; len=612>=40; extra_fail(no code block / identifier density too low)
  [07/30] OK CD02 [code/easy] score=1.000 hits=2/2 len=1209 t=11.9s  keywords=2/2; len=1209>=40; extra=ok
  [08/30] XX CD03 [code/medium] score=1.000 hits=3/3 len=693 t=6.4s  keywords=3/3; len=693>=40; extra_fail(no code block / identifier density too low)
  [09/30] OK CD04 [code/medium] score=1.000 hits=3/3 len=1171 t=12.9s  keywords=3/3; len=1171>=40; extra=ok
  [10/30] OK CD05 [code/hard] score=1.000 hits=3/3 len=1258 t=12.2s  keywords=3/3; len=1258>=40; extra=ok
  [11/30] XX MT01 [meeting/easy] score=0.000 hits=0/3 len=531 t=6.3s  keyword_miss=0/3; len=531>=30; extra=ok
  [12/30] OK MT02 [meeting/easy] score=1.000 hits=2/2 len=430 t=5.3s  keywords=2/2; len=430>=30; extra=ok
  [13/30] OK MT03 [meeting/medium] score=1.000 hits=3/3 len=1296 t=12.0s  keywords=3/3; len=1296>=30; extra=ok
  [14/30] OK MT04 [meeting/medium] score=1.000 hits=2/2 len=765 t=7.1s  keywords=2/2; len=765>=30; extra=ok
  [15/30] XX MT05 [meeting/hard] score=0.500 hits=1/2 len=1004 t=9.5s  keyword_miss=1/2; len=1004>=30; extra=ok
  [16/30] OK DC01 [doc/easy] score=1.000 hits=2/2 len=1174 t=10.1s  keywords=2/2; len=1174>=30; extra=ok
  [17/30] OK DC02 [doc/easy] score=1.000 hits=2/2 len=1242 t=12.8s  keywords=2/2; len=1242>=30; extra=ok
  [18/30] XX DC03 [doc/medium] score=0.667 hits=2/3 len=1165 t=12.1s  keyword_miss=2/3; len=1165>=30; extra=ok
  [19/30] OK DC04 [doc/medium] score=1.000 hits=2/2 len=1194 t=12.0s  keywords=2/2; len=1194>=30; extra=ok
  [20/30] OK DC05 [doc/hard] score=1.000 hits=3/3 len=1425 t=11.9s  keywords=3/3; len=1425>=30; extra=ok
  [21/30] OK SC01 [schedule/easy] score=1.000 hits=2/2 len=498 t=5.8s  keywords=2/2; len=498>=30; extra=ok
  [22/30] XX SC02 [schedule/easy] score=1.000 hits=2/2 len=284 t=3.8s  keywords=2/2; len=284>=30; extra_fail(no numeric token)
  [23/30] XX SC03 [schedule/medium] score=0.500 hits=1/2 len=1044 t=11.2s  keyword_miss=1/2; len=1044>=30; extra=ok
  [24/30] XX SC04 [schedule/medium] score=0.500 hits=1/2 len=1103 t=11.8s  keyword_miss=1/2; len=1103>=30; extra=ok
  [25/30] XX SC05 [schedule/hard] score=0.500 hits=1/2 len=698 t=7.0s  keyword_miss=1/2; len=698>=30; extra=ok
  [26/30] OK RS01 [research/easy] score=1.000 hits=2/2 len=895 t=8.4s  keywords=2/2; len=895>=40; extra=ok
  [27/30] OK RS02 [research/easy] score=1.000 hits=2/2 len=973 t=12.4s  keywords=2/2; len=973>=40; extra=ok
  [28/30] XX RS03 [research/medium] score=0.000 hits=0/2 len=1347 t=12.3s  keyword_miss=0/2; len=1347>=40; extra=ok
  [29/30] OK RS04 [research/medium] score=1.000 hits=2/2 len=913 t=8.7s  keywords=2/2; len=913>=40; extra=ok
  [30/30] OK RS05 [research/hard] score=1.000 hits=3/3 len=1001 t=11.4s  keywords=3/3; len=1001>=40; extra=ok

=== RESULTS ===
  completion_rate : 0.5333 (16/30)
  avg_score       : 0.8111
  ALM gate 0.85   : FAIL
  CLM gate 0.80   : FAIL
  verdict         : BLOCKED_<0.60
  by_domain:
    email      n= 5 done= 1 rate=0.200 avg_score=0.733
    code       n= 5 done= 3 rate=0.600 avg_score=1.000
    meeting    n= 5 done= 3 rate=0.600 avg_score=0.700
    doc        n= 5 done= 4 rate=0.800 avg_score=0.933
    schedule   n= 5 done= 1 rate=0.200 avg_score=0.700
    research   n= 5 done= 4 rate=0.800 avg_score=0.800
  report: /Users/ghost/Dev/anima/training/deploy/hire_sim_alm_actual_20260416.json
