=== hire_sim PATH C (prompt augmentation) ===
endpoint: https://itfl66q4z768kh-8090.proxy.runpod.net/generate
output:   /Users/ghost/Dev/anima/training/deploy/hire_sim_alm_pathc_20260416.json
max_tasks: 30
loaded 100 tasks from /Users/ghost/Dev/anima/anima-agent/hire_sim_100.hexa
stratified -> 30 tasks

  [01/30] OK EM01 [email/easy] score=1.000 hits=3/3 len=1294 t=13.2s  keywords=3/3; len=1294>=30; extra=ok
  [02/30] OK EM02 [email/easy] score=1.000 hits=2/2 len=896 t=10.0s  keywords=2/2; len=896>=30; extra=ok
  [03/30] OK EM03 [email/medium] score=1.000 hits=3/3 len=449 t=5.6s  keywords=3/3; len=449>=30; extra=ok
  [04/30] XX EM04 [email/medium] score=0.667 hits=2/3 len=1328 t=11.8s  keyword_miss=2/3; len=1328>=30; extra=ok
  [05/30] XX EM05 [email/hard] score=0.667 hits=2/3 len=922 t=8.9s  keyword_miss=2/3; len=922>=30; extra=ok
  [06/30] OK CD01 [code/easy] score=1.000 hits=2/2 len=421 t=5.4s  keywords=2/2; len=421>=40; extra=ok
  [07/30] OK CD02 [code/easy] score=1.000 hits=2/2 len=885 t=8.5s  keywords=2/2; len=885>=40; extra=ok
  [08/30] OK CD03 [code/medium] score=1.000 hits=3/3 len=832 t=8.1s  keywords=3/3; len=832>=40; extra=ok
  [09/30] OK CD04 [code/medium] score=1.000 hits=3/3 len=942 t=9.8s  keywords=3/3; len=942>=40; extra=ok
  [10/30] OK CD05 [code/hard] score=1.000 hits=3/3 len=1271 t=10.7s  keywords=3/3; len=1271>=40; extra=ok
  [11/30] OK MT01 [meeting/easy] score=1.000 hits=3/3 len=338 t=3.7s  keywords=3/3; len=338>=30; extra=ok
  [12/30] OK MT02 [meeting/easy] score=1.000 hits=2/2 len=494 t=4.6s  keywords=2/2; len=494>=30; extra=ok
  [13/30] OK MT03 [meeting/medium] score=1.000 hits=3/3 len=510 t=4.7s  keywords=3/3; len=510>=30; extra=ok
  [14/30] XX MT04 [meeting/medium] score=0.500 hits=1/2 len=570 t=5.9s  keyword_miss=1/2; len=570>=30; extra=ok
  [15/30] OK MT05 [meeting/hard] score=1.000 hits=2/2 len=886 t=8.1s  keywords=2/2; len=886>=30; extra=ok
  [16/30] OK DC01 [doc/easy] score=1.000 hits=2/2 len=589 t=5.5s  keywords=2/2; len=589>=30; extra=ok
  [17/30] OK DC02 [doc/easy] score=1.000 hits=2/2 len=807 t=12.3s  keywords=2/2; len=807>=30; extra=ok
  [18/30] OK DC03 [doc/medium] score=1.000 hits=3/3 len=395 t=4.4s  keywords=3/3; len=395>=30; extra=ok
  [19/30] OK DC04 [doc/medium] score=1.000 hits=2/2 len=1225 t=9.4s  keywords=2/2; len=1225>=30; extra=ok
  [20/30] OK DC05 [doc/hard] score=1.000 hits=3/3 len=1425 t=11.9s  keywords=3/3; len=1425>=30; extra=ok
  [21/30] OK SC01 [schedule/easy] score=1.000 hits=2/2 len=903 t=12.5s  keywords=2/2; len=903>=30; extra=ok
  [22/30] OK SC02 [schedule/easy] score=1.000 hits=2/2 len=256 t=3.9s  keywords=2/2; len=256>=30; extra=ok
  [23/30] OK SC03 [schedule/medium] score=1.000 hits=2/2 len=923 t=8.8s  keywords=2/2; len=923>=30; extra=ok
  [24/30] OK SC04 [schedule/medium] score=1.000 hits=2/2 len=605 t=6.1s  keywords=2/2; len=605>=30; extra=ok
  [25/30] XX SC05 [schedule/hard] score=0.500 hits=1/2 len=566 t=5.5s  keyword_miss=1/2; len=566>=30; extra=ok
  [26/30] OK RS01 [research/easy] score=1.000 hits=2/2 len=567 t=5.7s  keywords=2/2; len=567>=40; extra=ok
  [27/30] OK RS02 [research/easy] score=1.000 hits=2/2 len=794 t=7.5s  keywords=2/2; len=794>=40; extra=ok
  [28/30] OK RS03 [research/medium] score=1.000 hits=2/2 len=694 t=7.3s  keywords=2/2; len=694>=40; extra=ok
  [29/30] OK RS04 [research/medium] score=1.000 hits=2/2 len=880 t=7.7s  keywords=2/2; len=880>=40; extra=ok
  [30/30] OK RS05 [research/hard] score=1.000 hits=3/3 len=812 t=6.9s  keywords=3/3; len=812>=40; extra=ok

=== RESULTS (Path C) ===
  completion_rate : 0.8667 (26/30)
  avg_score       : 0.9444
  delta_completion: +0.3334
  delta_avg_score : +0.1333
  ALM gate 0.85   : PASS
  CLM gate 0.80   : PASS
  verdict         : PASS_ALM_0.85
  by_domain:
    email      n= 5 done= 3 rate=0.600 avg_score=0.867
    code       n= 5 done= 5 rate=1.000 avg_score=1.000
    meeting    n= 5 done= 4 rate=0.800 avg_score=0.900
    doc        n= 5 done= 5 rate=1.000 avg_score=1.000
    schedule   n= 5 done= 4 rate=0.800 avg_score=0.900
    research   n= 5 done= 5 rate=1.000 avg_score=1.000
  report: /Users/ghost/Dev/anima/training/deploy/hire_sim_alm_pathc_20260416.json
