__LAW_64_CYCLE_4_T8L_HIGHER_ORDER_BEGIN__ Conway 10x10 32% density N=100
hypothesis: does CA(5) advantage survive higher-order Markov (order-2/3)?
seed=20260428 grid=10x10 k_live=32 (32%) N_STEPS=100
train_pairs=50 test_pairs=50
--- per-model accuracy (per_thousand correct cells) ---
  ca5_acc=1000
  markov_o1_acc=862
  markov_o2_acc=856
  markov_o3_acc=855
--- ca5 advantage per_thousand ---
  adv_vs_o1=160
  adv_vs_o2=168
  adv_vs_o3=169
--- verdict ---
  verdict=H2_SUPPORTED_ca5_advantage_ROBUST_across_orders
  law_64_v4_direction=STRENGTHENS
__LAW_64_CYCLE_4_T8L_RESULT__ H2_SUPPORTED_ca5_advantage_ROBUST_across_orders
raw_91_C1_falsifiable=YES_pre_registered_thresholds_5_and_10_per_thousand
raw_91_C2_replicable=YES_seed_20260428_deterministic
raw_91_C3_no_p_hacking=YES_thresholds_frozen_in_header_before_run
raw_91_C4_data_caveats=10x10_32pct_density_random_init_NOT_glider_specific
raw_91_C5_negative_result_published=YES_emit_regardless_of_outcome
