[2026-04-27T12:50:15Z] === launch gemma-2-27b family-internal closure START ===
[2026-04-27T12:50:15Z] pod_name=anima-gemma-27b-familyinternal-20260427125015 container_disk=100G volume=100G wallclock=1800s
note: only the first data center id is used; graphql api supports a single data center
{
  "containerDiskInGb": 100,
  "costPerHr": 2.99,
  "desiredStatus": "RUNNING",
  "env": [
    "PUBLIC_KEY=ssh-ed25519 AAAAC3NzaC1lZDI1NTE5AAAAIKOEWe0SBseZceuCgcVnlNDhEwbU/TIqGeK9FdrpIy9V ghost@ghostui-MacBookAir.local\n\nssh-rsa AAAAB3NzaC1yc2EAAAADAQABAAABAQCf5vOKHhrik9f3yA4IWXXGKPVvDQ8nFP5b1PF7a7YHuXMmZVSOvISYwph7yuCCYyZP8GTDm9MWHZVSR6ArijPxRfAbGDUtENFrHtyA5IGI9GycJkrYokI20neQXR4AGTwk/kVXOdaMaxEREFKhyffzZyrPKUEpZ7ikGXVM9MqWYNFvvy1ioQ7uuqyFq+65phVjojKgg4LWdnTjcxNzNrOgwlZqANx450Nhv3KAGhWSiLZgU6iA4JJ6gsq6t5S9p5n7T6EeypUyuKT4iOH0U5d4jIrssz0QwBncytLvQCvv7IpsapPqhgQzBXcGMZKkLS62UWYDRTeL7PPz3+N2hM4N RunPod-Key-Go"
  ],
  "gpuCount": 1,
  "id": "it5ku4iviw7w6h",
  "imageName": "runpod/pytorch:2.4.0-py3.11-cuda12.4.1-devel-ubuntu22.04",
  "lastStatusChange": "Rented by User: Mon Apr 27 2026 12:50:16 GMT+0000 (Coordinated Universal Time)",
  "machine": {
    "gpuDisplayName": "H100 SXM",
    "location": "US"
  },
  "memoryInGb": 251,
  "name": "anima-gemma-27b-familyinternal-20260427125015",
  "ports": "22/tcp,8888/http",
  "vcpuCount": 26,
  "volumeInGb": 100,
  "volumeMountPath": "/workspace"
}
[2026-04-27T12:50:16Z] POD_ID=it5ku4iviw7w6h
[2026-04-27T12:50:16Z] Waiting for SSH ready...
[GATE] dispatch=local reason=remote_unreachable cmd="python3 -c 
import json, sys
d = json.load(sys.stdin)
for p in d:
    if p.get('id') == 'it5ku4iviw7w6h': print(p.get('desiredStatus','UNK')); break
"
[2026-04-27T12:50:18Z] [wait el=0s] status=RUNNING
[GATE] dispatch=local reason=remote_unreachable cmd="python3 -c 
import json, sys
d = json.load(sys.stdin)
for p in d:
    if p.get('id') == 'it5ku4iviw7w6h': print(p.get('desiredStatus','UNK')); break
"
[2026-04-27T12:50:30Z] [wait el=10s] status=RUNNING
[GATE] dispatch=local reason=remote_unreachable cmd="python3 -c 
import json, sys
d = json.load(sys.stdin)
for p in d:
    if p.get('id') == 'it5ku4iviw7w6h': print(p.get('desiredStatus','UNK')); break
"
[2026-04-27T12:50:40Z] POD_IP=216.243.220.217 POD_PORT=10100 (el=22s)
[2026-04-27T12:50:44Z] SSH ready (el=0s)
[2026-04-27T12:50:44Z] Staging files...
Warning: Permanently added '[216.243.220.217]:10100' (ED25519) to the list of known hosts.
Warning: Permanently added '[216.243.220.217]:10100' (ED25519) to the list of known hosts.
Warning: Permanently added '[216.243.220.217]:10100' (ED25519) to the list of known hosts.
Warning: Permanently added '[216.243.220.217]:10100' (ED25519) to the list of known hosts.
Warning: Permanently added '[216.243.220.217]:10100' (ED25519) to the list of known hosts.
HF_TOKEN_LOADED
[2026-04-27T12:51:08Z] Generating helper from anima_cmt.hexa...
Warning: Permanently added '[216.243.220.217]:10100' (ED25519) to the list of known hosts.
helper written, lines: 191
[2026-04-27T12:51:11Z] Installing python deps...
Warning: Permanently added '[216.243.220.217]:10100' (ED25519) to the list of known hosts.

[notice] A new release of pip is available: 24.2 -> 26.1
[notice] To update, run: python -m pip install --upgrade pip
[2026-04-27T12:51:22Z] Launching gemma-27b wrapper...
Warning: Permanently added '[216.243.220.217]:10100' (ED25519) to the list of known hosts.
wrapper-launched pid=230
