__LAW_64_CYCLE_4_T8O_RULE110_HIGHER_ORDER_BEGIN__ rule-110 higher-order Markov saturation test
hypothesis H1 (per-cell-bigram artifact): order-3 advantage <+50 at N=1500 — non-saturation was o1 limitation
hypothesis H2 (true structural): order-3 advantage >=+200 at N=1500 — CA(5) genuinely structural
hypothesis H3 (mid): 50 <= order-3 advantage < 200 at N=1500 — partial closure, order-5 closes
seed=20260428 len=128 rule=110 N_TEST=15
init_single_cell_alive=1 (expect 1)
--- order=1 (P(next|self), 2 ctx/cell) ---
  order=1 n_train=50 ca_acc=1000 markov_acc=405 advantage_per_thousand=1469
  order=1 n_train=500 ca_acc=1000 markov_acc=658 advantage_per_thousand=519
  order=1 n_train=1500 ca_acc=1000 markov_acc=666 advantage_per_thousand=501
--- order=2 (P(next|self,left), 4 ctx/cell) ---
  order=2 n_train=50 ca_acc=1000 markov_acc=452 advantage_per_thousand=1212
  order=2 n_train=500 ca_acc=1000 markov_acc=742 advantage_per_thousand=347
  order=2 n_train=1500 ca_acc=1000 markov_acc=781 advantage_per_thousand=280
--- order=3 (P(next|self,left,right), 8 ctx/cell — matches rule-110 neighborhood) ---
  order=3 n_train=50 ca_acc=1000 markov_acc=557 advantage_per_thousand=795
  order=3 n_train=500 ca_acc=1000 markov_acc=1000 advantage_per_thousand=0
  order=3 n_train=1500 ca_acc=1000 markov_acc=1000 advantage_per_thousand=0
--- order=5 (P(next|l2,l,self,r,r2), 32 ctx/cell — matches CA(5) window) ---
  order=5 n_train=50 ca_acc=1000 markov_acc=455 advantage_per_thousand=1197
  order=5 n_train=500 ca_acc=1000 markov_acc=1000 advantage_per_thousand=0
  order=5 n_train=1500 ca_acc=1000 markov_acc=1000 advantage_per_thousand=0
--- aggregate (advantage_per_thousand at N_TRAIN=1500) ---
adv_o1_n1500=501
adv_o2_n1500=280
adv_o3_n1500=0
adv_o5_n1500=0
--- verdict ---
verdict=H1_SUPPORTED_per_cell_bigram_artifact_o3_closes_gap_rule110_non_saturation_was_baseline_limitation
law_64_v5_direction=LAW_64_v5_CORRECTION_weaken_rule110_generalization_claim_T8n_was_o1_artifact
o5_closure_check_adv_o5_n1500=0_threshold_<50_for_full_closure
__LAW_64_CYCLE_4_T8O_RESULT__ H1_SUPPORTED_per_cell_bigram_artifact_o3_closes_gap_rule110_non_saturation_was_baseline_limitation
raw_91_C1_falsifiable=YES_pre_registered_thresholds_50_and_200_at_N1500_order3_frozen
raw_91_C2_replicable=YES_seed_20260428_deterministic_LCG_rule110_canonical_single_cell_init
raw_91_C3_no_p_hacking=YES_thresholds_orders_anchors_frozen_in_header_before_run
raw_91_C4_data_caveats=length_128_toroidal_single_cell_init_only_(strongest_T8n_non_saturation_case)
raw_91_C5_negative_result_published=YES_emit_regardless_of_outcome_per_raw_71
raw_91_caveat=density_32pct_init_NOT_tested_here_(forward_step_if_H1_or_H2_fires)
raw_91_caveat=order-3_exactly_matches_rule110_3-cell_neighborhood_the_test_is_whether_data_volume_at_N=1500_is_sufficient_for_o3_to_learn_the_true_rule
