[create] pod=anima-mkxii3a-gemma_9b gpu=NVIDIA H100 80GB HBM3
  pod_id=g7zxs42y5wz9gw cost=$2.99/hr
[ssh-wait] pod=g7zxs42y5wz9gw
  ip=103.207.149.92 port=16466
[scp] /tmp/anima_phi_v3_canonical_helper.hexa_tmp -> 103.207.149.92:/workspace/anima_phi_v3_canonical_helper.py
[scp] /tmp/anima_an11b_eigen_helper.hexa_tmp -> 103.207.149.92:/workspace/anima_an11b_eigen_helper.py
[scp] /tmp/anima_b_tom_helper.hexa_tmp -> 103.207.149.92:/workspace/anima_b_tom_helper.py
[scp] /tmp/anima_cmt_helper.hexa_tmp -> 103.207.149.92:/workspace/anima_cmt_helper.py
[exec] set -e
mkdir -p /workspace/out
cat > /workspace/.hf_token <<HFEOT
hf_REDACTED_FROM_SECRETS_FILE
[download] 103.207.149.92:/workspace/out -> /Users/ghost/core/anima/state/v10_mk_xii_phase3a/gemma_9b
[terminate] pod=g7zxs42y5wz9gw

[done] elapsed=3.80min cost=~$0.189
wrote /Users/ghost/core/anima/state/v10_mk_xii_phase3a/gemma_9b/runpod_run.json
DONE
[GATE] dispatch=local reason=remote_unreachable cmd="python3 /tmp/anima_runpod_orchestrator_helper.hexa_tmp run --pod-name anima-mkxii3a-gemma_9b --gpu-id NVIDIA H100 80GB HBM3 --image runpod/pytorch:2.4.0-py3.11-cuda12.4.1-devel-ubuntu22.04 --upload /tmp/anima_phi_v3_canonical_helper.hexa_tmp:/workspace/anima_phi_v3_canonical_helper.py --upload /tmp/anima_an11b_eigen_helper.hexa_tmp:/workspace/anima_an11b_eigen_helper.py --upload /tmp/anima_b_tom_helper.hexa_tmp:/workspace/anima_b_tom_helper.py --upload /tmp/anima_cmt_helper.hexa_tmp:/workspace/anima_cmt_helper.py --command set -e
mkdir -p /workspace/out
cat > /workspace/.hf_token <<HFEOT
hf_REDACTED_FROM_SECRETS_FILE
HFEOT
pip install -q transformers accelerate sentencepiece 2>&1 | tail -3
export ANIMA_BASE='google/gemma-2-9b'
echo '=== AXIS 1: Phi v3 (load=1, all axes share weights via re-load) ==='
ANIMA_OUTPUT=/workspace/out/phi_v3.json python3 /workspace/anima_phi_v3_canonical_helper.py 2>&1 | tail -8
echo '=== AXIS 2: AN11(b) ==='
ANIMA_OUT_HLAST=/workspace/out/an11b_h_last.json ANIMA_OUT_EIGEN=/workspace/out/an11b.json python3 /workspace/anima_an11b_eigen_helper.py 2>&1 | tail -8
echo '=== AXIS 3: B-ToM ==='
ANIMA_OUTPUT=/workspace/out/btom.json python3 /workspace/anima_b_tom_helper.py 2>&1 | tail -8
echo '=== AXIS 4: CMT ==='
ANIMA_OUTPUT=/workspace/out/cmt.json python3 /workspace/anima_cmt_helper.py 2>&1 | tail -8
ls -la /workspace/out/ --download /workspace/out:/Users/ghost/core/anima/state/v10_mk_xii_phase3a/gemma_9b --max-cost 0.70 --max-runtime-min 22 --auto-terminate --output /Users/ghost/core/anima/state/v10_mk_xii_phase3a/gemma_9b/runpod_run.json --run-id mkxii-3a-gemma_9b"
