__LAW_64_CYCLE_4_T8I_TRAIN_VOLUME_BEGIN__ train-volume axis @ 10x10 / 32% density
hypothesis: Markov order-1 per-cell bigram saturates, CA(5) advantage either PLATEAUS, DIVERGES, or CONVERGES-DOWN
seed=20260428 grid=10x10 density_k=32 (32%) N_TEST=15 conv_delta=5
--- train-volume sweep (N_TRAIN: 15 → 50 → 150 → 500 → 1500) ---
  V1_n15_baseline n_train=15 ca_acc=1000 tf_acc=940 advantage_per_thousand=63
  V2_n50 n_train=50 ca_acc=1000 tf_acc=990 advantage_per_thousand=10
  V3_n150 n_train=150 ca_acc=1000 tf_acc=1000 advantage_per_thousand=0
  V4_n500 n_train=500 ca_acc=1000 tf_acc=1000 advantage_per_thousand=0
  V5_n1500 n_train=1500 ca_acc=1000 tf_acc=1000 advantage_per_thousand=0
--- convergence analysis ---
  Δadvantage(n=50 vs n=15) = 53 (threshold 5)
  Δadvantage(n=150 vs n=50) = 10 (threshold 5)
  Δadvantage(n=500 vs n=150) = 0 (threshold 5)
  Δadvantage(n=1500 vs n=500) = 0 (threshold 5)
--- aggregate ---
max_advantage_per_thousand=63 at n_train=15
min_advantage_per_thousand=0 at n_train=150
total_drift(n=1500 vs n=15) = -63 per_thousand
--- verdict ---
__LAW_64_CYCLE_4_T8I_RESULT__ CONVERGED_AT_N_TRAIN_500_advantage_63_per_thousand
--- comparison vs other Law 64 axes ---
grid axis (commit 95b43ddb): CONVERGED 40x40≈80x80 at +22% advantage / 32% density
density axis (commit 27e38a7a): CONVERGED peak at 32% density (10x10/20x20/40x40/80x80)
train-volume axis (this tool, T8i): see verdict above
raw_91_caveat=Mac local CPU execution per raw 42 — acceptable for axis sweep, no witness ledger needed
raw_91_caveat=Held-out test set fixed at trailing N_TEST=15 of 1515 step trajectory — comparable across ticks
raw_91_caveat=Conway is deterministic — Markov training pairs may saturate fast on a periodic orbit; long N_TRAIN may visit identical pairs repeatedly (no new info beyond cycle period)
raw_91_caveat=Order-1 Markov per-cell bigram has fixed 4-count capacity — saturation is mathematically guaranteed (this experiment measures WHEN, not IF)
hexa run tool/anima_law64_conway_train_volume_sweep.hexa --run  0.37s user 0.20s system 12% cpu 4.517 total
