  🧠 ConsciousLM v2 — Laws 63-76 integrated
  Corpus: 2,000,000 bytes (/tmp/corpus_tiny.txt)
  Entropy: 5.7375 bits/byte

======================================================================
  ConsciousLM v2 Training — 1,105,296 params
  dim=128, layers=2, heads=2
  CA rules=8, gate=0.001
  steps=30, batch=2, block=128
  device=cpu, lr=0.0003, resume_from=0
  checkpoints → checkpoints/clm_v2
======================================================================
  Step    CE_A    CE_G   T_var   Total   ValCE     BPC  Ψ_res     Gate   H(p)    ms
------------------------------------------------------------------------------------------
  LiveTuner: watching for tune.json (change params without restart)
     1  5.5154  5.5862  13.253 11.2341  5.5032  7.9394 0.5161 0.001000 0.9993 E=0.994 D=0.477 T=0.996   307

  ✅ Training complete: 30 steps, 6s
  Best val CE: 5.5032 (BPC: 7.9394)
  Final Ψ: {'psi_residual': 0.6589968079437565, 'psi_entropy': 0.9874750078929396, 'psi_direction': 0.695485559599218, 'psi_tension': 0.5015503801920267, 'psi_gate': 0.0009997000434959422, 'H_p': 0.9257754572527599, 'step': 30}
  Saved: checkpoints/clm_v2/final.pt
DONE
