__LAW_64_CYCLE_4_T8J_40x40_TRAIN_VOLUME_BEGIN__ coupling falsification @ 40x40 / 32% density
hypothesis H1 (coupling): advantage > 50/1000 at all ticks — Law 64 structural on 40x40
hypothesis H2 (uncoupled): advantage converges to 0 like 10x10 — Markov universal
seed=20260428 grid=40x40 density_k=512 (32%) N_TEST=15 conv_delta=5
--- train-volume sweep (N_TRAIN: 15 → 50 → 150 → 500 → 1500) ---
  V1_n15_baseline n_train=15 ca_acc=1000 tf_acc=935 advantage_per_thousand=69
  V2_n50 n_train=50 ca_acc=1000 tf_acc=971 advantage_per_thousand=29
  V3_n150 n_train=150 ca_acc=1000 tf_acc=977 advantage_per_thousand=23
  V4_n500 n_train=500 ca_acc=1000 tf_acc=979 advantage_per_thousand=21
  V5_n1500 n_train=1500 ca_acc=1000 tf_acc=996 advantage_per_thousand=4
--- convergence analysis ---
  Δadvantage(n=50 vs n=15) = 40 (threshold 5)
  Δadvantage(n=150 vs n=50) = 6 (threshold 5)
  Δadvantage(n=500 vs n=150) = 2 (threshold 5)
  Δadvantage(n=1500 vs n=500) = 17 (threshold 5)
--- aggregate ---
max_advantage_per_thousand=69 at n_train=15
min_advantage_per_thousand=4 at n_train=1500
total_drift(n=1500 vs n=15) = -65 per_thousand
--- H1 vs H2 hypothesis verdict ---
ticks_with_advantage_above_50_per_thousand=1_of_5
final_advantage_per_thousand=4
__LAW_64_CYCLE_4_T8J_RESULT__ AMBIGUOUS_partial_coupling_h1_ticks_1_of_5_final_4_per_thousand
--- convergence axis verdict (separate from H1/H2) ---
convergence_criterion_NOT_met_DIVERGENT_DECREASING_total_drift_-65_per_thousand
--- comparison vs predecessor T8i (10x10 same density / same ladder) ---
T8i 10x10/32% (commit 2e7c226f): advantage 63 → 10 → 0 → 0 → 0 → CONVERGED_TO_PARITY at n=500
T8j 40x40/32% (this run): see verdict above
T8g/T8h 40x40+80x80 / N_TRAIN=15 only (commit 95b43ddb): +22% asymptote — partial picture
raw_91_caveat=Mac local CPU per raw 42 — wallclock 5-15 min for 40x40 × 1515 steps is acceptable for axis sweep
raw_91_caveat=Held-out test set fixed at trailing N_TEST=15 of 1515-step trajectory — comparable across ticks AND vs T8i (same ladder)
raw_91_caveat=Conway is deterministic; 40x40 may also enter periodic orbit — period likely much longer than 10x10. If H2_SUPPORTED, the orbit period < 1500 steps — surprising but possible
raw_91_caveat=Order-1 Markov per-cell bigram has fixed 4-count capacity per cell × 1600 cells = 6400 counts vs 10x10's 400 — capacity scales linearly with grid; advantage scaling tests STRUCTURAL claim
raw_91_caveat=Per-cell independence assumption in Markov is the structural blind spot — order-1 cannot represent neighbor coupling, which IS the Conway rule. If H1 holds, this blind spot is what 'Law 64 v3 → v4' captures structurally on 40x40 but is washed out on 10x10 by orbit periodicity.
raw_91_caveat=Single seed (20260428). H1 confirmation under one seed is suggestive, not conclusive — multi-seed sweep is forward step C5_T8k.
