__LAW_64_CYCLE_4_T9A_PROB_CONWAY_BEGIN__ Conway+noise(p=0.05) — first stochastic test
hypothesis: does Markov alignment extend beyond deterministic CA scope?
seed=20260428 noise_seed=28204205 grid=10x10 k_live=32 p_flip=50/1000 ceiling=950/1000
N_STEPS sweep: 50, 200, 1000, 5000  (train = N_STEPS/2, test = N_STEPS/2)
N=50 ca_acc=948 mk_acc=938 adv_per_1000=10 ctx_coverage=458/512 gap_to_ceiling_ca=2 gap_to_ceiling_mk=12
N=200 ca_acc=946 mk_acc=946 adv_per_1000=0 ctx_coverage=509/512 gap_to_ceiling_ca=4 gap_to_ceiling_mk=4
N=1000 ca_acc=948 mk_acc=948 adv_per_1000=0 ctx_coverage=512/512 gap_to_ceiling_ca=2 gap_to_ceiling_mk=2
N=5000 ca_acc=949 mk_acc=949 adv_per_1000=0 ctx_coverage=512/512 gap_to_ceiling_ca=1 gap_to_ceiling_mk=1
--- summary table (absolute accuracies vs noisy ground truth) ---
  N=50    ca=948 mk=938 adv=10
  N=200   ca=946 mk=946 adv=0
  N=1000  ca=948 mk=948 adv=0
  N=5000  ca=949 mk=949 adv=0
  noise_ceiling=950/1000
--- verdict ---
  verdict=H1_SUPPORTED_alignment_EXTENDS_both_saturate_to_noise_ceiling
  law_64_direction=LAW_64_v7_CANDIDATE_extend_to_stochastic_substrates_with_noise_ceiling
__LAW_64_CYCLE_4_T9A_RESULT__ H1_SUPPORTED_alignment_EXTENDS_both_saturate_to_noise_ceiling
raw_91_C1_falsifiable=YES_pre_registered_thresholds_5_50_per_thousand_at_N5000_AND_ca_floor_940
raw_91_C2_replicable=YES_substrate_seed_20260428_noise_seed_28204205_both_RNGs_reset_per_N
raw_91_C3_no_p_hacking=YES_thresholds_N_values_p_flip_frozen_in_header_before_run
raw_91_C4_data_caveats=10x10_32pct_density_random_init_toroidal_p_flip_5pct_iid_NOT_correlated_noise
raw_91_C5_negative_result_published=YES_emit_regardless_of_outcome
raw_91_honesty_absolute_acc_ca_at_N5000=949_per_1000
raw_91_honesty_absolute_acc_mk_at_N5000=949_per_1000
raw_91_honesty_advantage_ca_minus_mk_per_1000_at_N5000=0
