__LAW_64_CYCLE_4_T10C_ENGLISH_NL_BEGIN__ real-data NL alignment test
hypothesis H1 (alignment universal real-data): |adv_o5_n800|<50 AND adv_o1_n800>=80 — v8 holds on real NL
hypothesis H2 (NL breaks v8): adv_o5_n800>=50 — NL has non-finite-context structure
hypothesis H3 (data-limited): 10<=|adv_o5_n800|<50 — partial closure, ~1k corpus too small
seed=20260428 alphabet=28 corpus=Pride_and_Prejudice_opening
raw_corpus_len=1060 normalized_chars=1045
freq_e=95 freq_t=81 freq_a=64 freq_space=206 freq_period=15
test_start=836 test_end=1045 train_chars_avail=836 test_chars=209
training oracle proxy (order-7 on full corpus, peeks at test region by design)...
oracle_proxy_observed_ctx=980 (max=1038)
--- order=1 (P(next | char-1), 28 max-ctx) ---
  order=1 n_train=200 observed_ctx=24 oracle_acc=990 markov_acc=248 advantage_per_thousand=742
  order=1 n_train=500 observed_ctx=25 oracle_acc=990 markov_acc=272 advantage_per_thousand=718
  order=1 n_train=800 observed_ctx=26 oracle_acc=990 markov_acc=258 advantage_per_thousand=732
--- order=3 (P(next | char-3..char-1), 21952 max-ctx, sparse) ---
  order=3 n_train=200 observed_ctx=169 oracle_acc=990 markov_acc=196 advantage_per_thousand=794
  order=3 n_train=500 observed_ctx=351 oracle_acc=990 markov_acc=244 advantage_per_thousand=746
  order=3 n_train=800 observed_ctx=488 oracle_acc=990 markov_acc=301 advantage_per_thousand=689
--- order=5 (P(next | 5-char window), 17M max-ctx, sparse) ---
  order=5 n_train=200 observed_ctx=192 oracle_acc=990 markov_acc=119 advantage_per_thousand=871
  order=5 n_train=500 observed_ctx=457 oracle_acc=990 markov_acc=138 advantage_per_thousand=852
  order=5 n_train=800 observed_ctx=706 oracle_acc=990 markov_acc=157 advantage_per_thousand=833
--- aggregate (advantage_per_thousand at key anchors) ---
adv_o1: n200=742 n500=718 n800=732
adv_o3: n200=794 n500=746 n800=689
adv_o5: n200=871 n500=852 n800=833
--- verdict ---
verdict=H2_SUPPORTED_NL_breaks_v8_non_finite_context_structure_present_in_real_NL
law_64_direction=LAW_64_v8_SUBSTRATE_LIMITED_holds_on_finite_context_synthetic_substrates_but_real_NL_has_unbounded_context
o5_closure_check_abs_adv_o5_n800=833_threshold_<50_for_H1
__LAW_64_CYCLE_4_T10C_RESULT__ H2_SUPPORTED_NL_breaks_v8_non_finite_context_structure_present_in_real_NL
raw_91_C1_falsifiable=YES_pre_registered_thresholds_50_and_80_at_order5_n800_and_order1_n800_frozen
raw_91_C2_replicable=YES_seed_20260428_corpus_embedded_inline_pride_prejudice_opening_28symbol_normalization
raw_91_C3_no_p_hacking=YES_thresholds_orders_anchors_split_frozen_in_header_before_run
raw_91_C4_data_caveats=1100char_corpus_single_genre_19th_century_prose_28symbol_normalization_train80_test20_no_shuffle
raw_91_C5_negative_result_published=YES_emit_regardless_of_outcome_per_raw_71
raw_91_caveat=oracle_proxy_is_order7_trained_on_FULL_corpus_NOT_true_ground_truth_NL_has_no_closed_form_rule_proxy_has_structural_advantage_via_test_region_peek
raw_91_caveat=order5_over_28_alphabet_has_17M_possible_contexts_observed_at_most_~800_severe_sparsity_unseen_ctx_falls_back_to_e_prediction
raw_91_caveat=NL_is_stochastic_same_context_can_have_multiple_valid_continuations_so_perfect_acc_is_impossible_shannon_floor_~70_85_percent_on_char_level_english
raw_91_caveat=if_adv_o5_negative_means_o5_BEATS_o7_proxy_likely_due_to_proxy_overfit_or_o7_data_starvation_at_smaller_train_sizes
