__LAW_64_T10E_SYNTH_NL_BEGIN__ T10c-fix synthetic NL-flavored v8 test
alphabet=10 seq_len=12000 seed=20260428
ground_truth = order-3 deterministic non-linear (c0 + 3c1 + 7c2 + c1*c2/A) mod A
oracle: acc_per_1000=1000 total=11997
--- N_TRAIN=50 ---
  order=1 mk_acc=100 test_n=11950 advantage_per_thousand=900
  order=2 mk_acc=147 test_n=11950 advantage_per_thousand=853
  order=3 mk_acc=199 test_n=11950 advantage_per_thousand=801
  order=5 mk_acc=195 test_n=11950 advantage_per_thousand=805
--- N_TRAIN=150 ---
  order=1 mk_acc=118 test_n=11850 advantage_per_thousand=882
  order=2 mk_acc=172 test_n=11850 advantage_per_thousand=828
  order=3 mk_acc=369 test_n=11850 advantage_per_thousand=631
  order=5 mk_acc=365 test_n=11850 advantage_per_thousand=635
--- N_TRAIN=500 ---
  order=1 mk_acc=148 test_n=11500 advantage_per_thousand=852
  order=2 mk_acc=194 test_n=11500 advantage_per_thousand=806
  order=3 mk_acc=976 test_n=11500 advantage_per_thousand=24
  order=5 mk_acc=972 test_n=11500 advantage_per_thousand=28
--- N_TRAIN=1500 ---
  order=1 mk_acc=147 test_n=10500 advantage_per_thousand=853
  order=2 mk_acc=193 test_n=10500 advantage_per_thousand=807
  order=3 mk_acc=1000 test_n=10500 advantage_per_thousand=0
  order=5 mk_acc=1000 test_n=10500 advantage_per_thousand=0
--- N_TRAIN=5000 ---
  order=1 mk_acc=149 test_n=7000 advantage_per_thousand=851
  order=2 mk_acc=192 test_n=7000 advantage_per_thousand=808
  order=3 mk_acc=1000 test_n=7000 advantage_per_thousand=0
  order=5 mk_acc=1000 test_n=7000 advantage_per_thousand=0
--- N_TRAIN=10000 ---
  order=1 mk_acc=152 test_n=2000 advantage_per_thousand=848
  order=2 mk_acc=189 test_n=2000 advantage_per_thousand=811
  order=3 mk_acc=1000 test_n=2000 advantage_per_thousand=0
  order=5 mk_acc=1000 test_n=2000 advantage_per_thousand=0
---
__LAW_64_T10E_SYNTH_NL_RESULT__ COMPLETE — see per-order×per-N table for verdict
raw_91_caveat=oracle is closed-form rule (no peek-at-test); synthetic substrate addresses T10c caveats (a)+(b)
raw_91_caveat=ground_truth is order-3, so order-3 should saturate at N where context coverage > ~10x cardinality (~10x1000=10000)
raw_91_caveat=SEQ_LEN=12000 limits N_TRAIN < 256 — sparsity STILL a factor; SEQ_LEN extension is forward step
