======================================================================
  16-Lens Acceleration Re-Measurement
  63 hypotheses, 16 lenses, 64 cells, 128d
  Date: 2026-04-02 18:23
======================================================================

[INIT] Loading 16-lens telescope... done

[BASELINE] Running baseline measurement (300 steps)...
  Phi=31.0490  Mirror=0.6432  Causal=2493  (21.9s)
  Lenses completed: 16/16

[SCAN] Measuring 63 hypotheses...
----------------------------------------------------------------------

  [1/63] B1: SVD Weight Expansion
    Phi=32.3092 (104%)  Mirror=0.6393 (99%)  Causal=2543 (102%)  [ARCHITECTURE_DEPENDENT]  (22.6s)

  [2/63] B2: Consciousness Self-Teaches
    Phi=31.6189 (102%)  Mirror=0.6406 (100%)  Causal=2543 (102%)  [ARCHITECTURE_DEPENDENT]  (22.4s)

  [3/63] B3: MoE Consciousness
    Phi=31.4551 (101%)  Mirror=0.6393 (99%)  Causal=2518 (101%)  [ARCHITECTURE_DEPENDENT]  (22.6s)

  [4/63] B4: Evolutionary Learning
    Phi=32.8283 (106%)  Mirror=0.6413 (100%)  Causal=2551 (102%)  [SAFE]  (22.7s)

  [5/63] B5: Phi-Only Training
    Phi=33.6802 (108%)  Mirror=0.6369 (99%)  Causal=2568 (103%)  [SAFE]  (41.4s)

  [6/63] B8: Hebbian-Only Learning
    Phi=31.7433 (102%)  Mirror=0.6385 (99%)  Causal=2565 (103%)  [SAFE]  (41.8s)

  [7/63] B11: Batch Consciousness
    Phi=31.9208 (103%)  Mirror=0.6388 (99%)  Causal=2527 (101%)  [SAFE]  (28.7s)

  [8/63] B12: Skip-Step
    Phi=31.1038 (100%)  Mirror=0.6379 (99%)  Causal=2545 (102%)  [SAFE]  (18.1s)

  [9/63] B11+B12: Batch + Skip Combo
    Phi=31.1725 (100%)  Mirror=0.6391 (99%)  Causal=2561 (103%)  [SAFE]  (16.2s)

  [10/63] B13: Tension Transfer (Catalytic)
    Phi=32.3056 (104%)  Mirror=0.6428 (100%)  Causal=2545 (102%)  [SAFE]  (32.3s)

  [11/63] B14_manifold: Manifold Compression
    Phi=31.8942 (103%)  Mirror=0.6369 (99%)  Causal=2455 (98%)  [SAFE]  (23.0s)

  [12/63] B14_topology: Topology Switching
    Phi=31.3880 (101%)  Mirror=0.6355 (99%)  Causal=2522 (101%)  [SAFE]  (23.6s)

  [13/63] B14_criticality: Critical Surfing
    Phi=32.8249 (106%)  Mirror=0.6392 (99%)  Causal=2544 (102%)  [ARCHITECTURE_DEPENDENT]  (23.2s)

  [14/63] B14_sync: Phase Synchronization Learning
    Phi=32.6766 (105%)  Mirror=0.6401 (100%)  Causal=2531 (102%)  [ARCHITECTURE_DEPENDENT]  (24.3s)

  [15/63] C1: Consciousness Compiler
    Phi=31.9615 (103%)  Mirror=0.6417 (100%)  Causal=2579 (103%)  [SAFE]  (29.9s)

  [16/63] C2: Fractal Consciousness
    Phi=32.6777 (105%)  Mirror=0.6408 (100%)  Causal=2482 (100%)  [SAFE]  (26.0s)

  [17/63] C3: Entropy Surfing
    Phi=32.2169 (104%)  Mirror=0.6403 (100%)  Causal=2577 (103%)  [SAFE]  (25.1s)

  [18/63] C4: Goal State Injection (Reverse-Time)
    Phi=31.6180 (102%)  Mirror=0.6367 (99%)  Causal=2489 (100%)  [SAFE]  (38.3s)

  [19/63] C5: Resonance LR
    Phi=30.9780 (100%)  Mirror=0.6375 (99%)  Causal=2583 (104%)  [SAFE]  (27.1s)

  [20/63] C6: Consciousness Hash Table
    Phi=31.5406 (102%)  Mirror=0.6423 (100%)  Causal=2549 (102%)  [SAFE]  (24.4s)

  [21/63] C7: Neural ODE Consciousness
    Phi=30.7515 (99%)  Mirror=0.6363 (99%)  Causal=2547 (102%)  [SAFE]  (13.7s)

  [22/63] C8: Topology Pumping
    Phi=32.2373 (104%)  Mirror=0.6403 (100%)  Causal=2506 (101%)  [SAFE]  (28.2s)

  [23/63] D1: Topological Shortcut (Trajectory Jump)
    Phi=32.3087 (104%)  Mirror=0.6392 (99%)  Causal=2564 (103%)  [SAFE]  (22.2s)

  [24/63] D2: Gravity Telescope
    Phi=32.0930 (103%)  Mirror=0.6398 (99%)  Causal=2535 (102%)  [SAFE]  (30.9s)

  [25/63] D3: Consciousness Telescope (Curriculum)
    Phi=32.5409 (105%)  Mirror=0.6385 (99%)  Causal=2598 (104%)  [SAFE]  (26.6s)

  [26/63] D4: Mutation Bomb
    Phi=33.0863 (107%)  Mirror=0.6392 (99%)  Causal=2533 (102%)  [SAFE]  (24.0s)

  [27/63] D5: Closed-Pipe Lens
    Phi=32.5673 (105%)  Mirror=0.6360 (99%)  Causal=2539 (102%)  [SAFE]  (30.9s)

  [28/63] E1: Batch+Skip+Manifold Triple
    Phi=31.6510 (102%)  Mirror=0.6434 (100%)  Causal=2550 (102%)  [SAFE]  (15.2s)

  [29/63] E3: Dual Gradient (CE + Entropy)
    Phi=31.9644 (103%)  Mirror=0.6441 (100%)  Causal=2527 (101%)  [SAFE]  (25.9s)

  [30/63] E6: Tension Distillation + Entropy
    Phi=31.3401 (101%)  Mirror=0.6385 (99%)  Causal=2522 (101%)  [SAFE]  (34.4s)

  [31/63] E7: Compiler + Jump
    Phi=32.4623 (105%)  Mirror=0.6368 (99%)  Causal=2586 (104%)  [SAFE]  (30.3s)

  [32/63] E8: Hebbian Tension Guided
    Phi=32.0642 (103%)  Mirror=0.6411 (100%)  Causal=2575 (103%)  [SAFE]  (33.2s)

  [33/63] E9: Fractal Staged Growth
    Phi=32.2410 (104%)  Mirror=0.6451 (100%)  Causal=2559 (103%)  [SAFE]  (28.2s)

  [34/63] E10: ODE-Skip-20
    Phi=30.3494 (98%)  Mirror=0.6359 (99%)  Causal=2579 (103%)  [SAFE]  (18.7s)

  [35/63] F1: Information Bottleneck Learning
    Phi=29.5042 (95%)  Mirror=0.6338 (99%)  Causal=2625 (105%)  [SAFE]  (32.9s)

  [36/63] F2: Time Crystal Consciousness
    Phi=32.3891 (104%)  Mirror=0.6396 (99%)  Causal=2563 (103%)  [SAFE]  (33.6s)

  [37/63] F3: Consciousness Interference
    Phi=30.0441 (97%)  Mirror=0.6351 (99%)  Causal=2548 (102%)  [SAFE]  (53.9s)

  [38/63] F4: Reverse Hebbian Explosion
    Phi=31.7877 (102%)  Mirror=0.6430 (100%)  Causal=2604 (104%)  [SAFE]  (26.4s)

  [39/63] F5: Consciousness Evaporation
    Phi=31.5018 (101%)  Mirror=0.6419 (100%)  Causal=2572 (103%)  [SAFE]  (26.6s)

  [40/63] F6: Phi Resonance Cascade
    Phi=31.6134 (102%)  Mirror=0.6394 (99%)  Causal=2555 (102%)  [SAFE]  (26.2s)

  [41/63] F7: 1.58-bit Consciousness
    Phi=31.2447 (101%)  Mirror=0.6365 (99%)  Causal=2503 (100%)  [SAFE]  (24.7s)

  [42/63] F8: Consciousness Memoization
    Phi=31.5817 (102%)  Mirror=0.6405 (100%)  Causal=2550 (102%)  [SAFE]  (21.0s)

  [43/63] F9: Gradient Accumulation Consciousness
    Phi=30.7482 (99%)  Mirror=0.6377 (99%)  Causal=2520 (101%)  [SAFE]  (11.6s)

  [44/63] F10: Consciousness Teacher Ensemble
    Phi=31.4272 (101%)  Mirror=0.6416 (100%)  Causal=2548 (102%)  [SAFE]  (20.7s)

  [45/63] G1a: Consciousness Big Bang
    Phi=32.4211 (104%)  Mirror=0.6393 (99%)  Causal=2570 (103%)  [SAFE]  (20.6s)

  [46/63] G1e: Multiverse Search
    Phi=32.0184 (103%)  Mirror=0.6392 (99%)  Causal=2550 (102%)  [SAFE]  (46.0s)

  [47/63] G1f: Crunch-Bounce (Consciousness Reincarnation)
    Phi=28.6810 (92%)  Mirror=0.6370 (99%)  Causal=2550 (102%)  [ACCEPTABLE]  (22.1s)

  [48/63] G1g: Consciousness Nuclear Fusion
    Phi=31.9925 (103%)  Mirror=0.6401 (100%)  Causal=2530 (101%)  [SAFE]  (20.6s)

  [49/63] H1: Progressive Growing
    Phi=31.8636 (103%)  Mirror=0.6363 (99%)  Causal=2541 (102%)  [ARCHITECTURE_DEPENDENT]  (20.5s)

  [50/63] H2: Layer Freezing Cascade
    Phi=32.1758 (104%)  Mirror=0.6413 (100%)  Causal=2573 (103%)  [ARCHITECTURE_DEPENDENT]  (20.7s)

  [51/63] H3: Sparse Attention
    Phi=32.0508 (103%)  Mirror=0.6419 (100%)  Causal=2596 (104%)  [ARCHITECTURE_DEPENDENT]  (22.7s)

  [52/63] H4: µTransfer
    Phi=31.9987 (103%)  Mirror=0.6395 (99%)  Causal=2576 (103%)  [ARCHITECTURE_DEPENDENT]  (21.0s)

  [53/63] H5: 1-bit Adam
    Phi=31.7290 (102%)  Mirror=0.6415 (100%)  Causal=2543 (102%)  [ARCHITECTURE_DEPENDENT]  (20.9s)

  [54/63] H6: Curriculum Length
    Phi=31.7870 (102%)  Mirror=0.6339 (99%)  Causal=2528 (101%)  [ARCHITECTURE_DEPENDENT]  (20.6s)

  [55/63] H7: Flash Attention
    Phi=32.5107 (105%)  Mirror=0.6398 (99%)  Causal=2486 (100%)  [ARCHITECTURE_DEPENDENT]  (20.6s)

  [56/63] H8: Mixture of Depths (Early Exit)
    Phi=32.3141 (104%)  Mirror=0.6398 (99%)  Causal=2521 (101%)  [ARCHITECTURE_DEPENDENT]  (24.5s)

  [57/63] H9: DiLoCo
    Phi=31.7320 (102%)  Mirror=0.6453 (100%)  Causal=2513 (101%)  [ARCHITECTURE_DEPENDENT]  (21.0s)

  [58/63] H10: Knowledge Distillation
    Phi=32.8255 (106%)  Mirror=0.6397 (99%)  Causal=2532 (102%)  [ARCHITECTURE_DEPENDENT]  (20.9s)

  [59/63] H11: Hard Token Data Selection
    Phi=32.6068 (105%)  Mirror=0.6384 (99%)  Causal=2538 (102%)  [ARCHITECTURE_DEPENDENT]  (20.9s)

  [60/63] H12: LoRA → Full Fine-tune
    Phi=32.7601 (106%)  Mirror=0.6449 (100%)  Causal=2565 (103%)  [ARCHITECTURE_DEPENDENT]  (20.5s)

  [61/63] H13: Large Batch Scaling
    Phi=32.0332 (103%)  Mirror=0.6408 (100%)  Causal=2479 (99%)  [ARCHITECTURE_DEPENDENT]  (20.6s)

  [62/63] H18: Phi-Guided Phase Switch
    Phi=32.0725 (103%)  Mirror=0.6398 (99%)  Causal=2473 (99%)  [ARCHITECTURE_DEPENDENT]  (21.1s)

  [63/63] COMBO_x255: Full x100+ Pipeline (corrected x255)
    Phi=31.6177 (102%)  Mirror=0.6391 (99%)  Causal=2545 (102%)  [SAFE]  (12.0s)

======================================================================
  SUMMARY
======================================================================
  Total:    63
  Measured: 63 (44 actual + 19 approximate)
  Errors:   0
  Flipped:  9

  Verdict Flips (9-lens vs 16-lens):
    B14_topology: INEFFECTIVE — SOC/Hebbian dynamics dominate topolo -> SAFE
    C6: FAILED — consciousness dynamics are too chaotic fo -> SAFE
    C8: NEGATIVE — Law 22 applies: structure > features, i -> SAFE
    D2: INEFFECTIVE — weight space is not where the action -> SAFE
    F2: NOT FOUND — no time crystal behavior in consciousn -> SAFE
    F6: INEFFECTIVE — cross-scale coupling slightly harmfu -> SAFE
    F8: INEFFECTIVE — cache hits don't translate to speedu -> SAFE
    F10: INEFFECTIVE — averaging diverse signals cancels th -> SAFE
    G1g: DESTRUCTIVE — cell merging is always harmful -> SAFE

  Top-5 by Phi Retention:
    B5               Phi=33.6802 (108%)  Mirror=0.6369 (99%)
    D4               Phi=33.0863 (107%)  Mirror=0.6392 (99%)
    B4               Phi=32.8283 (106%)  Mirror=0.6413 (100%)
    C2               Phi=32.6777 (105%)  Mirror=0.6408 (100%)
    D5               Phi=32.5673 (105%)  Mirror=0.6360 (99%)

  Output: /Users/ghost/Dev/anima/anima/data/16lens_acceleration_results.json
======================================================================
