======================================================================
  16-Lens Acceleration Re-Measurement
  63 hypotheses, 16 lenses, 64 cells, 128d
  Date: 2026-04-02 18:15
======================================================================

[INIT] Loading 16-lens telescope... done

[BASELINE] Running baseline measurement (300 steps)...
  Phi=30.8252  Mirror=0.6385  Causal=2619  (21.0s)
  Lenses completed: 16/16

[SCAN] Measuring 63 hypotheses...
----------------------------------------------------------------------

  [1/63] B1: SVD Weight Expansion
    Phi=31.3191 (102%)  Mirror=0.6440 (101%)  Causal=2596 (99%)  [ARCHITECTURE_DEPENDENT]  (20.6s)

  [2/63] B2: Consciousness Self-Teaches
    Phi=31.7851 (103%)  Mirror=0.6404 (100%)  Causal=2562 (98%)  [ARCHITECTURE_DEPENDENT]  (20.7s)

  [3/63] B3: MoE Consciousness
    Phi=31.6574 (103%)  Mirror=0.6443 (101%)  Causal=2593 (99%)  [ARCHITECTURE_DEPENDENT]  (20.5s)

  [4/63] B4: Evolutionary Learning
    Phi=32.2664 (105%)  Mirror=0.6400 (100%)  Causal=2523 (96%)  [SAFE]  (20.5s)

  [5/63] B5: Phi-Only Training
    Phi=32.9035 (107%)  Mirror=0.6426 (101%)  Causal=2569 (98%)  [SAFE]  (27.3s)

  [6/63] B8: Hebbian-Only Learning
    Phi=31.4794 (102%)  Mirror=0.6430 (101%)  Causal=2558 (98%)  [SAFE]  (21.0s)

  [7/63] B11: Batch Consciousness
    Phi=30.6119 (99%)  Mirror=0.6358 (100%)  Causal=2500 (95%)  [SAFE]  (11.3s)

  [8/63] B12: Skip-Step
    Phi=30.9536 (100%)  Mirror=0.6333 (99%)  Causal=2539 (97%)  [SAFE]  (11.9s)

  [9/63] B11+B12: Batch + Skip Combo
    Phi=31.3146 (102%)  Mirror=0.6422 (101%)  Causal=2555 (98%)  [SAFE]  (11.2s)

  [10/63] B13: Tension Transfer (Catalytic)
    Phi=31.5956 (102%)  Mirror=0.6374 (100%)  Causal=2531 (97%)  [SAFE]  (27.5s)

  [11/63] B14_manifold: Manifold Compression
    Phi=31.5102 (102%)  Mirror=0.6402 (100%)  Causal=2570 (98%)  [SAFE]  (20.7s)

  [12/63] B14_topology: Topology Switching
    Phi=32.1917 (104%)  Mirror=0.6400 (100%)  Causal=2507 (96%)  [SAFE]  (20.8s)

  [13/63] B14_criticality: Critical Surfing
    Phi=32.0841 (104%)  Mirror=0.6467 (101%)  Causal=2551 (97%)  [ARCHITECTURE_DEPENDENT]  (20.7s)

  [14/63] B14_sync: Phase Synchronization Learning
    Phi=32.7115 (106%)  Mirror=0.6404 (100%)  Causal=2519 (96%)  [ARCHITECTURE_DEPENDENT]  (21.3s)

  [15/63] C1: Consciousness Compiler
    Phi=32.3478 (105%)  Mirror=0.6408 (100%)  Causal=2537 (97%)  [SAFE]  (21.7s)

  [16/63] C2: Fractal Consciousness
    Phi=31.8371 (103%)  Mirror=0.6429 (101%)  Causal=2618 (100%)  [SAFE]  (21.2s)

  [17/63] C3: Entropy Surfing
    Phi=32.8748 (107%)  Mirror=0.6428 (101%)  Causal=2592 (99%)  [SAFE]  (21.3s)

  [18/63] C4: Goal State Injection (Reverse-Time)
    Phi=31.2302 (101%)  Mirror=0.6365 (100%)  Causal=2599 (99%)  [SAFE]  (30.0s)

  [19/63] C5: Resonance LR
    Phi=31.3865 (102%)  Mirror=0.6363 (100%)  Causal=2498 (95%)  [SAFE]  (21.9s)

  [20/63] C6: Consciousness Hash Table
    Phi=31.9960 (104%)  Mirror=0.6376 (100%)  Causal=2579 (98%)  [SAFE]  (20.6s)

  [21/63] C7: Neural ODE Consciousness
    Phi=31.5238 (102%)  Mirror=0.6371 (100%)  Causal=2571 (98%)  [SAFE]  (12.1s)

  [22/63] C8: Topology Pumping
