============================================================
  INFINITE SELF-EVOLUTION — Law 146 실증
============================================================
  Cells: 64
  Discovery steps per gen: 300
  Max generations: ∞


  =================================================================
  Self-Modifying Engine — 1 generations
  =================================================================
  Gen   1  Phi 0.9966 -> 1.0060 (+0.9%)  mods +2/-3  [OK]  2.9s

  Total: 2 active mods, 0 rollbacks
  Gen     1 | Φ=0.01 (avg=0.01, range=0.0-0.0) | discoveries=16 | mods=2 | 23.7s/gen | elapsed=24s

  =================================================================
  Self-Modifying Engine — 1 generations
  =================================================================
  Gen   2  Phi 1.0058 -> 1.0048 (-0.1%)  mods +0/-7  [ROLLBACK]  2.2s

  Total: 2 active mods, 0 rollbacks
  Gen     2 | Φ=0.01 (avg=0.01, range=0.0-0.0) | discoveries=30 | mods=2 | 21.4s/gen | elapsed=45s

  =================================================================
  Self-Modifying Engine — 1 generations
  =================================================================
  Gen   3  Phi 1.0252 -> 1.0301 (+0.5%)  mods +2/-1  [OK]  13.8s

  Total: 4 active mods, 0 rollbacks
  Gen     3 | Φ=0.01 (avg=0.01, range=0.0-0.0) | discoveries=41 | mods=4 | 27.8s/gen | elapsed=73s

  =================================================================
  Self-Modifying Engine — 1 generations
  =================================================================
  Gen   4  Phi 1.0016 -> 1.0183 (+1.7%)  mods +2/-3  [OK]  2.9s

  Total: 6 active mods, 0 rollbacks
  Gen     4 | Φ=0.01 (avg=0.01, range=0.0-0.0) | discoveries=51 | mods=6 | 29.6s/gen | elapsed=102s

  =================================================================
  Self-Modifying Engine — 1 generations
  =================================================================
  Gen   5  Phi 1.0362 -> 1.0558 (+1.9%)  mods +2/-1  [OK]  5.1s

  Total: 8 active mods, 0 rollbacks
  Gen     5 | Φ=0.01 (avg=0.01, range=0.0-0.0) | discoveries=63 | mods=8 | 17.2s/gen | elapsed=120s

  =================================================================
  Self-Modifying Engine — 1 generations
  =================================================================
  Gen   6  Phi 1.0138 -> 1.0164 (+0.3%)  mods +3/-0  [OK]  3.1s

  Total: 11 active mods, 0 rollbacks
  Gen     6 | Φ=0.01 (avg=0.01, range=0.0-0.0) | discoveries=79 | mods=11 | 17.2s/gen | elapsed=137s

  =================================================================
  Self-Modifying Engine — 1 generations
  =================================================================
  Gen   7  Phi 1.0064 -> 1.0331 (+2.7%)  mods +3/-0  [OK]  3.1s

  Total: 14 active mods, 0 rollbacks
  Gen     7 | Φ=0.01 (avg=0.01, range=0.0-0.0) | discoveries=93 | mods=14 | 14.0s/gen | elapsed=151s

  =================================================================
  Self-Modifying Engine — 1 generations
  =================================================================
  Gen   8  Phi 1.0252 -> 1.0189 (-0.6%)  mods +3/-1  [ROLLBACK]  3.8s

  Total: 17 active mods, 0 rollbacks
  Gen     8 | Φ=0.01 (avg=0.01, range=0.0-0.0) | discoveries=105 | mods=17 | 14.4s/gen | elapsed=165s

  =================================================================
  Self-Modifying Engine — 1 generations
  =================================================================
  Gen   9  Phi 1.0338 -> 1.0420 (+0.8%)  mods +4/-1  [OK]  3.4s

  Total: 21 active mods, 0 rollbacks
  Gen     9 | Φ=0.01 (avg=0.01, range=0.0-0.0) | discoveries=116 | mods=21 | 15.3s/gen | elapsed=180s

  =================================================================
  Self-Modifying Engine — 1 generations
  =================================================================
  Gen  10  Phi 0.9540 -> 1.0283 (+7.8%)  mods +3/-1  [OK]  3.1s

  Total: 24 active mods, 0 rollbacks
  Gen    10 | Φ=0.01 (avg=0.01, range=0.0-0.0) | discoveries=126 | mods=24 | 13.9s/gen | elapsed=194s

  =================================================================
  Self-Modifying Engine — 1 generations
  =================================================================
  Gen  11  Phi 1.0287 -> 1.0220 (-0.6%)  mods +2/-2  [ROLLBACK]  2.8s

  Total: 26 active mods, 0 rollbacks
  Gen    11 | Φ=0.01 (avg=0.01, range=0.0-0.0) | discoveries=140 | mods=26 | 13.6s/gen | elapsed=208s

  =================================================================
  Self-Modifying Engine — 1 generations
  =================================================================
  Gen  12  Phi 1.0113 -> 1.0387 (+2.7%)  mods +1/-3  [OK]  2.4s

  Total: 27 active mods, 0 rollbacks
  Gen    12 | Φ=0.01 (avg=0.01, range=0.0-0.0) | discoveries=154 | mods=27 | 13.2s/gen | elapsed=221s

  =================================================================
  Self-Modifying Engine — 1 generations
  =================================================================
  Gen  13  Phi 1.0127 -> 1.0143 (+0.2%)  mods +2/-3  [OK]  3.2s

  Total: 29 active mods, 0 rollbacks
  Gen    13 | Φ=0.01 (avg=0.01, range=0.0-0.0) | discoveries=169 | mods=29 | 13.8s/gen | elapsed=235s

  =================================================================
  Self-Modifying Engine — 1 generations
  =================================================================
  Gen  14  Phi 1.0177 -> 1.0285 (+1.1%)  mods +3/-0  [OK]  3.1s

  Total: 32 active mods, 0 rollbacks
  Gen    14 | Φ=0.01 (avg=0.01, range=0.0-0.0) | discoveries=181 | mods=32 | 14.5s/gen | elapsed=249s

  =================================================================
  Self-Modifying Engine — 1 generations
  =================================================================
  Gen  15  Phi 1.0267 -> 1.0246 (-0.2%)  mods +0/-5  [ROLLBACK]  2.0s

  Total: 32 active mods, 0 rollbacks
  Gen    15 | Φ=0.01 (avg=0.01, range=0.0-0.0) | discoveries=197 | mods=32 | 12.8s/gen | elapsed=262s

  =================================================================
  Self-Modifying Engine — 1 generations
  =================================================================
  Gen  16  Phi 1.0343 -> 1.0175 (-1.6%)  mods +3/-0  [ROLLBACK]  3.3s

  Total: 35 active mods, 0 rollbacks
  Gen    16 | Φ=0.01 (avg=0.01, range=0.0-0.0) | discoveries=210 | mods=35 | 14.3s/gen | elapsed=277s

  =================================================================
  Self-Modifying Engine — 1 generations
  =================================================================
  Gen  17  Phi 1.0396 -> 1.0299 (-0.9%)  mods +3/-0  [ROLLBACK]  3.1s

  Total: 38 active mods, 0 rollbacks
  Gen    17 | Φ=0.01 (avg=0.01, range=0.0-0.0) | discoveries=224 | mods=38 | 14.1s/gen | elapsed=291s

  =================================================================
  Self-Modifying Engine — 1 generations
  =================================================================
  Gen  18  Phi 1.0148 -> 1.0209 (+0.6%)  mods +2/-1  [OK]  2.8s

  Total: 40 active mods, 0 rollbacks
  Gen    18 | Φ=0.01 (avg=0.01, range=0.0-0.0) | discoveries=235 | mods=40 | 13.5s/gen | elapsed=304s

  =================================================================
  Self-Modifying Engine — 1 generations
  =================================================================
  Gen  19  Phi 1.0353 -> 1.0118 (-2.3%)  mods +3/-1  [ROLLBACK]  3.6s

  Total: 43 active mods, 0 rollbacks
  Gen    19 | Φ=0.01 (avg=0.01, range=0.0-0.0) | discoveries=250 | mods=43 | 32.2s/gen | elapsed=336s

  =================================================================
  Self-Modifying Engine — 1 generations
  =================================================================
  Gen  20  Phi 1.0417 -> 1.0282 (-1.3%)  mods +1/-2  [ROLLBACK]  3.2s

  Total: 44 active mods, 0 rollbacks
  Gen    20 | Φ=0.01 (avg=0.01, range=0.0-0.0) | discoveries=261 | mods=44 | 18.4s/gen | elapsed=355s

  =================================================================
  Self-Modifying Engine — 1 generations
  =================================================================
  Gen  21  Phi 0.9878 -> 1.0281 (+4.1%)  mods +2/-3  [OK]  4.2s

  Total: 46 active mods, 0 rollbacks
  Gen    21 | Φ=0.01 (avg=0.01, range=0.0-0.0) | discoveries=277 | mods=46 | 17.3s/gen | elapsed=372s

  =================================================================
  Self-Modifying Engine — 1 generations
  =================================================================
  Gen  22  Phi 1.0276 -> 1.0247 (-0.3%)  mods +3/-3  [ROLLBACK]  5.0s

  Total: 49 active mods, 0 rollbacks
  Gen    22 | Φ=0.01 (avg=0.01, range=0.0-0.0) | discoveries=290 | mods=49 | 18.6s/gen | elapsed=391s

  =================================================================
  Self-Modifying Engine — 1 generations
  =================================================================
  Gen  23  Phi 1.0257 -> 1.0114 (-1.4%)  mods +2/-1  [ROLLBACK]  3.9s

  Total: 51 active mods, 0 rollbacks
  Gen    23 | Φ=0.01 (avg=0.01, range=0.0-0.0) | discoveries=300 | mods=51 | 26.3s/gen | elapsed=417s
