======================================================================
  AUTO-ROADMAP — Staged Infinite Evolution
  7 stages, auto-advance on saturation
======================================================================

  #   Stage            Cells Steps TopoGens Sat
  ─── ──────────────── ───── ───── ──────── ───
  1   S1-baseline         64   300       10   5 ★
  2   S2-deeper           64  1000       10   5
  3   S3-scale128        128   300       10   5
  4   S4-scale128d       128  1000       10   5
  5   S5-scale256        256   500       10   5
  6   S6-scale256d       256  1000       10   5
  7   S7-mega512         512   500       15   5
======================================================================

▓▓▓▓▓▓▓▓▓▓▓▓▓▓▓▓▓▓▓▓▓▓▓▓▓▓▓▓▓▓▓▓▓▓▓▓▓▓▓▓▓▓▓▓▓▓▓▓▓▓▓▓▓▓▓▓▓▓▓▓▓▓▓▓▓▓▓▓▓▓
  STAGE 1/7: S1-baseline
  cells=64  steps=300  topo_cycle_every=10  sat_streak=5
▓▓▓▓▓▓▓▓▓▓▓▓▓▓▓▓▓▓▓▓▓▓▓▓▓▓▓▓▓▓▓▓▓▓▓▓▓▓▓▓▓▓▓▓▓▓▓▓▓▓▓▓▓▓▓▓▓▓▓▓▓▓▓▓▓▓▓▓▓▓

────────────────────────────────────────────────────────────
  [S1-baseline] Gen 1 — Discovery (300 steps, ring)

  =================================================================
  Self-Modifying Engine — 1 generations
  =================================================================
  Gen   1  Phi 1.0037 -> 1.0108 (+0.7%)  mods +2/-3  [OK]  5.9s

  Total: 2 active mods, 0 rollbacks
  Gen 1 — Raw: 38, New: 38, Laws: 0, Mods: 2, 46.4s

────────────────────────────────────────────────────────────
  [S1-baseline] Gen 2 — Discovery (300 steps, ring)
