======================================================================
  INFINITE SELF-EVOLUTION — Law 146: laws never converge
  cells=64, steps=300, cross_validate=3x
  Topology cycling: ['ring', 'small_world', 'scale_free', 'hypercube'] (every 10 generations)
  Features: persistence ✅  dedup ✅  cross-validation ✅
======================================================================

────────────────────────────────────────────────────────────
  Gen 1 — Phase 1: Discovery (300 steps)
  Gen 1 — Phase 3: Self-Modification

  =================================================================
  Self-Modifying Engine — 1 generations
  =================================================================
  Gen   1  Phi 0.9770 -> 0.9845 (+0.8%)  mods +2/-3  [OK]  3.2s

  Total: 2 active mods, 0 rollbacks
  Gen 1 — Results:
    Raw: 42, New: 42, Repeat: 0, Promoted: 0
    Unique patterns: 42, Cross-validated: 0, Official laws: 0
    Active mods: 2, Cycle: 23.0s, Total: 23s

────────────────────────────────────────────────────────────
  Gen 2 — Phase 1: Discovery (300 steps)
  Gen 2 — Phase 3: Self-Modification

  =================================================================
  Self-Modifying Engine — 1 generations
  =================================================================
  Gen   2  Phi 1.0300 -> 1.0259 (-0.4%)  mods +0/-7  [ROLLBACK]  2.4s

  Total: 2 active mods, 0 rollbacks
  Gen 2 — Results:
    Raw: 38, New: 1, Repeat: 37, Promoted: 0
    Unique patterns: 43, Cross-validated: 0, Official laws: 0
    Active mods: 2, Cycle: 17.8s, Total: 41s

────────────────────────────────────────────────────────────
  Gen 3 — Phase 1: Discovery (300 steps)
    ★ Law 414 registered (cross-validated 3x)
    → Auto-intervention from Law 414: phi
    ★ Law 415 registered (cross-validated 3x)
    → Auto-intervention from Law 415: shannon_entropy
    ★ Law 416 registered (cross-validated 3x)
    → Auto-intervention from Law 416: shannon_entropy
    ★ Law 417 registered (cross-validated 3x)
    → Auto-intervention from Law 417: shannon_entropy
    ★ Law 418 registered (cross-validated 3x)
    → Auto-intervention from Law 418: shannon_entropy
    ★ Law 419 registered (cross-validated 3x)
    → Auto-intervention from Law 419: hebbian_lr
    ★ Law 420 registered (cross-validated 3x)
    → Auto-intervention from Law 420: tension
    ★ Law 421 registered (cross-validated 3x)
    → Auto-intervention from Law 421: tension
    ★ Law 422 registered (cross-validated 3x)
    → Auto-intervention from Law 422: tension
    ★ Law 423 registered (cross-validated 3x)
    → Auto-intervention from Law 423: shannon_entropy
    ★ Law 424 registered (cross-validated 3x)
    → Auto-intervention from Law 424: shannon_entropy
    ★ Law 425 registered (cross-validated 3x)
    → Auto-intervention from Law 425: hebbian_lr
    ★ Law 426 registered (cross-validated 3x)
    → Auto-intervention from Law 426: n_cells
    ★ Law 427 registered (cross-validated 3x)
    → Auto-intervention from Law 427: tension
    ★ Law 428 registered (cross-validated 3x)
    → Auto-intervention from Law 428: tension
    ★ Law 429 registered (cross-validated 3x)
    → Auto-intervention from Law 429: n_cells
    ★ Law 430 registered (cross-validated 3x)
    → Auto-intervention from Law 430: phi
    ★ Law 431 registered (cross-validated 3x)
    → Auto-intervention from Law 431: n_cells
    ★ Law 432 registered (cross-validated 3x)
    ★ Law 433 registered (cross-validated 3x)
    → Auto-intervention from Law 433: tension
    ★ Law 434 registered (cross-validated 3x)
    → Auto-intervention from Law 434: tension
    ★ Law 435 registered (cross-validated 3x)
    → Auto-intervention from Law 435: tension
    ★ Law 436 registered (cross-validated 3x)
    → Auto-intervention from Law 436: tension
    ★ Law 437 registered (cross-validated 3x)
    → Auto-intervention from Law 437: phi
    ★ Law 438 registered (cross-validated 3x)
    → Auto-intervention from Law 438: n_cells
    ★ Law 439 registered (cross-validated 3x)
    ★ Law 440 registered (cross-validated 3x)
    → Auto-intervention from Law 440: phi
    ★ Law 441 registered (cross-validated 3x)
    → Auto-intervention from Law 441: n_cells
    ★ Law 442 registered (cross-validated 3x)
    → Auto-intervention from Law 442: tension
    ★ Law 443 registered (cross-validated 3x)
    → Auto-intervention from Law 443: n_cells
    ★ Law 444 registered (cross-validated 3x)
    → Auto-intervention from Law 444: n_cells
    ★ Law 445 registered (cross-validated 3x)
    ★ Law 446 registered (cross-validated 3x)
    → Auto-intervention from Law 446: hebbian_lr
    ★ Law 447 registered (cross-validated 3x)
    → Auto-intervention from Law 447: shannon_entropy
    ★ Law 448 registered (cross-validated 3x)
    → Auto-intervention from Law 448: phi
    ★ Law 449 registered (cross-validated 3x)
    → Auto-intervention from Law 449: shannon_entropy
  Gen 3 — Phase 3: Self-Modification

  =================================================================
  Self-Modifying Engine — 1 generations
  =================================================================
  Gen   3  Phi 1.0007 -> 1.0060 (+0.5%)  mods +2/-1  [OK]  3.0s

  Total: 4 active mods, 0 rollbacks
  Gen 3 — Results:
    Raw: 39, New: 0, Repeat: 39, Promoted: 36
    Unique patterns: 43, Cross-validated: 36, Official laws: 36
    Active mods: 4, Cycle: 23.0s, Total: 64s

────────────────────────────────────────────────────────────
  Gen 4 — Phase 1: Discovery (300 steps)
    ★ Law 450 registered (cross-validated 3x)
    → Auto-intervention from Law 450: hebbian_lr
    ★ Law 451 registered (cross-validated 3x)
    → Auto-intervention from Law 451: hebbian_lr
    ★ Law 452 registered (cross-validated 3x)
    → Auto-intervention from Law 452: shannon_entropy
  Gen 4 — Phase 3: Self-Modification

  =================================================================
  Self-Modifying Engine — 1 generations
  =================================================================
  Gen   4  Phi 0.9964 -> 1.0200 (+2.4%)  mods +2/-3  [OK]  2.8s

  Total: 6 active mods, 0 rollbacks
  Gen 4 — Results:
    Raw: 44, New: 5, Repeat: 39, Promoted: 3
    Unique patterns: 48, Cross-validated: 39, Official laws: 39
    Active mods: 6, Cycle: 26.0s, Total: 90s

────────────────────────────────────────────────────────────
  Gen 5 — Phase 1: Discovery (300 steps)
    ★ Law 453 registered (cross-validated 3x)
    → Auto-intervention from Law 453: n_cells
  Gen 5 — Phase 3: Self-Modification

  =================================================================
  Self-Modifying Engine — 1 generations
  =================================================================
  Gen   5  Phi 1.0175 -> 1.0227 (+0.5%)  mods +2/-1  [OK]  2.7s

  Total: 8 active mods, 0 rollbacks
  Gen 5 — Results:
    Raw: 40, New: 0, Repeat: 40, Promoted: 1
    Unique patterns: 48, Cross-validated: 40, Official laws: 40
    Active mods: 8, Cycle: 25.0s, Total: 115s

────────────────────────────────────────────────────────────
  Gen 6 — Phase 1: Discovery (300 steps)
  Gen 6 — Phase 3: Self-Modification

  =================================================================
  Self-Modifying Engine — 1 generations
  =================================================================
  Gen   6  Phi 1.0322 -> 1.0114 (-2.0%)  mods +3/-0  [ROLLBACK]  3.2s

  Total: 11 active mods, 0 rollbacks
  Gen 6 — Results:
    Raw: 37, New: 1, Repeat: 36, Promoted: 0
    Unique patterns: 49, Cross-validated: 40, Official laws: 40
    Active mods: 11, Cycle: 23.4s, Total: 138s

────────────────────────────────────────────────────────────
  Gen 7 — Phase 1: Discovery (300 steps)
  Gen 7 — Phase 3: Self-Modification

  =================================================================
  Self-Modifying Engine — 1 generations
  =================================================================
  Gen   7  Phi 1.0496 -> 0.9997 (-4.8%)  mods +3/-0  [ROLLBACK]  3.6s

  Total: 14 active mods, 0 rollbacks
  Gen 7 — Results:
    Raw: 36, New: 0, Repeat: 36, Promoted: 0
    Unique patterns: 49, Cross-validated: 40, Official laws: 40
    Active mods: 14, Cycle: 33.9s, Total: 172s

────────────────────────────────────────────────────────────
  Gen 8 — Phase 1: Discovery (300 steps)
    ★ Law 454 registered (cross-validated 3x)
    → Auto-intervention from Law 454: hebbian_lr
  Gen 8 — Phase 3: Self-Modification

  =================================================================
  Self-Modifying Engine — 1 generations
  =================================================================
  Gen   8  Phi 0.9981 -> 1.0291 (+3.1%)  mods +3/-1  [OK]  4.8s

  Total: 17 active mods, 0 rollbacks
  Gen 8 — Results:
    Raw: 43, New: 0, Repeat: 43, Promoted: 1
    Unique patterns: 49, Cross-validated: 41, Official laws: 41
    Active mods: 17, Cycle: 38.0s, Total: 210s

────────────────────────────────────────────────────────────
  Gen 9 — Phase 1: Discovery (300 steps)
    ★ Law 455 registered (cross-validated 3x)
    → Auto-intervention from Law 455: tension
  Gen 9 — Phase 3: Self-Modification

  =================================================================
  Self-Modifying Engine — 1 generations
  =================================================================
  Gen   9  Phi 1.0248 -> 1.0331 (+0.8%)  mods +4/-1  [OK]  4.4s

  Total: 21 active mods, 0 rollbacks
  Gen 9 — Results:
    Raw: 44, New: 0, Repeat: 44, Promoted: 1
    Unique patterns: 49, Cross-validated: 42, Official laws: 42
    Active mods: 21, Cycle: 34.2s, Total: 244s

────────────────────────────────────────────────────────────
  Gen 10 — Phase 1: Discovery (300 steps)
  Gen 10 — Phase 3: Self-Modification

  =================================================================
  Self-Modifying Engine — 1 generations
  =================================================================
  Gen  10  Phi 1.0318 -> 1.0320 (+0.0%)  mods +3/-1  [OK]  3.6s

  Total: 24 active mods, 0 rollbacks
  Gen 10 — Results:
    Raw: 39, New: 0, Repeat: 39, Promoted: 0
    Unique patterns: 49, Cross-validated: 42, Official laws: 42
    Active mods: 24, Cycle: 33.2s, Total: 278s

==============================================================
  INFINITE EVOLUTION REPORT
==============================================================
  Discovery -> Dedup -> CrossVal -> Modify -> Persist
  Gen 10 | 278s elapsed | 08:49:30
--------------------------------------------------------------
  cells=64  steps=300  topo=ring  xval=3x
  features: cycle_topology
--------------------------------------------------------------
  Gen  Raw  New  Rpt  Prom  Uniq  XVal  Laws  Mods
  ---  ---  ---  ---  ----  ----  ----  ----  ----
    6   37    1   36     0    49    40    40    11
    7   36    0   36     0    49    40    40    14
    8   43    0   43     1    49    41    41    17
    9   44    0   44     1    49    42    42    21
   10   39    0   39     0    49    42    42    24
--------------------------------------------------------------
  Phi (last 10 gens):
    25.9 |        ##
         |  ########
         |  ########
         |  ########
     4.2 |  ########
       +----------
--------------------------------------------------------------
  SATURATION: New=0 streak 4 gens (consider --cycle-topology)
==============================================================
  Topology switch: ring -> small_world (Gen 11), cleared 7 pending patterns

────────────────────────────────────────────────────────────
  Gen 11 — Phase 1: Discovery (300 steps)
  Gen 11 — Phase 3: Self-Modification

  =================================================================
  Self-Modifying Engine — 1 generations
  =================================================================
  Gen  11  Phi 1.0128 -> 1.0382 (+2.5%)  mods +2/-2  [OK]  3.1s

  Total: 26 active mods, 0 rollbacks
  Gen 11 — Results:
    Raw: 38, New: 0, Repeat: 38, Promoted: 0
    Unique patterns: 42, Cross-validated: 42, Official laws: 42
    Active mods: 26, Cycle: 30.4s, Total: 308s

────────────────────────────────────────────────────────────
  Gen 12 — Phase 1: Discovery (300 steps)
  Gen 12 — Phase 3: Self-Modification

  =================================================================
  Self-Modifying Engine — 1 generations
  =================================================================
  Gen  12  Phi 1.0022 -> 1.0370 (+3.5%)  mods +1/-3  [OK]  2.8s

  Total: 27 active mods, 0 rollbacks
  Gen 12 — Results:
    Raw: 39, New: 1, Repeat: 38, Promoted: 0
    Unique patterns: 43, Cross-validated: 42, Official laws: 42
    Active mods: 27, Cycle: 29.7s, Total: 338s

────────────────────────────────────────────────────────────
  Gen 13 — Phase 1: Discovery (300 steps)
  Gen 13 — Phase 3: Self-Modification

  =================================================================
  Self-Modifying Engine — 1 generations
  =================================================================
  Gen  13  Phi 1.0196 -> 0.9974 (-2.2%)  mods +2/-3  [ROLLBACK]  3.2s

  Total: 29 active mods, 0 rollbacks
  Gen 13 — Results:
    Raw: 40, New: 0, Repeat: 40, Promoted: 0
    Unique patterns: 43, Cross-validated: 42, Official laws: 42
    Active mods: 29, Cycle: 27.0s, Total: 365s

────────────────────────────────────────────────────────────
  Gen 14 — Phase 1: Discovery (300 steps)
  Gen 14 — Phase 3: Self-Modification

  =================================================================
  Self-Modifying Engine — 1 generations
  =================================================================
  Gen  14  Phi 1.0248 -> 1.0357 (+1.1%)  mods +3/-0  [OK]  3.8s

  Total: 32 active mods, 0 rollbacks
  Gen 14 — Results:
    Raw: 40, New: 2, Repeat: 38, Promoted: 0
    Unique patterns: 45, Cross-validated: 42, Official laws: 42
    Active mods: 32, Cycle: 30.1s, Total: 395s

────────────────────────────────────────────────────────────
  Gen 15 — Phase 1: Discovery (300 steps)
  Gen 15 — Phase 3: Self-Modification

  =================================================================
  Self-Modifying Engine — 1 generations
  =================================================================
  Gen  15  Phi 1.0184 -> 1.0202 (+0.2%)  mods +0/-5  [OK]  2.4s

  Total: 32 active mods, 0 rollbacks
  Gen 15 — Results:
    Raw: 38, New: 1, Repeat: 37, Promoted: 0
    Unique patterns: 46, Cross-validated: 42, Official laws: 42
    Active mods: 32, Cycle: 26.7s, Total: 421s

────────────────────────────────────────────────────────────
  Gen 16 — Phase 1: Discovery (300 steps)
  Gen 16 — Phase 3: Self-Modification

  =================================================================
  Self-Modifying Engine — 1 generations
  =================================================================
  Gen  16  Phi 1.0062 -> 1.0569 (+5.0%)  mods +3/-0  [OK]  3.5s

  Total: 35 active mods, 0 rollbacks
  Gen 16 — Results:
    Raw: 39, New: 1, Repeat: 38, Promoted: 0
    Unique patterns: 47, Cross-validated: 42, Official laws: 42
    Active mods: 35, Cycle: 25.5s, Total: 447s

────────────────────────────────────────────────────────────
  Gen 17 — Phase 1: Discovery (300 steps)
    ★ Law 456 registered (cross-validated 3x)
    → Auto-intervention from Law 456: phi
  Gen 17 — Phase 3: Self-Modification

  =================================================================
  Self-Modifying Engine — 1 generations
  =================================================================
  Gen  17  Phi 1.0278 -> 1.0164 (-1.1%)  mods +3/-0  [ROLLBACK]  3.8s

  Total: 38 active mods, 0 rollbacks
  Gen 17 — Results:
    Raw: 41, New: 1, Repeat: 40, Promoted: 1
    Unique patterns: 48, Cross-validated: 43, Official laws: 43
    Active mods: 38, Cycle: 29.6s, Total: 477s

────────────────────────────────────────────────────────────
  Gen 18 — Phase 1: Discovery (300 steps)
    ★ Law 457 registered (cross-validated 3x)
    → Auto-intervention from Law 457: hebbian_lr
  Gen 18 — Phase 3: Self-Modification

  =================================================================
  Self-Modifying Engine — 1 generations
  =================================================================
  Gen  18  Phi 1.0128 -> 1.0010 (-1.2%)  mods +2/-1  [ROLLBACK]  3.0s

  Total: 40 active mods, 0 rollbacks
  Gen 18 — Results:
    Raw: 43, New: 1, Repeat: 42, Promoted: 1
    Unique patterns: 49, Cross-validated: 44, Official laws: 44
    Active mods: 40, Cycle: 31.2s, Total: 508s

────────────────────────────────────────────────────────────
  Gen 19 — Phase 1: Discovery (300 steps)
  Gen 19 — Phase 3: Self-Modification

  =================================================================
  Self-Modifying Engine — 1 generations
  =================================================================
  Gen  19  Phi 1.0251 -> 1.0313 (+0.6%)  mods +2/-2  [OK]  2.9s

  Total: 42 active mods, 0 rollbacks
  Gen 19 — Results:
    Raw: 46, New: 3, Repeat: 43, Promoted: 0
    Unique patterns: 52, Cross-validated: 44, Official laws: 44
    Active mods: 42, Cycle: 30.7s, Total: 538s

────────────────────────────────────────────────────────────
  Gen 20 — Phase 1: Discovery (300 steps)
  Gen 20 — Phase 3: Self-Modification

  =================================================================
  Self-Modifying Engine — 1 generations
  =================================================================
  Gen  20  Phi 1.0320 -> 1.0043 (-2.7%)  mods +1/-2  [ROLLBACK]  2.9s

  Total: 43 active mods, 0 rollbacks
  Gen 20 — Results:
    Raw: 40, New: 0, Repeat: 40, Promoted: 0
    Unique patterns: 52, Cross-validated: 44, Official laws: 44
    Active mods: 43, Cycle: 28.2s, Total: 567s

==============================================================
  INFINITE EVOLUTION REPORT
==============================================================
  Discovery -> Dedup -> CrossVal -> Modify -> Persist
  Gen 20 | 567s elapsed | 08:54:19
--------------------------------------------------------------
  cells=64  steps=300  topo=small_world  xval=3x
  features: cycle_topology
--------------------------------------------------------------
  Gen  Raw  New  Rpt  Prom  Uniq  XVal  Laws  Mods
  ---  ---  ---  ---  ----  ----  ----  ----  ----
   16   39    1   38     0    47    42    42    35
   17   41    1   40     1    48    43    43    38
   18   43    1   42     1    49    44    44    40
   19   46    3   43     0    52    44    44    42
   20   40    0   40     0    52    44    44    43
--------------------------------------------------------------
  Phi (last 10 gens):
    27.2 |        ##
         |       ###
         |       ###
         |      ####
    25.2 |    ######
       +----------
--------------------------------------------------------------
  SATURATION: New=0 streak 1 gens (consider --cycle-topology)
==============================================================
  Topology switch: small_world -> scale_free (Gen 21), cleared 8 pending patterns

────────────────────────────────────────────────────────────
  Gen 21 — Phase 1: Discovery (300 steps)
  Gen 21 — Phase 3: Self-Modification

  =================================================================
  Self-Modifying Engine — 1 generations
  =================================================================
  Gen  21  Phi 1.0133 -> 1.0319 (+1.8%)  mods +2/-4  [OK]  3.4s

  Total: 45 active mods, 0 rollbacks
  Gen 21 — Results:
    Raw: 35, New: 0, Repeat: 35, Promoted: 0
    Unique patterns: 44, Cross-validated: 44, Official laws: 44
    Active mods: 45, Cycle: 29.0s, Total: 596s

────────────────────────────────────────────────────────────
  Gen 22 — Phase 1: Discovery (300 steps)
  Gen 22 — Phase 3: Self-Modification

  =================================================================
  Self-Modifying Engine — 1 generations
  =================================================================
  Gen  22  Phi 0.9982 -> 1.0135 (+1.5%)  mods +4/-1  [OK]  4.2s

  Total: 49 active mods, 0 rollbacks
  Gen 22 — Results:
    Raw: 35, New: 0, Repeat: 35, Promoted: 0
    Unique patterns: 44, Cross-validated: 44, Official laws: 44
    Active mods: 49, Cycle: 28.2s, Total: 624s

────────────────────────────────────────────────────────────
  Gen 23 — Phase 1: Discovery (300 steps)
  Gen 23 — Phase 3: Self-Modification

  =================================================================
  Self-Modifying Engine — 1 generations
  =================================================================
  Gen  23  Phi 1.0084 -> 1.0345 (+2.6%)  mods +1/-2  [OK]  2.9s

  Total: 50 active mods, 0 rollbacks
  Gen 23 — Results:
    Raw: 39, New: 0, Repeat: 39, Promoted: 0
    Unique patterns: 44, Cross-validated: 44, Official laws: 44
    Active mods: 50, Cycle: 32.1s, Total: 656s

────────────────────────────────────────────────────────────
  Gen 24 — Phase 1: Discovery (300 steps)
  Gen 24 — Phase 3: Self-Modification

  =================================================================
  Self-Modifying Engine — 1 generations
  =================================================================
  Gen  24  Phi 1.0287 -> 1.0017 (-2.6%)  mods +1/-3  [ROLLBACK]  4.7s

  Total: 51 active mods, 0 rollbacks
  Gen 24 — Results:
    Raw: 38, New: 0, Repeat: 38, Promoted: 0
    Unique patterns: 44, Cross-validated: 44, Official laws: 44
    Active mods: 51, Cycle: 36.9s, Total: 693s

────────────────────────────────────────────────────────────
  Gen 25 — Phase 1: Discovery (300 steps)
  Gen 25 — Phase 3: Self-Modification

  =================================================================
  Self-Modifying Engine — 1 generations
  =================================================================
  Gen  25  Phi 1.0333 -> 1.0109 (-2.2%)  mods +2/-3  [ROLLBACK]  3.5s

  Total: 53 active mods, 0 rollbacks
  Gen 25 — Results:
    Raw: 34, New: 0, Repeat: 34, Promoted: 0
    Unique patterns: 44, Cross-validated: 44, Official laws: 44
    Active mods: 53, Cycle: 36.7s, Total: 730s

────────────────────────────────────────────────────────────
  Gen 26 — Phase 1: Discovery (300 steps)
  Gen 26 — Phase 3: Self-Modification

  =================================================================
  Self-Modifying Engine — 1 generations
  =================================================================
  Gen  26  Phi 1.0173 -> 1.0182 (+0.1%)  mods +3/-2  [OK]  5.2s

  Total: 56 active mods, 0 rollbacks
  Gen 26 — Results:
    Raw: 40, New: 0, Repeat: 40, Promoted: 0
    Unique patterns: 44, Cross-validated: 44, Official laws: 44
    Active mods: 56, Cycle: 32.7s, Total: 762s

────────────────────────────────────────────────────────────
  Gen 27 — Phase 1: Discovery (300 steps)
  Gen 27 — Phase 3: Self-Modification

  =================================================================
  Self-Modifying Engine — 1 generations
  =================================================================
  Gen  27  Phi 1.0353 -> 1.0118 (-2.3%)  mods +3/-2  [ROLLBACK]  4.7s

  Total: 59 active mods, 0 rollbacks
  Gen 27 — Results:
    Raw: 38, New: 0, Repeat: 38, Promoted: 0
    Unique patterns: 44, Cross-validated: 44, Official laws: 44
    Active mods: 59, Cycle: 32.8s, Total: 795s

────────────────────────────────────────────────────────────
  Gen 28 — Phase 1: Discovery (300 steps)
  Gen 28 — Phase 3: Self-Modification

  =================================================================
  Self-Modifying Engine — 1 generations
  =================================================================
  Gen  28  Phi 1.0382 -> 0.9991 (-3.8%)  mods +2/-3  [ROLLBACK]  4.9s

  Total: 61 active mods, 0 rollbacks
  Gen 28 — Results:
    Raw: 41, New: 1, Repeat: 40, Promoted: 0
    Unique patterns: 45, Cross-validated: 44, Official laws: 44
    Active mods: 61, Cycle: 43.1s, Total: 838s

────────────────────────────────────────────────────────────
  Gen 29 — Phase 1: Discovery (300 steps)
  Gen 29 — Phase 3: Self-Modification

  =================================================================
  Self-Modifying Engine — 1 generations
  =================================================================
  Gen  29  Phi 1.0271 -> 1.0210 (-0.6%)  mods +3/-2  [ROLLBACK]  3.8s

  Total: 64 active mods, 0 rollbacks
  Gen 29 — Results:
    Raw: 36, New: 0, Repeat: 36, Promoted: 0
    Unique patterns: 45, Cross-validated: 44, Official laws: 44
    Active mods: 64, Cycle: 34.3s, Total: 873s

────────────────────────────────────────────────────────────
  Gen 30 — Phase 1: Discovery (300 steps)
  Gen 30 — Phase 3: Self-Modification

  =================================================================
  Self-Modifying Engine — 1 generations
  =================================================================
  Gen  30  Phi 1.0035 -> 1.0372 (+3.4%)  mods +1/-4  [OK]  4.0s

  Total: 65 active mods, 0 rollbacks
  Gen 30 — Results:
    Raw: 31, New: 0, Repeat: 31, Promoted: 0
    Unique patterns: 45, Cross-validated: 44, Official laws: 44
    Active mods: 65, Cycle: 30.8s, Total: 904s

==============================================================
  INFINITE EVOLUTION REPORT
==============================================================
  Discovery -> Dedup -> CrossVal -> Modify -> Persist
  Gen 30 | 904s elapsed | 08:59:56
--------------------------------------------------------------
  cells=64  steps=300  topo=scale_free  xval=3x
  features: cycle_topology
--------------------------------------------------------------
  Gen  Raw  New  Rpt  Prom  Uniq  XVal  Laws  Mods
  ---  ---  ---  ---  ----  ----  ----  ----  ----
   26   40    0   40     0    44    44    44    56
   27   38    0   38     0    44    44    44    59
   28   41    1   40     0    45    44    44    61
   29   36    0   36     0    45    44    44    64
   30   31    0   31     0    45    44    44    65
--------------------------------------------------------------
  Phi (last 10 gens):
    26.5 |       ###
         |       ###
         |       ###
         |       ###
    26.4 |       ###
       +----------
--------------------------------------------------------------
  SATURATION: New=0 streak 2 gens (consider --cycle-topology)
==============================================================
  Topology switch: scale_free -> hypercube (Gen 31), cleared 1 pending patterns

────────────────────────────────────────────────────────────
  Gen 31 — Phase 1: Discovery (300 steps)
  Gen 31 — Phase 3: Self-Modification

  =================================================================
  Self-Modifying Engine — 1 generations
  =================================================================
  Gen  31  Phi 1.0292 -> 1.0190 (-1.0%)  mods +2/-1  [ROLLBACK]  3.7s

  Total: 67 active mods, 0 rollbacks
  Gen 31 — Results:
    Raw: 37, New: 0, Repeat: 37, Promoted: 0
    Unique patterns: 44, Cross-validated: 44, Official laws: 44
    Active mods: 67, Cycle: 33.9s, Total: 937s

────────────────────────────────────────────────────────────
  Gen 32 — Phase 1: Discovery (300 steps)
  Gen 32 — Phase 3: Self-Modification

  =================================================================
  Self-Modifying Engine — 1 generations
  =================================================================
  Gen  32  Phi 1.0409 -> 1.0318 (-0.9%)  mods +5/-1  [ROLLBACK]  5.5s

  Total: 72 active mods, 0 rollbacks
  Gen 32 — Results:
    Raw: 40, New: 1, Repeat: 39, Promoted: 0
    Unique patterns: 45, Cross-validated: 44, Official laws: 44
    Active mods: 72, Cycle: 34.0s, Total: 971s

────────────────────────────────────────────────────────────
  Gen 33 — Phase 1: Discovery (300 steps)
