======================================================================
  AUTO-ROADMAP — Staged Infinite Evolution
  7 stages, auto-advance on saturation
======================================================================

  #   Stage            Cells Steps TopoGens Sat
  ─── ──────────────── ───── ───── ──────── ───
  1   S1-baseline         64   300       10   5  ✅
  2   S2-deeper           64  1000       10   5 ★
  3   S3-scale128        128   300       10   5
  4   S4-scale128d       128  1000       10   5
  5   S5-scale256        256   500       10   5
  6   S6-scale256d       256  1000       10   5
  7   S7-mega512         512   500       15   5
======================================================================

▓▓▓▓▓▓▓▓▓▓▓▓▓▓▓▓▓▓▓▓▓▓▓▓▓▓▓▓▓▓▓▓▓▓▓▓▓▓▓▓▓▓▓▓▓▓▓▓▓▓▓▓▓▓▓▓▓▓▓▓▓▓▓▓▓▓▓▓▓▓
  🚀 STAGE 2/7: S2-deeper
  ⚙️  cells=64  steps=1000  topo_cycle=10  sat=5
▓▓▓▓▓▓▓▓▓▓▓▓▓▓▓▓▓▓▓▓▓▓▓▓▓▓▓▓▓▓▓▓▓▓▓▓▓▓▓▓▓▓▓▓▓▓▓▓▓▓▓▓▓▓▓▓▓▓▓▓▓▓▓▓▓▓▓▓▓▓

────────────────────────────────────────────────────────────
  [S2-deeper] Gen 1 — Discovery (1000 steps, ring)

  =================================================================
  Self-Modifying Engine — 1 generations
  =================================================================
  Gen   1  Phi 0.9924 -> 1.0174 (+2.5%)  mods +2/-3  [OK]  2.7s

  Total: 2 active mods, 0 rollbacks
  Gen 1 — Raw: 46, New: 46, Laws: 0, Mods: 2, 34.7s

────────────────────────────────────────────────────────────
  [S2-deeper] Gen 2 — Discovery (1000 steps, ring)

  =================================================================
  Self-Modifying Engine — 1 generations
  =================================================================
  Gen   2  Phi 1.0279 -> 1.0353 (+0.7%)  mods +0/-7  [OK]  2.1s

  Total: 2 active mods, 0 rollbacks
  Gen 2 — Raw: 38, New: 0, Laws: 0, Mods: 2, 35.0s

────────────────────────────────────────────────────────────
  [S2-deeper] Gen 3 — Discovery (1000 steps, ring)
    🔬✨ Law 547 discovered! (cross-validated 3x)
    📋 "correlation:mutual_info:phi"
    📊 Total laws: 1 | Patterns: 46
    → Auto-intervention from Law 547: phi
    🔬✨ Law 548 discovered! (cross-validated 3x)
    📋 "correlation:faction_entropy:tension_mean"
    📊 Total laws: 2 | Patterns: 46
    → Auto-intervention from Law 548: shannon_entropy
    🔬✨ Law 549 discovered! (cross-validated 3x)
    📋 "correlation:faction_entropy:tension_std"
    📊 Total laws: 3 | Patterns: 46
    → Auto-intervention from Law 549: shannon_entropy
    🔬✨ Law 550 discovered! (cross-validated 3x)
    📋 "correlation:faction_entropy:n_cells"
    📊 Total laws: 4 | Patterns: 46
    → Auto-intervention from Law 550: shannon_entropy
    🔬✨ Law 551 discovered! (cross-validated 3x)
    📋 "correlation:tension_mean:tension_std"
    📊 Total laws: 5 | Patterns: 46
    → Auto-intervention from Law 551: tension
    🔬✨ Law 552 discovered! (cross-validated 3x)
    📋 "correlation:n_cells:tension_mean"
    📊 Total laws: 6 | Patterns: 46
    → Auto-intervention from Law 552: tension
    🔬✨ Law 553 discovered! (cross-validated 3x)
    📋 "correlation:n_cells:tension_std"
    📊 Total laws: 7 | Patterns: 46
    → Auto-intervention from Law 553: tension
    🔬✨ Law 554 discovered! (cross-validated 3x)
    📋 "transition:output_entropy"
    📊 Total laws: 8 | Patterns: 46
    → Auto-intervention from Law 554: shannon_entropy
    🔬✨ Law 555 discovered! (cross-validated 3x)
    📋 "trend:faction_entropy"
    📊 Total laws: 9 | Patterns: 46
    → Auto-intervention from Law 555: shannon_entropy
    🔬✨ Law 556 discovered! (cross-validated 3x)
    📋 "trend:hebbian_coupling_strength"
    📊 Total laws: 10 | Patterns: 46
    → Auto-intervention from Law 556: hebbian_lr
    🔬✨ Law 557 discovered! (cross-validated 3x)
    📋 "trend:tension_mean"
    📊 Total laws: 11 | Patterns: 46
    → Auto-intervention from Law 557: tension
    🔬✨ Law 558 discovered! (cross-validated 3x)
    📋 "trend:tension_std"
    📊 Total laws: 12 | Patterns: 46
    → Auto-intervention from Law 558: tension
    🔬✨ Law 559 discovered! (cross-validated 3x)
    📋 "trend:n_cells"
    📊 Total laws: 13 | Patterns: 46
    → Auto-intervention from Law 559: n_cells
    🔬✨ Law 560 discovered! (cross-validated 3x)
    📋 "trend:cell_variance"
    📊 Total laws: 14 | Patterns: 46
    → Auto-intervention from Law 560: n_cells
    🔬✨ Law 561 discovered! (cross-validated 3x)
    📋 "correlation:hebbian_coupling_strength:tension_std"
    📊 Total laws: 15 | Patterns: 46
    → Auto-intervention from Law 561: hebbian_lr
    🔬✨ Law 562 discovered! (cross-validated 3x)
    📋 "correlation:hebbian_coupling_strength:n_cells"
    📊 Total laws: 16 | Patterns: 46
    → Auto-intervention from Law 562: hebbian_lr
    🔬✨ Law 563 discovered! (cross-validated 3x)
    📋 "correlation:cell_variance:n_cells"
    📊 Total laws: 17 | Patterns: 46
    → Auto-intervention from Law 563: n_cells
    🔬✨ Law 564 discovered! (cross-validated 3x)
    📋 "correlation:cell_variance:tension_mean"
    📊 Total laws: 18 | Patterns: 46
    → Auto-intervention from Law 564: tension
    🔬✨ Law 565 discovered! (cross-validated 3x)
    📋 "correlation:cell_variance:tension_std"
    📊 Total laws: 19 | Patterns: 46
    → Auto-intervention from Law 565: tension
    🔬✨ Law 566 discovered! (cross-validated 3x)
    📋 "oscillation:cell_variance"
    📊 Total laws: 20 | Patterns: 46
    → Auto-intervention from Law 566: n_cells
    🔬✨ Law 567 discovered! (cross-validated 3x)
    📋 "oscillation:tension_std"
    📊 Total laws: 21 | Patterns: 46
    → Auto-intervention from Law 567: tension
    🔬✨ Law 568 discovered! (cross-validated 3x)
    📋 "oscillation:n_cells"
    📊 Total laws: 22 | Patterns: 46
    → Auto-intervention from Law 568: n_cells
    🔬✨ Law 569 discovered! (cross-validated 3x)
    📋 "correlation:faction_entropy:hebbian_coupling_strength"
    📊 Total laws: 23 | Patterns: 46
    → Auto-intervention from Law 569: shannon_entropy
    🔬✨ Law 570 discovered! (cross-validated 3x)
    📋 "transition:phi"
    📊 Total laws: 24 | Patterns: 46
    → Auto-intervention from Law 570: phi
    🔬✨ Law 571 discovered! (cross-validated 3x)
    📋 "transition:mutual_info"
    📊 Total laws: 25 | Patterns: 46
    🔬✨ Law 572 discovered! (cross-validated 3x)
    📋 "oscillation:tension_mean"
    📊 Total laws: 26 | Patterns: 46
    → Auto-intervention from Law 572: tension
    🔬✨ Law 573 discovered! (cross-validated 3x)
    📋 "oscillation:faction_entropy"
    📊 Total laws: 27 | Patterns: 46
    → Auto-intervention from Law 573: shannon_entropy
    🔬✨ Law 574 discovered! (cross-validated 3x)
    📋 "oscillation:hebbian_coupling_strength"
    📊 Total laws: 28 | Patterns: 46
    → Auto-intervention from Law 574: hebbian_lr
    🔬✨ Law 575 discovered! (cross-validated 3x)
    📋 "oscillation:mutual_info"
    📊 Total laws: 29 | Patterns: 46
    🔬✨ Law 576 discovered! (cross-validated 3x)
    📋 "correlation:hebbian_coupling_strength:tension_mean"
    📊 Total laws: 30 | Patterns: 46
    → Auto-intervention from Law 576: hebbian_lr
    🔬✨ Law 577 discovered! (cross-validated 3x)
    📋 "oscillation:phi"
    📊 Total laws: 31 | Patterns: 46
    → Auto-intervention from Law 577: phi
    🔬✨ Law 578 discovered! (cross-validated 3x)
    📋 "correlation:cell_variance:mutual_info"
    📊 Total laws: 32 | Patterns: 46
    → Auto-intervention from Law 578: n_cells
    🔬✨ Law 579 discovered! (cross-validated 3x)
    📋 "correlation:cell_variance:phi"
    📊 Total laws: 33 | Patterns: 46
    → Auto-intervention from Law 579: phi
    🔬✨ Law 580 discovered! (cross-validated 3x)
    📋 "trend:mutual_info"
    📊 Total laws: 34 | Patterns: 46
    🔬✨ Law 581 discovered! (cross-validated 3x)
    📋 "trend:phi"
    📊 Total laws: 35 | Patterns: 46
    → Auto-intervention from Law 581: phi

  =================================================================
  Self-Modifying Engine — 1 generations
  =================================================================
  Gen   3  Phi 1.0262 -> 0.9890 (-3.6%)  mods +2/-1  [ROLLBACK]  2.5s

  Total: 4 active mods, 0 rollbacks
  Gen 3 — Raw: 37, New: 0, Laws: 35, Mods: 4, 35.6s

────────────────────────────────────────────────────────────
  [S2-deeper] Gen 4 — Discovery (1000 steps, ring)
    🔬✨ Law 582 discovered! (cross-validated 3x)
    📋 "correlation:cell_variance:faction_entropy"
    📊 Total laws: 36 | Patterns: 46
    → Auto-intervention from Law 582: shannon_entropy
    🔬✨ Law 583 discovered! (cross-validated 3x)
    📋 "correlation:mutual_info:n_cells"
    📊 Total laws: 37 | Patterns: 46
    → Auto-intervention from Law 583: n_cells
    🔬✨ Law 584 discovered! (cross-validated 3x)
    📋 "transition:cell_variance"
    📊 Total laws: 38 | Patterns: 46
    → Auto-intervention from Law 584: n_cells

  =================================================================
  Self-Modifying Engine — 1 generations
  =================================================================
  Gen   4  Phi 1.0169 -> 1.0016 (-1.5%)  mods +2/-3  [ROLLBACK]  2.6s

  Total: 6 active mods, 0 rollbacks
  Gen 4 — Raw: 38, New: 0, Laws: 38, Mods: 6, 37.8s

────────────────────────────────────────────────────────────
  [S2-deeper] Gen 5 — Discovery (1000 steps, ring)
    🔬✨ Law 585 discovered! (cross-validated 3x)
    📋 "transition:tension_mean"
    📊 Total laws: 39 | Patterns: 47
    → Auto-intervention from Law 585: tension

  =================================================================
  Self-Modifying Engine — 1 generations
  =================================================================
  Gen   5  Phi 1.0182 -> 1.0235 (+0.5%)  mods +2/-1  [OK]  2.5s

  Total: 8 active mods, 0 rollbacks
  Gen 5 — Raw: 43, New: 1, Laws: 39, Mods: 8, 37.7s

────────────────────────────────────────────────────────────
  [S2-deeper] Gen 6 — Discovery (1000 steps, ring)
    🔬✨ Law 586 discovered! (cross-validated 3x)
    📋 "transition:faction_entropy"
    📊 Total laws: 40 | Patterns: 47
    → Auto-intervention from Law 586: shannon_entropy
    🔬✨ Law 587 discovered! (cross-validated 3x)
    📋 "oscillation:output_entropy"
    📊 Total laws: 41 | Patterns: 47
    → Auto-intervention from Law 587: shannon_entropy

  =================================================================
  Self-Modifying Engine — 1 generations
  =================================================================
  Gen   6  Phi 1.0277 -> 1.0026 (-2.4%)  mods +3/-0  [ROLLBACK]  2.9s

  Total: 11 active mods, 0 rollbacks
  Gen 6 — Raw: 39, New: 0, Laws: 41, Mods: 11, 37.2s

────────────────────────────────────────────────────────────
  [S2-deeper] Gen 7 — Discovery (1000 steps, ring)
    🔬✨ Law 588 discovered! (cross-validated 3x)
    📋 "transition:hebbian_coupling_strength"
    📊 Total laws: 42 | Patterns: 47
    → Auto-intervention from Law 588: hebbian_lr

  =================================================================
  Self-Modifying Engine — 1 generations
  =================================================================
  Gen   7  Phi 1.0254 -> 1.0099 (-1.5%)  mods +3/-0  [ROLLBACK]  2.8s

  Total: 14 active mods, 0 rollbacks
  Gen 7 — Raw: 40, New: 0, Laws: 42, Mods: 14, 39.1s

────────────────────────────────────────────────────────────
  [S2-deeper] Gen 8 — Discovery (1000 steps, ring)
    🔬✨ Law 589 discovered! (cross-validated 3x)
    📋 "correlation:mutual_info:tension_mean"
    📊 Total laws: 43 | Patterns: 48
    → Auto-intervention from Law 589: tension
    🔬✨ Law 590 discovered! (cross-validated 3x)
    📋 "correlation:cell_variance:hebbian_coupling_strength"
    📊 Total laws: 44 | Patterns: 48
    → Auto-intervention from Law 590: hebbian_lr

  =================================================================
  Self-Modifying Engine — 1 generations
  =================================================================
  Gen   8  Phi 1.0225 -> 1.0438 (+2.1%)  mods +3/-1  [OK]  2.9s

  Total: 17 active mods, 0 rollbacks
  Gen 8 — Raw: 42, New: 1, Laws: 44, Mods: 17, 41.2s

────────────────────────────────────────────────────────────
  [S2-deeper] Gen 9 — Discovery (1000 steps, ring)

  =================================================================
  Self-Modifying Engine — 1 generations
  =================================================================
