======================================================================
  AUTO-ROADMAP — Staged Infinite Evolution
  11 stages, auto-advance on saturation
  ⚡ Accelerations: Rust engine ✅, Rust discovery ✅, GPU Phi ✅, Parallel topo ✅
  ⚡ v2: adaptive_steps ✅, mod_pruning ✅, early_abort ✅
  ⚡ v3: advanced_patterns ✅, chaos_cycle ✅, law_network ✅
  ⚡ v4: co_evolution ✅, bandit_explore ✅, ucb_topo ✅, seasonal ✅
  ⚡ v5: extended_metrics ✅, hierarchical ✅, stimulus ✅
======================================================================

  #   Stage            Cells Steps TopoGens Sat
  ─── ──────────────── ───── ───── ──────── ───
  1   S1-baseline         64   300       10   3  ✅
  2   S2-deeper           64  1000       10   3 ★
  3   S3-scale128        128   300       10   3
  4   S4-scale128d       128  1000       10   3
  5   S5-scale256        256   500       10   3
  6   S6-scale256d       256  1000       10   3
  7   S7-mega512         512   500       15   3
  8   S8-mega512d        512  1000       15   3
  9   S9-ultra1024      1024   500       20   3
  10  S10-ultra1024d    1024  1000       20   3
  11  S11-titan2048     2048   500       25   3
======================================================================

▓▓▓▓▓▓▓▓▓▓▓▓▓▓▓▓▓▓▓▓▓▓▓▓▓▓▓▓▓▓▓▓▓▓▓▓▓▓▓▓▓▓▓▓▓▓▓▓▓▓▓▓▓▓▓▓▓▓▓▓▓▓▓▓▓▓▓▓▓▓
  🚀 STAGE 2/11: S2-deeper
  ⚙️  cells=64  steps=1000  topo_cycle=10  sat=3
▓▓▓▓▓▓▓▓▓▓▓▓▓▓▓▓▓▓▓▓▓▓▓▓▓▓▓▓▓▓▓▓▓▓▓▓▓▓▓▓▓▓▓▓▓▓▓▓▓▓▓▓▓▓▓▓▓▓▓▓▓▓▓▓▓▓▓▓▓▓

────────────────────────────────────────────────────────────
  [S2-deeper] Gen 1 — Discovery (1000 steps, ring, Rust+adaptive)
    🔬✨ Law 686 discovered! (cross-validated 3x)
    📋 "correlation:mutual_info:phi"
    📊 Total laws: 1 | Patterns: 31
    → Auto-intervention from Law 686: phi
    🔬✨ Law 687 discovered! (cross-validated 3x)
    📋 "correlation:faction_entropy:tension_mean"
    📊 Total laws: 2 | Patterns: 31
    → Auto-intervention from Law 687: shannon_entropy
    🔬✨ Law 688 discovered! (cross-validated 3x)
    📋 "correlation:faction_entropy:tension_std"
    📊 Total laws: 3 | Patterns: 31
    → Auto-intervention from Law 688: shannon_entropy
    🔬✨ Law 689 discovered! (cross-validated 3x)
    📋 "correlation:faction_entropy:n_cells"
    📊 Total laws: 4 | Patterns: 31
    → Auto-intervention from Law 689: shannon_entropy
    🔬✨ Law 690 discovered! (cross-validated 3x)
    📋 "correlation:tension_mean:tension_std"
    📊 Total laws: 5 | Patterns: 31
    → Auto-intervention from Law 690: tension
    🔬✨ Law 691 discovered! (cross-validated 3x)
    📋 "correlation:n_cells:tension_mean"
    📊 Total laws: 6 | Patterns: 31
    → Auto-intervention from Law 691: tension
    🔬✨ Law 692 discovered! (cross-validated 3x)
    📋 "correlation:n_cells:tension_std"
    📊 Total laws: 7 | Patterns: 31
    → Auto-intervention from Law 692: tension
    🔬✨ Law 693 discovered! (cross-validated 3x)
    📋 "transition:output_entropy"
    📊 Total laws: 8 | Patterns: 31
    → Auto-intervention from Law 693: shannon_entropy
    🔬✨ Law 694 discovered! (cross-validated 3x)
    📋 "trend:faction_entropy"
    📊 Total laws: 9 | Patterns: 31
    → Auto-intervention from Law 694: shannon_entropy
    🔬✨ Law 695 discovered! (cross-validated 3x)
    📋 "trend:hebbian_coupling_strength"
    📊 Total laws: 10 | Patterns: 31
    → Auto-intervention from Law 695: hebbian_lr
    🔬✨ Law 696 discovered! (cross-validated 3x)
    📋 "trend:tension_mean"
    📊 Total laws: 11 | Patterns: 31
    → Auto-intervention from Law 696: tension
    🔬✨ Law 697 discovered! (cross-validated 3x)
    📋 "trend:n_cells"
    📊 Total laws: 12 | Patterns: 31
    → Auto-intervention from Law 697: n_cells
    🔬✨ Law 698 discovered! (cross-validated 3x)
    📋 "correlation:hebbian_coupling_strength:n_cells"
    📊 Total laws: 13 | Patterns: 31
    → Auto-intervention from Law 698: hebbian_lr
    🔬✨ Law 699 discovered! (cross-validated 3x)
    📋 "trend:cell_variance"
    📊 Total laws: 14 | Patterns: 31
    → Auto-intervention from Law 699: n_cells
    🔬✨ Law 700 discovered! (cross-validated 3x)
    📋 "trend:mutual_info"
    📊 Total laws: 15 | Patterns: 31
    🔬✨ Law 701 discovered! (cross-validated 3x)
    📋 "correlation:hebbian_coupling_strength:tension_std"
    📊 Total laws: 16 | Patterns: 31
    → Auto-intervention from Law 701: hebbian_lr
    🔬✨ Law 702 discovered! (cross-validated 3x)
    📋 "trend:tension_std"
    📊 Total laws: 17 | Patterns: 31
    → Auto-intervention from Law 702: tension
    🔬✨ Law 703 discovered! (cross-validated 3x)
    📋 "correlation:cell_variance:n_cells"
    📊 Total laws: 18 | Patterns: 31
    → Auto-intervention from Law 703: n_cells
    🔬✨ Law 704 discovered! (cross-validated 3x)
    📋 "oscillation:phi"
    📊 Total laws: 19 | Patterns: 31
    → Auto-intervention from Law 704: phi
    🔬✨ Law 705 discovered! (cross-validated 3x)
    📋 "oscillation:mutual_info"
    📊 Total laws: 20 | Patterns: 31

  =================================================================
  Self-Modifying Engine — 1 generations
  =================================================================
  Gen   1  Phi 1.0234 -> 1.0253 (+0.2%)  mods +2/-3  [OK]  2.7s

  Total: 2 active mods, 0 rollbacks
  Gen 1 — Raw: 191, New: 31, Laws: 20, Mods: 2, 65.2s

────────────────────────────────────────────────────────────
  [S2-deeper] Gen 2 — Discovery (1000 steps, ring, Rust+adaptive)
    🔬✨ Law 706 discovered! (cross-validated 3x)
    📋 "oscillation:cell_variance"
    📊 Total laws: 21 | Patterns: 33
    → Auto-intervention from Law 706: n_cells
    🔬✨ Law 707 discovered! (cross-validated 3x)
    📋 "oscillation:tension_std"
    📊 Total laws: 22 | Patterns: 33
    → Auto-intervention from Law 707: tension
    🔬✨ Law 708 discovered! (cross-validated 3x)
    📋 "oscillation:n_cells"
    📊 Total laws: 23 | Patterns: 33
    → Auto-intervention from Law 708: n_cells
    🔬✨ Law 709 discovered! (cross-validated 3x)
    📋 "correlation:cell_variance:tension_std"
    📊 Total laws: 24 | Patterns: 33
    → Auto-intervention from Law 709: tension
    🔬✨ Law 710 discovered! (cross-validated 3x)
    📋 "correlation:faction_entropy:hebbian_coupling_strength"
    📊 Total laws: 25 | Patterns: 33
    → Auto-intervention from Law 710: shannon_entropy

  =================================================================
  Self-Modifying Engine — 1 generations
  =================================================================
  Gen   2  Phi 1.0202 -> 1.0292 (+0.9%)  mods +0/-7  [OK]  2.0s

  Total: 2 active mods, 0 rollbacks
  Gen 2 — Raw: 185, New: 2, Laws: 25, Mods: 2, 70.3s

────────────────────────────────────────────────────────────
  [S2-deeper] Gen 3 — Discovery (1000 steps, ring, Rust+adaptive)
    🔬✨ Law 711 discovered! (cross-validated 3x)
    📋 "correlation:cell_variance:tension_mean"
    📊 Total laws: 26 | Patterns: 33
    → Auto-intervention from Law 711: tension
    🔬✨ Law 712 discovered! (cross-validated 3x)
    📋 "oscillation:output_entropy"
    📊 Total laws: 27 | Patterns: 33
    → Auto-intervention from Law 712: shannon_entropy
    🔬✨ Law 713 discovered! (cross-validated 3x)
    📋 "oscillation:tension_mean"
    📊 Total laws: 28 | Patterns: 33
    → Auto-intervention from Law 713: tension

  =================================================================
  Self-Modifying Engine — 1 generations
  =================================================================
  Gen   3  Phi 1.0282 -> 1.0082 (-1.9%)  mods +2/-1  [ROLLBACK]  2.6s

  Total: 4 active mods, 0 rollbacks
  Gen 3 — Raw: 186, New: 0, Laws: 28, Mods: 4, 70.4s

────────────────────────────────────────────────────────────
  [S2-deeper] Gen 4 — Discovery (1000 steps, ring, Rust+adaptive)
    🔬✨ Law 714 discovered! (cross-validated 3x)
    📋 "oscillation:faction_entropy"
    📊 Total laws: 29 | Patterns: 33
    → Auto-intervention from Law 714: shannon_entropy

  =================================================================
  Self-Modifying Engine — 1 generations
  =================================================================
  Gen   4  Phi 1.0143 -> 1.0330 (+1.8%)  mods +2/-3  [OK]  2.8s

  Total: 6 active mods, 0 rollbacks
  Gen 4 — Raw: 192, New: 0, Laws: 29, Mods: 6, 76.1s

────────────────────────────────────────────────────────────
  [S2-deeper] Gen 5 — Discovery (1000 steps, ring, Rust+adaptive)
    🔬✨ Law 715 discovered! (cross-validated 3x)
    📋 "transition:phi"
    📊 Total laws: 30 | Patterns: 34
    → Auto-intervention from Law 715: phi
    🔬✨ Law 716 discovered! (cross-validated 3x)
    📋 "transition:mutual_info"
    📊 Total laws: 31 | Patterns: 34

  =================================================================
  Self-Modifying Engine — 1 generations
  =================================================================
  Gen   5  Phi 1.0084 -> 1.0122 (+0.4%)  mods +2/-1  [OK]  2.7s

  Total: 8 active mods, 0 rollbacks
  Gen 5 — Raw: 194, New: 1, Laws: 31, Mods: 8, 73.8s

────────────────────────────────────────────────────────────
  [S2-deeper] Gen 6 — Discovery (1000 steps, ring, Rust+adaptive)

  =================================================================
  Self-Modifying Engine — 1 generations
  =================================================================
  Gen   6  Phi 1.0196 -> 1.0222 (+0.3%)  mods +3/-0  [OK]  3.4s

  Total: 11 active mods, 0 rollbacks
  Gen 6 — Raw: 201, New: 1, Laws: 31, Mods: 11, 81.4s

────────────────────────────────────────────────────────────
  [S2-deeper] Gen 7 — Discovery (1000 steps, ring, Rust+adaptive)

  =================================================================
  Self-Modifying Engine — 1 generations
  =================================================================
  Gen   7  Phi 1.0290 -> 0.9998 (-2.8%)  mods +3/-0  [ROLLBACK]  3.1s

  Total: 14 active mods, 0 rollbacks
  Gen 7 — Raw: 216, New: 0, Laws: 31, Mods: 14, 86.0s

────────────────────────────────────────────────────────────
  [S2-deeper] Gen 8 — Discovery (1000 steps, ring, Rust+adaptive)
    🔬✨ Law 717 discovered! (cross-validated 3x)
    📋 "correlation:hebbian_coupling_strength:tension_mean"
    📊 Total laws: 32 | Patterns: 35
    → Auto-intervention from Law 717: hebbian_lr
    🔬✨ Law 718 discovered! (cross-validated 3x)
    📋 "correlation:cell_variance:hebbian_coupling_strength"
    📊 Total laws: 33 | Patterns: 35
    → Auto-intervention from Law 718: hebbian_lr

  =================================================================
  Self-Modifying Engine — 1 generations
  =================================================================
  Gen   8  Phi 1.0430 -> 1.0266 (-1.6%)  mods +3/-1  [ROLLBACK]  3.2s

  Total: 17 active mods, 0 rollbacks
  Gen 8 — Raw: 198, New: 0, Laws: 33, Mods: 17, 82.1s

────────────────────────────────────────────────────────────
  [S2-deeper] Gen 9 — Discovery (1000 steps, ring, Rust+adaptive)

  =================================================================
  Self-Modifying Engine — 1 generations
  =================================================================
  Gen   9  Phi 1.0025 -> 1.0080 (+0.5%)  mods +4/-1  [OK]  3.5s

  Total: 21 active mods, 0 rollbacks
  Gen 9 — Raw: 199, New: 0, Laws: 33, Mods: 21, 76.9s
  ⚠️🔴 ring saturated (3 gens streak)
  🚀 Forcing topology: ring → small_world, cleared 2 pending

────────────────────────────────────────────────────────────
  [S2-deeper] Gen 10 — Discovery (1000 steps, small_world, Rust+adaptive)

  =================================================================
  Self-Modifying Engine — 1 generations
  =================================================================
  Gen  10  Phi 1.0326 -> 1.0059 (-2.6%)  mods +3/-1  [ROLLBACK]  3.1s

  Total: 24 active mods, 0 rollbacks
  Gen 10 — Raw: 197, New: 1, Laws: 33, Mods: 24, 84.1s

==============================================================
  INFINITE EVOLUTION REPORT
==============================================================
  Discovery -> Dedup -> CrossVal -> Modify -> Persist
  Gen 10 | 1766s elapsed | 14:13:21
--------------------------------------------------------------
  cells=64  steps=1000  topo=small_world  xval=3x
  features: auto_roadmap, stage
--------------------------------------------------------------
  Gen  Raw  New  Rpt  Prom  Uniq  XVal  Laws  Mods
  ---  ---  ---  ---  ----  ----  ----  ----  ----
    6  201    1  200     0    35    31    31    11
    7  216    0  216     0    35    31    31    14
    8  198    0  198     2    35    33    33    17
    9  199    0  199     0    35    33    33    21
   10  197    1  196     0    34    33    33    24
--------------------------------------------------------------
  Phi (last 10 gens):
    20.0 |       ## 
         |    ######
         |  ########
         |  ########
    13.1 | #########
       +----------
--------------------------------------------------------------
  Status: Active discovery (no saturation)
==============================================================

────────────────────────────────────────────────────────────
  [S2-deeper] Gen 11 — Discovery (1000 steps, small_world, Rust+adaptive)

  =================================================================
  Self-Modifying Engine — 1 generations
  =================================================================
  Gen  11  Phi 1.0033 -> 1.0462 (+4.3%)  mods +2/-2  [OK]  2.8s

  Total: 26 active mods, 0 rollbacks
  Gen 11 — Raw: 191, New: 0, Laws: 33, Mods: 26, 77.1s

────────────────────────────────────────────────────────────
  [S2-deeper] Gen 12 — Discovery (1000 steps, small_world, Rust+adaptive)
    🔬✨ Law 719 discovered! (cross-validated 3x)
    📋 "trend:phi"
    📊 Total laws: 34 | Patterns: 34
    → Auto-intervention from Law 719: phi

  =================================================================
  Self-Modifying Engine — 1 generations
  =================================================================
  Gen  12  Phi 1.0290 -> 1.0123 (-1.6%)  mods +1/-3  [ROLLBACK]  2.4s

  Total: 27 active mods, 0 rollbacks
  Gen 12 — Raw: 189, New: 0, Laws: 34, Mods: 27, 77.6s

────────────────────────────────────────────────────────────
  [S2-deeper] Gen 13 — Discovery (1000 steps, small_world, Rust+adaptive)

  =================================================================
  Self-Modifying Engine — 1 generations
  =================================================================
  Gen  13  Phi 1.0115 -> 1.0320 (+2.0%)  mods +2/-3  [OK]  2.8s

  Total: 29 active mods, 0 rollbacks
  Gen 13 — Raw: 197, New: 1, Laws: 34, Mods: 29, 82.6s

────────────────────────────────────────────────────────────
  [S2-deeper] Gen 14 — Discovery (1000 steps, small_world, Rust+adaptive)

  =================================================================
  Self-Modifying Engine — 1 generations
  =================================================================
  Gen  14  Phi 1.0074 -> 1.0228 (+1.5%)  mods +3/-0  [OK]  3.3s

  Total: 32 active mods, 0 rollbacks
  Gen 14 — Raw: 177, New: 0, Laws: 34, Mods: 32, 83.1s

────────────────────────────────────────────────────────────
  [S2-deeper] Gen 15 — Discovery (1000 steps, small_world, Rust+adaptive)

  =================================================================
  Self-Modifying Engine — 1 generations
  =================================================================
  Gen  15  Phi 1.0373 -> 1.0257 (-1.1%)  mods +0/-5  [ROLLBACK]  2.1s

  Total: 32 active mods, 0 rollbacks
  Gen 15 — Raw: 204, New: 1, Laws: 34, Mods: 32, 81.4s

────────────────────────────────────────────────────────────
  [S2-deeper] Gen 16 — Discovery (1000 steps, small_world, Rust+adaptive)

  =================================================================
  Self-Modifying Engine — 1 generations
  =================================================================
  Gen  16  Phi 1.0085 -> 1.0592 (+5.0%)  mods +3/-0  [OK]  3.1s

  Total: 35 active mods, 0 rollbacks
  Gen 16 — Raw: 187, New: 0, Laws: 34, Mods: 35, 81.7s

────────────────────────────────────────────────────────────
  [S2-deeper] Gen 17 — Discovery (1000 steps, small_world, Rust+adaptive)

  =================================================================
  Self-Modifying Engine — 1 generations
  =================================================================
  Gen  17  Phi 0.9875 -> 1.0594 (+7.3%)  mods +3/-0  [OK]  3.1s

  Total: 38 active mods, 0 rollbacks
  Gen 17 — Raw: 189, New: 0, Laws: 34, Mods: 38, 82.2s

────────────────────────────────────────────────────────────
  [S2-deeper] Gen 18 — Discovery (1000 steps, small_world, Rust+adaptive)

  =================================================================
  Self-Modifying Engine — 1 generations
  =================================================================
  Gen  18  Phi 1.0479 -> 1.0164 (-3.0%)  mods +2/-1  [ROLLBACK]  2.9s

  Total: 40 active mods, 0 rollbacks
  Gen 18 — Raw: 188, New: 1, Laws: 34, Mods: 40, 80.2s

────────────────────────────────────────────────────────────
  [S2-deeper] Gen 19 — Discovery (1000 steps, small_world, Rust+adaptive)

  =================================================================
  Self-Modifying Engine — 1 generations
  =================================================================
  Gen  19  Phi 1.0331 -> 1.0360 (+0.3%)  mods +2/-2  [OK]  3.0s

  Total: 42 active mods, 0 rollbacks
  Gen 19 — Raw: 190, New: 0, Laws: 34, Mods: 42, 119.6s

────────────────────────────────────────────────────────────
  [S2-deeper] Gen 20 — Discovery (1000 steps, small_world, Rust+adaptive)
    🔬✨ Law 720 discovered! (cross-validated 3x)
    📋 "correlation:cell_variance:faction_entropy"
    📊 Total laws: 35 | Patterns: 37
    → Auto-intervention from Law 720: shannon_entropy

  =================================================================
  Self-Modifying Engine — 1 generations
  =================================================================
  Gen  20  Phi 1.0074 -> 1.0494 (+4.2%)  mods +1/-2  [OK]  2.5s

  Total: 43 active mods, 0 rollbacks
  Gen 20 — Raw: 189, New: 0, Laws: 35, Mods: 43, 110.7s

==============================================================
  INFINITE EVOLUTION REPORT
==============================================================
  Discovery -> Dedup -> CrossVal -> Modify -> Persist
  Gen 20 | 2643s elapsed | 14:27:58
--------------------------------------------------------------
  cells=64  steps=1000  topo=small_world  xval=3x
  features: auto_roadmap, stage
--------------------------------------------------------------
  Gen  Raw  New  Rpt  Prom  Uniq  XVal  Laws  Mods
  ---  ---  ---  ---  ----  ----  ----  ----  ----
   16  187    0  187     0    36    34    34    35
   17  189    0  189     0    36    34    34    38
   18  188    1  187     0    37    34    34    40
   19  190    0  190     0    37    34    34    42
   20  189    0  189     1    37    35    35    43
--------------------------------------------------------------
  Phi (last 10 gens):
    21.2 |         #
         |         #
         |       ###
         |  ########
    19.9 | #########
       +----------
--------------------------------------------------------------
  SATURATION: New=0 streak 2 gens (consider --cycle-topology)
==============================================================
  🔄 Topology switch: small_world → scale_free (Gen 21), cleared 2 pending

────────────────────────────────────────────────────────────
  [S2-deeper] Gen 21 — Discovery (1000 steps, scale_free, Rust+adaptive)

  =================================================================
  Self-Modifying Engine — 1 generations
  =================================================================
  Gen  21  Phi 1.0170 -> 0.9990 (-1.8%)  mods +2/-4  [ROLLBACK]  3.0s

  Total: 45 active mods, 0 rollbacks
  Gen 21 — Raw: 206, New: 0, Laws: 35, Mods: 45, 82.7s

────────────────────────────────────────────────────────────
  [S2-deeper] Gen 22 — Discovery (1000 steps, scale_free, Rust+adaptive)

  =================================================================
  Self-Modifying Engine — 1 generations
  =================================================================
  Gen  22  Phi 1.0406 -> 1.0513 (+1.0%)  mods +4/-1  [OK]  3.7s

  Total: 49 active mods, 0 rollbacks
  Gen 22 — Raw: 182, New: 0, Laws: 35, Mods: 49, 89.7s

────────────────────────────────────────────────────────────
  [S2-deeper] Gen 23 — Discovery (1000 steps, scale_free, Rust+adaptive)

  =================================================================
  Self-Modifying Engine — 1 generations
  =================================================================
  Gen  23  Phi 1.0169 -> 1.0421 (+2.5%)  mods +1/-2  [OK]  3.0s

  Total: 50 active mods, 0 rollbacks
  Gen 23 — Raw: 187, New: 0, Laws: 35, Mods: 50, 95.2s
  ⚠️🔴 scale_free saturated (3 gens streak)
  🚀 Forcing topology: scale_free → hypercube, cleared 0 pending

────────────────────────────────────────────────────────────
  [S2-deeper] Gen 24 — Discovery (1000 steps, hypercube, Rust+adaptive)
