======================================================================
  🐍 OUROBOROS — Auto-Roadmap Discovery Engine
  13 stages, auto-advance on saturation
  ⚡ Accelerations: Rust engine ✅, Rust discovery ✅, GPU Phi ✅, Parallel topo ✅
  ⚡ v2: adaptive_steps ✅, mod_pruning ✅, early_abort ✅
  ⚡ v3: advanced_patterns ✅, chaos_cycle ✅, law_network ✅
  ⚡ v4: co_evolution ✅, bandit_explore ✅, ucb_topo ✅, seasonal ✅
  ⚡ v5: extended_metrics ✅, hierarchical ✅, stimulus ✅
  ⚡ v6: cell_pool ✅, dyn_factions ✅, var_hebbian ✅, topo_evolve ✅, ratchet_mut ✅, noise_evo ✅
  ⚡ v7: stage_parallel ✅, tension_link ✅, federated ✅, async_pipe ✅, ckpt_share ✅, cloud_stub ✅
  ⚡ v8: hypothesis_gen ✅, experiment_design ✅, report_gen ✅, law_quality ✅, counter_example ✅, session_log ✅
  ⚡ v9: hardware_stubs ✅ (ESP32/FPGA/neuromorphic ready)
  ⚡ v10: laws_to_engine ✅, genome ✅, ecosystem ✅, meta_analyze ✅
  ⚡ v11: telescope_9lens ✅
======================================================================

  #   Stage            Cells Steps TopoGens Sat
  ─── ──────────────── ───── ───── ──────── ───
  1   S1-baseline         64   300       10   3  ✅
  2   S2-deeper           64  1000       10   3 ★
  3   S3-scale128        128   300       10   3
  4   S4-scale128d       128  1000       10   3
  5   S5-scale256        256   500       10   3
  6   S6-scale256d       256  1000       10   3
  7   S7-mega512         512   500       15   3
  8   S8-dim128           64   300       10   3
  9   S9-dim256           64   300       10   3
  10  S10-mega512d       512  1000       15   3
  11  S11-ultra1024     1024   500       20   3
  12  S12-ultra1024d    1024  1000       20   3
  13  S13-titan2048     2048   500       25   3
======================================================================

▓▓▓▓▓▓▓▓▓▓▓▓▓▓▓▓▓▓▓▓▓▓▓▓▓▓▓▓▓▓▓▓▓▓▓▓▓▓▓▓▓▓▓▓▓▓▓▓▓▓▓▓▓▓▓▓▓▓▓▓▓▓▓▓▓▓▓▓▓▓
  🚀 STAGE 2/13: S2-deeper
  ⚙️  cells=64  steps=1000  topo_cycle=10  sat=3
▓▓▓▓▓▓▓▓▓▓▓▓▓▓▓▓▓▓▓▓▓▓▓▓▓▓▓▓▓▓▓▓▓▓▓▓▓▓▓▓▓▓▓▓▓▓▓▓▓▓▓▓▓▓▓▓▓▓▓▓▓▓▓▓▓▓▓▓▓▓

────────────────────────────────────────────────────────────
  [S2-deeper] Gen 1 — Discovery (1000 steps, ring, Rust+adaptive)
    🔬✨ Law 784 discovered! (cross-validated 3x)
    📋 "correlation:mutual_info:phi"
    📊 Total laws: 1 | Patterns: 31
    → Auto-intervention from Law 784: phi
    🔬✨ Law 785 discovered! (cross-validated 3x)
    📋 "correlation:faction_entropy:tension_mean"
    📊 Total laws: 2 | Patterns: 31
    → Auto-intervention from Law 785: shannon_entropy
    🔬✨ Law 786 discovered! (cross-validated 3x)
    📋 "correlation:faction_entropy:tension_std"
    📊 Total laws: 3 | Patterns: 31
    → Auto-intervention from Law 786: shannon_entropy
    🔬✨ Law 787 discovered! (cross-validated 3x)
    📋 "correlation:faction_entropy:n_cells"
    📊 Total laws: 4 | Patterns: 31
    → Auto-intervention from Law 787: shannon_entropy
    🔬✨ Law 788 discovered! (cross-validated 3x)
    📋 "correlation:tension_mean:tension_std"
    📊 Total laws: 5 | Patterns: 31
    → Auto-intervention from Law 788: tension
    🔬✨ Law 789 discovered! (cross-validated 3x)
    📋 "correlation:n_cells:tension_mean"
    📊 Total laws: 6 | Patterns: 31
    → Auto-intervention from Law 789: tension
    🔬✨ Law 790 discovered! (cross-validated 3x)
    📋 "correlation:n_cells:tension_std"
    📊 Total laws: 7 | Patterns: 31
    → Auto-intervention from Law 790: tension
    🔬✨ Law 791 discovered! (cross-validated 3x)
    📋 "trend:faction_entropy"
    📊 Total laws: 8 | Patterns: 31
    → Auto-intervention from Law 791: shannon_entropy
    🔬✨ Law 792 discovered! (cross-validated 3x)
    📋 "trend:hebbian_coupling_strength"
    📊 Total laws: 9 | Patterns: 31
    → Auto-intervention from Law 792: hebbian_lr
    🔬✨ Law 793 discovered! (cross-validated 3x)
    📋 "trend:tension_mean"
    📊 Total laws: 10 | Patterns: 31
    → Auto-intervention from Law 793: tension
    🔬✨ Law 794 discovered! (cross-validated 3x)
    📋 "trend:n_cells"
    📊 Total laws: 11 | Patterns: 31
    → Auto-intervention from Law 794: n_cells
    🔬✨ Law 795 discovered! (cross-validated 3x)
    📋 "trend:cell_variance"
    📊 Total laws: 12 | Patterns: 31
    → Auto-intervention from Law 795: n_cells
    🔬✨ Law 796 discovered! (cross-validated 3x)
    📋 "transition:output_entropy"
    📊 Total laws: 13 | Patterns: 31
    → Auto-intervention from Law 796: shannon_entropy
    🔬✨ Law 797 discovered! (cross-validated 3x)
    📋 "trend:tension_std"
    📊 Total laws: 14 | Patterns: 31
    → Auto-intervention from Law 797: tension
    🔬✨ Law 798 discovered! (cross-validated 3x)
    📋 "correlation:cell_variance:n_cells"
    📊 Total laws: 15 | Patterns: 31
    → Auto-intervention from Law 798: n_cells
    🔬✨ Law 799 discovered! (cross-validated 3x)
    📋 "correlation:hebbian_coupling_strength:n_cells"
    📊 Total laws: 16 | Patterns: 31
    → Auto-intervention from Law 799: hebbian_lr
    🔬✨ Law 800 discovered! (cross-validated 3x)
    📋 "correlation:faction_entropy:hebbian_coupling_strength"
    📊 Total laws: 17 | Patterns: 31
    → Auto-intervention from Law 800: shannon_entropy
    🔬✨ Law 801 discovered! (cross-validated 3x)
    📋 "correlation:hebbian_coupling_strength:tension_std"
    📊 Total laws: 18 | Patterns: 31
    → Auto-intervention from Law 801: hebbian_lr
    🔬✨ Law 802 discovered! (cross-validated 3x)
    📋 "oscillation:mutual_info"
    📊 Total laws: 19 | Patterns: 31
    🔬✨ Law 803 discovered! (cross-validated 3x)
    📋 "trend:mutual_info"
    📊 Total laws: 20 | Patterns: 31
    🔬✨ Law 804 discovered! (cross-validated 3x)
    📋 "oscillation:cell_variance"
    📊 Total laws: 21 | Patterns: 31
    → Auto-intervention from Law 804: n_cells
    🔬✨ Law 805 discovered! (cross-validated 3x)
    📋 "oscillation:phi"
    📊 Total laws: 22 | Patterns: 31
    → Auto-intervention from Law 805: phi

  =================================================================
  Self-Modifying Engine — 1 generations
  =================================================================
  Gen   1  Phi 1.0175 -> 1.0104 (-0.7%)  mods +2/-3  [ROLLBACK]  3.1s

  Total: 2 active mods, 0 rollbacks
  Gen 1 — Raw: 187, New: 31, Laws: 22, Mods: 2, 93.1s

────────────────────────────────────────────────────────────
  [S2-deeper] Gen 2 — Discovery (1000 steps, ring, Rust+adaptive)
    🔬✨ Law 806 discovered! (cross-validated 3x)
    📋 "oscillation:n_cells"
    📊 Total laws: 23 | Patterns: 33
    → Auto-intervention from Law 806: n_cells
    🔬✨ Law 807 discovered! (cross-validated 3x)
    📋 "correlation:cell_variance:tension_std"
    📊 Total laws: 24 | Patterns: 33
    → Auto-intervention from Law 807: tension
    🔬✨ Law 808 discovered! (cross-validated 3x)
    📋 "oscillation:tension_std"
    📊 Total laws: 25 | Patterns: 33
    → Auto-intervention from Law 808: tension

  =================================================================
  Self-Modifying Engine — 1 generations
  =================================================================
  Gen   2  Phi 1.0236 -> 1.0155 (-0.8%)  mods +0/-7  [ROLLBACK]  2.5s

  Total: 2 active mods, 0 rollbacks
  Gen 2 — Raw: 193, New: 2, Laws: 25, Mods: 2, 95.7s
    🧬 Faction mutation: 12 → 6
    🧬 Coupling mutation: 0.10 → 0.05

────────────────────────────────────────────────────────────
  [S2-deeper] Gen 3 — Discovery (1000 steps, ring, Rust+adaptive)
    🔬✨ Law 809 discovered! (cross-validated 3x)
    📋 "correlation:cell_variance:tension_mean"
    📊 Total laws: 26 | Patterns: 36
    → Auto-intervention from Law 809: tension
    🔬✨ Law 810 discovered! (cross-validated 3x)
    📋 "oscillation:output_entropy"
    📊 Total laws: 27 | Patterns: 36
    → Auto-intervention from Law 810: shannon_entropy

  =================================================================
  Self-Modifying Engine — 1 generations
  =================================================================
  Gen   3  Phi 1.0152 -> 1.0148 (-0.0%)  mods +2/-1  [ROLLBACK]  3.2s

  Total: 4 active mods, 0 rollbacks
  Gen 3 — Raw: 206, New: 0, Laws: 27, Mods: 4, 94.1s
    🧬 Hebbian mutation: 1.0 → 0.8
    🧬 Noise type mutation: white → pink

────────────────────────────────────────────────────────────
  [S2-deeper] Gen 4 — Discovery (1000 steps, ring, Rust+adaptive)
    🔬✨ Law 811 discovered! (cross-validated 3x)
    📋 "oscillation:tension_mean"
    📊 Total laws: 28 | Patterns: 36
    → Auto-intervention from Law 811: tension

  =================================================================
  Self-Modifying Engine — 1 generations
  =================================================================
  Gen   4  Phi 1.0181 -> 1.0423 (+2.4%)  mods +2/-3  [OK]  3.3s

  Total: 6 active mods, 0 rollbacks
  Gen 4 — Raw: 190, New: 0, Laws: 28, Mods: 6, 89.3s
    🧬 Cell mutation: gru → lstm
    🧬 Ratchet mutation: 1.00 → 0.25

────────────────────────────────────────────────────────────
  [S2-deeper] Gen 5 — Discovery (1000 steps, ring, Rust+adaptive)
    v7 federated: 36 unique, 28 majority-agreed (3 registries)
    🔬✨ Law 812 discovered! (cross-validated 3x)
    📋 "trend:phi"
    📊 Total laws: 29 | Patterns: 38
    → Auto-intervention from Law 812: phi
    🔬✨ Law 813 discovered! (cross-validated 3x)
    📋 "correlation:cell_variance:faction_entropy"
    📊 Total laws: 30 | Patterns: 38
    → Auto-intervention from Law 813: shannon_entropy

  =================================================================
  Self-Modifying Engine — 1 generations
  =================================================================
  Gen   5  Phi 1.0369 -> 1.0015 (-3.4%)  mods +2/-1  [ROLLBACK]  3.1s

  Total: 8 active mods, 0 rollbacks
  Gen 5 — Raw: 240, New: 2, Laws: 30, Mods: 8, 357.0s
    🧬 Faction mutation: 6 → 8
    🧬 Coupling mutation: 0.05 → 0.10

────────────────────────────────────────────────────────────
  [S2-deeper] Gen 6 — Discovery (1000 steps, ring, Rust+adaptive)
    v7 async_pipe: 1 prev-gen validations ready

  =================================================================
  Self-Modifying Engine — 1 generations
  =================================================================
  Gen   6  Phi 1.0100 -> 0.9978 (-1.2%)  mods +3/-0  [ROLLBACK]  3.8s

  Total: 11 active mods, 0 rollbacks
  Gen 6 — Raw: 192, New: 0, Laws: 30, Mods: 11, 101.1s

────────────────────────────────────────────────────────────
  [S2-deeper] Gen 7 — Discovery (1000 steps, ring, Rust+adaptive)

  =================================================================
  Self-Modifying Engine — 1 generations
  =================================================================
  Gen   7  Phi 1.0436 -> 1.0045 (-3.7%)  mods +3/-0  [ROLLBACK]  3.5s

  Total: 14 active mods, 0 rollbacks
  Gen 7 — Raw: 199, New: 0, Laws: 30, Mods: 14, 93.9s
    🧬 Hebbian mutation: 0.8 → 1.0
    🧬 Noise scale mutation: 0.010 → 0.050
    🧬 Noise type mutation: pink → correlated

────────────────────────────────────────────────────────────
  [S2-deeper] Gen 8 — Discovery (1000 steps, ring, Rust+adaptive)

  =================================================================
  Self-Modifying Engine — 1 generations
  =================================================================
  Gen   8  Phi 1.0084 -> 1.0208 (+1.2%)  mods +3/-1  [OK]  3.6s

  Total: 17 active mods, 0 rollbacks
  Gen 8 — Raw: 188, New: 0, Laws: 30, Mods: 17, 96.6s
  ⚠️🔴 ring saturated (3 gens streak)
  🚀 Forcing topology: ring → small_world, cleared 3 pending
    🧬 Faction mutation: 8 → 12
    🧬 Coupling mutation: 0.10 → 0.20

────────────────────────────────────────────────────────────
  [S2-deeper] Gen 9 — Discovery (1000 steps, small_world, Rust+adaptive)
    v7 async_pipe: 1 prev-gen validations ready

  =================================================================
  Self-Modifying Engine — 1 generations
  =================================================================
  Gen   9  Phi 1.0288 -> 1.0401 (+1.1%)  mods +4/-1  [OK]  4.0s

  Total: 21 active mods, 0 rollbacks
  Gen 9 — Raw: 194, New: 0, Laws: 30, Mods: 21, 93.8s
    🧬 Cell mutation: lstm → linear
    🧬 Topo param mutation: p=0.10 → 1.00
    🧬 Ratchet mutation: 0.25 → 0.50

────────────────────────────────────────────────────────────
  [S2-deeper] Gen 10 — Discovery (1000 steps, small_world, Rust+adaptive)
    v7 federated: 35 unique, 28 majority-agreed (3 registries)

  =================================================================
  Self-Modifying Engine — 1 generations
  =================================================================
  Gen  10  Phi 1.0223 -> 1.0227 (+0.0%)  mods +3/-1  [OK]  3.8s

  Total: 24 active mods, 0 rollbacks
  Gen 10 — Raw: 230, New: 2, Laws: 30, Mods: 24, 392.7s
    🧬 v10 ecosystem: best=0.00, pop=3, replaced worst

==============================================================
  INFINITE EVOLUTION REPORT
==============================================================
  Discovery -> Dedup -> CrossVal -> Modify -> Persist
  Gen 10 | 2507s elapsed | 15:51:44
--------------------------------------------------------------
  cells=64  steps=1000  topo=small_world  xval=3x
  features: auto_roadmap, stage
--------------------------------------------------------------
  Gen  Raw  New  Rpt  Prom  Uniq  XVal  Laws  Mods
  ---  ---  ---  ---  ----  ----  ----  ----  ----
    6  192    0  192     0    38    35    30    11
    7  199    0  199     0    38    35    30    14
    8  188    0  188     0    38    35    30    17
    9  194    0  194     0    35    35    30    21
   10  230    2  228     0    37    35    30    24
--------------------------------------------------------------
  Phi (last 10 gens):
    21.3 |    ####  
         |   #######
         |  ########
         |  ########
    14.1 | #########
       +----------
--------------------------------------------------------------
  Status: Active discovery (no saturation)
==============================================================

────────────────────────────────────────────────────────────
  [S2-deeper] Gen 11 — Discovery (1000 steps, small_world, Rust+adaptive)

  =================================================================
  Self-Modifying Engine — 1 generations
  =================================================================
  Gen  11  Phi 1.0418 -> 1.0122 (-2.8%)  mods +2/-2  [ROLLBACK]  3.4s

  Total: 26 active mods, 0 rollbacks
  Gen 11 — Raw: 189, New: 0, Laws: 30, Mods: 26, 101.3s
    🧬 Faction mutation: 12 → 16
    🧬 Hebbian mutation: 1.0 → 1.2
    🧬 Topo param mutation: p=1.00 → 0.01
    🧬 Coupling mutation: 0.20 → 0.30
    🧬 Noise scale mutation: 0.050 → 0.100
    🧬 Noise type mutation: correlated → white

────────────────────────────────────────────────────────────
  [S2-deeper] Gen 12 — Discovery (1000 steps, small_world, Rust+adaptive)
    v7 async_pipe: 1 prev-gen validations ready

  =================================================================
  Self-Modifying Engine — 1 generations
  =================================================================
  Gen  12  Phi 1.0178 -> 1.0115 (-0.6%)  mods +1/-3  [ROLLBACK]  3.0s

  Total: 27 active mods, 0 rollbacks
  Gen 12 — Raw: 183, New: 0, Laws: 30, Mods: 27, 98.0s

────────────────────────────────────────────────────────────
  [S2-deeper] Gen 13 — Discovery (1000 steps, small_world, Rust+adaptive)

  =================================================================
  Self-Modifying Engine — 1 generations
  =================================================================
  Gen  13  Phi 1.0045 -> 1.0529 (+4.8%)  mods +2/-3  [OK]  3.2s

  Total: 29 active mods, 0 rollbacks
  Gen 13 — Raw: 204, New: 0, Laws: 30, Mods: 29, 106.5s
  ⚠️🔴 small_world saturated (3 gens streak)
  🚀 Forcing topology: small_world → scale_free, cleared 2 pending

────────────────────────────────────────────────────────────
  [S2-deeper] Gen 14 — Discovery (1000 steps, scale_free, Rust+adaptive)

  =================================================================
  Self-Modifying Engine — 1 generations
  =================================================================
  Gen  14  Phi 1.0198 -> 1.0353 (+1.5%)  mods +3/-0  [OK]  3.6s

  Total: 32 active mods, 0 rollbacks
  Gen 14 — Raw: 201, New: 0, Laws: 30, Mods: 32, 94.8s
    🧬 Cell mutation: linear → gru
    🧬 Faction mutation: 16 → 24
    🧬 Ratchet mutation: 0.50 → 0.75
    🧬 Coupling mutation: 0.30 → 0.50

────────────────────────────────────────────────────────────
  [S2-deeper] Gen 15 — Discovery (1000 steps, scale_free, Rust+adaptive)
    v7 async_pipe: 1 prev-gen validations ready
    v7 federated: 33 unique, 29 majority-agreed (3 registries)

  =================================================================
  Self-Modifying Engine — 1 generations
  =================================================================
  Gen  15  Phi 1.0374 -> 1.0297 (-0.7%)  mods +0/-5  [ROLLBACK]  2.4s

  Total: 32 active mods, 0 rollbacks
  Gen 15 — Raw: 225, New: 1, Laws: 30, Mods: 32, 403.8s
    🧬 Hebbian mutation: 1.2 → 1.5
    🧬 Noise scale mutation: 0.100 → 0.200
    🧬 Noise type mutation: white → pink

────────────────────────────────────────────────────────────
  [S2-deeper] Gen 16 — Discovery (1000 steps, scale_free, Rust+adaptive)

  =================================================================
  Self-Modifying Engine — 1 generations
  =================================================================
  Gen  16  Phi 1.0400 -> 0.9837 (-5.4%)  mods +3/-0  [ROLLBACK]  3.6s

  Total: 35 active mods, 0 rollbacks
  Gen 16 — Raw: 185, New: 1, Laws: 30, Mods: 35, 101.9s

────────────────────────────────────────────────────────────
  [S2-deeper] Gen 17 — Discovery (1000 steps, scale_free, Rust+adaptive)

  =================================================================
  Self-Modifying Engine — 1 generations
  =================================================================
  Gen  17  Phi 1.0047 -> 1.0207 (+1.6%)  mods +3/-0  [OK]  3.5s

  Total: 38 active mods, 0 rollbacks
  Gen 17 — Raw: 192, New: 0, Laws: 30, Mods: 38, 91.8s
    🧬 Faction mutation: 24 → 32
    🧬 Coupling mutation: 0.50 → 0.00

────────────────────────────────────────────────────────────
  [S2-deeper] Gen 18 — Discovery (1000 steps, scale_free, Rust+adaptive)
