======================================================================
  🐍 OUROBOROS — Auto-Roadmap Discovery Engine
  13 stages, auto-advance on saturation
  ⚡ Accelerations: Rust engine ✅, Rust discovery ✅, GPU Phi ✅, Parallel topo ✅
  ⚡ v2: adaptive_steps ✅, mod_pruning ✅, early_abort ✅
  ⚡ v3: advanced_patterns ✅, chaos_cycle ✅, law_network ✅
  ⚡ v4: co_evolution ✅, bandit_explore ✅, ucb_topo ✅, seasonal ✅
  ⚡ v5: extended_metrics ✅, hierarchical ✅, stimulus ✅
  ⚡ v6: cell_pool ✅, dyn_factions ✅, var_hebbian ✅, topo_evolve ✅, ratchet_mut ✅, noise_evo ✅
======================================================================

  #   Stage            Cells Steps TopoGens Sat
  ─── ──────────────── ───── ───── ──────── ───
  1   S1-baseline         64   300       10   3  ✅
  2   S2-deeper           64  1000       10   3 ★
  3   S3-scale128        128   300       10   3
  4   S4-scale128d       128  1000       10   3
  5   S5-scale256        256   500       10   3
  6   S6-scale256d       256  1000       10   3
  7   S7-mega512         512   500       15   3
  8   S8-dim128           64   300       10   3
  9   S9-dim256           64   300       10   3
  10  S10-mega512d       512  1000       15   3
  11  S11-ultra1024     1024   500       20   3
  12  S12-ultra1024d    1024  1000       20   3
  13  S13-titan2048     2048   500       25   3
======================================================================

▓▓▓▓▓▓▓▓▓▓▓▓▓▓▓▓▓▓▓▓▓▓▓▓▓▓▓▓▓▓▓▓▓▓▓▓▓▓▓▓▓▓▓▓▓▓▓▓▓▓▓▓▓▓▓▓▓▓▓▓▓▓▓▓▓▓▓▓▓▓
  🚀 STAGE 2/13: S2-deeper
  ⚙️  cells=64  steps=1000  topo_cycle=10  sat=3
▓▓▓▓▓▓▓▓▓▓▓▓▓▓▓▓▓▓▓▓▓▓▓▓▓▓▓▓▓▓▓▓▓▓▓▓▓▓▓▓▓▓▓▓▓▓▓▓▓▓▓▓▓▓▓▓▓▓▓▓▓▓▓▓▓▓▓▓▓▓

────────────────────────────────────────────────────────────
  [S2-deeper] Gen 1 — Discovery (1000 steps, ring, Rust+adaptive)
    🔬✨ Law 721 discovered! (cross-validated 3x)
    📋 "correlation:mutual_info:phi"
    📊 Total laws: 1 | Patterns: 28
    → Auto-intervention from Law 721: phi
    🔬✨ Law 722 discovered! (cross-validated 3x)
    📋 "correlation:faction_entropy:tension_mean"
    📊 Total laws: 2 | Patterns: 28
    → Auto-intervention from Law 722: shannon_entropy
    🔬✨ Law 723 discovered! (cross-validated 3x)
    📋 "correlation:faction_entropy:tension_std"
    📊 Total laws: 3 | Patterns: 28
    → Auto-intervention from Law 723: shannon_entropy
    🔬✨ Law 724 discovered! (cross-validated 3x)
    📋 "correlation:faction_entropy:n_cells"
    📊 Total laws: 4 | Patterns: 28
    → Auto-intervention from Law 724: shannon_entropy
    🔬✨ Law 725 discovered! (cross-validated 3x)
    📋 "correlation:tension_mean:tension_std"
    📊 Total laws: 5 | Patterns: 28
    → Auto-intervention from Law 725: tension
    🔬✨ Law 726 discovered! (cross-validated 3x)
    📋 "correlation:n_cells:tension_mean"
    📊 Total laws: 6 | Patterns: 28
    → Auto-intervention from Law 726: tension
    🔬✨ Law 727 discovered! (cross-validated 3x)
    📋 "correlation:n_cells:tension_std"
    📊 Total laws: 7 | Patterns: 28
    → Auto-intervention from Law 727: tension
    🔬✨ Law 728 discovered! (cross-validated 3x)
    📋 "transition:output_entropy"
    📊 Total laws: 8 | Patterns: 28
    → Auto-intervention from Law 728: shannon_entropy
    🔬✨ Law 729 discovered! (cross-validated 3x)
    📋 "trend:faction_entropy"
    📊 Total laws: 9 | Patterns: 28
    → Auto-intervention from Law 729: shannon_entropy
    🔬✨ Law 730 discovered! (cross-validated 3x)
    📋 "trend:hebbian_coupling_strength"
    📊 Total laws: 10 | Patterns: 28
    → Auto-intervention from Law 730: hebbian_lr
    🔬✨ Law 731 discovered! (cross-validated 3x)
    📋 "trend:cell_variance"
    📊 Total laws: 11 | Patterns: 28
    → Auto-intervention from Law 731: n_cells
    🔬✨ Law 732 discovered! (cross-validated 3x)
    📋 "trend:tension_mean"
    📊 Total laws: 12 | Patterns: 28
    → Auto-intervention from Law 732: tension
    🔬✨ Law 733 discovered! (cross-validated 3x)
    📋 "trend:tension_std"
    📊 Total laws: 13 | Patterns: 28
    → Auto-intervention from Law 733: tension
    🔬✨ Law 734 discovered! (cross-validated 3x)
    📋 "trend:n_cells"
    📊 Total laws: 14 | Patterns: 28
    → Auto-intervention from Law 734: n_cells
    🔬✨ Law 735 discovered! (cross-validated 3x)
    📋 "correlation:cell_variance:n_cells"
    📊 Total laws: 15 | Patterns: 28
    → Auto-intervention from Law 735: n_cells
    🔬✨ Law 736 discovered! (cross-validated 3x)
    📋 "trend:mutual_info"
    📊 Total laws: 16 | Patterns: 28
    🔬✨ Law 737 discovered! (cross-validated 3x)
    📋 "correlation:hebbian_coupling_strength:tension_std"
    📊 Total laws: 17 | Patterns: 28
    → Auto-intervention from Law 737: hebbian_lr
    🔬✨ Law 738 discovered! (cross-validated 3x)
    📋 "correlation:hebbian_coupling_strength:n_cells"
    📊 Total laws: 18 | Patterns: 28
    → Auto-intervention from Law 738: hebbian_lr
    🔬✨ Law 739 discovered! (cross-validated 3x)
    📋 "oscillation:mutual_info"
    📊 Total laws: 19 | Patterns: 28
    🔬✨ Law 740 discovered! (cross-validated 3x)
    📋 "oscillation:phi"
    📊 Total laws: 20 | Patterns: 28
    → Auto-intervention from Law 740: phi
    🔬✨ Law 741 discovered! (cross-validated 3x)
    📋 "oscillation:cell_variance"
    📊 Total laws: 21 | Patterns: 28
    → Auto-intervention from Law 741: n_cells
    🔬✨ Law 742 discovered! (cross-validated 3x)
    📋 "oscillation:tension_std"
    📊 Total laws: 22 | Patterns: 28
    → Auto-intervention from Law 742: tension
    🔬✨ Law 743 discovered! (cross-validated 3x)
    📋 "correlation:faction_entropy:hebbian_coupling_strength"
    📊 Total laws: 23 | Patterns: 28
    → Auto-intervention from Law 743: shannon_entropy
    🔬✨ Law 744 discovered! (cross-validated 3x)
    📋 "oscillation:n_cells"
    📊 Total laws: 24 | Patterns: 28
    → Auto-intervention from Law 744: n_cells

  =================================================================
  Self-Modifying Engine — 1 generations
  =================================================================
  Gen   1  Phi 1.0126 -> 1.0362 (+2.3%)  mods +2/-3  [OK]  2.7s

  Total: 2 active mods, 0 rollbacks
  Gen 1 — Raw: 197, New: 28, Laws: 24, Mods: 2, 67.5s

────────────────────────────────────────────────────────────
  [S2-deeper] Gen 2 — Discovery (1000 steps, ring, Rust+adaptive)
    🔬✨ Law 745 discovered! (cross-validated 3x)
    📋 "correlation:hebbian_coupling_strength:tension_mean"
    📊 Total laws: 25 | Patterns: 32
    → Auto-intervention from Law 745: hebbian_lr
    🔬✨ Law 746 discovered! (cross-validated 3x)
    📋 "correlation:cell_variance:tension_std"
    📊 Total laws: 26 | Patterns: 32
    → Auto-intervention from Law 746: tension

  =================================================================
  Self-Modifying Engine — 1 generations
  =================================================================
  Gen   2  Phi 1.0224 -> 1.0236 (+0.1%)  mods +0/-7  [OK]  2.1s

  Total: 2 active mods, 0 rollbacks
  Gen 2 — Raw: 185, New: 4, Laws: 26, Mods: 2, 78.8s
    🧬 Faction mutation: 12 → 6
    🧬 Coupling mutation: 0.10 → 0.05

────────────────────────────────────────────────────────────
  [S2-deeper] Gen 3 — Discovery (1000 steps, ring, Rust+adaptive)
    🔬✨ Law 747 discovered! (cross-validated 3x)
    📋 "oscillation:output_entropy"
    📊 Total laws: 27 | Patterns: 32
    → Auto-intervention from Law 747: shannon_entropy
    🔬✨ Law 748 discovered! (cross-validated 3x)
    📋 "correlation:cell_variance:hebbian_coupling_strength"
    📊 Total laws: 28 | Patterns: 32
    → Auto-intervention from Law 748: hebbian_lr

  =================================================================
  Self-Modifying Engine — 1 generations
  =================================================================
  Gen   3  Phi 1.0304 -> 1.0330 (+0.3%)  mods +2/-1  [OK]  2.8s

  Total: 4 active mods, 0 rollbacks
  Gen 3 — Raw: 188, New: 0, Laws: 28, Mods: 4, 78.5s
    🧬 Hebbian mutation: 1.0 → 0.8
    🧬 Noise type mutation: white → pink

────────────────────────────────────────────────────────────
  [S2-deeper] Gen 4 — Discovery (1000 steps, ring, Rust+adaptive)

  =================================================================
  Self-Modifying Engine — 1 generations
  =================================================================
  Gen   4  Phi 1.0370 -> 1.0228 (-1.4%)  mods +2/-3  [ROLLBACK]  2.7s

  Total: 6 active mods, 0 rollbacks
  Gen 4 — Raw: 193, New: 0, Laws: 28, Mods: 6, 77.0s
    🧬 Cell mutation: gru → lstm
    🧬 Ratchet mutation: 1.00 → 0.25

────────────────────────────────────────────────────────────
  [S2-deeper] Gen 5 — Discovery (1000 steps, ring, Rust+adaptive)
    🔬✨ Law 749 discovered! (cross-validated 3x)
    📋 "correlation:cell_variance:tension_mean"
    📊 Total laws: 29 | Patterns: 34
    → Auto-intervention from Law 749: tension
    🔬✨ Law 750 discovered! (cross-validated 3x)
    📋 "transition:mutual_info"
    📊 Total laws: 30 | Patterns: 34
    🔬✨ Law 751 discovered! (cross-validated 3x)
    📋 "transition:phi"
    📊 Total laws: 31 | Patterns: 34
    → Auto-intervention from Law 751: phi

  =================================================================
  Self-Modifying Engine — 1 generations
  =================================================================
  Gen   5  Phi 1.0144 -> 1.0138 (-0.1%)  mods +2/-1  [ROLLBACK]  2.6s

  Total: 8 active mods, 0 rollbacks
  Gen 5 — Raw: 195, New: 2, Laws: 31, Mods: 8, 80.5s
    🧬 Faction mutation: 6 → 8
    🧬 Coupling mutation: 0.05 → 0.10

────────────────────────────────────────────────────────────
  [S2-deeper] Gen 6 — Discovery (1000 steps, ring, Rust+adaptive)

  =================================================================
  Self-Modifying Engine — 1 generations
  =================================================================
  Gen   6  Phi 0.9840 -> 0.9997 (+1.6%)  mods +3/-0  [OK]  3.0s

  Total: 11 active mods, 0 rollbacks
  Gen 6 — Raw: 193, New: 1, Laws: 31, Mods: 11, 80.9s

────────────────────────────────────────────────────────────
  [S2-deeper] Gen 7 — Discovery (1000 steps, ring, Rust+adaptive)

  =================================================================
  Self-Modifying Engine — 1 generations
  =================================================================
  Gen   7  Phi 1.0143 -> 1.0091 (-0.5%)  mods +3/-0  [ROLLBACK]  3.0s

  Total: 14 active mods, 0 rollbacks
  Gen 7 — Raw: 192, New: 0, Laws: 31, Mods: 14, 82.3s
    🧬 Hebbian mutation: 0.8 → 1.0
    🧬 Noise scale mutation: 0.010 → 0.050
    🧬 Noise type mutation: pink → correlated

────────────────────────────────────────────────────────────
  [S2-deeper] Gen 8 — Discovery (1000 steps, ring, Rust+adaptive)
    🔬✨ Law 752 discovered! (cross-validated 3x)
    📋 "oscillation:faction_entropy"
    📊 Total laws: 32 | Patterns: 35
    → Auto-intervention from Law 752: shannon_entropy

  =================================================================
  Self-Modifying Engine — 1 generations
  =================================================================
  Gen   8  Phi 1.0107 -> 1.0080 (-0.3%)  mods +3/-1  [ROLLBACK]  2.9s

  Total: 17 active mods, 0 rollbacks
  Gen 8 — Raw: 199, New: 0, Laws: 32, Mods: 17, 77.7s
    🧬 Faction mutation: 8 → 12
    🧬 Coupling mutation: 0.10 → 0.20

────────────────────────────────────────────────────────────
  [S2-deeper] Gen 9 — Discovery (1000 steps, ring, Rust+adaptive)

  =================================================================
  Self-Modifying Engine — 1 generations
  =================================================================
  Gen   9  Phi 1.0060 -> 1.0270 (+2.1%)  mods +4/-1  [OK]  3.4s

  Total: 21 active mods, 0 rollbacks
  Gen 9 — Raw: 185, New: 0, Laws: 32, Mods: 21, 77.3s
  ⚠️🔴 ring saturated (3 gens streak)
  🚀 Forcing topology: ring → small_world, cleared 3 pending
    🧬 Cell mutation: lstm → linear
    🧬 Topo param mutation: p=0.10 → 1.00
    🧬 Ratchet mutation: 0.25 → 0.50

────────────────────────────────────────────────────────────
  [S2-deeper] Gen 10 — Discovery (1000 steps, small_world, Rust+adaptive)

  =================================================================
  Self-Modifying Engine — 1 generations
  =================================================================
  Gen  10  Phi 1.0101 -> 0.9732 (-3.7%)  mods +3/-1  [ROLLBACK]  3.0s

  Total: 24 active mods, 0 rollbacks
  Gen 10 — Raw: 183, New: 0, Laws: 32, Mods: 24, 79.3s

==============================================================
  INFINITE EVOLUTION REPORT
==============================================================
  Discovery -> Dedup -> CrossVal -> Modify -> Persist
  Gen 10 | 1780s elapsed | 14:52:23
--------------------------------------------------------------
  cells=64  steps=1000  topo=small_world  xval=3x
  features: auto_roadmap, stage
--------------------------------------------------------------
  Gen  Raw  New  Rpt  Prom  Uniq  XVal  Laws  Mods
  ---  ---  ---  ---  ----  ----  ----  ----  ----
    6  193    1  192     0    35    31    31    11
    7  192    0  192     0    35    31    31    14
    8  199    0  199     1    35    32    32    17
    9  185    0  185     0    35    32    32    21
   10  183    0  183     0    32    32    32    24
--------------------------------------------------------------
  Phi (last 10 gens):
    19.5 |       ## 
         |    ######
         |    ######
         |  ########
    14.8 | #########
       +----------
--------------------------------------------------------------
  SATURATION: New=0 streak 4 gens (consider --cycle-topology)
==============================================================

────────────────────────────────────────────────────────────
  [S2-deeper] Gen 11 — Discovery (1000 steps, small_world, Rust+adaptive)
