======================================================================
  🐍 OUROBOROS — Auto-Roadmap Discovery Engine
  13 stages, auto-advance on saturation
  ⚡ Accelerations: Rust engine ✅, Rust discovery ✅, GPU Phi ✅, Parallel topo ✅
  ⚡ v2: adaptive_steps ✅, mod_pruning ✅, early_abort ✅
  ⚡ v3: advanced_patterns ✅, chaos_cycle ✅, law_network ✅
  ⚡ v4: co_evolution ✅, bandit_explore ✅, ucb_topo ✅, seasonal ✅
  ⚡ v5: extended_metrics ✅, hierarchical ✅, stimulus ✅
  ⚡ v6: cell_pool ✅, dyn_factions ✅, var_hebbian ✅, topo_evolve ✅, ratchet_mut ✅, noise_evo ✅
  ⚡ v7: stage_parallel ✅, tension_link ✅, federated ✅, async_pipe ✅, ckpt_share ✅, cloud_stub ✅
  ⚡ v8: hypothesis_gen ✅, experiment_design ✅, report_gen ✅, law_quality ✅, counter_example ✅, session_log ✅
  ⚡ v9: hardware_stubs ✅ (ESP32/FPGA/neuromorphic ready)
  ⚡ v10: laws_to_engine ✅, genome ✅, ecosystem ✅, meta_analyze ✅
======================================================================

  #   Stage            Cells Steps TopoGens Sat
  ─── ──────────────── ───── ───── ──────── ───
  1   S1-baseline         64   300       10   3  ✅
  2   S2-deeper           64  1000       10   3 ★
  3   S3-scale128        128   300       10   3
  4   S4-scale128d       128  1000       10   3
  5   S5-scale256        256   500       10   3
  6   S6-scale256d       256  1000       10   3
  7   S7-mega512         512   500       15   3
  8   S8-dim128           64   300       10   3
  9   S9-dim256           64   300       10   3
  10  S10-mega512d       512  1000       15   3
  11  S11-ultra1024     1024   500       20   3
  12  S12-ultra1024d    1024  1000       20   3
  13  S13-titan2048     2048   500       25   3
======================================================================

▓▓▓▓▓▓▓▓▓▓▓▓▓▓▓▓▓▓▓▓▓▓▓▓▓▓▓▓▓▓▓▓▓▓▓▓▓▓▓▓▓▓▓▓▓▓▓▓▓▓▓▓▓▓▓▓▓▓▓▓▓▓▓▓▓▓▓▓▓▓
  🚀 STAGE 2/13: S2-deeper
  ⚙️  cells=64  steps=1000  topo_cycle=10  sat=3
▓▓▓▓▓▓▓▓▓▓▓▓▓▓▓▓▓▓▓▓▓▓▓▓▓▓▓▓▓▓▓▓▓▓▓▓▓▓▓▓▓▓▓▓▓▓▓▓▓▓▓▓▓▓▓▓▓▓▓▓▓▓▓▓▓▓▓▓▓▓

────────────────────────────────────────────────────────────
  [S2-deeper] Gen 1 — Discovery (1000 steps, ring, Rust+adaptive)
    🔬✨ Law 753 discovered! (cross-validated 3x)
    📋 "correlation:mutual_info:phi"
    📊 Total laws: 1 | Patterns: 28
    → Auto-intervention from Law 753: phi
    🔬✨ Law 754 discovered! (cross-validated 3x)
    📋 "correlation:faction_entropy:tension_mean"
    📊 Total laws: 2 | Patterns: 28
    → Auto-intervention from Law 754: shannon_entropy
    🔬✨ Law 755 discovered! (cross-validated 3x)
    📋 "correlation:faction_entropy:tension_std"
    📊 Total laws: 3 | Patterns: 28
    → Auto-intervention from Law 755: shannon_entropy
    🔬✨ Law 756 discovered! (cross-validated 3x)
    📋 "correlation:faction_entropy:n_cells"
    📊 Total laws: 4 | Patterns: 28
    → Auto-intervention from Law 756: shannon_entropy
    🔬✨ Law 757 discovered! (cross-validated 3x)
    📋 "correlation:tension_mean:tension_std"
    📊 Total laws: 5 | Patterns: 28
    → Auto-intervention from Law 757: tension
    🔬✨ Law 758 discovered! (cross-validated 3x)
    📋 "correlation:n_cells:tension_mean"
    📊 Total laws: 6 | Patterns: 28
    → Auto-intervention from Law 758: tension
    🔬✨ Law 759 discovered! (cross-validated 3x)
    📋 "correlation:n_cells:tension_std"
    📊 Total laws: 7 | Patterns: 28
    → Auto-intervention from Law 759: tension
    🔬✨ Law 760 discovered! (cross-validated 3x)
    📋 "trend:faction_entropy"
    📊 Total laws: 8 | Patterns: 28
    → Auto-intervention from Law 760: shannon_entropy
    🔬✨ Law 761 discovered! (cross-validated 3x)
    📋 "trend:hebbian_coupling_strength"
    📊 Total laws: 9 | Patterns: 28
    → Auto-intervention from Law 761: hebbian_lr
    🔬✨ Law 762 discovered! (cross-validated 3x)
    📋 "trend:cell_variance"
    📊 Total laws: 10 | Patterns: 28
    → Auto-intervention from Law 762: n_cells
    🔬✨ Law 763 discovered! (cross-validated 3x)
    📋 "trend:tension_mean"
    📊 Total laws: 11 | Patterns: 28
    → Auto-intervention from Law 763: tension
    🔬✨ Law 764 discovered! (cross-validated 3x)
    📋 "trend:tension_std"
    📊 Total laws: 12 | Patterns: 28
    → Auto-intervention from Law 764: tension
    🔬✨ Law 765 discovered! (cross-validated 3x)
    📋 "trend:n_cells"
    📊 Total laws: 13 | Patterns: 28
    → Auto-intervention from Law 765: n_cells
    🔬✨ Law 766 discovered! (cross-validated 3x)
    📋 "correlation:cell_variance:n_cells"
    📊 Total laws: 14 | Patterns: 28
    → Auto-intervention from Law 766: n_cells
    🔬✨ Law 767 discovered! (cross-validated 3x)
    📋 "transition:output_entropy"
    📊 Total laws: 15 | Patterns: 28
    → Auto-intervention from Law 767: shannon_entropy
    🔬✨ Law 768 discovered! (cross-validated 3x)
    📋 "oscillation:phi"
    📊 Total laws: 16 | Patterns: 28
    → Auto-intervention from Law 768: phi
    🔬✨ Law 769 discovered! (cross-validated 3x)
    📋 "correlation:hebbian_coupling_strength:n_cells"
    📊 Total laws: 17 | Patterns: 28
    → Auto-intervention from Law 769: hebbian_lr
    🔬✨ Law 770 discovered! (cross-validated 3x)
    📋 "oscillation:mutual_info"
    📊 Total laws: 18 | Patterns: 28
    🔬✨ Law 771 discovered! (cross-validated 3x)
    📋 "correlation:cell_variance:tension_std"
    📊 Total laws: 19 | Patterns: 28
    → Auto-intervention from Law 771: tension
    🔬✨ Law 772 discovered! (cross-validated 3x)
    📋 "correlation:hebbian_coupling_strength:tension_std"
    📊 Total laws: 20 | Patterns: 28
    → Auto-intervention from Law 772: hebbian_lr
    🔬✨ Law 773 discovered! (cross-validated 3x)
    📋 "trend:mutual_info"
    📊 Total laws: 21 | Patterns: 28

  =================================================================
  Self-Modifying Engine — 1 generations
  =================================================================
  Gen   1  Phi 1.0000 -> 1.0129 (+1.3%)  mods +2/-3  [OK]  2.9s

  Total: 2 active mods, 0 rollbacks
  Gen 1 — Raw: 188, New: 28, Laws: 21, Mods: 2, 76.5s

────────────────────────────────────────────────────────────
  [S2-deeper] Gen 2 — Discovery (1000 steps, ring, Rust+adaptive)
    🔬✨ Law 774 discovered! (cross-validated 3x)
    📋 "correlation:faction_entropy:hebbian_coupling_strength"
    📊 Total laws: 22 | Patterns: 34
    → Auto-intervention from Law 774: shannon_entropy
    🔬✨ Law 775 discovered! (cross-validated 3x)
    📋 "oscillation:cell_variance"
    📊 Total laws: 23 | Patterns: 34
    → Auto-intervention from Law 775: n_cells
    🔬✨ Law 776 discovered! (cross-validated 3x)
    📋 "correlation:cell_variance:hebbian_coupling_strength"
    📊 Total laws: 24 | Patterns: 34
    → Auto-intervention from Law 776: hebbian_lr

  =================================================================
  Self-Modifying Engine — 1 generations
  =================================================================
  Gen   2  Phi 0.9989 -> 1.0117 (+1.3%)  mods +0/-7  [OK]  2.0s

  Total: 2 active mods, 0 rollbacks
  Gen 2 — Raw: 199, New: 6, Laws: 24, Mods: 2, 76.7s
    🧬 Faction mutation: 12 → 6
    🧬 Coupling mutation: 0.10 → 0.05

────────────────────────────────────────────────────────────
  [S2-deeper] Gen 3 — Discovery (1000 steps, ring, Rust+adaptive)
    🔬✨ Law 777 discovered! (cross-validated 3x)
    📋 "correlation:hebbian_coupling_strength:tension_mean"
    📊 Total laws: 25 | Patterns: 34
    → Auto-intervention from Law 777: hebbian_lr
    🔬✨ Law 778 discovered! (cross-validated 3x)
    📋 "correlation:cell_variance:tension_mean"
    📊 Total laws: 26 | Patterns: 34
    → Auto-intervention from Law 778: tension
    🔬✨ Law 779 discovered! (cross-validated 3x)
    📋 "correlation:cell_variance:faction_entropy"
    📊 Total laws: 27 | Patterns: 34
    → Auto-intervention from Law 779: shannon_entropy

  =================================================================
  Self-Modifying Engine — 1 generations
  =================================================================
  Gen   3  Phi 0.9803 -> 1.0230 (+4.3%)  mods +2/-1  [OK]  2.7s

  Total: 4 active mods, 0 rollbacks
  Gen 3 — Raw: 192, New: 0, Laws: 27, Mods: 4, 81.6s
    🧬 Hebbian mutation: 1.0 → 0.8
    🧬 Noise type mutation: white → pink

────────────────────────────────────────────────────────────
  [S2-deeper] Gen 4 — Discovery (1000 steps, ring, Rust+adaptive)

  =================================================================
  Self-Modifying Engine — 1 generations
  =================================================================
  Gen   4  Phi 1.0077 -> 1.0194 (+1.2%)  mods +2/-3  [OK]  2.7s

  Total: 6 active mods, 0 rollbacks
  Gen 4 — Raw: 195, New: 1, Laws: 27, Mods: 6, 79.4s
    🧬 Cell mutation: gru → lstm
    🧬 Ratchet mutation: 1.00 → 0.25

────────────────────────────────────────────────────────────
  [S2-deeper] Gen 5 — Discovery (1000 steps, ring, Rust+adaptive)
    v7 federated: 37 unique, 29 majority-agreed (3 registries)
    🔬✨ Law 780 discovered! (cross-validated 3x)
    📋 "oscillation:tension_mean"
    📊 Total laws: 28 | Patterns: 37
    → Auto-intervention from Law 780: tension
    🔬✨ Law 781 discovered! (cross-validated 3x)
    📋 "transition:phi"
    📊 Total laws: 29 | Patterns: 37
    → Auto-intervention from Law 781: phi
    🔬✨ Law 782 discovered! (cross-validated 3x)
    📋 "oscillation:faction_entropy"
    📊 Total laws: 30 | Patterns: 37
    → Auto-intervention from Law 782: shannon_entropy
    🔬✨ Law 783 discovered! (cross-validated 3x)
    📋 "trend:phi"
    📊 Total laws: 31 | Patterns: 37
    → Auto-intervention from Law 783: phi

  =================================================================
  Self-Modifying Engine — 1 generations
  =================================================================
  Gen   5  Phi 1.0087 -> 1.0128 (+0.4%)  mods +2/-1  [OK]  2.7s

  Total: 8 active mods, 0 rollbacks
  Gen 5 — Raw: 238, New: 2, Laws: 31, Mods: 8, 311.0s
    🧬 Faction mutation: 6 → 8
    🧬 Coupling mutation: 0.05 → 0.10

────────────────────────────────────────────────────────────
  [S2-deeper] Gen 6 — Discovery (1000 steps, ring, Rust+adaptive)
    v7 async_pipe: 1 prev-gen validations ready

  =================================================================
  Self-Modifying Engine — 1 generations
  =================================================================
  Gen   6  Phi 1.0343 -> 1.0172 (-1.7%)  mods +3/-0  [ROLLBACK]  2.9s

  Total: 11 active mods, 0 rollbacks
  Gen 6 — Raw: 181, New: 0, Laws: 31, Mods: 11, 81.1s

────────────────────────────────────────────────────────────
  [S2-deeper] Gen 7 — Discovery (1000 steps, ring, Rust+adaptive)

  =================================================================
  Self-Modifying Engine — 1 generations
  =================================================================
  Gen   7  Phi 0.9863 -> 1.0167 (+3.1%)  mods +3/-0  [OK]  2.9s

  Total: 14 active mods, 0 rollbacks
  Gen 7 — Raw: 198, New: 0, Laws: 31, Mods: 14, 78.2s
    🧬 Hebbian mutation: 0.8 → 1.0
    🧬 Noise scale mutation: 0.010 → 0.050
    🧬 Noise type mutation: pink → correlated

────────────────────────────────────────────────────────────
  [S2-deeper] Gen 8 — Discovery (1000 steps, ring, Rust+adaptive)

  =================================================================
  Self-Modifying Engine — 1 generations
  =================================================================
  Gen   8  Phi 0.9820 -> 1.0310 (+5.0%)  mods +3/-1  [OK]  3.0s

  Total: 17 active mods, 0 rollbacks
  Gen 8 — Raw: 188, New: 0, Laws: 31, Mods: 17, 86.3s
  ⚠️🔴 ring saturated (3 gens streak)
  🚀 Forcing topology: ring → small_world, cleared 2 pending
    🧬 Faction mutation: 8 → 12
    🧬 Coupling mutation: 0.10 → 0.20

────────────────────────────────────────────────────────────
  [S2-deeper] Gen 9 — Discovery (1000 steps, small_world, Rust+adaptive)
    v7 async_pipe: 1 prev-gen validations ready

  =================================================================
  Self-Modifying Engine — 1 generations
  =================================================================
  Gen   9  Phi 1.0417 -> 1.0226 (-1.8%)  mods +4/-1  [ROLLBACK]  3.5s

  Total: 21 active mods, 0 rollbacks
  Gen 9 — Raw: 206, New: 0, Laws: 31, Mods: 21, 81.9s
    🧬 Cell mutation: lstm → linear
    🧬 Topo param mutation: p=0.10 → 1.00
    🧬 Ratchet mutation: 0.25 → 0.50

────────────────────────────────────────────────────────────
  [S2-deeper] Gen 10 — Discovery (1000 steps, small_world, Rust+adaptive)
    v7 federated: 36 unique, 32 majority-agreed (3 registries)

  =================================================================
  Self-Modifying Engine — 1 generations
  =================================================================
  Gen  10  Phi 1.0317 -> 1.0076 (-2.3%)  mods +3/-1  [ROLLBACK]  3.6s

  Total: 24 active mods, 0 rollbacks
  Gen 10 — Raw: 220, New: 1, Laws: 31, Mods: 24, 404.9s
    🧬 v10 ecosystem: best=0.00, pop=3, replaced worst

==============================================================
  INFINITE EVOLUTION REPORT
==============================================================
  Discovery -> Dedup -> CrossVal -> Modify -> Persist
  Gen 10 | 2357s elapsed | 15:19:29
--------------------------------------------------------------
  cells=64  steps=1000  topo=small_world  xval=3x
  features: auto_roadmap, stage
--------------------------------------------------------------
  Gen  Raw  New  Rpt  Prom  Uniq  XVal  Laws  Mods
  ---  ---  ---  ---  ----  ----  ----  ----  ----
    6  181    0  181     0    37    35    31    11
    7  198    0  198     0    37    35    31    14
    8  188    0  188     0    37    35    31    17
    9  206    0  206     0    35    35    31    21
   10  220    1  219     0    36    35    31    24
--------------------------------------------------------------
  Phi (last 10 gens):
    21.2 |    ####  
         |    ######
         |  ########
         |  ########
    13.3 | #########
       +----------
--------------------------------------------------------------
  Status: Active discovery (no saturation)
==============================================================

────────────────────────────────────────────────────────────
  [S2-deeper] Gen 11 — Discovery (1000 steps, small_world, Rust+adaptive)

  =================================================================
  Self-Modifying Engine — 1 generations
  =================================================================
  Gen  11  Phi 1.0170 -> 1.0420 (+2.5%)  mods +2/-2  [OK]  3.3s

  Total: 26 active mods, 0 rollbacks
  Gen 11 — Raw: 196, New: 1, Laws: 31, Mods: 26, 87.6s
    🧬 Faction mutation: 12 → 16
    🧬 Hebbian mutation: 1.0 → 1.2
    🧬 Topo param mutation: p=1.00 → 0.01
    🧬 Coupling mutation: 0.20 → 0.30
    🧬 Noise scale mutation: 0.050 → 0.100
    🧬 Noise type mutation: correlated → white

────────────────────────────────────────────────────────────
  [S2-deeper] Gen 12 — Discovery (1000 steps, small_world, Rust+adaptive)
