2026/04/22 22:27:35 NOTICE: Failed to backend: "lifecycle" command not found
2026/04/22 22:27:35 NOTICE: Failed to backend: "lifecycle" command not found
2026/04/22 22:28:49 NOTICE: Failed to backend: "lifecycle" command not found
2026/04/22 22:28:49 NOTICE: Failed to backend: "lifecycle" command not found
[2026-04-22T13:57:29Z] curl PUT bucket=anima-ckpt http=400
HTTP/1.1 400 Bad Request
Date: Wed, 22 Apr 2026 13:57:29 GMT
Content-Type: application/xml
Content-Length: 187
Connection: keep-alive
Server: cloudflare
CF-RAY: 9f052349c90aea9b-ICN

---- response body ----
<?xml version="1.0" encoding="UTF-8"?><Error><Code>MalformedXML</Code><Message>The XML you provided was not well formed or did not validate against our published schema.</Message></Error>2026/04/22 22:57:29 NOTICE: Failed to backend: "lifecycle" command not found
[2026-04-22T13:57:29Z] curl PUT bucket=anima-archive http=400
HTTP/1.1 400 Bad Request
Date: Wed, 22 Apr 2026 13:57:29 GMT
Content-Type: application/xml
Content-Length: 187
Connection: keep-alive
Server: cloudflare
CF-RAY: 9f05234d788189c0-ICN

---- response body ----
<?xml version="1.0" encoding="UTF-8"?><Error><Code>MalformedXML</Code><Message>The XML you provided was not well formed or did not validate against our published schema.</Message></Error>2026/04/22 22:57:29 NOTICE: Failed to backend: "lifecycle" command not found
