__LAW_64_CYCLE_4_T8Q_MOORE9_SHARED_BEGIN__ Conway 10x10 32% — shared-P-9 baseline sweep
hypothesis: does matched-neighborhood translation-invariant baseline saturate Conway?
seed=20260428 grid=10x10 k_live=32 (32%) contexts=512
N_STEPS sweep: 50, 200, 1000, 5000  (train = N_STEPS/2, test = N_STEPS/2)
N=50 ca_acc=1000 mk_acc=997 adv_per_1000=3 ctx_coverage=419/512
N=200 ca_acc=1000 mk_acc=1000 adv_per_1000=0 ctx_coverage=481/512
N=1000 ca_acc=1000 mk_acc=1000 adv_per_1000=0 ctx_coverage=481/512
N=5000 ca_acc=1000 mk_acc=1000 adv_per_1000=0 ctx_coverage=481/512
--- summary table ---
  N=50    ca=1000 mk=997 adv=3
  N=200   ca=1000 mk=1000 adv=0
  N=1000  ca=1000 mk=1000 adv=0
  N=5000  ca=1000 mk=1000 adv=0
--- T8l anchor comparison (per-cell o1/o2/o3 at N=50: adv=160/168/169) ---
  shared-P-9 at N=50: adv=3  (delta vs per-cell o3: -166)
--- verdict ---
  verdict=H1_SUPPORTED_v6_CONFIRMED_matched_baseline_saturates_at_N200
  law_64_direction=LAW_64_v6_RECONFIRMED_proper_matched_test_passed
__LAW_64_CYCLE_4_T8Q_RESULT__ H1_SUPPORTED_v6_CONFIRMED_matched_baseline_saturates_at_N200
raw_91_C1_falsifiable=YES_pre_registered_thresholds_5_50_per_thousand_at_N200_N5000
raw_91_C2_replicable=YES_seed_20260428_deterministic_RNG_reset_per_N
raw_91_C3_no_p_hacking=YES_thresholds_and_N_values_frozen_in_header_before_run
raw_91_C4_data_caveats=10x10_32pct_density_random_init_toroidal_NOT_glider_specific
raw_91_C5_negative_result_published=YES_emit_regardless_of_outcome
