__LAW_64_CYCLE_4_T10A_DNA_CODON_BEGIN__ non-CA 4-symbol alignment test
hypothesis H1 (alignment universal): order-3 saturates (<+5/1000) at N>=500 — Law 64 generalizes beyond CA
hypothesis H2 (CA-specific): order-3 advantage >=+50 at N=1500 — alignment is CA-only
hypothesis H3 (data-sparsity): 5 <= order-3 advantage < 50 at N=1500 — partial closure, alphabet-size scaling
seed=20260428 len=64 alphabet=4 rule=xor3_codon N_TEST=15
init_single_A_nonzero=5 (expect 5 — CGTGC seed)
--- order=1 (P(next|self), 4 ctx/cell × 4 outs = 16 params/cell) ---
  order=1 n_train=50 oracle_acc=1000 markov_acc=908 advantage_per_thousand=101
  order=1 n_train=500 oracle_acc=1000 markov_acc=912 advantage_per_thousand=96
  order=1 n_train=1500 oracle_acc=1000 markov_acc=912 advantage_per_thousand=96
--- order=3 (P(next|prev,self,post), 64 ctx/cell × 4 outs = 256 params/cell — matches codon rule width) ---
  order=3 n_train=50 oracle_acc=1000 markov_acc=1000 advantage_per_thousand=0
  order=3 n_train=500 oracle_acc=1000 markov_acc=1000 advantage_per_thousand=0
  order=3 n_train=1500 oracle_acc=1000 markov_acc=1000 advantage_per_thousand=0
--- order=5 (P(next|5-cell window), 1024 ctx/cell × 4 outs = 4096 params/cell — supersumes codon width) ---
  order=5 n_train=50 oracle_acc=1000 markov_acc=1000 advantage_per_thousand=0
  order=5 n_train=500 oracle_acc=1000 markov_acc=1000 advantage_per_thousand=0
  order=5 n_train=1500 oracle_acc=1000 markov_acc=1000 advantage_per_thousand=0
--- aggregate (advantage_per_thousand at key anchors) ---
adv_o1_n500=96 adv_o1_n1500=96
adv_o3_n500=0 adv_o3_n1500=0
adv_o5_n500=0 adv_o5_n1500=0
--- verdict ---
verdict=H1_SUPPORTED_alignment_principle_universal_order3_saturates_on_non_CA_4_symbol_substrate
law_64_direction=LAW_64_v8_CANDIDATE_matched_context_markov_saturates_ANY_deterministic_finite_context_discrete_substrate_CA_plus_4symbol_codon_rules
o5_closure_check_adv_o5_n1500=0_threshold_<5_for_full_closure_at_supersumed_window
__LAW_64_CYCLE_4_T10A_RESULT__ H1_SUPPORTED_alignment_principle_universal_order3_saturates_on_non_CA_4_symbol_substrate
raw_91_C1_falsifiable=YES_pre_registered_thresholds_5_and_50_at_order3_N500_and_N1500_frozen
raw_91_C2_replicable=YES_seed_20260428_deterministic_LCG_codon_rule_xor3_single_A_init
raw_91_C3_no_p_hacking=YES_thresholds_orders_anchors_frozen_in_header_before_run
raw_91_C4_data_caveats=length_64_toroidal_single_A_init_only_no_random_density_init_tested
raw_91_C5_negative_result_published=YES_emit_regardless_of_outcome_per_raw_71
raw_91_caveat=order-3_exactly_matches_codon_rule_3-cell_neighborhood_test_is_whether_data_volume_at_N=1500_is_sufficient_for_o3_to_learn_the_true_4-symbol_function
raw_91_caveat=this_is_synthetic_determined_DNA_NOT_real_DNA_or_NL_real_substrates_have_longer_context_and_stochasticity_forward_step_if_H1_fires
