[13:40:08] iter=1 elapsed=14s cost=$0.0116 PROC=1
CACHE_GB=1.6G
OUT=
LAST=[13:39:51] __GEMMA_27B_INT8_MEMCG__ max=286999998464|[13:39:51] __GEMMA_27B_INT8_DISK__ workspace_total_gb=107.4 free_gb=107.4|[13:39:51] __GEMMA_27B_INT8_STAGE1_DL_BEGIN__ snapshot_download(max_workers=1)|
[13:41:11] iter=2 elapsed=78s cost=$0.0648 PROC=1
CACHE_GB=7.6G
OUT=
LAST=[13:39:51] __GEMMA_27B_INT8_MEMCG__ max=286999998464|[13:39:51] __GEMMA_27B_INT8_DISK__ workspace_total_gb=107.4 free_gb=107.4|[13:39:51] __GEMMA_27B_INT8_STAGE1_DL_BEGIN__ snapshot_download(max_workers=1)|
[13:42:14] iter=3 elapsed=141s cost=$0.1171 PROC=1
CACHE_GB=7.6G
OUT=
LAST=[13:39:51] __GEMMA_27B_INT8_MEMCG__ max=286999998464|[13:39:51] __GEMMA_27B_INT8_DISK__ workspace_total_gb=107.4 free_gb=107.4|[13:39:51] __GEMMA_27B_INT8_STAGE1_DL_BEGIN__ snapshot_download(max_workers=1)|
[13:43:18] iter=4 elapsed=204s cost=$0.1694 PROC=1
CACHE_GB=11G
OUT=
LAST=[13:39:51] __GEMMA_27B_INT8_MEMCG__ max=286999998464|[13:39:51] __GEMMA_27B_INT8_DISK__ workspace_total_gb=107.4 free_gb=107.4|[13:39:51] __GEMMA_27B_INT8_STAGE1_DL_BEGIN__ snapshot_download(max_workers=1)|
[13:44:22] iter=5 elapsed=268s cost=$0.2226 PROC=1
CACHE_GB=15G
OUT=
LAST=[13:39:51] __GEMMA_27B_INT8_MEMCG__ max=286999998464|[13:39:51] __GEMMA_27B_INT8_DISK__ workspace_total_gb=107.4 free_gb=107.4|[13:39:51] __GEMMA_27B_INT8_STAGE1_DL_BEGIN__ snapshot_download(max_workers=1)|
[13:45:27] iter=6 elapsed=332s cost=$0.2757 PROC=1
CACHE_GB=15G
OUT=summary.json,
LAST= raise RuntimeError("No GPU found. A GPU is needed for quantization.")|RuntimeError: No GPU found. A GPU is needed for quantization.||
[13:46:30] iter=7 elapsed=397s cost=$0.3297 PROC=1
CACHE_GB=15G
OUT=summary.json,
LAST= raise RuntimeError("No GPU found. A GPU is needed for quantization.")|RuntimeError: No GPU found. A GPU is needed for quantization.||
[13:47:35] iter=8 elapsed=460s cost=$0.3821 PROC=1
CACHE_GB=15G
OUT=summary.json,
LAST= raise RuntimeError("No GPU found. A GPU is needed for quantization.")|RuntimeError: No GPU found. A GPU is needed for quantization.||
[13:48:38] iter=9 elapsed=525s cost=$0.436 PROC=1
CACHE_GB=15G
OUT=summary.json,
LAST= raise RuntimeError("No GPU found. A GPU is needed for quantization.")|RuntimeError: No GPU found. A GPU is needed for quantization.||
[13:49:42] iter=10 elapsed=588s cost=$0.4884 PROC=1
CACHE_GB=15G
OUT=summary.json,
LAST= raise RuntimeError("No GPU found. A GPU is needed for quantization.")|RuntimeError: No GPU found. A GPU is needed for quantization.||
