
======================================================================
  🌀 Emergence Singularity — NEXUS-6 Powered
  Engines: 8 | Cells: ≤64 | Steps/gen: 100
  NEXUS-6: ✅ 133 lenses
  Exhaustion patience: 10 dry generations
======================================================================

  Gen    1 │ Φ    8.80 (avg  6.58) │ cells  19 │ 🔬 +4 │ total   4 │  🔭154 │ 62.1s
         └─ 📜 Cell count positively correlates with Phi (r=0.99)
         └─ 📜 Topology 'ring' yields mean Phi=6.88 (n=5)
         └─ 📜 Optimal faction count is 8 (Phi=8.80)
         └─ 📜 Phase transition detected: 1 sudden Phi jumps (max=2.61)
  Gen    2 │ Φ   13.96 (avg  7.25) │ cells  18 │ 🔬 +4 │ total   8 │  🔭154 │ 44.6s
         └─ 📜 Cell count positively correlates with Phi (r=0.82)
         └─ 📜 Topology 'ring' yields mean Phi=6.89 (n=11)
         └─ 📜 Topology 'scale_free' yields mean Phi=7.77 (n=3)
         └─ 📜 Optimal faction count is 8 (Phi=10.14)
  Gen    3 │ Φ   11.63 (avg  7.56) │ cells  16 │ 🔬 +5 │ total  13 │  🔭154 │ 51.1s
         └─ 📜 Cell count positively correlates with Phi (r=0.63)
         └─ 📜 Topology 'ring' yields mean Phi=7.37 (n=15)
         └─ 📜 Topology 'scale_free' yields mean Phi=6.99 (n=7)
         └─ 📜 Optimal faction count is 8 (Phi=9.32)
         └─ 📜 Split threshold 0.4 maximizes cell growth (mean=16.0 cells)
  Gen    4 │ Φ   12.37 (avg  8.94) │ cells  16 │ 🔬 +4 │ total  17 │  🔭154 │ 42.8s
         └─ 📜 Topology 'ring' yields mean Phi=7.88 (n=19)
         └─ 📜 Topology 'scale_free' yields mean Phi=7.40 (n=11)
         └─ 📜 Optimal faction count is 8 (Phi=9.49)
         └─ 📜 Split threshold 0.2 maximizes cell growth (mean=18.0 cells)
  Gen    5 │ Φ   12.47 (avg  8.85) │ cells  16 │ 🔬 +3 │ total  20 │  🔭154 │ 40.4s
         └─ 📜 Topology 'ring' yields mean Phi=8.26 (n=25)
         └─ 📜 Topology 'scale_free' yields mean Phi=7.34 (n=13)
         └─ 📜 Optimal faction count is 8 (Phi=9.48)
  Gen    6 │ Φ   14.24 (avg 10.48) │ cells  19 │ 🔬 +4 │ total  24 │  🔭154 │ 46.7s
         └─ 📜 Cell count positively correlates with Phi (r=0.74)
         └─ 📜 Topology 'ring' yields mean Phi=8.75 (n=32)
         └─ 📜 Topology 'small_world' yields mean Phi=8.22 (n=2)
         └─ 📜 Optimal faction count is 8 (Phi=9.95)
