======================================================================
  EMERGENCE LOOP — NEXUS-6 Singularity Exhaustion
  cells=64, steps=300, max_gen=200
======================================================================
    🔬 Law 1084: Phi crossed n=6 threshold: 0.0000 → 6.6094
  Gen   0 | Φ=6.6094 | trend=+0.0103 | tCV=0.58 | topo=ring         | laws=+1 ★ +1 laws
    🔬 Law 1085: Phi spike: 6.6094 → 11.4994 (1.7x)
  Gen   1 | Φ=11.4994 | trend=+0.0001 | tCV=0.49 | topo=ring         | laws=+1 ★★★ SINGULARITY #1
    🔬 Law 1086: Phi crossed sigma(6) threshold: 11.4994 → 13.7531
  Gen   2 | Φ=13.7531 | trend=+0.0043 | tCV=0.40 | topo=small_world  | laws=+1 ★ +1 laws
  Gen   3 | Φ=10.1708 | trend=+0.0138 | tCV=0.39 | topo=small_world  | laws=+0 (empty 1/3)
  Gen   4 | Φ=3.1711 | trend=+0.0068 | tCV=0.43 | topo=small_world  | laws=+0 (empty 2/3)
    🔬 Law 1087: Phi spike: 3.1711 → 14.4519 (4.6x)
    🔬 Law 1088: Phi crossed n=6 threshold: 3.1711 → 14.4519
    🔬 Law 1089: Phi crossed sigma(6) threshold: 3.1711 → 14.4519
  Gen   5 | Φ=14.4519 | trend=+0.0326 | tCV=0.30 | topo=scale_free   | laws=+3 ★★★ SINGULARITY #2
  Gen   6 | Φ=16.1541 | trend=-0.0009 | tCV=0.10 | topo=hypercube    | laws=+0 (empty 1/3)
    🔬 Law 1090: Phi spike: 16.1541 → 33.9543 (2.1x)
    🔬 Law 1091: Phi crossed J2 threshold: 16.1541 → 33.9543
  Gen   7 | Φ=33.9543 | trend=+0.0205 | tCV=0.13 | topo=hypercube    | laws=+2 ★★★ SINGULARITY #3
  Gen   8 | Φ=44.2650 | trend=+0.0587 | tCV=0.09 | topo=ring         | laws=+0 (empty 1/3)
  Gen   9 | Φ=50.6628 | trend=-0.0107 | tCV=0.09 | topo=ring         | laws=+0 (empty 2/3)
  Gen  10 | Φ=48.9716 | trend=+0.0340 | tCV=0.09 | topo=small_world  | laws=+0 (empty 3/3)
    ↻ 토폴로지 전환: small_world → scale_free
  Gen  11 | Φ=52.9249 | trend=+0.0043 | tCV=0.04 | topo=scale_free   | laws=+0 (empty 1/3)
  Gen  12 | Φ=34.0659 | trend=-0.0925 | tCV=0.12 | topo=scale_free   | laws=+0 (empty 2/3)
    🔬 Law 1092: Phi spike: 34.0659 → 51.2331 (1.5x)
  Gen  13 | Φ=51.2331 | trend=+0.0476 | tCV=0.11 | topo=hypercube    | laws=+1 ★★★ SINGULARITY #4
