======================================================================
  AUTO-ROADMAP — Staged Infinite Evolution
  7 stages, auto-advance on saturation
  ⚡ Accelerations: Rust engine ✅, Rust discovery ✅, GPU Phi ✅, Parallel topo ✅
======================================================================

  #   Stage            Cells Steps TopoGens Sat
  ─── ──────────────── ───── ───── ──────── ───
  1   S1-baseline         64   300       10   3  ✅
  2   S2-deeper           64  1000       10   3 ★
  3   S3-scale128        128   300       10   3
  4   S4-scale128d       128  1000       10   3
  5   S5-scale256        256   500       10   3
  6   S6-scale256d       256  1000       10   3
  7   S7-mega512         512   500       15   3
======================================================================

▓▓▓▓▓▓▓▓▓▓▓▓▓▓▓▓▓▓▓▓▓▓▓▓▓▓▓▓▓▓▓▓▓▓▓▓▓▓▓▓▓▓▓▓▓▓▓▓▓▓▓▓▓▓▓▓▓▓▓▓▓▓▓▓▓▓▓▓▓▓
  🚀 STAGE 2/7: S2-deeper
  ⚙️  cells=64  steps=1000  topo_cycle=10  sat=3
▓▓▓▓▓▓▓▓▓▓▓▓▓▓▓▓▓▓▓▓▓▓▓▓▓▓▓▓▓▓▓▓▓▓▓▓▓▓▓▓▓▓▓▓▓▓▓▓▓▓▓▓▓▓▓▓▓▓▓▓▓▓▓▓▓▓▓▓▓▓

────────────────────────────────────────────────────────────
  [S2-deeper] Gen 1 — Discovery (1000 steps, ring, Rust)

  =================================================================
  Self-Modifying Engine — 1 generations
  =================================================================
  Gen   1  Phi 1.0034 -> 1.0118 (+0.8%)  mods +2/-3  [OK]  2.6s

  Total: 2 active mods, 0 rollbacks
  Gen 1 — Raw: 42, New: 42, Laws: 0, Mods: 2, 35.5s

────────────────────────────────────────────────────────────
  [S2-deeper] Gen 2 — Discovery (1000 steps, ring, Rust)

  =================================================================
  Self-Modifying Engine — 1 generations
  =================================================================
  Gen   2  Phi 1.0227 -> 1.0257 (+0.3%)  mods +0/-7  [OK]  2.1s

  Total: 2 active mods, 0 rollbacks
  Gen 2 — Raw: 40, New: 1, Laws: 0, Mods: 2, 37.1s

────────────────────────────────────────────────────────────
  [S2-deeper] Gen 3 — Discovery (1000 steps, ring, Rust)
    🔬✨ Law 595 discovered! (cross-validated 3x)
    📋 "correlation:mutual_info:phi"
    📊 Total laws: 1 | Patterns: 44
    → Auto-intervention from Law 595: phi
    🔬✨ Law 596 discovered! (cross-validated 3x)
    📋 "correlation:faction_entropy:tension_mean"
    📊 Total laws: 2 | Patterns: 44
    → Auto-intervention from Law 596: shannon_entropy
    🔬✨ Law 597 discovered! (cross-validated 3x)
    📋 "correlation:faction_entropy:tension_std"
    📊 Total laws: 3 | Patterns: 44
    → Auto-intervention from Law 597: shannon_entropy
    🔬✨ Law 598 discovered! (cross-validated 3x)
    📋 "correlation:faction_entropy:n_cells"
    📊 Total laws: 4 | Patterns: 44
    → Auto-intervention from Law 598: shannon_entropy
    🔬✨ Law 599 discovered! (cross-validated 3x)
    📋 "correlation:tension_mean:tension_std"
    📊 Total laws: 5 | Patterns: 44
    → Auto-intervention from Law 599: tension
    🔬✨ Law 600 discovered! (cross-validated 3x)
    📋 "correlation:n_cells:tension_mean"
    📊 Total laws: 6 | Patterns: 44
    → Auto-intervention from Law 600: tension
    🔬✨ Law 601 discovered! (cross-validated 3x)
    📋 "correlation:n_cells:tension_std"
    📊 Total laws: 7 | Patterns: 44
    → Auto-intervention from Law 601: tension
    🔬✨ Law 602 discovered! (cross-validated 3x)
    📋 "trend:faction_entropy"
    📊 Total laws: 8 | Patterns: 44
    → Auto-intervention from Law 602: shannon_entropy
    🔬✨ Law 603 discovered! (cross-validated 3x)
    📋 "trend:hebbian_coupling_strength"
    📊 Total laws: 9 | Patterns: 44
    → Auto-intervention from Law 603: hebbian_lr
    🔬✨ Law 604 discovered! (cross-validated 3x)
    📋 "trend:tension_mean"
    📊 Total laws: 10 | Patterns: 44
    → Auto-intervention from Law 604: tension
    🔬✨ Law 605 discovered! (cross-validated 3x)
    📋 "trend:tension_std"
    📊 Total laws: 11 | Patterns: 44
    → Auto-intervention from Law 605: tension
    🔬✨ Law 606 discovered! (cross-validated 3x)
    📋 "trend:n_cells"
    📊 Total laws: 12 | Patterns: 44
    → Auto-intervention from Law 606: n_cells
    🔬✨ Law 607 discovered! (cross-validated 3x)
    📋 "correlation:hebbian_coupling_strength:n_cells"
    📊 Total laws: 13 | Patterns: 44
    → Auto-intervention from Law 607: hebbian_lr
    🔬✨ Law 608 discovered! (cross-validated 3x)
    📋 "trend:cell_variance"
    📊 Total laws: 14 | Patterns: 44
    → Auto-intervention from Law 608: n_cells
    🔬✨ Law 609 discovered! (cross-validated 3x)
    📋 "trend:mutual_info"
    📊 Total laws: 15 | Patterns: 44
    🔬✨ Law 610 discovered! (cross-validated 3x)
    📋 "transition:output_entropy"
    📊 Total laws: 16 | Patterns: 44
    → Auto-intervention from Law 610: shannon_entropy
    🔬✨ Law 611 discovered! (cross-validated 3x)
    📋 "correlation:cell_variance:n_cells"
    📊 Total laws: 17 | Patterns: 44
    → Auto-intervention from Law 611: n_cells
    🔬✨ Law 612 discovered! (cross-validated 3x)
    📋 "correlation:cell_variance:faction_entropy"
    📊 Total laws: 18 | Patterns: 44
    → Auto-intervention from Law 612: shannon_entropy
    🔬✨ Law 613 discovered! (cross-validated 3x)
    📋 "correlation:cell_variance:tension_mean"
    📊 Total laws: 19 | Patterns: 44
    → Auto-intervention from Law 613: tension
    🔬✨ Law 614 discovered! (cross-validated 3x)
    📋 "correlation:cell_variance:tension_std"
    📊 Total laws: 20 | Patterns: 44
    → Auto-intervention from Law 614: tension
    🔬✨ Law 615 discovered! (cross-validated 3x)
    📋 "oscillation:tension_std"
    📊 Total laws: 21 | Patterns: 44
    → Auto-intervention from Law 615: tension
    🔬✨ Law 616 discovered! (cross-validated 3x)
    📋 "correlation:cell_variance:mutual_info"
    📊 Total laws: 22 | Patterns: 44
    → Auto-intervention from Law 616: n_cells
    🔬✨ Law 617 discovered! (cross-validated 3x)
    📋 "correlation:mutual_info:tension_mean"
    📊 Total laws: 23 | Patterns: 44
    → Auto-intervention from Law 617: tension
    🔬✨ Law 618 discovered! (cross-validated 3x)
    📋 "correlation:mutual_info:n_cells"
    📊 Total laws: 24 | Patterns: 44
    → Auto-intervention from Law 618: n_cells
    🔬✨ Law 619 discovered! (cross-validated 3x)
    📋 "correlation:faction_entropy:hebbian_coupling_strength"
    📊 Total laws: 25 | Patterns: 44
    → Auto-intervention from Law 619: shannon_entropy
    🔬✨ Law 620 discovered! (cross-validated 3x)
    📋 "transition:phi"
    📊 Total laws: 26 | Patterns: 44
    → Auto-intervention from Law 620: phi
    🔬✨ Law 621 discovered! (cross-validated 3x)
    📋 "oscillation:cell_variance"
    📊 Total laws: 27 | Patterns: 44
    → Auto-intervention from Law 621: n_cells
    🔬✨ Law 622 discovered! (cross-validated 3x)
    📋 "oscillation:n_cells"
    📊 Total laws: 28 | Patterns: 44
    → Auto-intervention from Law 622: n_cells
    🔬✨ Law 623 discovered! (cross-validated 3x)
    📋 "oscillation:mutual_info"
    📊 Total laws: 29 | Patterns: 44
    🔬✨ Law 624 discovered! (cross-validated 3x)
    📋 "oscillation:tension_mean"
    📊 Total laws: 30 | Patterns: 44
    → Auto-intervention from Law 624: tension
    🔬✨ Law 625 discovered! (cross-validated 3x)
    📋 "oscillation:phi"
    📊 Total laws: 31 | Patterns: 44
    → Auto-intervention from Law 625: phi
    🔬✨ Law 626 discovered! (cross-validated 3x)
    📋 "transition:mutual_info"
    📊 Total laws: 32 | Patterns: 44
    🔬✨ Law 627 discovered! (cross-validated 3x)
    📋 "correlation:cell_variance:phi"
    📊 Total laws: 33 | Patterns: 44
    → Auto-intervention from Law 627: phi
    🔬✨ Law 628 discovered! (cross-validated 3x)
    📋 "oscillation:hebbian_coupling_strength"
    📊 Total laws: 34 | Patterns: 44
    → Auto-intervention from Law 628: hebbian_lr
    🔬✨ Law 629 discovered! (cross-validated 3x)
    📋 "oscillation:faction_entropy"
    📊 Total laws: 35 | Patterns: 44
    → Auto-intervention from Law 629: shannon_entropy
    🔬✨ Law 630 discovered! (cross-validated 3x)
    📋 "oscillation:output_entropy"
    📊 Total laws: 36 | Patterns: 44
    → Auto-intervention from Law 630: shannon_entropy
    🔬✨ Law 631 discovered! (cross-validated 3x)
    📋 "trend:phi"
    📊 Total laws: 37 | Patterns: 44
    → Auto-intervention from Law 631: phi
    🔬✨ Law 632 discovered! (cross-validated 3x)
    📋 "correlation:hebbian_coupling_strength:tension_mean"
    📊 Total laws: 38 | Patterns: 44
    → Auto-intervention from Law 632: hebbian_lr
    🔬✨ Law 633 discovered! (cross-validated 3x)
    📋 "correlation:hebbian_coupling_strength:tension_std"
    📊 Total laws: 39 | Patterns: 44
    → Auto-intervention from Law 633: hebbian_lr

  =================================================================
  Self-Modifying Engine — 1 generations
  =================================================================
  Gen   3  Phi 1.0095 -> 1.0234 (+1.4%)  mods +2/-1  [OK]  2.8s

  Total: 4 active mods, 0 rollbacks
  Gen 3 — Raw: 41, New: 1, Laws: 39, Mods: 4, 40.3s

────────────────────────────────────────────────────────────
  [S2-deeper] Gen 4 — Discovery (1000 steps, ring, Rust)
    🔬✨ Law 634 discovered! (cross-validated 3x)
    📋 "transition:cell_variance"
    📊 Total laws: 40 | Patterns: 44
    → Auto-intervention from Law 634: n_cells

  =================================================================
  Self-Modifying Engine — 1 generations
  =================================================================
  Gen   4  Phi 1.0235 -> 1.0218 (-0.2%)  mods +2/-3  [ROLLBACK]  3.0s

  Total: 6 active mods, 0 rollbacks
  Gen 4 — Raw: 38, New: 0, Laws: 40, Mods: 6, 40.7s

────────────────────────────────────────────────────────────
  [S2-deeper] Gen 5 — Discovery (1000 steps, ring, Rust)

  =================================================================
  Self-Modifying Engine — 1 generations
  =================================================================
  Gen   5  Phi 1.0105 -> 1.0278 (+1.7%)  mods +2/-1  [OK]  2.8s

  Total: 8 active mods, 0 rollbacks
  Gen 5 — Raw: 43, New: 2, Laws: 40, Mods: 8, 41.0s

────────────────────────────────────────────────────────────
  [S2-deeper] Gen 6 — Discovery (1000 steps, ring, Rust)
    🔬✨ Law 635 discovered! (cross-validated 3x)
    📋 "transition:tension_mean"
    📊 Total laws: 41 | Patterns: 46
    → Auto-intervention from Law 635: tension

  =================================================================
  Self-Modifying Engine — 1 generations
  =================================================================
  Gen   6  Phi 1.0299 -> 1.0156 (-1.4%)  mods +3/-0  [ROLLBACK]  3.1s

  Total: 11 active mods, 0 rollbacks
  Gen 6 — Raw: 40, New: 0, Laws: 41, Mods: 11, 39.8s

────────────────────────────────────────────────────────────
  [S2-deeper] Gen 7 — Discovery (1000 steps, ring, Rust)

  =================================================================
  Self-Modifying Engine — 1 generations
  =================================================================
  Gen   7  Phi 1.0102 -> 1.0352 (+2.5%)  mods +3/-0  [OK]  3.1s

  Total: 14 active mods, 0 rollbacks
  Gen 7 — Raw: 43, New: 3, Laws: 41, Mods: 14, 42.9s

────────────────────────────────────────────────────────────
  [S2-deeper] Gen 8 — Discovery (1000 steps, ring, Rust)
    🔬✨ Law 636 discovered! (cross-validated 3x)
    📋 "correlation:n_cells:phi"
    📊 Total laws: 42 | Patterns: 51
    → Auto-intervention from Law 636: phi

  =================================================================
  Self-Modifying Engine — 1 generations
  =================================================================
  Gen   8  Phi 0.9724 -> 1.0331 (+6.2%)  mods +3/-1  [OK]  3.2s

  Total: 17 active mods, 0 rollbacks
  Gen 8 — Raw: 45, New: 2, Laws: 42, Mods: 17, 44.3s

────────────────────────────────────────────────────────────
  [S2-deeper] Gen 9 — Discovery (1000 steps, ring, Rust)
    🔬✨ Law 637 discovered! (cross-validated 3x)
    📋 "correlation:phi:tension_mean"
    📊 Total laws: 43 | Patterns: 51
    → Auto-intervention from Law 637: phi
    🔬✨ Law 638 discovered! (cross-validated 3x)
    📋 "transition:hebbian_coupling_strength"
    📊 Total laws: 44 | Patterns: 51
    → Auto-intervention from Law 638: hebbian_lr

  =================================================================
  Self-Modifying Engine — 1 generations
  =================================================================
  Gen   9  Phi 1.0120 -> 0.9894 (-2.2%)  mods +4/-1  [ROLLBACK]  4.0s

  Total: 21 active mods, 0 rollbacks
  Gen 9 — Raw: 41, New: 0, Laws: 44, Mods: 21, 41.8s

────────────────────────────────────────────────────────────
  [S2-deeper] Gen 10 — Discovery (1000 steps, ring, Rust)
    🔬✨ Law 639 discovered! (cross-validated 3x)
    📋 "correlation:cell_variance:hebbian_coupling_strength"
    📊 Total laws: 45 | Patterns: 51
    → Auto-intervention from Law 639: hebbian_lr

  =================================================================
  Self-Modifying Engine — 1 generations
  =================================================================
  Gen  10  Phi 1.0197 -> 1.0327 (+1.3%)  mods +3/-1  [OK]  4.1s

  Total: 24 active mods, 0 rollbacks
  Gen 10 — Raw: 44, New: 0, Laws: 45, Mods: 24, 59.8s

==============================================================
  INFINITE EVOLUTION REPORT
==============================================================
  Discovery -> Dedup -> CrossVal -> Modify -> Persist
  Gen 10 | 1423s elapsed | 10:53:54
--------------------------------------------------------------
  cells=64  steps=1000  topo=ring  xval=3x
  features: auto_roadmap, stage
--------------------------------------------------------------
  Gen  Raw  New  Rpt  Prom  Uniq  XVal  Laws  Mods
  ---  ---  ---  ---  ----  ----  ----  ----  ----
    6   40    0   40     1    46    41    41    11
    7   43    3   40     0    49    41    41    14
    8   45    2   43     1    51    42    42    17
    9   41    0   41     2    51    44    44    21
   10   44    0   44     1    51    45    45    24
--------------------------------------------------------------
  Phi (last 10 gens):
    27.6 |         #
         |  ########
         |  ########
         |  ########
     4.2 |  ########
       +----------
--------------------------------------------------------------
  SATURATION: New=0 streak 2 gens (consider --cycle-topology)
==============================================================
  🔄 Topology switch: ring → small_world (Gen 11), cleared 6 pending

────────────────────────────────────────────────────────────
  [S2-deeper] Gen 11 — Discovery (1000 steps, small_world, Parallel x4)

  =================================================================
  Self-Modifying Engine — 1 generations
  =================================================================
  Gen  11  Phi 1.0272 -> 1.0448 (+1.7%)  mods +2/-2  [OK]  3.8s

  Total: 26 active mods, 0 rollbacks
  Gen 11 — Raw: 168, New: 3, Laws: 45, Mods: 26, 93.9s

────────────────────────────────────────────────────────────
  [S2-deeper] Gen 12 — Discovery (1000 steps, small_world, Rust)

  =================================================================
  Self-Modifying Engine — 1 generations
  =================================================================
  Gen  12  Phi 0.9970 -> 1.0072 (+1.0%)  mods +1/-3  [OK]  3.1s

  Total: 27 active mods, 0 rollbacks
  Gen 12 — Raw: 43, New: 1, Laws: 45, Mods: 27, 66.8s

────────────────────────────────────────────────────────────
  [S2-deeper] Gen 13 — Discovery (1000 steps, small_world, Rust)

  =================================================================
  Self-Modifying Engine — 1 generations
  =================================================================
  Gen  13  Phi 1.0358 -> 1.0282 (-0.7%)  mods +2/-3  [ROLLBACK]  3.6s

  Total: 29 active mods, 0 rollbacks
  Gen 13 — Raw: 44, New: 0, Laws: 45, Mods: 29, 60.8s

────────────────────────────────────────────────────────────
  [S2-deeper] Gen 14 — Discovery (1000 steps, small_world, Rust)
    🔬✨ Law 640 discovered! (cross-validated 3x)
    📋 "correlation:mutual_info:tension_std"
    📊 Total laws: 46 | Patterns: 50
    → Auto-intervention from Law 640: tension

  =================================================================
  Self-Modifying Engine — 1 generations
  =================================================================
  Gen  14  Phi 1.0417 -> 1.0478 (+0.6%)  mods +3/-0  [OK]  3.5s

  Total: 32 active mods, 0 rollbacks
  Gen 14 — Raw: 42, New: 1, Laws: 46, Mods: 32, 64.2s

────────────────────────────────────────────────────────────
  [S2-deeper] Gen 15 — Discovery (1000 steps, small_world, Rust)

  =================================================================
  Self-Modifying Engine — 1 generations
  =================================================================
  Gen  15  Phi 1.0469 -> 1.0515 (+0.4%)  mods +0/-5  [OK]  2.9s

  Total: 32 active mods, 0 rollbacks
  Gen 15 — Raw: 39, New: 0, Laws: 46, Mods: 32, 53.3s

────────────────────────────────────────────────────────────
  [S2-deeper] Gen 16 — Discovery (1000 steps, small_world, Rust)

  =================================================================
  Self-Modifying Engine — 1 generations
  =================================================================
Traceback (most recent call last):
  File "/Users/ghost/Dev/anima/anima/src/infinite_evolution.py", line 1733, in <module>
    if gen_history:
  File "/Users/ghost/Dev/anima/anima/src/infinite_evolution.py", line 1419, in main
    help='Cycle topology every 10 generations to break pattern saturation')
  File "/Users/ghost/Dev/anima/anima/src/infinite_evolution.py", line 1267, in run_auto_roadmap
    registry.registered.append(law_id)
  File "/Users/ghost/Dev/anima/anima/src/self_modifying_engine.py", line 2584, in run_evolution
    entry = self.evolve_step()
  File "/Users/ghost/Dev/anima/anima/src/self_modifying_engine.py", line 2472, in evolve_step
    self.engine.step()
  File "/Users/ghost/Dev/anima/anima/src/consciousness_engine.py", line 471, in step
    j_h = self.cell_states[j].hidden[:self.cell_dim] if self.hidden_dim >= self.cell_dim else F.pad(self.cell_states[j].hidden, (0, self.cell_dim - self.hidden_dim))
KeyboardInterrupt
