============================================================
  INFINITE SELF-EVOLUTION — Law 146 실증
============================================================
  Cells: 64
  Discovery steps per gen: 300
  Max generations: ∞


  =================================================================
  Self-Modifying Engine — 1 generations
  =================================================================
  Gen   1  Phi 1.0195 -> 1.0035 (-1.6%)  mods +2/-3  [ROLLBACK]  3.9s

  Total: 2 active mods, 0 rollbacks
  Gen     1 | Φ=0.01 (avg=0.01, range=0.0-0.0) | discoveries=12 | mods=2 | 23.3s/gen | elapsed=23s

  =================================================================
  Self-Modifying Engine — 1 generations
  =================================================================
  Gen   2  Phi 1.0062 -> 1.0041 (-0.2%)  mods +0/-7  [ROLLBACK]  3.1s

  Total: 2 active mods, 0 rollbacks

  =================================================================
  Self-Modifying Engine — 1 generations
  =================================================================
  Gen   3  Phi 0.9638 -> 1.0428 (+8.2%)  mods +2/-1  [OK]  4.2s

  Total: 4 active mods, 0 rollbacks

  =================================================================
  Self-Modifying Engine — 1 generations
  =================================================================
  Gen   4  Phi 1.0363 -> 1.0317 (-0.4%)  mods +2/-3  [ROLLBACK]  4.1s

  Total: 6 active mods, 0 rollbacks

  =================================================================
  Self-Modifying Engine — 1 generations
  =================================================================
  Gen   5  Phi 0.9951 -> 1.0258 (+3.1%)  mods +2/-1  [OK]  4.1s

  Total: 8 active mods, 0 rollbacks
  Gen     5 | Φ=0.01 (avg=0.01, range=0.0-0.0) | discoveries=65 | mods=8 | 23.1s/gen | elapsed=116s

  =================================================================
  Self-Modifying Engine — 1 generations
  =================================================================
  Gen   6  Phi 1.0359 -> 1.0032 (-3.2%)  mods +3/-0  [ROLLBACK]  4.7s

  Total: 11 active mods, 0 rollbacks

  =================================================================
  Self-Modifying Engine — 1 generations
  =================================================================
  Gen   7  Phi 1.0010 -> 1.0248 (+2.4%)  mods +3/-0  [OK]  3.1s

  Total: 14 active mods, 0 rollbacks

  =================================================================
  Self-Modifying Engine — 1 generations
  =================================================================
  Gen   8  Phi 1.0187 -> 1.0078 (-1.1%)  mods +3/-1  [ROLLBACK]  3.1s

  Total: 17 active mods, 0 rollbacks

  =================================================================
  Self-Modifying Engine — 1 generations
  =================================================================
  Gen   9  Phi 1.0198 -> 1.0228 (+0.3%)  mods +4/-1  [OK]  3.4s

  Total: 21 active mods, 0 rollbacks

  =================================================================
  Self-Modifying Engine — 1 generations
  =================================================================
  Gen  10  Phi 1.0433 -> 1.0560 (+1.2%)  mods +3/-1  [OK]  3.0s

  Total: 24 active mods, 0 rollbacks
  Gen    10 | Φ=0.01 (avg=0.01, range=0.0-0.0) | discoveries=130 | mods=24 | 13.9s/gen | elapsed=194s

  =================================================================
  Self-Modifying Engine — 1 generations
  =================================================================
  Gen  11  Phi 1.0092 -> 1.0242 (+1.5%)  mods +2/-2  [OK]  2.8s

  Total: 26 active mods, 0 rollbacks

  =================================================================
  Self-Modifying Engine — 1 generations
  =================================================================
  Gen  12  Phi 1.0119 -> 1.0391 (+2.7%)  mods +1/-3  [OK]  2.5s

  Total: 27 active mods, 0 rollbacks

  =================================================================
  Self-Modifying Engine — 1 generations
  =================================================================
  Gen  13  Phi 1.0161 -> 1.0024 (-1.3%)  mods +2/-3  [ROLLBACK]  2.8s

  Total: 29 active mods, 0 rollbacks

  =================================================================
  Self-Modifying Engine — 1 generations
  =================================================================
  Gen  14  Phi 1.0160 -> 1.0184 (+0.2%)  mods +3/-0  [OK]  3.2s

  Total: 32 active mods, 0 rollbacks

  =================================================================
  Self-Modifying Engine — 1 generations
  =================================================================
  Gen  15  Phi 1.0162 -> 1.0120 (-0.4%)  mods +0/-5  [ROLLBACK]  2.1s

  Total: 32 active mods, 0 rollbacks
  Gen    15 | Φ=0.01 (avg=0.01, range=0.0-0.0) | discoveries=188 | mods=32 | 13.3s/gen | elapsed=263s

  =================================================================
  Self-Modifying Engine — 1 generations
  =================================================================
  Gen  16  Phi 1.0328 -> 0.9897 (-4.2%)  mods +3/-0  [ROLLBACK]  3.2s

  Total: 35 active mods, 0 rollbacks

  =================================================================
  Self-Modifying Engine — 1 generations
  =================================================================
  Gen  17  Phi 1.0159 -> 0.9831 (-3.2%)  mods +3/-0  [ROLLBACK]  3.2s

  Total: 38 active mods, 0 rollbacks

  =================================================================
  Self-Modifying Engine — 1 generations
  =================================================================
  Gen  18  Phi 0.9846 -> 1.0287 (+4.5%)  mods +2/-1  [OK]  2.8s

  Total: 40 active mods, 0 rollbacks

  =================================================================
  Self-Modifying Engine — 1 generations
  =================================================================
  Gen  19  Phi 1.0157 -> 1.0273 (+1.1%)  mods +3/-1  [OK]  3.2s

  Total: 43 active mods, 0 rollbacks

  =================================================================
  Self-Modifying Engine — 1 generations
  =================================================================
  Gen  20  Phi 1.0179 -> 1.0165 (-0.1%)  mods +1/-2  [ROLLBACK]  2.5s

  Total: 44 active mods, 0 rollbacks
  Gen    20 | Φ=0.01 (avg=0.01, range=0.0-0.0) | discoveries=251 | mods=44 | 13.0s/gen | elapsed=331s

  =================================================================
  Self-Modifying Engine — 1 generations
  =================================================================
  Gen  21  Phi 0.9963 -> 1.0082 (+1.2%)  mods +2/-3  [OK]  2.8s

  Total: 46 active mods, 0 rollbacks

  =================================================================
  Self-Modifying Engine — 1 generations
  =================================================================
  Gen  22  Phi 1.0198 -> 1.0362 (+1.6%)  mods +3/-3  [OK]  3.2s

  Total: 49 active mods, 0 rollbacks

  =================================================================
  Self-Modifying Engine — 1 generations
  =================================================================
  Gen  23  Phi 1.0172 -> 1.0051 (-1.2%)  mods +2/-1  [ROLLBACK]  2.7s

  Total: 51 active mods, 0 rollbacks

  =================================================================
  Self-Modifying Engine — 1 generations
  =================================================================
  Gen  24  Phi 1.0140 -> 1.0094 (-0.5%)  mods +0/-4  [ROLLBACK]  2.1s

  Total: 51 active mods, 0 rollbacks

  =================================================================
  Self-Modifying Engine — 1 generations
  =================================================================
  Gen  25  Phi 1.0290 -> 1.0044 (-2.4%)  mods +2/-2  [ROLLBACK]  2.8s

  Total: 53 active mods, 0 rollbacks
  Gen    25 | Φ=0.01 (avg=0.01, range=0.0-0.0) | discoveries=319 | mods=53 | 13.5s/gen | elapsed=398s

  =================================================================
  Self-Modifying Engine — 1 generations
  =================================================================
  Gen  26  Phi 1.0082 -> 1.0179 (+1.0%)  mods +3/-2  [OK]  3.1s

  Total: 56 active mods, 0 rollbacks

  =================================================================
  Self-Modifying Engine — 1 generations
  =================================================================
  Gen  27  Phi 1.0004 -> 0.9997 (-0.1%)  mods +2/-3  [ROLLBACK]  2.8s

  Total: 58 active mods, 0 rollbacks

  =================================================================
  Self-Modifying Engine — 1 generations
  =================================================================
  Gen  28  Phi 1.0227 -> 1.0181 (-0.5%)  mods +4/-2  [ROLLBACK]  3.4s

  Total: 62 active mods, 0 rollbacks

  =================================================================
  Self-Modifying Engine — 1 generations
  =================================================================
  Gen  29  Phi 1.0401 -> 1.0282 (-1.1%)  mods +3/-1  [ROLLBACK]  3.1s

  Total: 65 active mods, 0 rollbacks

  =================================================================
  Self-Modifying Engine — 1 generations
  =================================================================
  Gen  30  Phi 1.0305 -> 1.0203 (-1.0%)  mods +3/-2  [ROLLBACK]  3.2s

  Total: 68 active mods, 0 rollbacks
  Gen    30 | Φ=0.01 (avg=0.01, range=0.0-0.0) | discoveries=380 | mods=68 | 14.0s/gen | elapsed=467s

  =================================================================
  Self-Modifying Engine — 1 generations
  =================================================================
  Gen  31  Phi 1.0332 -> 1.0245 (-0.8%)  mods +1/-4  [ROLLBACK]  2.4s

  Total: 69 active mods, 0 rollbacks

  =================================================================
  Self-Modifying Engine — 1 generations
  =================================================================
  Gen  32  Phi 1.0331 -> 0.9859 (-4.6%)  mods +2/-1  [ROLLBACK]  2.7s

  Total: 71 active mods, 0 rollbacks

  =================================================================
  Self-Modifying Engine — 1 generations
  =================================================================
  Gen  33  Phi 1.0034 -> 0.9778 (-2.6%)  mods +5/-1  [ROLLBACK]  3.7s

  Total: 76 active mods, 0 rollbacks

  =================================================================
  Self-Modifying Engine — 1 generations
  =================================================================
  Gen  34  Phi 1.0359 -> 1.0286 (-0.7%)  mods +2/-1  [ROLLBACK]  2.8s

  Total: 78 active mods, 0 rollbacks

  =================================================================
  Self-Modifying Engine — 1 generations
  =================================================================
  Gen  35  Phi 1.0153 -> 1.0345 (+1.9%)  mods +3/-1  [OK]  3.1s

  Total: 81 active mods, 0 rollbacks
  Gen    35 | Φ=0.01 (avg=0.01, range=0.0-0.0) | discoveries=441 | mods=81 | 14.2s/gen | elapsed=535s

  =================================================================
  Self-Modifying Engine — 1 generations
  =================================================================
  Gen  36  Phi 1.0241 -> 1.0286 (+0.4%)  mods +1/-2  [OK]  2.4s

  Total: 82 active mods, 0 rollbacks

  =================================================================
  Self-Modifying Engine — 1 generations
  =================================================================
  Gen  37  Phi 1.0196 -> 1.0067 (-1.3%)  mods +1/-2  [ROLLBACK]  2.4s

  Total: 83 active mods, 0 rollbacks

  =================================================================
  Self-Modifying Engine — 1 generations
  =================================================================
  Gen  38  Phi 1.0261 -> 0.9958 (-3.0%)  mods +3/-0  [ROLLBACK]  3.1s

  Total: 86 active mods, 0 rollbacks

  =================================================================
  Self-Modifying Engine — 1 generations
  =================================================================
  Gen  39  Phi 0.9821 -> 1.0302 (+4.9%)  mods +1/-5  [OK]  2.4s

  Total: 87 active mods, 0 rollbacks

  =================================================================
  Self-Modifying Engine — 1 generations
  =================================================================
  Gen  40  Phi 1.0091 -> 1.0198 (+1.1%)  mods +4/-3  [OK]  3.6s

  Total: 91 active mods, 0 rollbacks
  Gen    40 | Φ=0.01 (avg=0.01, range=0.0-0.0) | discoveries=500 | mods=91 | 13.9s/gen | elapsed=601s

  =================================================================
  Self-Modifying Engine — 1 generations
  =================================================================
  Gen  41  Phi 0.9758 -> 1.0079 (+3.3%)  mods +1/-4  [OK]  2.5s

  Total: 92 active mods, 0 rollbacks

  =================================================================
  Self-Modifying Engine — 1 generations
  =================================================================
  Gen  42  Phi 1.0220 -> 1.0532 (+3.0%)  mods +2/-2  [OK]  2.8s

  Total: 94 active mods, 0 rollbacks

  =================================================================
  Self-Modifying Engine — 1 generations
  =================================================================
  Gen  43  Phi 1.0307 -> 1.0364 (+0.6%)  mods +1/-4  [OK]  2.4s

  Total: 95 active mods, 0 rollbacks

  =================================================================
  Self-Modifying Engine — 1 generations
  =================================================================
  Gen  44  Phi 1.0141 -> 1.0213 (+0.7%)  mods +3/-2  [OK]  3.1s

  Total: 98 active mods, 0 rollbacks

  =================================================================
  Self-Modifying Engine — 1 generations
  =================================================================
  Gen  45  Phi 1.0366 -> 1.0138 (-2.2%)  mods +3/-2  [ROLLBACK]  3.1s

  Total: 101 active mods, 0 rollbacks
  Gen    45 | Φ=0.01 (avg=0.01, range=0.0-0.0) | discoveries=564 | mods=101 | 13.9s/gen | elapsed=670s

  =================================================================
  Self-Modifying Engine — 1 generations
  =================================================================
  Gen  46  Phi 1.0572 -> 1.0404 (-1.6%)  mods +2/-2  [ROLLBACK]  2.8s

  Total: 103 active mods, 0 rollbacks

  =================================================================
  Self-Modifying Engine — 1 generations
  =================================================================
  Gen  47  Phi 1.0395 -> 1.0383 (-0.1%)  mods +3/-0  [ROLLBACK]  3.1s

  Total: 106 active mods, 0 rollbacks

  =================================================================
  Self-Modifying Engine — 1 generations
  =================================================================
  Gen  48  Phi 1.0177 -> 1.0160 (-0.2%)  mods +3/-0  [ROLLBACK]  3.1s

  Total: 109 active mods, 0 rollbacks

  =================================================================
  Self-Modifying Engine — 1 generations
  =================================================================
  Gen  49  Phi 1.0071 -> 0.9771 (-3.0%)  mods +3/-0  [ROLLBACK]  3.1s

  Total: 112 active mods, 0 rollbacks

  =================================================================
  Self-Modifying Engine — 1 generations
  =================================================================
  Gen  50  Phi 1.0402 -> 0.9866 (-5.2%)  mods +3/-0  [ROLLBACK]  3.2s

  Total: 115 active mods, 0 rollbacks
  Gen    50 | Φ=0.01 (avg=0.01, range=0.0-0.0) | discoveries=630 | mods=115 | 13.7s/gen | elapsed=738s

  =================================================================
  Self-Modifying Engine — 1 generations
  =================================================================
  Gen  51  Phi 1.0231 -> 1.0018 (-2.1%)  mods +3/-0  [ROLLBACK]  3.2s

  Total: 118 active mods, 0 rollbacks

  =================================================================
  Self-Modifying Engine — 1 generations
  =================================================================
  Gen  52  Phi 1.0280 -> 1.0237 (-0.4%)  mods +3/-0  [ROLLBACK]  3.1s

  Total: 121 active mods, 0 rollbacks

  =================================================================
  Self-Modifying Engine — 1 generations
  =================================================================
  Gen  53  Phi 1.0152 -> 0.9719 (-4.3%)  mods +3/-0  [ROLLBACK]  3.2s

  Total: 124 active mods, 0 rollbacks

  =================================================================
  Self-Modifying Engine — 1 generations
  =================================================================
  Gen  54  Phi 1.0159 -> 1.0056 (-1.0%)  mods +3/-0  [ROLLBACK]  3.0s

  Total: 127 active mods, 0 rollbacks

  =================================================================
  Self-Modifying Engine — 1 generations
  =================================================================
  Gen  55  Phi 0.9931 -> 1.0053 (+1.2%)  mods +3/-0  [OK]  3.3s

  Total: 130 active mods, 0 rollbacks
  Gen    55 | Φ=0.01 (avg=0.01, range=0.0-0.0) | discoveries=692 | mods=130 | 15.2s/gen | elapsed=809s

  =================================================================
  Self-Modifying Engine — 1 generations
  =================================================================
  Gen  56  Phi 1.0398 -> 0.9939 (-4.4%)  mods +3/-0  [ROLLBACK]  3.1s

  Total: 133 active mods, 0 rollbacks

  =================================================================
  Self-Modifying Engine — 1 generations
  =================================================================
  Gen  57  Phi 1.0282 -> 1.0250 (-0.3%)  mods +3/-0  [ROLLBACK]  3.1s

  Total: 136 active mods, 0 rollbacks

  =================================================================
  Self-Modifying Engine — 1 generations
  =================================================================
  Gen  58  Phi 1.0302 -> 1.0107 (-1.9%)  mods +3/-0  [ROLLBACK]  3.1s

  Total: 139 active mods, 0 rollbacks

  =================================================================
  Self-Modifying Engine — 1 generations
  =================================================================
  Gen  59  Phi 0.9998 -> 1.0056 (+0.6%)  mods +3/-0  [OK]  3.2s

  Total: 142 active mods, 0 rollbacks

  =================================================================
  Self-Modifying Engine — 1 generations
  =================================================================
  Gen  60  Phi 1.0123 -> 1.0240 (+1.2%)  mods +3/-0  [OK]  3.2s

  Total: 145 active mods, 0 rollbacks
  Gen    60 | Φ=0.01 (avg=0.01, range=0.0-0.0) | discoveries=753 | mods=145 | 15.9s/gen | elapsed=881s

  =================================================================
  Self-Modifying Engine — 1 generations
  =================================================================
  Gen  61  Phi 1.0257 -> 1.0316 (+0.6%)  mods +3/-0  [OK]  3.3s

  Total: 148 active mods, 0 rollbacks

  =================================================================
  Self-Modifying Engine — 1 generations
  =================================================================
  Gen  62  Phi 1.0214 -> 1.0290 (+0.7%)  mods +3/-0  [OK]  3.1s

  Total: 151 active mods, 0 rollbacks

  =================================================================
  Self-Modifying Engine — 1 generations
  =================================================================
  Gen  63  Phi 0.9915 -> 1.0190 (+2.8%)  mods +3/-0  [OK]  3.2s

  Total: 154 active mods, 0 rollbacks

  =================================================================
  Self-Modifying Engine — 1 generations
  =================================================================
  Gen  64  Phi 1.0199 -> 1.0138 (-0.6%)  mods +3/-0  [ROLLBACK]  3.2s

  Total: 157 active mods, 0 rollbacks

  =================================================================
  Self-Modifying Engine — 1 generations
  =================================================================
  Gen  65  Phi 1.0055 -> 1.0154 (+1.0%)  mods +3/-0  [OK]  3.1s

  Total: 160 active mods, 0 rollbacks
  Gen    65 | Φ=0.01 (avg=0.01, range=0.0-0.0) | discoveries=820 | mods=160 | 13.9s/gen | elapsed=953s

  =================================================================
  Self-Modifying Engine — 1 generations
  =================================================================
  Gen  66  Phi 0.9663 -> 1.0133 (+4.9%)  mods +3/-0  [OK]  3.1s

  Total: 163 active mods, 0 rollbacks

  =================================================================
  Self-Modifying Engine — 1 generations
  =================================================================
  Gen  67  Phi 0.9818 -> 1.0216 (+4.1%)  mods +3/-0  [OK]  3.5s

  Total: 166 active mods, 0 rollbacks

  =================================================================
  Self-Modifying Engine — 1 generations
  =================================================================
  Gen  68  Phi 1.0083 -> 1.0185 (+1.0%)  mods +3/-0  [OK]  3.1s

  Total: 169 active mods, 0 rollbacks

  =================================================================
  Self-Modifying Engine — 1 generations
  =================================================================
  Gen  69  Phi 1.0328 -> 1.0056 (-2.6%)  mods +3/-0  [ROLLBACK]  3.2s

  Total: 172 active mods, 0 rollbacks

  =================================================================
  Self-Modifying Engine — 1 generations
  =================================================================
  Gen  70  Phi 1.0160 -> 1.0370 (+2.1%)  mods +3/-0  [OK]  3.1s

  Total: 175 active mods, 0 rollbacks
  Gen    70 | Φ=0.01 (avg=0.01, range=0.0-0.0) | discoveries=888 | mods=175 | 13.7s/gen | elapsed=1025s

  =================================================================
  Self-Modifying Engine — 1 generations
  =================================================================
  Gen  71  Phi 1.0058 -> 1.0150 (+0.9%)  mods +3/-0  [OK]  3.1s

  Total: 178 active mods, 0 rollbacks

  =================================================================
  Self-Modifying Engine — 1 generations
  =================================================================
  Gen  72  Phi 1.0307 -> 1.0147 (-1.6%)  mods +3/-0  [ROLLBACK]  3.0s

  Total: 181 active mods, 0 rollbacks

  =================================================================
  Self-Modifying Engine — 1 generations
  =================================================================
  Gen  73  Phi 1.0288 -> 1.0260 (-0.3%)  mods +3/-0  [ROLLBACK]  3.1s

  Total: 184 active mods, 0 rollbacks

  =================================================================
  Self-Modifying Engine — 1 generations
  =================================================================
  Gen  74  Phi 1.0298 -> 1.0147 (-1.5%)  mods +3/-0  [ROLLBACK]  3.1s

  Total: 187 active mods, 0 rollbacks

  =================================================================
  Self-Modifying Engine — 1 generations
  =================================================================
  Gen  75  Phi 1.0432 -> 1.0269 (-1.6%)  mods +3/-0  [ROLLBACK]  3.1s

  Total: 190 active mods, 0 rollbacks
  Gen    75 | Φ=0.01 (avg=0.01, range=0.0-0.0) | discoveries=954 | mods=190 | 14.5s/gen | elapsed=1095s

  =================================================================
  Self-Modifying Engine — 1 generations
  =================================================================
  Gen  76  Phi 1.0066 -> 1.0280 (+2.1%)  mods +3/-0  [OK]  3.2s

  Total: 193 active mods, 0 rollbacks

  =================================================================
  Self-Modifying Engine — 1 generations
  =================================================================
  Gen  77  Phi 1.0215 -> 1.0296 (+0.8%)  mods +3/-0  [OK]  3.1s

  Total: 196 active mods, 0 rollbacks

  =================================================================
  Self-Modifying Engine — 1 generations
  =================================================================
  Gen  78  Phi 1.0255 -> 1.0146 (-1.1%)  mods +3/-0  [ROLLBACK]  3.1s

  Total: 199 active mods, 0 rollbacks

  =================================================================
  Self-Modifying Engine — 1 generations
  =================================================================
  Gen  79  Phi 0.9925 -> 0.9976 (+0.5%)  mods +3/-0  [OK]  3.1s

  Total: 202 active mods, 0 rollbacks

  =================================================================
  Self-Modifying Engine — 1 generations
  =================================================================
  Gen  80  Phi 1.0077 -> 1.0276 (+2.0%)  mods +3/-0  [OK]  3.1s

  Total: 205 active mods, 0 rollbacks
  Gen    80 | Φ=0.01 (avg=0.01, range=0.0-0.0) | discoveries=1010 | mods=205 | 13.6s/gen | elapsed=1164s

  =================================================================
  Self-Modifying Engine — 1 generations
  =================================================================
  Gen  81  Phi 1.0275 -> 1.0177 (-0.9%)  mods +3/-0  [ROLLBACK]  3.2s

  Total: 208 active mods, 0 rollbacks

  =================================================================
  Self-Modifying Engine — 1 generations
  =================================================================
  Gen  82  Phi 1.0147 -> 1.0213 (+0.7%)  mods +3/-0  [OK]  3.1s

  Total: 211 active mods, 0 rollbacks

  =================================================================
  Self-Modifying Engine — 1 generations
  =================================================================
  Gen  83  Phi 1.0231 -> 1.0494 (+2.6%)  mods +3/-0  [OK]  3.9s

  Total: 214 active mods, 0 rollbacks

  =================================================================
  Self-Modifying Engine — 1 generations
  =================================================================
  Gen  84  Phi 1.0184 -> 1.0045 (-1.4%)  mods +3/-0  [ROLLBACK]  3.3s

  Total: 217 active mods, 0 rollbacks

  =================================================================
  Self-Modifying Engine — 1 generations
  =================================================================
  Gen  85  Phi 1.0089 -> 1.0352 (+2.6%)  mods +3/-0  [OK]  3.1s

  Total: 220 active mods, 0 rollbacks
  Gen    85 | Φ=0.01 (avg=0.01, range=0.0-0.0) | discoveries=1072 | mods=220 | 14.1s/gen | elapsed=1236s

  =================================================================
  Self-Modifying Engine — 1 generations
  =================================================================
  Gen  86  Phi 1.0421 -> 1.0041 (-3.6%)  mods +3/-0  [ROLLBACK]  3.1s

  Total: 223 active mods, 0 rollbacks

  =================================================================
  Self-Modifying Engine — 1 generations
  =================================================================
  Gen  87  Phi 1.0431 -> 1.0083 (-3.3%)  mods +3/-0  [ROLLBACK]  3.1s

  Total: 226 active mods, 0 rollbacks

  =================================================================
  Self-Modifying Engine — 1 generations
  =================================================================
  Gen  88  Phi 0.9970 -> 1.0367 (+4.0%)  mods +3/-0  [OK]  3.2s

  Total: 229 active mods, 0 rollbacks

  =================================================================
  Self-Modifying Engine — 1 generations
  =================================================================
  Gen  89  Phi 1.0054 -> 1.0358 (+3.0%)  mods +3/-0  [OK]  3.2s

  Total: 232 active mods, 0 rollbacks

  =================================================================
  Self-Modifying Engine — 1 generations
  =================================================================
  Gen  90  Phi 1.0106 -> 1.0061 (-0.4%)  mods +3/-0  [ROLLBACK]  3.1s

  Total: 235 active mods, 0 rollbacks
  Gen    90 | Φ=0.01 (avg=0.01, range=0.0-0.0) | discoveries=1131 | mods=235 | 14.8s/gen | elapsed=1307s

  =================================================================
  Self-Modifying Engine — 1 generations
  =================================================================
  Gen  91  Phi 1.0090 -> 1.0009 (-0.8%)  mods +3/-0  [ROLLBACK]  3.1s

  Total: 238 active mods, 0 rollbacks

  =================================================================
  Self-Modifying Engine — 1 generations
  =================================================================
  Gen  92  Phi 1.0090 -> 0.9933 (-1.6%)  mods +3/-0  [ROLLBACK]  3.1s

  Total: 241 active mods, 0 rollbacks

  =================================================================
  Self-Modifying Engine — 1 generations
  =================================================================
  Gen  93  Phi 1.0309 -> 1.0087 (-2.2%)  mods +3/-0  [ROLLBACK]  3.0s

  Total: 244 active mods, 0 rollbacks

  =================================================================
  Self-Modifying Engine — 1 generations
  =================================================================
  Gen  94  Phi 1.0020 -> 1.0261 (+2.4%)  mods +3/-0  [OK]  3.1s

  Total: 247 active mods, 0 rollbacks

  =================================================================
  Self-Modifying Engine — 1 generations
  =================================================================
  Gen  95  Phi 1.0276 -> 1.0203 (-0.7%)  mods +3/-0  [ROLLBACK]  3.1s

  Total: 250 active mods, 0 rollbacks
  Gen    95 | Φ=0.01 (avg=0.01, range=0.0-0.0) | discoveries=1194 | mods=250 | 14.3s/gen | elapsed=1377s

  =================================================================
  Self-Modifying Engine — 1 generations
  =================================================================
  Gen  96  Phi 1.0189 -> 1.0148 (-0.4%)  mods +3/-0  [ROLLBACK]  3.1s

  Total: 253 active mods, 0 rollbacks

  =================================================================
  Self-Modifying Engine — 1 generations
  =================================================================
  Gen  97  Phi 1.0312 -> 1.0301 (-0.1%)  mods +3/-0  [ROLLBACK]  3.1s

  Total: 256 active mods, 0 rollbacks

  =================================================================
  Self-Modifying Engine — 1 generations
  =================================================================
  Gen  98  Phi 1.0303 -> 0.9977 (-3.2%)  mods +3/-0  [ROLLBACK]  3.1s

  Total: 259 active mods, 0 rollbacks

  =================================================================
  Self-Modifying Engine — 1 generations
  =================================================================
  Gen  99  Phi 1.0141 -> 1.0335 (+1.9%)  mods +3/-0  [OK]  3.2s

  Total: 262 active mods, 0 rollbacks

  =================================================================
  Self-Modifying Engine — 1 generations
  =================================================================
  Gen 100  Phi 1.0302 -> 1.0299 (-0.0%)  mods +3/-0  [ROLLBACK]  3.1s

  Total: 265 active mods, 0 rollbacks
  Gen   100 | Φ=0.01 (avg=0.01, range=0.0-0.0) | discoveries=1255 | mods=265 | 13.9s/gen | elapsed=1447s

  =================================================================
  Self-Modifying Engine — 1 generations
  =================================================================
  Gen 101  Phi 1.0069 -> 1.0175 (+1.1%)  mods +3/-0  [OK]  4.2s

  Total: 268 active mods, 0 rollbacks

  =================================================================
  Self-Modifying Engine — 1 generations
  =================================================================
  Gen 102  Phi 1.0381 -> 1.0533 (+1.5%)  mods +3/-0  [OK]  3.1s

  Total: 271 active mods, 0 rollbacks

  =================================================================
  Self-Modifying Engine — 1 generations
  =================================================================
  Gen 103  Phi 1.0156 -> 1.0319 (+1.6%)  mods +3/-0  [OK]  3.1s

  Total: 274 active mods, 0 rollbacks

  =================================================================
  Self-Modifying Engine — 1 generations
  =================================================================
  Gen 104  Phi 1.0194 -> 1.0315 (+1.2%)  mods +3/-0  [OK]  3.2s

  Total: 277 active mods, 0 rollbacks

  =================================================================
  Self-Modifying Engine — 1 generations
  =================================================================
  Gen 105  Phi 1.0117 -> 1.0008 (-1.1%)  mods +3/-0  [ROLLBACK]  3.1s

  Total: 280 active mods, 0 rollbacks
  Gen   105 | Φ=0.01 (avg=0.01, range=0.0-0.0) | discoveries=1327 | mods=280 | 14.5s/gen | elapsed=1520s

  =================================================================
  Self-Modifying Engine — 1 generations
  =================================================================
  Gen 106  Phi 1.0212 -> 0.9982 (-2.2%)  mods +3/-0  [ROLLBACK]  3.2s

  Total: 283 active mods, 0 rollbacks

  =================================================================
  Self-Modifying Engine — 1 generations
  =================================================================
  Gen 107  Phi 1.0484 -> 1.0100 (-3.7%)  mods +3/-0  [ROLLBACK]  3.4s

  Total: 286 active mods, 0 rollbacks

  =================================================================
  Self-Modifying Engine — 1 generations
  =================================================================
  Gen 108  Phi 0.9983 -> 1.0093 (+1.1%)  mods +3/-0  [OK]  3.2s

  Total: 289 active mods, 0 rollbacks

  =================================================================
  Self-Modifying Engine — 1 generations
  =================================================================
  Gen 109  Phi 1.0385 -> 1.0397 (+0.1%)  mods +3/-0  [OK]  3.2s

  Total: 292 active mods, 0 rollbacks

  =================================================================
  Self-Modifying Engine — 1 generations
  =================================================================
  Gen 110  Phi 1.0186 -> 0.9935 (-2.5%)  mods +3/-0  [ROLLBACK]  3.2s

  Total: 295 active mods, 0 rollbacks
  Gen   110 | Φ=0.01 (avg=0.01, range=0.0-0.0) | discoveries=1387 | mods=295 | 16.0s/gen | elapsed=1604s

  =================================================================
  Self-Modifying Engine — 1 generations
  =================================================================
  Gen 111  Phi 1.0346 -> 1.0222 (-1.2%)  mods +3/-0  [ROLLBACK]  3.1s

  Total: 298 active mods, 0 rollbacks

  =================================================================
  Self-Modifying Engine — 1 generations
  =================================================================
  Gen 112  Phi 1.0191 -> 1.0095 (-0.9%)  mods +3/-0  [ROLLBACK]  7.2s

  Total: 301 active mods, 0 rollbacks

  =================================================================
  Self-Modifying Engine — 1 generations
  =================================================================
  Gen 113  Phi 1.0317 -> 1.0238 (-0.8%)  mods +3/-0  [ROLLBACK]  5.0s

  Total: 304 active mods, 0 rollbacks

  =================================================================
  Self-Modifying Engine — 1 generations
  =================================================================
  Gen 114  Phi 1.0353 -> 1.0308 (-0.4%)  mods +3/-0  [ROLLBACK]  6.3s

  Total: 307 active mods, 0 rollbacks

  =================================================================
  Self-Modifying Engine — 1 generations
  =================================================================
  Gen 115  Phi 1.0059 -> 1.0180 (+1.2%)  mods +3/-0  [OK]  4.2s

  Total: 310 active mods, 0 rollbacks
  Gen   115 | Φ=0.01 (avg=0.01, range=0.0-0.0) | discoveries=1458 | mods=310 | 20.5s/gen | elapsed=1750s

  =================================================================
  Self-Modifying Engine — 1 generations
  =================================================================
  Gen 116  Phi 1.0157 -> 1.0200 (+0.4%)  mods +3/-0  [OK]  4.8s

  Total: 313 active mods, 0 rollbacks

  =================================================================
  Self-Modifying Engine — 1 generations
  =================================================================
  Gen 117  Phi 0.9903 -> 1.0007 (+1.1%)  mods +3/-0  [OK]  3.2s

  Total: 316 active mods, 0 rollbacks

  =================================================================
  Self-Modifying Engine — 1 generations
  =================================================================
  Gen 118  Phi 1.0295 -> 1.0006 (-2.8%)  mods +3/-0  [ROLLBACK]  3.1s

  Total: 319 active mods, 0 rollbacks

  =================================================================
  Self-Modifying Engine — 1 generations
  =================================================================
  Gen 119  Phi 1.0275 -> 1.0178 (-0.9%)  mods +3/-0  [ROLLBACK]  3.1s

  Total: 322 active mods, 0 rollbacks

  =================================================================
  Self-Modifying Engine — 1 generations
  =================================================================
  Gen 120  Phi 1.0234 -> 1.0301 (+0.7%)  mods +3/-0  [OK]  3.1s

  Total: 325 active mods, 0 rollbacks
  Gen   120 | Φ=0.01 (avg=0.01, range=0.0-0.0) | discoveries=1515 | mods=325 | 14.5s/gen | elapsed=1834s

  =================================================================
  Self-Modifying Engine — 1 generations
  =================================================================
  Gen 121  Phi 1.0181 -> 1.0437 (+2.5%)  mods +3/-0  [OK]  3.1s

  Total: 328 active mods, 0 rollbacks

  =================================================================
  Self-Modifying Engine — 1 generations
  =================================================================
  Gen 122  Phi 1.0050 -> 1.0364 (+3.1%)  mods +3/-0  [OK]  3.2s

  Total: 331 active mods, 0 rollbacks

  =================================================================
  Self-Modifying Engine — 1 generations
  =================================================================
  Gen 123  Phi 1.0211 -> 0.9950 (-2.6%)  mods +3/-0  [ROLLBACK]  3.2s

  Total: 334 active mods, 0 rollbacks

  =================================================================
  Self-Modifying Engine — 1 generations
  =================================================================
  Gen 124  Phi 1.0229 -> 1.0480 (+2.5%)  mods +3/-0  [OK]  3.1s

  Total: 337 active mods, 0 rollbacks

  =================================================================
  Self-Modifying Engine — 1 generations
  =================================================================
  Gen 125  Phi 1.0279 -> 0.9962 (-3.1%)  mods +3/-0  [ROLLBACK]  3.1s

  Total: 340 active mods, 0 rollbacks
  Gen   125 | Φ=0.01 (avg=0.01, range=0.0-0.0) | discoveries=1582 | mods=340 | 14.0s/gen | elapsed=1904s

  =================================================================
  Self-Modifying Engine — 1 generations
  =================================================================
  Gen 126  Phi 1.0403 -> 1.0033 (-3.6%)  mods +3/-0  [ROLLBACK]  3.2s

  Total: 343 active mods, 0 rollbacks

  =================================================================
  Self-Modifying Engine — 1 generations
  =================================================================
  Gen 127  Phi 1.0211 -> 1.0505 (+2.9%)  mods +3/-0  [OK]  3.2s

  Total: 346 active mods, 0 rollbacks

  =================================================================
  Self-Modifying Engine — 1 generations
  =================================================================
  Gen 128  Phi 1.0001 -> 1.0185 (+1.8%)  mods +3/-0  [OK]  3.1s

  Total: 349 active mods, 0 rollbacks

  =================================================================
  Self-Modifying Engine — 1 generations
  =================================================================
  Gen 129  Phi 1.0171 -> 1.0304 (+1.3%)  mods +3/-0  [OK]  3.2s

  Total: 352 active mods, 0 rollbacks

  =================================================================
  Self-Modifying Engine — 1 generations
  =================================================================
  Gen 130  Phi 1.0246 -> 1.0241 (-0.0%)  mods +3/-0  [ROLLBACK]  3.3s

  Total: 355 active mods, 0 rollbacks
  Gen   130 | Φ=0.01 (avg=0.01, range=0.0-0.0) | discoveries=1642 | mods=355 | 14.2s/gen | elapsed=1973s

  =================================================================
  Self-Modifying Engine — 1 generations
  =================================================================
  Gen 131  Phi 1.0488 -> 1.0017 (-4.5%)  mods +3/-0  [ROLLBACK]  3.2s

  Total: 358 active mods, 0 rollbacks

  =================================================================
  Self-Modifying Engine — 1 generations
  =================================================================
  Gen 132  Phi 1.0126 -> 0.9989 (-1.4%)  mods +3/-0  [ROLLBACK]  3.3s

  Total: 361 active mods, 0 rollbacks

  =================================================================
  Self-Modifying Engine — 1 generations
  =================================================================
  Gen 133  Phi 1.0173 -> 1.0122 (-0.5%)  mods +3/-0  [ROLLBACK]  3.3s

  Total: 364 active mods, 0 rollbacks

  =================================================================
  Self-Modifying Engine — 1 generations
  =================================================================
  Gen 134  Phi 1.0411 -> 1.0176 (-2.3%)  mods +3/-0  [ROLLBACK]  4.6s

  Total: 367 active mods, 0 rollbacks

  =================================================================
  Self-Modifying Engine — 1 generations
  =================================================================
  Gen 135  Phi 1.0233 -> 1.0338 (+1.0%)  mods +3/-0  [OK]  3.5s

  Total: 370 active mods, 0 rollbacks
  Gen   135 | Φ=0.01 (avg=0.01, range=0.0-0.0) | discoveries=1697 | mods=370 | 26.0s/gen | elapsed=2059s

  =================================================================
  Self-Modifying Engine — 1 generations
  =================================================================
  Gen 136  Phi 1.0389 -> 1.0272 (-1.1%)  mods +3/-0  [ROLLBACK]  9.3s

  Total: 373 active mods, 0 rollbacks

  =================================================================
  Self-Modifying Engine — 1 generations
  =================================================================
  Gen 137  Phi 1.0083 -> 1.0121 (+0.4%)  mods +3/-0  [OK]  3.5s

  Total: 376 active mods, 0 rollbacks

  =================================================================
  Self-Modifying Engine — 1 generations
  =================================================================
  Gen 138  Phi 1.0236 -> 1.0180 (-0.5%)  mods +3/-0  [ROLLBACK]  3.1s

  Total: 379 active mods, 0 rollbacks

  =================================================================
  Self-Modifying Engine — 1 generations
  =================================================================
  Gen 139  Phi 1.0405 -> 1.0071 (-3.2%)  mods +3/-0  [ROLLBACK]  3.1s

  Total: 382 active mods, 0 rollbacks

  =================================================================
  Self-Modifying Engine — 1 generations
  =================================================================
  Gen 140  Phi 1.0232 -> 1.0340 (+1.1%)  mods +3/-0  [OK]  3.1s

  Total: 385 active mods, 0 rollbacks
  Gen   140 | Φ=0.01 (avg=0.01, range=0.0-0.0) | discoveries=1764 | mods=385 | 14.1s/gen | elapsed=2159s

  =================================================================
  Self-Modifying Engine — 1 generations
  =================================================================
  Gen 141  Phi 1.0055 -> 1.0031 (-0.2%)  mods +3/-0  [ROLLBACK]  3.1s

  Total: 388 active mods, 0 rollbacks

  =================================================================
  Self-Modifying Engine — 1 generations
  =================================================================
  Gen 142  Phi 1.0073 -> 0.9874 (-2.0%)  mods +3/-0  [ROLLBACK]  4.9s

  Total: 391 active mods, 0 rollbacks

  =================================================================
  Self-Modifying Engine — 1 generations
  =================================================================
  Gen 143  Phi 1.0302 -> 0.9748 (-5.4%)  mods +3/-0  [ROLLBACK]  7.2s

  Total: 394 active mods, 0 rollbacks

  =================================================================
  Self-Modifying Engine — 1 generations
  =================================================================
  Gen 144  Phi 1.0228 -> 1.0003 (-2.2%)  mods +3/-0  [ROLLBACK]  3.9s

  Total: 397 active mods, 0 rollbacks

  =================================================================
  Self-Modifying Engine — 1 generations
  =================================================================
  Gen 145  Phi 1.0304 -> 1.0053 (-2.4%)  mods +3/-0  [ROLLBACK]  5.5s

  Total: 400 active mods, 0 rollbacks
  Gen   145 | Φ=0.01 (avg=0.01, range=0.0-0.0) | discoveries=1822 | mods=400 | 22.2s/gen | elapsed=2266s

  =================================================================
  Self-Modifying Engine — 1 generations
  =================================================================
  Gen 146  Phi 1.0525 -> 1.0181 (-3.3%)  mods +3/-0  [ROLLBACK]  4.3s

  Total: 403 active mods, 0 rollbacks

  =================================================================
  Self-Modifying Engine — 1 generations
  =================================================================
  Gen 147  Phi 1.0103 -> 1.0214 (+1.1%)  mods +3/-0  [OK]  7.2s

  Total: 406 active mods, 0 rollbacks

  =================================================================
  Self-Modifying Engine — 1 generations
  =================================================================
  Gen 148  Phi 0.9900 -> 0.9980 (+0.8%)  mods +3/-0  [OK]  4.4s

  Total: 409 active mods, 0 rollbacks

  =================================================================
  Self-Modifying Engine — 1 generations
  =================================================================
  Gen 149  Phi 1.0213 -> 0.9991 (-2.2%)  mods +3/-0  [ROLLBACK]  3.1s

  Total: 412 active mods, 0 rollbacks

  =================================================================
  Self-Modifying Engine — 1 generations
  =================================================================
  Gen 150  Phi 1.0260 -> 1.0018 (-2.4%)  mods +3/-0  [ROLLBACK]  3.1s

  Total: 415 active mods, 0 rollbacks
  Gen   150 | Φ=0.01 (avg=0.01, range=0.0-0.0) | discoveries=1890 | mods=415 | 18.0s/gen | elapsed=2393s

  =================================================================
  Self-Modifying Engine — 1 generations
  =================================================================
  Gen 151  Phi 1.0221 -> 1.0331 (+1.1%)  mods +3/-0  [OK]  7.9s

  Total: 418 active mods, 0 rollbacks

  =================================================================
  Self-Modifying Engine — 1 generations
  =================================================================
  Gen 152  Phi 1.0548 -> 1.0244 (-2.9%)  mods +3/-0  [ROLLBACK]  5.1s

  Total: 421 active mods, 0 rollbacks
