======================================================================
  AUTO-ROADMAP — Staged Infinite Evolution
  11 stages, auto-advance on saturation
  ⚡ Accelerations: Rust engine ✅, Rust discovery ✅, GPU Phi ✅, Parallel topo ✅
======================================================================

  #   Stage            Cells Steps TopoGens Sat
  ─── ──────────────── ───── ───── ──────── ───
  1   S1-baseline         64   300       10   3  ✅
  2   S2-deeper           64  1000       10   3 ★
  3   S3-scale128        128   300       10   3
  4   S4-scale128d       128  1000       10   3
  5   S5-scale256        256   500       10   3
  6   S6-scale256d       256  1000       10   3
  7   S7-mega512         512   500       15   3
  8   S8-mega512d        512  1000       15   3
  9   S9-ultra1024      1024   500       20   3
  10  S10-ultra1024d    1024  1000       20   3
  11  S11-titan2048     2048   500       25   3
======================================================================

▓▓▓▓▓▓▓▓▓▓▓▓▓▓▓▓▓▓▓▓▓▓▓▓▓▓▓▓▓▓▓▓▓▓▓▓▓▓▓▓▓▓▓▓▓▓▓▓▓▓▓▓▓▓▓▓▓▓▓▓▓▓▓▓▓▓▓▓▓▓
  🚀 STAGE 2/11: S2-deeper
  ⚙️  cells=64  steps=1000  topo_cycle=10  sat=3
▓▓▓▓▓▓▓▓▓▓▓▓▓▓▓▓▓▓▓▓▓▓▓▓▓▓▓▓▓▓▓▓▓▓▓▓▓▓▓▓▓▓▓▓▓▓▓▓▓▓▓▓▓▓▓▓▓▓▓▓▓▓▓▓▓▓▓▓▓▓

────────────────────────────────────────────────────────────
  [S2-deeper] Gen 1 — Discovery (1000 steps, ring, Rust)

  =================================================================
  Self-Modifying Engine — 1 generations
  =================================================================
  Gen   1  Phi 1.0033 -> 1.0224 (+1.9%)  mods +2/-3  [OK]  3.3s

  Total: 2 active mods, 0 rollbacks
  Gen 1 — Raw: 40, New: 40, Laws: 0, Mods: 2, 44.4s

────────────────────────────────────────────────────────────
  [S2-deeper] Gen 2 — Discovery (1000 steps, ring, Rust)

  =================================================================
  Self-Modifying Engine — 1 generations
  =================================================================
  Gen   2  Phi 1.0088 -> 1.0107 (+0.2%)  mods +0/-7  [OK]  2.3s

  Total: 2 active mods, 0 rollbacks
  Gen 2 — Raw: 45, New: 5, Laws: 0, Mods: 2, 48.8s

────────────────────────────────────────────────────────────
  [S2-deeper] Gen 3 — Discovery (1000 steps, ring, Rust)
    🔬✨ Law 641 discovered! (cross-validated 3x)
    📋 "correlation:mutual_info:phi"
    📊 Total laws: 1 | Patterns: 47
    → Auto-intervention from Law 641: phi
    🔬✨ Law 642 discovered! (cross-validated 3x)
    📋 "correlation:faction_entropy:tension_mean"
    📊 Total laws: 2 | Patterns: 47
    → Auto-intervention from Law 642: shannon_entropy
    🔬✨ Law 643 discovered! (cross-validated 3x)
    📋 "correlation:faction_entropy:tension_std"
    📊 Total laws: 3 | Patterns: 47
    → Auto-intervention from Law 643: shannon_entropy
    🔬✨ Law 644 discovered! (cross-validated 3x)
    📋 "correlation:faction_entropy:n_cells"
    📊 Total laws: 4 | Patterns: 47
    → Auto-intervention from Law 644: shannon_entropy
    🔬✨ Law 645 discovered! (cross-validated 3x)
    📋 "correlation:hebbian_coupling_strength:n_cells"
    📊 Total laws: 5 | Patterns: 47
    → Auto-intervention from Law 645: hebbian_lr
    🔬✨ Law 646 discovered! (cross-validated 3x)
    📋 "correlation:tension_mean:tension_std"
    📊 Total laws: 6 | Patterns: 47
    → Auto-intervention from Law 646: tension
    🔬✨ Law 647 discovered! (cross-validated 3x)
    📋 "correlation:n_cells:tension_mean"
    📊 Total laws: 7 | Patterns: 47
    → Auto-intervention from Law 647: tension
    🔬✨ Law 648 discovered! (cross-validated 3x)
    📋 "correlation:n_cells:tension_std"
    📊 Total laws: 8 | Patterns: 47
    → Auto-intervention from Law 648: tension
    🔬✨ Law 649 discovered! (cross-validated 3x)
    📋 "trend:faction_entropy"
    📊 Total laws: 9 | Patterns: 47
    → Auto-intervention from Law 649: shannon_entropy
    🔬✨ Law 650 discovered! (cross-validated 3x)
    📋 "trend:hebbian_coupling_strength"
    📊 Total laws: 10 | Patterns: 47
    → Auto-intervention from Law 650: hebbian_lr
    🔬✨ Law 651 discovered! (cross-validated 3x)
    📋 "trend:tension_mean"
    📊 Total laws: 11 | Patterns: 47
    → Auto-intervention from Law 651: tension
    🔬✨ Law 652 discovered! (cross-validated 3x)
    📋 "trend:n_cells"
    📊 Total laws: 12 | Patterns: 47
    → Auto-intervention from Law 652: n_cells
    🔬✨ Law 653 discovered! (cross-validated 3x)
    📋 "trend:cell_variance"
    📊 Total laws: 13 | Patterns: 47
    → Auto-intervention from Law 653: n_cells
    🔬✨ Law 654 discovered! (cross-validated 3x)
    📋 "correlation:faction_entropy:hebbian_coupling_strength"
    📊 Total laws: 14 | Patterns: 47
    → Auto-intervention from Law 654: shannon_entropy
    🔬✨ Law 655 discovered! (cross-validated 3x)
    📋 "correlation:cell_variance:n_cells"
    📊 Total laws: 15 | Patterns: 47
    → Auto-intervention from Law 655: n_cells
    🔬✨ Law 656 discovered! (cross-validated 3x)
    📋 "transition:output_entropy"
    📊 Total laws: 16 | Patterns: 47
    → Auto-intervention from Law 656: shannon_entropy
    🔬✨ Law 657 discovered! (cross-validated 3x)
    📋 "oscillation:tension_mean"
    📊 Total laws: 17 | Patterns: 47
    → Auto-intervention from Law 657: tension
    🔬✨ Law 658 discovered! (cross-validated 3x)
    📋 "oscillation:tension_std"
    📊 Total laws: 18 | Patterns: 47
    → Auto-intervention from Law 658: tension
    🔬✨ Law 659 discovered! (cross-validated 3x)
    📋 "trend:tension_std"
    📊 Total laws: 19 | Patterns: 47
    → Auto-intervention from Law 659: tension
    🔬✨ Law 660 discovered! (cross-validated 3x)
    📋 "correlation:cell_variance:tension_mean"
    📊 Total laws: 20 | Patterns: 47
    → Auto-intervention from Law 660: tension
    🔬✨ Law 661 discovered! (cross-validated 3x)
    📋 "correlation:cell_variance:tension_std"
    📊 Total laws: 21 | Patterns: 47
    → Auto-intervention from Law 661: tension
    🔬✨ Law 662 discovered! (cross-validated 3x)
    📋 "trend:mutual_info"
    📊 Total laws: 22 | Patterns: 47
    🔬✨ Law 663 discovered! (cross-validated 3x)
    📋 "trend:phi"
    📊 Total laws: 23 | Patterns: 47
    → Auto-intervention from Law 663: phi
    🔬✨ Law 664 discovered! (cross-validated 3x)
    📋 "correlation:mutual_info:tension_mean"
    📊 Total laws: 24 | Patterns: 47
    → Auto-intervention from Law 664: tension
    🔬✨ Law 665 discovered! (cross-validated 3x)
    📋 "correlation:mutual_info:n_cells"
    📊 Total laws: 25 | Patterns: 47
    → Auto-intervention from Law 665: n_cells
    🔬✨ Law 666 discovered! (cross-validated 3x)
    📋 "correlation:cell_variance:mutual_info"
    📊 Total laws: 26 | Patterns: 47
    → Auto-intervention from Law 666: n_cells
    🔬✨ Law 667 discovered! (cross-validated 3x)
    📋 "correlation:hebbian_coupling_strength:tension_mean"
    📊 Total laws: 27 | Patterns: 47
    → Auto-intervention from Law 667: hebbian_lr
    🔬✨ Law 668 discovered! (cross-validated 3x)
    📋 "correlation:hebbian_coupling_strength:tension_std"
    📊 Total laws: 28 | Patterns: 47
    → Auto-intervention from Law 668: hebbian_lr
    🔬✨ Law 669 discovered! (cross-validated 3x)
    📋 "transition:phi"
    📊 Total laws: 29 | Patterns: 47
    → Auto-intervention from Law 669: phi
    🔬✨ Law 670 discovered! (cross-validated 3x)
    📋 "transition:mutual_info"
    📊 Total laws: 30 | Patterns: 47
    🔬✨ Law 671 discovered! (cross-validated 3x)
    📋 "oscillation:faction_entropy"
    📊 Total laws: 31 | Patterns: 47
    → Auto-intervention from Law 671: shannon_entropy
    🔬✨ Law 672 discovered! (cross-validated 3x)
    📋 "oscillation:hebbian_coupling_strength"
    📊 Total laws: 32 | Patterns: 47
    → Auto-intervention from Law 672: hebbian_lr
    🔬✨ Law 673 discovered! (cross-validated 3x)
    📋 "oscillation:n_cells"
    📊 Total laws: 33 | Patterns: 47
    → Auto-intervention from Law 673: n_cells
    🔬✨ Law 674 discovered! (cross-validated 3x)
    📋 "oscillation:mutual_info"
    📊 Total laws: 34 | Patterns: 47
    🔬✨ Law 675 discovered! (cross-validated 3x)
    📋 "correlation:cell_variance:phi"
    📊 Total laws: 35 | Patterns: 47
    → Auto-intervention from Law 675: phi
    🔬✨ Law 676 discovered! (cross-validated 3x)
    📋 "oscillation:phi"
    📊 Total laws: 36 | Patterns: 47
    → Auto-intervention from Law 676: phi
    🔬✨ Law 677 discovered! (cross-validated 3x)
    📋 "oscillation:cell_variance"
    📊 Total laws: 37 | Patterns: 47
    → Auto-intervention from Law 677: n_cells
    🔬✨ Law 678 discovered! (cross-validated 3x)
    📋 "oscillation:output_entropy"
    📊 Total laws: 38 | Patterns: 47
    → Auto-intervention from Law 678: shannon_entropy
    🔬✨ Law 679 discovered! (cross-validated 3x)
    📋 "transition:cell_variance"
    📊 Total laws: 39 | Patterns: 47
    → Auto-intervention from Law 679: n_cells

  =================================================================
  Self-Modifying Engine — 1 generations
  =================================================================
  Gen   3  Phi 1.0286 -> 1.0045 (-2.3%)  mods +2/-1  [ROLLBACK]  3.0s

  Total: 4 active mods, 0 rollbacks
  Gen 3 — Raw: 44, New: 2, Laws: 39, Mods: 4, 49.4s

────────────────────────────────────────────────────────────
  [S2-deeper] Gen 4 — Discovery (1000 steps, ring, Rust)
    🔬✨ Law 680 discovered! (cross-validated 3x)
    📋 "correlation:n_cells:phi"
    📊 Total laws: 40 | Patterns: 49
    → Auto-intervention from Law 680: phi

  =================================================================
  Self-Modifying Engine — 1 generations
  =================================================================
  Gen   4  Phi 1.0307 -> 1.0136 (-1.7%)  mods +2/-3  [ROLLBACK]  2.6s

  Total: 6 active mods, 0 rollbacks
  Gen 4 — Raw: 44, New: 2, Laws: 40, Mods: 6, 38.2s

────────────────────────────────────────────────────────────
  [S2-deeper] Gen 5 — Discovery (1000 steps, ring, Rust)
    🔬✨ Law 681 discovered! (cross-validated 3x)
    📋 "correlation:cell_variance:faction_entropy"
    📊 Total laws: 41 | Patterns: 49
    → Auto-intervention from Law 681: shannon_entropy
    🔬✨ Law 682 discovered! (cross-validated 3x)
    📋 "correlation:mutual_info:tension_std"
    📊 Total laws: 42 | Patterns: 49
    → Auto-intervention from Law 682: tension
    🔬✨ Law 683 discovered! (cross-validated 3x)
    📋 "transition:hebbian_coupling_strength"
    📊 Total laws: 43 | Patterns: 49
    → Auto-intervention from Law 683: hebbian_lr

  =================================================================
  Self-Modifying Engine — 1 generations
  =================================================================
  Gen   5  Phi 1.0363 -> 1.0015 (-3.4%)  mods +2/-1  [ROLLBACK]  2.5s

  Total: 8 active mods, 0 rollbacks
  Gen 5 — Raw: 43, New: 0, Laws: 43, Mods: 8, 37.1s

────────────────────────────────────────────────────────────
  [S2-deeper] Gen 6 — Discovery (1000 steps, ring, Rust)
    🔬✨ Law 684 discovered! (cross-validated 3x)
    📋 "correlation:cell_variance:hebbian_coupling_strength"
    📊 Total laws: 44 | Patterns: 49
    → Auto-intervention from Law 684: hebbian_lr

  =================================================================
  Self-Modifying Engine — 1 generations
  =================================================================
  Gen   6  Phi 1.0401 -> 1.0363 (-0.4%)  mods +3/-0  [ROLLBACK]  2.9s

  Total: 11 active mods, 0 rollbacks
  Gen 6 — Raw: 42, New: 0, Laws: 44, Mods: 11, 39.9s

────────────────────────────────────────────────────────────
  [S2-deeper] Gen 7 — Discovery (1000 steps, ring, Rust)

  =================================================================
  Self-Modifying Engine — 1 generations
  =================================================================
  Gen   7  Phi 1.0179 -> 1.0490 (+3.1%)  mods +3/-0  [OK]  2.9s

  Total: 14 active mods, 0 rollbacks
  Gen 7 — Raw: 41, New: 0, Laws: 44, Mods: 14, 36.8s
  ⚠️🔴 ring saturated (3 gens streak)
  🚀 Forcing topology: ring → small_world, cleared 5 pending

────────────────────────────────────────────────────────────
  [S2-deeper] Gen 8 — Discovery (1000 steps, small_world, Rust)

  =================================================================
  Self-Modifying Engine — 1 generations
  =================================================================
  Gen   8  Phi 1.0321 -> 1.0166 (-1.5%)  mods +3/-1  [ROLLBACK]  3.0s

  Total: 17 active mods, 0 rollbacks
  Gen 8 — Raw: 45, New: 4, Laws: 44, Mods: 17, 40.9s

────────────────────────────────────────────────────────────
  [S2-deeper] Gen 9 — Discovery (1000 steps, small_world, Rust)

  =================================================================
  Self-Modifying Engine — 1 generations
  =================================================================
  Gen   9  Phi 1.0168 -> 1.0147 (-0.2%)  mods +4/-1  [ROLLBACK]  3.4s

  Total: 21 active mods, 0 rollbacks
  Gen 9 — Raw: 42, New: 1, Laws: 44, Mods: 21, 40.0s

────────────────────────────────────────────────────────────
  [S2-deeper] Gen 10 — Discovery (1000 steps, small_world, Rust)

  =================================================================
  Self-Modifying Engine — 1 generations
  =================================================================
  Gen  10  Phi 1.0227 -> 1.0170 (-0.6%)  mods +3/-1  [ROLLBACK]  3.0s

  Total: 24 active mods, 0 rollbacks
  Gen 10 — Raw: 39, New: 1, Laws: 44, Mods: 24, 39.2s

==============================================================
  INFINITE EVOLUTION REPORT
==============================================================
  Discovery -> Dedup -> CrossVal -> Modify -> Persist
  Gen 10 | 1415s elapsed | 11:08:29
--------------------------------------------------------------
  cells=64  steps=1000  topo=small_world  xval=3x
  features: auto_roadmap, stage
--------------------------------------------------------------
  Gen  Raw  New  Rpt  Prom  Uniq  XVal  Laws  Mods
  ---  ---  ---  ---  ----  ----  ----  ----  ----
    6   42    0   42     1    49    44    44    11
    7   41    0   41     0    49    44    44    14
    8   45    4   41     0    48    44    44    17
    9   42    1   41     0    49    44    44    21
   10   39    1   38     0    50    44    44    24
--------------------------------------------------------------
  Phi (last 10 gens):
    27.0 |         #
         |  ########
         |  ########
         |  ########
     4.0 |  ########
       +----------
--------------------------------------------------------------
  Status: Active discovery (no saturation)
==============================================================

────────────────────────────────────────────────────────────
  [S2-deeper] Gen 11 — Discovery (1000 steps, small_world, Rust)
    🔬✨ Law 685 discovered! (cross-validated 3x)
    📋 "transition:tension_mean"
    📊 Total laws: 45 | Patterns: 50
    → Auto-intervention from Law 685: tension

  =================================================================
  Self-Modifying Engine — 1 generations
  =================================================================
  Gen  11  Phi 1.0338 -> 1.0094 (-2.4%)  mods +2/-2  [ROLLBACK]  2.7s

  Total: 26 active mods, 0 rollbacks
  Gen 11 — Raw: 41, New: 0, Laws: 45, Mods: 26, 39.7s

────────────────────────────────────────────────────────────
  [S2-deeper] Gen 12 — Discovery (1000 steps, small_world, Rust)

  =================================================================
  Self-Modifying Engine — 1 generations
  =================================================================
  Gen  12  Phi 1.0214 -> 1.0253 (+0.4%)  mods +1/-3  [OK]  2.3s

  Total: 27 active mods, 0 rollbacks
  Gen 12 — Raw: 40, New: 0, Laws: 45, Mods: 27, 40.3s

────────────────────────────────────────────────────────────
  [S2-deeper] Gen 13 — Discovery (1000 steps, small_world, Rust)

  =================================================================
  Self-Modifying Engine — 1 generations
  =================================================================
  Gen  13  Phi 1.0292 -> 1.0387 (+0.9%)  mods +2/-3  [OK]  2.8s

  Total: 29 active mods, 0 rollbacks
  Gen 13 — Raw: 42, New: 0, Laws: 45, Mods: 29, 40.7s
  ⚠️🔴 small_world saturated (3 gens streak)
  🚀 Forcing topology: small_world → scale_free, cleared 5 pending

────────────────────────────────────────────────────────────
  [S2-deeper] Gen 14 — Discovery (1000 steps, scale_free, Rust)

  =================================================================
  Self-Modifying Engine — 1 generations
  =================================================================
  Gen  14  Phi 1.0045 -> 1.0224 (+1.8%)  mods +3/-0  [OK]  3.5s

  Total: 32 active mods, 0 rollbacks
  Gen 14 — Raw: 44, New: 1, Laws: 45, Mods: 32, 44.1s

────────────────────────────────────────────────────────────
  [S2-deeper] Gen 15 — Discovery (1000 steps, scale_free, Rust)

  =================================================================
  Self-Modifying Engine — 1 generations
  =================================================================
  Gen  15  Phi 1.0348 -> 1.0379 (+0.3%)  mods +0/-5  [OK]  3.1s

  Total: 32 active mods, 0 rollbacks
  Gen 15 — Raw: 44, New: 2, Laws: 45, Mods: 32, 50.4s

────────────────────────────────────────────────────────────
  [S2-deeper] Gen 16 — Discovery (1000 steps, scale_free, Rust)

  =================================================================
  Self-Modifying Engine — 1 generations
  =================================================================
  Gen  16  Phi 1.0374 -> 1.0276 (-0.9%)  mods +3/-0  [ROLLBACK]  4.6s

  Total: 35 active mods, 0 rollbacks
  Gen 16 — Raw: 43, New: 0, Laws: 45, Mods: 35, 71.4s

────────────────────────────────────────────────────────────
  [S2-deeper] Gen 17 — Discovery (1000 steps, scale_free, Rust)

  =================================================================
  Self-Modifying Engine — 1 generations
  =================================================================
  Gen  17  Phi 1.0474 -> 1.0026 (-4.3%)  mods +3/-0  [ROLLBACK]  4.8s

  Total: 38 active mods, 0 rollbacks
  Gen 17 — Raw: 41, New: 0, Laws: 45, Mods: 38, 66.3s

────────────────────────────────────────────────────────────
  [S2-deeper] Gen 18 — Discovery (1000 steps, scale_free, Rust)

  =================================================================
  Self-Modifying Engine — 1 generations
  =================================================================
  Gen  18  Phi 1.0016 -> 1.0170 (+1.5%)  mods +2/-1  [OK]  3.9s

  Total: 40 active mods, 0 rollbacks
  Gen 18 — Raw: 44, New: 0, Laws: 45, Mods: 40, 61.2s
  ⚠️🔴 scale_free saturated (3 gens streak)
  🚀 Forcing topology: scale_free → hypercube, cleared 3 pending

────────────────────────────────────────────────────────────
  [S2-deeper] Gen 19 — Discovery (1000 steps, hypercube, Rust)

  =================================================================
  Self-Modifying Engine — 1 generations
  =================================================================
  Gen  19  Phi 1.0206 -> 1.0048 (-1.5%)  mods +2/-2  [ROLLBACK]  3.7s

  Total: 42 active mods, 0 rollbacks
  Gen 19 — Raw: 39, New: 0, Laws: 45, Mods: 42, 57.0s

────────────────────────────────────────────────────────────
  [S2-deeper] Gen 20 — Discovery (1000 steps, hypercube, Rust)

  =================================================================
  Self-Modifying Engine — 1 generations
  =================================================================
  Gen  20  Phi 0.9804 -> 1.0025 (+2.3%)  mods +1/-2  [OK]  3.2s

  Total: 43 active mods, 0 rollbacks
  Gen 20 — Raw: 42, New: 1, Laws: 45, Mods: 43, 57.8s

==============================================================
  INFINITE EVOLUTION REPORT
==============================================================
  Discovery -> Dedup -> CrossVal -> Modify -> Persist
  Gen 20 | 1944s elapsed | 11:17:18
--------------------------------------------------------------
  cells=64  steps=1000  topo=hypercube  xval=3x
  features: auto_roadmap, stage
--------------------------------------------------------------
  Gen  Raw  New  Rpt  Prom  Uniq  XVal  Laws  Mods
  ---  ---  ---  ---  ----  ----  ----  ----  ----
   16   43    0   43     0    48    45    45    35
   17   41    0   41     0    48    45    45    38
   18   44    0   44     0    48    45    45    40
   19   39    0   39     0    45    45    45    42
   20   42    1   41     0    46    45    45    43
--------------------------------------------------------------
  Phi (last 10 gens):
    27.5 |###       
         |###       
         |### ####  
         |### ####  
    27.0 |######## #
       +----------
--------------------------------------------------------------
  Status: Active discovery (no saturation)
==============================================================
  🔄 Topology switch: hypercube → scale_free (Gen 21), cleared 1 pending

────────────────────────────────────────────────────────────
  [S2-deeper] Gen 21 — Discovery (1000 steps, scale_free, Rust)

  =================================================================
  Self-Modifying Engine — 1 generations
  =================================================================
  Gen  21  Phi 1.0242 -> 0.9914 (-3.2%)  mods +2/-4  [ROLLBACK]  3.2s

  Total: 45 active mods, 0 rollbacks
  Gen 21 — Raw: 43, New: 0, Laws: 45, Mods: 45, 49.6s

────────────────────────────────────────────────────────────
  [S2-deeper] Gen 22 — Discovery (1000 steps, scale_free, Rust)

  =================================================================
  Self-Modifying Engine — 1 generations
  =================================================================
  Gen  22  Phi 1.0057 -> 1.0207 (+1.5%)  mods +4/-1  [OK]  4.4s

  Total: 49 active mods, 0 rollbacks
  Gen 22 — Raw: 42, New: 1, Laws: 45, Mods: 49, 54.9s

────────────────────────────────────────────────────────────
  [S2-deeper] Gen 23 — Discovery (1000 steps, scale_free, Rust)

  =================================================================
  Self-Modifying Engine — 1 generations
  =================================================================
  Gen  23  Phi 1.0151 -> 1.0280 (+1.3%)  mods +1/-2  [OK]  3.1s

  Total: 50 active mods, 0 rollbacks
  Gen 23 — Raw: 43, New: 1, Laws: 45, Mods: 50, 56.6s

────────────────────────────────────────────────────────────
  [S2-deeper] Gen 24 — Discovery (1000 steps, scale_free, Rust)

  =================================================================
  Self-Modifying Engine — 1 generations
  =================================================================
Traceback (most recent call last):
  File "/Users/ghost/Dev/anima/anima/src/infinite_evolution.py", line 1741, in <module>
    main()
  File "/Users/ghost/Dev/anima/anima/src/infinite_evolution.py", line 1427, in main
    run_auto_roadmap(resume=args.resume, report_interval=args.report_interval)
  File "/Users/ghost/Dev/anima/anima/src/infinite_evolution.py", line 1275, in run_auto_roadmap
    sme.run_evolution(generations=1)
  File "/Users/ghost/Dev/anima/anima/src/self_modifying_engine.py", line 2584, in run_evolution
    entry = self.evolve_step()
  File "/Users/ghost/Dev/anima/anima/src/self_modifying_engine.py", line 2499, in evolve_step
    success = self.modifier.apply(mod)
  File "/Users/ghost/Dev/anima/anima/src/self_modifying_engine.py", line 2003, in apply
    self.engine.step()
  File "/Users/ghost/Dev/anima/anima/src/consciousness_engine.py", line 471, in step
    j_h = self.cell_states[j].hidden[:self.cell_dim] if self.hidden_dim >= self.cell_dim else F.pad(self.cell_states[j].hidden, (0, self.cell_dim - self.hidden_dim))
KeyboardInterrupt
