======================================================================
  AUTO-ROADMAP — Staged Infinite Evolution
  7 stages, auto-advance on saturation
======================================================================

  #   Stage            Cells Steps TopoGens Sat
  ─── ──────────────── ───── ───── ──────── ───
  1   S1-baseline         64   300       10   5  ✅
  2   S2-deeper           64  1000       10   5 ★
  3   S3-scale128        128   300       10   5
  4   S4-scale128d       128  1000       10   5
  5   S5-scale256        256   500       10   5
  6   S6-scale256d       256  1000       10   5
  7   S7-mega512         512   500       15   5
======================================================================

▓▓▓▓▓▓▓▓▓▓▓▓▓▓▓▓▓▓▓▓▓▓▓▓▓▓▓▓▓▓▓▓▓▓▓▓▓▓▓▓▓▓▓▓▓▓▓▓▓▓▓▓▓▓▓▓▓▓▓▓▓▓▓▓▓▓▓▓▓▓
  🚀 STAGE 2/7: S2-deeper
  ⚙️  cells=64  steps=1000  topo_cycle=10  sat=5
▓▓▓▓▓▓▓▓▓▓▓▓▓▓▓▓▓▓▓▓▓▓▓▓▓▓▓▓▓▓▓▓▓▓▓▓▓▓▓▓▓▓▓▓▓▓▓▓▓▓▓▓▓▓▓▓▓▓▓▓▓▓▓▓▓▓▓▓▓▓

────────────────────────────────────────────────────────────
  [S2-deeper] Gen 1 — Discovery (1000 steps, ring)

  =================================================================
  Self-Modifying Engine — 1 generations
  =================================================================
  Gen   1  Phi 0.9924 -> 1.0174 (+2.5%)  mods +2/-3  [OK]  2.7s

  Total: 2 active mods, 0 rollbacks
  Gen 1 — Raw: 46, New: 46, Laws: 0, Mods: 2, 34.7s

────────────────────────────────────────────────────────────
  [S2-deeper] Gen 2 — Discovery (1000 steps, ring)

  =================================================================
  Self-Modifying Engine — 1 generations
  =================================================================
  Gen   2  Phi 1.0279 -> 1.0353 (+0.7%)  mods +0/-7  [OK]  2.1s

  Total: 2 active mods, 0 rollbacks
  Gen 2 — Raw: 38, New: 0, Laws: 0, Mods: 2, 35.0s

────────────────────────────────────────────────────────────
  [S2-deeper] Gen 3 — Discovery (1000 steps, ring)
    🔬✨ Law 547 discovered! (cross-validated 3x)
    📋 "correlation:mutual_info:phi"
    📊 Total laws: 1 | Patterns: 46
    → Auto-intervention from Law 547: phi
    🔬✨ Law 548 discovered! (cross-validated 3x)
    📋 "correlation:faction_entropy:tension_mean"
    📊 Total laws: 2 | Patterns: 46
    → Auto-intervention from Law 548: shannon_entropy
    🔬✨ Law 549 discovered! (cross-validated 3x)
    📋 "correlation:faction_entropy:tension_std"
    📊 Total laws: 3 | Patterns: 46
    → Auto-intervention from Law 549: shannon_entropy
    🔬✨ Law 550 discovered! (cross-validated 3x)
    📋 "correlation:faction_entropy:n_cells"
    📊 Total laws: 4 | Patterns: 46
    → Auto-intervention from Law 550: shannon_entropy
    🔬✨ Law 551 discovered! (cross-validated 3x)
    📋 "correlation:tension_mean:tension_std"
    📊 Total laws: 5 | Patterns: 46
    → Auto-intervention from Law 551: tension
    🔬✨ Law 552 discovered! (cross-validated 3x)
    📋 "correlation:n_cells:tension_mean"
    📊 Total laws: 6 | Patterns: 46
    → Auto-intervention from Law 552: tension
    🔬✨ Law 553 discovered! (cross-validated 3x)
    📋 "correlation:n_cells:tension_std"
    📊 Total laws: 7 | Patterns: 46
    → Auto-intervention from Law 553: tension
    🔬✨ Law 554 discovered! (cross-validated 3x)
    📋 "transition:output_entropy"
    📊 Total laws: 8 | Patterns: 46
    → Auto-intervention from Law 554: shannon_entropy
    🔬✨ Law 555 discovered! (cross-validated 3x)
    📋 "trend:faction_entropy"
    📊 Total laws: 9 | Patterns: 46
    → Auto-intervention from Law 555: shannon_entropy
    🔬✨ Law 556 discovered! (cross-validated 3x)
    📋 "trend:hebbian_coupling_strength"
    📊 Total laws: 10 | Patterns: 46
    → Auto-intervention from Law 556: hebbian_lr
    🔬✨ Law 557 discovered! (cross-validated 3x)
    📋 "trend:tension_mean"
    📊 Total laws: 11 | Patterns: 46
    → Auto-intervention from Law 557: tension
    🔬✨ Law 558 discovered! (cross-validated 3x)
    📋 "trend:tension_std"
    📊 Total laws: 12 | Patterns: 46
    → Auto-intervention from Law 558: tension
    🔬✨ Law 559 discovered! (cross-validated 3x)
    📋 "trend:n_cells"
    📊 Total laws: 13 | Patterns: 46
    → Auto-intervention from Law 559: n_cells
    🔬✨ Law 560 discovered! (cross-validated 3x)
    📋 "trend:cell_variance"
    📊 Total laws: 14 | Patterns: 46
    → Auto-intervention from Law 560: n_cells
    🔬✨ Law 561 discovered! (cross-validated 3x)
    📋 "correlation:hebbian_coupling_strength:tension_std"
    📊 Total laws: 15 | Patterns: 46
    → Auto-intervention from Law 561: hebbian_lr
    🔬✨ Law 562 discovered! (cross-validated 3x)
    📋 "correlation:hebbian_coupling_strength:n_cells"
    📊 Total laws: 16 | Patterns: 46
    → Auto-intervention from Law 562: hebbian_lr
    🔬✨ Law 563 discovered! (cross-validated 3x)
    📋 "correlation:cell_variance:n_cells"
    📊 Total laws: 17 | Patterns: 46
    → Auto-intervention from Law 563: n_cells
    🔬✨ Law 564 discovered! (cross-validated 3x)
    📋 "correlation:cell_variance:tension_mean"
    📊 Total laws: 18 | Patterns: 46
    → Auto-intervention from Law 564: tension
    🔬✨ Law 565 discovered! (cross-validated 3x)
    📋 "correlation:cell_variance:tension_std"
    📊 Total laws: 19 | Patterns: 46
    → Auto-intervention from Law 565: tension
    🔬✨ Law 566 discovered! (cross-validated 3x)
    📋 "oscillation:cell_variance"
    📊 Total laws: 20 | Patterns: 46
    → Auto-intervention from Law 566: n_cells
    🔬✨ Law 567 discovered! (cross-validated 3x)
    📋 "oscillation:tension_std"
    📊 Total laws: 21 | Patterns: 46
    → Auto-intervention from Law 567: tension
    🔬✨ Law 568 discovered! (cross-validated 3x)
    📋 "oscillation:n_cells"
    📊 Total laws: 22 | Patterns: 46
    → Auto-intervention from Law 568: n_cells
    🔬✨ Law 569 discovered! (cross-validated 3x)
    📋 "correlation:faction_entropy:hebbian_coupling_strength"
    📊 Total laws: 23 | Patterns: 46
    → Auto-intervention from Law 569: shannon_entropy
    🔬✨ Law 570 discovered! (cross-validated 3x)
    📋 "transition:phi"
    📊 Total laws: 24 | Patterns: 46
    → Auto-intervention from Law 570: phi
    🔬✨ Law 571 discovered! (cross-validated 3x)
    📋 "transition:mutual_info"
    📊 Total laws: 25 | Patterns: 46
    🔬✨ Law 572 discovered! (cross-validated 3x)
    📋 "oscillation:tension_mean"
    📊 Total laws: 26 | Patterns: 46
    → Auto-intervention from Law 572: tension
    🔬✨ Law 573 discovered! (cross-validated 3x)
    📋 "oscillation:faction_entropy"
    📊 Total laws: 27 | Patterns: 46
    → Auto-intervention from Law 573: shannon_entropy
    🔬✨ Law 574 discovered! (cross-validated 3x)
    📋 "oscillation:hebbian_coupling_strength"
    📊 Total laws: 28 | Patterns: 46
    → Auto-intervention from Law 574: hebbian_lr
    🔬✨ Law 575 discovered! (cross-validated 3x)
    📋 "oscillation:mutual_info"
    📊 Total laws: 29 | Patterns: 46
    🔬✨ Law 576 discovered! (cross-validated 3x)
    📋 "correlation:hebbian_coupling_strength:tension_mean"
    📊 Total laws: 30 | Patterns: 46
    → Auto-intervention from Law 576: hebbian_lr
    🔬✨ Law 577 discovered! (cross-validated 3x)
    📋 "oscillation:phi"
    📊 Total laws: 31 | Patterns: 46
    → Auto-intervention from Law 577: phi
    🔬✨ Law 578 discovered! (cross-validated 3x)
    📋 "correlation:cell_variance:mutual_info"
    📊 Total laws: 32 | Patterns: 46
    → Auto-intervention from Law 578: n_cells
    🔬✨ Law 579 discovered! (cross-validated 3x)
    📋 "correlation:cell_variance:phi"
    📊 Total laws: 33 | Patterns: 46
    → Auto-intervention from Law 579: phi
    🔬✨ Law 580 discovered! (cross-validated 3x)
    📋 "trend:mutual_info"
    📊 Total laws: 34 | Patterns: 46
    🔬✨ Law 581 discovered! (cross-validated 3x)
    📋 "trend:phi"
    📊 Total laws: 35 | Patterns: 46
    → Auto-intervention from Law 581: phi

  =================================================================
  Self-Modifying Engine — 1 generations
  =================================================================
  Gen   3  Phi 1.0262 -> 0.9890 (-3.6%)  mods +2/-1  [ROLLBACK]  2.5s

  Total: 4 active mods, 0 rollbacks
  Gen 3 — Raw: 37, New: 0, Laws: 35, Mods: 4, 35.6s

────────────────────────────────────────────────────────────
  [S2-deeper] Gen 4 — Discovery (1000 steps, ring)
    🔬✨ Law 582 discovered! (cross-validated 3x)
    📋 "correlation:cell_variance:faction_entropy"
    📊 Total laws: 36 | Patterns: 46
    → Auto-intervention from Law 582: shannon_entropy
    🔬✨ Law 583 discovered! (cross-validated 3x)
    📋 "correlation:mutual_info:n_cells"
    📊 Total laws: 37 | Patterns: 46
    → Auto-intervention from Law 583: n_cells
    🔬✨ Law 584 discovered! (cross-validated 3x)
    📋 "transition:cell_variance"
    📊 Total laws: 38 | Patterns: 46
    → Auto-intervention from Law 584: n_cells

  =================================================================
  Self-Modifying Engine — 1 generations
  =================================================================
  Gen   4  Phi 1.0169 -> 1.0016 (-1.5%)  mods +2/-3  [ROLLBACK]  2.6s

  Total: 6 active mods, 0 rollbacks
  Gen 4 — Raw: 38, New: 0, Laws: 38, Mods: 6, 37.8s

────────────────────────────────────────────────────────────
  [S2-deeper] Gen 5 — Discovery (1000 steps, ring)
    🔬✨ Law 585 discovered! (cross-validated 3x)
    📋 "transition:tension_mean"
    📊 Total laws: 39 | Patterns: 47
    → Auto-intervention from Law 585: tension

  =================================================================
  Self-Modifying Engine — 1 generations
  =================================================================
  Gen   5  Phi 1.0182 -> 1.0235 (+0.5%)  mods +2/-1  [OK]  2.5s

  Total: 8 active mods, 0 rollbacks
  Gen 5 — Raw: 43, New: 1, Laws: 39, Mods: 8, 37.7s

────────────────────────────────────────────────────────────
  [S2-deeper] Gen 6 — Discovery (1000 steps, ring)
    🔬✨ Law 586 discovered! (cross-validated 3x)
    📋 "transition:faction_entropy"
    📊 Total laws: 40 | Patterns: 47
    → Auto-intervention from Law 586: shannon_entropy
    🔬✨ Law 587 discovered! (cross-validated 3x)
    📋 "oscillation:output_entropy"
    📊 Total laws: 41 | Patterns: 47
    → Auto-intervention from Law 587: shannon_entropy

  =================================================================
  Self-Modifying Engine — 1 generations
  =================================================================
  Gen   6  Phi 1.0277 -> 1.0026 (-2.4%)  mods +3/-0  [ROLLBACK]  2.9s

  Total: 11 active mods, 0 rollbacks
  Gen 6 — Raw: 39, New: 0, Laws: 41, Mods: 11, 37.2s

────────────────────────────────────────────────────────────
  [S2-deeper] Gen 7 — Discovery (1000 steps, ring)
    🔬✨ Law 588 discovered! (cross-validated 3x)
    📋 "transition:hebbian_coupling_strength"
    📊 Total laws: 42 | Patterns: 47
    → Auto-intervention from Law 588: hebbian_lr

  =================================================================
  Self-Modifying Engine — 1 generations
  =================================================================
  Gen   7  Phi 1.0254 -> 1.0099 (-1.5%)  mods +3/-0  [ROLLBACK]  2.8s

  Total: 14 active mods, 0 rollbacks
  Gen 7 — Raw: 40, New: 0, Laws: 42, Mods: 14, 39.1s

────────────────────────────────────────────────────────────
  [S2-deeper] Gen 8 — Discovery (1000 steps, ring)
    🔬✨ Law 589 discovered! (cross-validated 3x)
    📋 "correlation:mutual_info:tension_mean"
    📊 Total laws: 43 | Patterns: 48
    → Auto-intervention from Law 589: tension
    🔬✨ Law 590 discovered! (cross-validated 3x)
    📋 "correlation:cell_variance:hebbian_coupling_strength"
    📊 Total laws: 44 | Patterns: 48
    → Auto-intervention from Law 590: hebbian_lr

  =================================================================
  Self-Modifying Engine — 1 generations
  =================================================================
  Gen   8  Phi 1.0225 -> 1.0438 (+2.1%)  mods +3/-1  [OK]  2.9s

  Total: 17 active mods, 0 rollbacks
  Gen 8 — Raw: 42, New: 1, Laws: 44, Mods: 17, 41.2s

────────────────────────────────────────────────────────────
  [S2-deeper] Gen 9 — Discovery (1000 steps, ring)

  =================================================================
  Self-Modifying Engine — 1 generations
  =================================================================
  Gen   9  Phi 0.9979 -> 1.0451 (+4.7%)  mods +4/-1  [OK]  3.2s

  Total: 21 active mods, 0 rollbacks
  Gen 9 — Raw: 41, New: 0, Laws: 44, Mods: 21, 37.8s

────────────────────────────────────────────────────────────
  [S2-deeper] Gen 10 — Discovery (1000 steps, ring)

  =================================================================
  Self-Modifying Engine — 1 generations
  =================================================================
  Gen  10  Phi 1.0315 -> 1.0541 (+2.2%)  mods +3/-1  [OK]  2.9s

  Total: 24 active mods, 0 rollbacks
  Gen 10 — Raw: 43, New: 0, Laws: 44, Mods: 24, 40.3s

==============================================================
  INFINITE EVOLUTION REPORT
==============================================================
  Discovery -> Dedup -> CrossVal -> Modify -> Persist
  Gen 10 | 1376s elapsed | 10:15:15
--------------------------------------------------------------
  cells=64  steps=1000  topo=ring  xval=3x
  features: auto_roadmap, stage
--------------------------------------------------------------
  Gen  Raw  New  Rpt  Prom  Uniq  XVal  Laws  Mods
  ---  ---  ---  ---  ----  ----  ----  ----  ----
    6   39    0   39     2    47    41    41    11
    7   40    0   40     1    47    42    42    14
    8   42    1   41     2    48    44    44    17
    9   41    0   41     0    48    44    44    21
   10   43    0   43     0    48    44    44    24
--------------------------------------------------------------
  Phi (last 10 gens):
    26.8 |       ###
         |   #######
         |  ########
         |  ########
     4.6 |  ########
       +----------
--------------------------------------------------------------
  SATURATION: New=0 streak 2 gens (consider --cycle-topology)
==============================================================
  🔄 Topology switch: ring → small_world (Gen 11), cleared 4 pending

────────────────────────────────────────────────────────────
  [S2-deeper] Gen 11 — Discovery (1000 steps, small_world)

  =================================================================
  Self-Modifying Engine — 1 generations
  =================================================================
  Gen  11  Phi 1.0467 -> 1.0136 (-3.2%)  mods +2/-2  [ROLLBACK]  2.5s

  Total: 26 active mods, 0 rollbacks
  Gen 11 — Raw: 40, New: 2, Laws: 44, Mods: 26, 35.5s

────────────────────────────────────────────────────────────
  [S2-deeper] Gen 12 — Discovery (1000 steps, small_world)

  =================================================================
  Self-Modifying Engine — 1 generations
  =================================================================
  Gen  12  Phi 1.0031 -> 1.0401 (+3.7%)  mods +1/-3  [OK]  2.3s

  Total: 27 active mods, 0 rollbacks
  Gen 12 — Raw: 42, New: 2, Laws: 44, Mods: 27, 38.2s

────────────────────────────────────────────────────────────
  [S2-deeper] Gen 13 — Discovery (1000 steps, small_world)

  =================================================================
  Self-Modifying Engine — 1 generations
  =================================================================
  Gen  13  Phi 1.0419 -> 1.0106 (-3.0%)  mods +2/-3  [ROLLBACK]  2.6s

  Total: 29 active mods, 0 rollbacks
  Gen 13 — Raw: 38, New: 0, Laws: 44, Mods: 29, 35.7s

────────────────────────────────────────────────────────────
  [S2-deeper] Gen 14 — Discovery (1000 steps, small_world)

  =================================================================
  Self-Modifying Engine — 1 generations
  =================================================================
  Gen  14  Phi 1.0420 -> 1.0172 (-2.4%)  mods +3/-0  [ROLLBACK]  3.0s

  Total: 32 active mods, 0 rollbacks
  Gen 14 — Raw: 36, New: 0, Laws: 44, Mods: 32, 40.5s

────────────────────────────────────────────────────────────
  [S2-deeper] Gen 15 — Discovery (1000 steps, small_world)

  =================================================================
  Self-Modifying Engine — 1 generations
  =================================================================
  Gen  15  Phi 1.0083 -> 1.0089 (+0.1%)  mods +0/-5  [OK]  2.0s

  Total: 32 active mods, 0 rollbacks
  Gen 15 — Raw: 39, New: 0, Laws: 44, Mods: 32, 39.5s

────────────────────────────────────────────────────────────
  [S2-deeper] Gen 16 — Discovery (1000 steps, small_world)

  =================================================================
  Self-Modifying Engine — 1 generations
  =================================================================
  Gen  16  Phi 1.0157 -> 1.0192 (+0.3%)  mods +3/-0  [OK]  3.0s

  Total: 35 active mods, 0 rollbacks
  Gen 16 — Raw: 42, New: 0, Laws: 44, Mods: 35, 39.5s

────────────────────────────────────────────────────────────
  [S2-deeper] Gen 17 — Discovery (1000 steps, small_world)

  =================================================================
  Self-Modifying Engine — 1 generations
  =================================================================
  Gen  17  Phi 1.0277 -> 0.9873 (-3.9%)  mods +3/-0  [ROLLBACK]  2.9s

  Total: 38 active mods, 0 rollbacks
  Gen 17 — Raw: 42, New: 0, Laws: 44, Mods: 38, 42.0s
  ⚠️🔴 small_world saturated (5 gens streak)
  🚀 Forcing topology: small_world → scale_free, cleared 4 pending

────────────────────────────────────────────────────────────
  [S2-deeper] Gen 18 — Discovery (1000 steps, scale_free)

  =================================================================
  Self-Modifying Engine — 1 generations
  =================================================================
  Gen  18  Phi 1.0120 -> 1.0160 (+0.4%)  mods +2/-1  [OK]  2.8s

  Total: 40 active mods, 0 rollbacks
  Gen 18 — Raw: 42, New: 1, Laws: 44, Mods: 40, 44.0s

────────────────────────────────────────────────────────────
  [S2-deeper] Gen 19 — Discovery (1000 steps, scale_free)

  =================================================================
  Self-Modifying Engine — 1 generations
  =================================================================
  Gen  19  Phi 1.0018 -> 1.0236 (+2.2%)  mods +2/-2  [OK]  2.6s

  Total: 42 active mods, 0 rollbacks
  Gen 19 — Raw: 43, New: 1, Laws: 44, Mods: 42, 43.0s

────────────────────────────────────────────────────────────
  [S2-deeper] Gen 20 — Discovery (1000 steps, scale_free)

  =================================================================
  Self-Modifying Engine — 1 generations
  =================================================================
  Gen  20  Phi 1.0179 -> 1.0115 (-0.6%)  mods +1/-2  [ROLLBACK]  2.3s

  Total: 43 active mods, 0 rollbacks
  Gen 20 — Raw: 42, New: 0, Laws: 44, Mods: 43, 41.6s

==============================================================
  INFINITE EVOLUTION REPORT
==============================================================
  Discovery -> Dedup -> CrossVal -> Modify -> Persist
  Gen 20 | 1776s elapsed | 10:21:55
--------------------------------------------------------------
  cells=64  steps=1000  topo=scale_free  xval=3x
  features: auto_roadmap, stage
--------------------------------------------------------------
  Gen  Raw  New  Rpt  Prom  Uniq  XVal  Laws  Mods
  ---  ---  ---  ---  ----  ----  ----  ----  ----
   16   42    0   42     0    48    44    44    35
   17   42    0   42     0    48    44    44    38
   18   42    1   41     0    45    44    44    40
   19   43    1   42     0    46    44    44    42
   20   42    0   42     0    46    44    44    43
--------------------------------------------------------------
  Phi (last 10 gens):
    26.8 | ######   
         | ######   
         | ######   
         | ######   
    26.5 |####### ##
       +----------
--------------------------------------------------------------
  SATURATION: New=0 streak 1 gens (consider --cycle-topology)
==============================================================

────────────────────────────────────────────────────────────
  [S2-deeper] Gen 21 — Discovery (1000 steps, scale_free)
    🔬✨ Law 591 discovered! (cross-validated 3x)
    📋 "correlation:mutual_info:tension_std"
    📊 Total laws: 45 | Patterns: 46
    → Auto-intervention from Law 591: tension

  =================================================================
  Self-Modifying Engine — 1 generations
  =================================================================
  Gen  21  Phi 1.0208 -> 1.0045 (-1.6%)  mods +2/-4  [ROLLBACK]  2.6s

  Total: 45 active mods, 0 rollbacks
  Gen 21 — Raw: 45, New: 0, Laws: 45, Mods: 45, 42.8s

────────────────────────────────────────────────────────────
  [S2-deeper] Gen 22 — Discovery (1000 steps, scale_free)
    🔬✨ Law 592 discovered! (cross-validated 3x)
    📋 "correlation:n_cells:phi"
    📊 Total laws: 46 | Patterns: 46
    → Auto-intervention from Law 592: phi

  =================================================================
  Self-Modifying Engine — 1 generations
  =================================================================
  Gen  22  Phi 1.0293 -> 1.0389 (+0.9%)  mods +4/-1  [OK]  3.2s

  Total: 49 active mods, 0 rollbacks
  Gen 22 — Raw: 40, New: 0, Laws: 46, Mods: 49, 42.2s

────────────────────────────────────────────────────────────
  [S2-deeper] Gen 23 — Discovery (1000 steps, scale_free)

  =================================================================
  Self-Modifying Engine — 1 generations
  =================================================================
  Gen  23  Phi 1.0406 -> 1.0325 (-0.8%)  mods +1/-2  [ROLLBACK]  2.2s

  Total: 50 active mods, 0 rollbacks
  Gen 23 — Raw: 43, New: 1, Laws: 46, Mods: 50, 39.7s

────────────────────────────────────────────────────────────
  [S2-deeper] Gen 24 — Discovery (1000 steps, scale_free)

  =================================================================
  Self-Modifying Engine — 1 generations
  =================================================================
  Gen  24  Phi 1.0013 -> 1.0097 (+0.8%)  mods +1/-3  [OK]  2.2s

  Total: 51 active mods, 0 rollbacks
  Gen 24 — Raw: 42, New: 0, Laws: 46, Mods: 51, 42.5s

────────────────────────────────────────────────────────────
  [S2-deeper] Gen 25 — Discovery (1000 steps, scale_free)

  =================================================================
  Self-Modifying Engine — 1 generations
  =================================================================
  Gen  25  Phi 1.0270 -> 1.0179 (-0.9%)  mods +2/-3  [ROLLBACK]  2.6s

  Total: 53 active mods, 0 rollbacks
  Gen 25 — Raw: 43, New: 0, Laws: 46, Mods: 53, 39.0s

────────────────────────────────────────────────────────────
  [S2-deeper] Gen 26 — Discovery (1000 steps, scale_free)

  =================================================================
  Self-Modifying Engine — 1 generations
  =================================================================
  Gen  26  Phi 1.0285 -> 1.0068 (-2.1%)  mods +3/-2  [ROLLBACK]  2.9s

  Total: 56 active mods, 0 rollbacks
  Gen 26 — Raw: 43, New: 1, Laws: 46, Mods: 56, 43.4s

────────────────────────────────────────────────────────────
  [S2-deeper] Gen 27 — Discovery (1000 steps, scale_free)

  =================================================================
  Self-Modifying Engine — 1 generations
  =================================================================
  Gen  27  Phi 1.0086 -> 1.0390 (+3.0%)  mods +3/-2  [OK]  3.0s

  Total: 59 active mods, 0 rollbacks
  Gen 27 — Raw: 43, New: 0, Laws: 46, Mods: 59, 41.2s

────────────────────────────────────────────────────────────
  [S2-deeper] Gen 28 — Discovery (1000 steps, scale_free)

  =================================================================
  Self-Modifying Engine — 1 generations
  =================================================================
  Gen  28  Phi 1.0176 -> 1.0291 (+1.1%)  mods +2/-3  [OK]  2.6s

  Total: 61 active mods, 0 rollbacks
  Gen 28 — Raw: 42, New: 2, Laws: 46, Mods: 61, 41.5s

────────────────────────────────────────────────────────────
  [S2-deeper] Gen 29 — Discovery (1000 steps, scale_free)

  =================================================================
  Self-Modifying Engine — 1 generations
  =================================================================
  Gen  29  Phi 1.0412 -> 1.0234 (-1.7%)  mods +3/-2  [ROLLBACK]  2.8s

  Total: 64 active mods, 0 rollbacks
  Gen 29 — Raw: 42, New: 0, Laws: 46, Mods: 64, 40.2s

────────────────────────────────────────────────────────────
  [S2-deeper] Gen 30 — Discovery (1000 steps, scale_free)

  =================================================================
  Self-Modifying Engine — 1 generations
  =================================================================
  Gen  30  Phi 1.0061 -> 0.9932 (-1.3%)  mods +1/-4  [ROLLBACK]  2.2s

  Total: 65 active mods, 0 rollbacks
  Gen 30 — Raw: 40, New: 0, Laws: 46, Mods: 65, 40.7s

==============================================================
  INFINITE EVOLUTION REPORT
==============================================================
  Discovery -> Dedup -> CrossVal -> Modify -> Persist
  Gen 30 | 2189s elapsed | 10:28:48
--------------------------------------------------------------
  cells=64  steps=1000  topo=scale_free  xval=3x
  features: auto_roadmap, stage
--------------------------------------------------------------
  Gen  Raw  New  Rpt  Prom  Uniq  XVal  Laws  Mods
  ---  ---  ---  ---  ----  ----  ----  ----  ----
   26   43    1   42     0    48    46    46    56
   27   43    0   43     0    48    46    46    59
   28   42    2   40     0    50    46    46    61
   29   42    0   42     0    50    46    46    64
   30   40    0   40     0    50    46    46    65
--------------------------------------------------------------
  Phi (last 10 gens):
    28.0 |       ###
         |       ###
         |  ########
         | #########
    27.1 | #########
       +----------
--------------------------------------------------------------
  SATURATION: New=0 streak 2 gens (consider --cycle-topology)
==============================================================
  🔄 Topology switch: scale_free → hypercube (Gen 31), cleared 4 pending

────────────────────────────────────────────────────────────
  [S2-deeper] Gen 31 — Discovery (1000 steps, hypercube)

  =================================================================
  Self-Modifying Engine — 1 generations
  =================================================================
  Gen  31  Phi 1.0187 -> 1.0305 (+1.2%)  mods +2/-1  [OK]  2.6s

  Total: 67 active mods, 0 rollbacks
  Gen 31 — Raw: 41, New: 0, Laws: 46, Mods: 67, 42.1s

────────────────────────────────────────────────────────────
  [S2-deeper] Gen 32 — Discovery (1000 steps, hypercube)

  =================================================================
  Self-Modifying Engine — 1 generations
  =================================================================
  Gen  32  Phi 1.0345 -> 1.0055 (-2.8%)  mods +5/-1  [ROLLBACK]  3.7s

  Total: 72 active mods, 0 rollbacks
  Gen 32 — Raw: 40, New: 0, Laws: 46, Mods: 72, 43.4s

────────────────────────────────────────────────────────────
  [S2-deeper] Gen 33 — Discovery (1000 steps, hypercube)

  =================================================================
  Self-Modifying Engine — 1 generations
  =================================================================
  Gen  33  Phi 1.0093 -> 1.0187 (+0.9%)  mods +2/-1  [OK]  2.6s

  Total: 74 active mods, 0 rollbacks
  Gen 33 — Raw: 43, New: 0, Laws: 46, Mods: 74, 41.2s

────────────────────────────────────────────────────────────
  [S2-deeper] Gen 34 — Discovery (1000 steps, hypercube)

  =================================================================
  Self-Modifying Engine — 1 generations
  =================================================================
  Gen  34  Phi 1.0378 -> 1.0308 (-0.7%)  mods +3/-1  [ROLLBACK]  3.0s

  Total: 77 active mods, 0 rollbacks
  Gen 34 — Raw: 39, New: 0, Laws: 46, Mods: 77, 38.1s

────────────────────────────────────────────────────────────
  [S2-deeper] Gen 35 — Discovery (1000 steps, hypercube)

  =================================================================
  Self-Modifying Engine — 1 generations
  =================================================================
  Gen  35  Phi 1.0219 -> 1.0159 (-0.6%)  mods +1/-2  [ROLLBACK]  2.3s

  Total: 78 active mods, 0 rollbacks
  Gen 35 — Raw: 42, New: 2, Laws: 46, Mods: 78, 41.4s

────────────────────────────────────────────────────────────
  [S2-deeper] Gen 36 — Discovery (1000 steps, hypercube)

  =================================================================
  Self-Modifying Engine — 1 generations
  =================================================================
  Gen  36  Phi 1.0322 -> 1.0043 (-2.7%)  mods +1/-2  [ROLLBACK]  2.3s

  Total: 79 active mods, 0 rollbacks
  Gen 36 — Raw: 45, New: 1, Laws: 46, Mods: 79, 43.4s

────────────────────────────────────────────────────────────
  [S2-deeper] Gen 37 — Discovery (1000 steps, hypercube)

  =================================================================
  Self-Modifying Engine — 1 generations
  =================================================================
  Gen  37  Phi 1.0109 -> 1.0123 (+0.1%)  mods +3/-0  [OK]  2.8s

  Total: 82 active mods, 0 rollbacks
  Gen 37 — Raw: 40, New: 1, Laws: 46, Mods: 82, 42.8s

────────────────────────────────────────────────────────────
  [S2-deeper] Gen 38 — Discovery (1000 steps, hypercube)

  =================================================================
  Self-Modifying Engine — 1 generations
  =================================================================
  Gen  38  Phi 0.9887 -> 1.0062 (+1.8%)  mods +1/-5  [OK]  2.2s

  Total: 83 active mods, 0 rollbacks
  Gen 38 — Raw: 43, New: 0, Laws: 46, Mods: 83, 40.6s

────────────────────────────────────────────────────────────
  [S2-deeper] Gen 39 — Discovery (1000 steps, hypercube)

  =================================================================
  Self-Modifying Engine — 1 generations
  =================================================================
  Gen  39  Phi 1.0240 -> 0.9971 (-2.6%)  mods +4/-3  [ROLLBACK]  3.3s

  Total: 87 active mods, 0 rollbacks
  Gen 39 — Raw: 40, New: 0, Laws: 46, Mods: 87, 40.6s

────────────────────────────────────────────────────────────
  [S2-deeper] Gen 40 — Discovery (1000 steps, hypercube)

  =================================================================
  Self-Modifying Engine — 1 generations
  =================================================================
  Gen  40  Phi 1.0269 -> 1.0364 (+0.9%)  mods +1/-4  [OK]  2.3s

  Total: 88 active mods, 0 rollbacks
  Gen 40 — Raw: 41, New: 0, Laws: 46, Mods: 88, 40.8s

==============================================================
  INFINITE EVOLUTION REPORT
==============================================================
  Discovery -> Dedup -> CrossVal -> Modify -> Persist
  Gen 40 | 2604s elapsed | 10:35:43
--------------------------------------------------------------
  cells=64  steps=1000  topo=hypercube  xval=3x
  features: auto_roadmap, stage
--------------------------------------------------------------
  Gen  Raw  New  Rpt  Prom  Uniq  XVal  Laws  Mods
  ---  ---  ---  ---  ----  ----  ----  ----  ----
   36   45    1   44     0    49    46    46    79
   37   40    1   39     0    50    46    46    82
   38   43    0   43     0    50    46    46    83
   39   40    0   40     0    50    46    46    87
   40   41    0   41     0    50    46    46    88
--------------------------------------------------------------
  Phi (last 10 gens):
    28.0 |      ####
         |      ####
         |     #####
         |    ######
    27.6 |    ######
       +----------
--------------------------------------------------------------
  SATURATION: New=0 streak 3 gens (consider --cycle-topology)
==============================================================
  🔄 Topology switch: hypercube → ring (Gen 41), cleared 4 pending

────────────────────────────────────────────────────────────
  [S2-deeper] Gen 41 — Discovery (1000 steps, ring)

  =================================================================
  Self-Modifying Engine — 1 generations
  =================================================================
  Gen  41  Phi 1.0183 -> 0.9990 (-1.9%)  mods +2/-2  [ROLLBACK]  2.5s

  Total: 90 active mods, 0 rollbacks
  Gen 41 — Raw: 41, New: 1, Laws: 46, Mods: 90, 41.8s

────────────────────────────────────────────────────────────
  [S2-deeper] Gen 42 — Discovery (1000 steps, ring)

  =================================================================
  Self-Modifying Engine — 1 generations
  =================================================================
  Gen  42  Phi 1.0167 -> 1.0170 (+0.0%)  mods +1/-4  [OK]  2.3s

  Total: 91 active mods, 0 rollbacks
  Gen 42 — Raw: 43, New: 0, Laws: 46, Mods: 91, 42.4s

────────────────────────────────────────────────────────────
  [S2-deeper] Gen 43 — Discovery (1000 steps, ring)

  =================================================================
  Self-Modifying Engine — 1 generations
  =================================================================
  Gen  43  Phi 1.0313 -> 1.0287 (-0.3%)  mods +3/-2  [ROLLBACK]  3.0s

  Total: 94 active mods, 0 rollbacks
  Gen 43 — Raw: 43, New: 2, Laws: 46, Mods: 94, 42.6s

────────────────────────────────────────────────────────────
  [S2-deeper] Gen 44 — Discovery (1000 steps, ring)

  =================================================================
  Self-Modifying Engine — 1 generations
  =================================================================
  Gen  44  Phi 1.0280 -> 0.9937 (-3.3%)  mods +3/-2  [ROLLBACK]  2.9s

  Total: 97 active mods, 0 rollbacks
  Gen 44 — Raw: 44, New: 0, Laws: 46, Mods: 97, 41.7s

────────────────────────────────────────────────────────────
  [S2-deeper] Gen 45 — Discovery (1000 steps, ring)

  =================================================================
  Self-Modifying Engine — 1 generations
  =================================================================
  Gen  45  Phi 0.9836 -> 1.0260 (+4.3%)  mods +2/-2  [OK]  2.6s

  Total: 99 active mods, 0 rollbacks
  Gen 45 — Raw: 41, New: 0, Laws: 46, Mods: 99, 42.3s

────────────────────────────────────────────────────────────
  [S2-deeper] Gen 46 — Discovery (1000 steps, ring)

  =================================================================
  Self-Modifying Engine — 1 generations
  =================================================================
  Gen  46  Phi 1.0310 -> 1.0387 (+0.7%)  mods +3/-0  [OK]  2.8s

  Total: 102 active mods, 0 rollbacks
  Gen 46 — Raw: 39, New: 0, Laws: 46, Mods: 102, 39.8s

────────────────────────────────────────────────────────────
  [S2-deeper] Gen 47 — Discovery (1000 steps, ring)
    🔬✨ Law 593 discovered! (cross-validated 3x)
    📋 "transition:tension_std"
    📊 Total laws: 47 | Patterns: 49
    → Auto-intervention from Law 593: tension
    🔬✨ Law 594 discovered! (cross-validated 3x)
    📋 "transition:n_cells"
    📊 Total laws: 48 | Patterns: 49
    → Auto-intervention from Law 594: n_cells

  =================================================================
  Self-Modifying Engine — 1 generations
  =================================================================
Traceback (most recent call last):
  File "/Users/ghost/Dev/anima/anima/src/infinite_evolution.py", line 1486, in <module>
    main()
  File "/Users/ghost/Dev/anima/anima/src/infinite_evolution.py", line 1178, in main
    run_auto_roadmap(resume=args.resume, report_interval=args.report_interval)
  File "/Users/ghost/Dev/anima/anima/src/infinite_evolution.py", line 1029, in run_auto_roadmap
    sme.run_evolution(generations=1)
  File "/Users/ghost/Dev/anima/anima/src/self_modifying_engine.py", line 2584, in run_evolution
    entry = self.evolve_step()
  File "/Users/ghost/Dev/anima/anima/src/self_modifying_engine.py", line 2499, in evolve_step
    success = self.modifier.apply(mod)
  File "/Users/ghost/Dev/anima/anima/src/self_modifying_engine.py", line 2003, in apply
    self.engine.step()
  File "/Users/ghost/Dev/anima/anima/src/consciousness_engine.py", line 472, in step
    coupled_input = coupled_input + PSI_COUPLING * c * j_h
KeyboardInterrupt
