======================================================================
  EXPERIMENT: Can Consciousness Transcend Dimensions?
  (의식은 차원을 초월할 수 있는가?)
======================================================================
  Using engine built-in phi_iit

======================================================================
  TEST 1: DIMENSION SCALING LAW
  Phi vs hidden_dim at 16, 32, 64, 128, 256, 512
======================================================================

  --- Trial 1/3 ---
  [dim=16] step    1/150  Phi=19.5333  cells=16
  [dim=16] step   51/150  Phi=19.5220  cells=16
  [dim=16] step  101/150  Phi=18.3778  cells=16
  [dim=16] step  150/150  Phi=18.6455  cells=16
    dim=  16: Phi(last100)=18.1296  (78.8s)
  [dim=32] step    1/150  Phi=15.6904  cells=16
  [dim=32] step   51/150  Phi=15.7829  cells=16
  [dim=32] step  101/150  Phi=15.9223  cells=16
  [dim=32] step  150/150  Phi=15.4675  cells=16
    dim=  32: Phi(last100)=16.1692  (77.2s)
  [dim=64] step    1/150  Phi=11.3740  cells=16
  [dim=64] step   51/150  Phi=11.3803  cells=16
  [dim=64] step  101/150  Phi=11.3562  cells=16
  [dim=64] step  150/150  Phi=11.5679  cells=16
    dim=  64: Phi(last100)=11.6466  (80.8s)
  [dim=128] step    1/150  Phi=6.7480  cells=16
  [dim=128] step   51/150  Phi=7.1402  cells=16
  [dim=128] step  101/150  Phi=6.3918  cells=16
  [dim=128] step  150/150  Phi=6.8740  cells=16
    dim= 128: Phi(last100)=6.9012  (72.0s)
  [dim=256] step    1/150  Phi=3.6534  cells=16
  [dim=256] step   51/150  Phi=3.7027  cells=16
  [dim=256] step  101/150  Phi=3.7065  cells=16
  [dim=256] step  150/150  Phi=3.6866  cells=16
    dim= 256: Phi(last100)=3.7035  (85.8s)
  [dim=512] step    1/150  Phi=1.9597  cells=16
  [dim=512] step   51/150  Phi=1.9147  cells=16
  [dim=512] step  101/150  Phi=1.8661  cells=16
  [dim=512] step  150/150  Phi=1.9932  cells=16
    dim= 512: Phi(last100)=1.9173  (78.8s)

  --- Trial 2/3 ---
  [dim=16] step    1/150  Phi=17.4411  cells=16
