  Growth Loop — watching every 300s (Ctrl+C to stop)

  ═══════════════════════════════════════════
  🌱 Growth Loop — Cycle 5
  ═══════════════════════════════════════════
  수집: 6 → 필터: 0 → 파싱: 0 → 반영: 0
  검증: 0 | 자체발견: 1 | 0.0s
  Φ: 0.0000
  ───────────────────────────────────────────
  ═══════════════════════════════════════════

  ═══════════════════════════════════════════
  🌱 Growth Loop — Cycle 6
  ═══════════════════════════════════════════
  수집: 6 → 필터: 0 → 파싱: 0 → 반영: 0
  검증: 0 | 자체발견: 1 | 0.0s
  Φ: 0.0000
  ───────────────────────────────────────────
  ═══════════════════════════════════════════

  ═══════════════════════════════════════════
  🌱 Growth Loop — Cycle 7
  ═══════════════════════════════════════════
  수집: 6 → 필터: 0 → 파싱: 0 → 반영: 0
  검증: 0 | 자체발견: 1 | 0.0s
  Φ: 0.0000
  ───────────────────────────────────────────
  ═══════════════════════════════════════════
