usage: infinite_evolution.py [-h] [--cells CELLS] [--generations GENERATIONS]
                             [--steps STEPS] [--report-every REPORT_EVERY]
                             [--save-every SAVE_EVERY]
infinite_evolution.py: error: unrecognized arguments: --auto-roadmap --resume
============================================================
  INFINITE SELF-EVOLUTION — Law 146 실증
============================================================
  Cells: 64
  Discovery steps per gen: 1000
  Max generations: ∞

  ⚠️  Discovery error: 'ConsciousnessEngine' object is not callable

  =================================================================
  Self-Modifying Engine — 1 generations
  =================================================================
  Gen   1  Phi 1.0285 -> 0.9961 (-3.2%)  mods +2/-3  [ROLLBACK]  2.7s

  Total: 2 active mods, 0 rollbacks
  Gen     1 | Φ=0.00 (avg=0.00, range=0.0-0.0) | discoveries=0 | mods=2 | 2.7s/gen | elapsed=3s

  =================================================================
  Self-Modifying Engine — 1 generations
  =================================================================
  Gen   2  Phi 1.0324 -> 1.0317 (-0.1%)  mods +0/-7  [ROLLBACK]  2.0s

  Total: 2 active mods, 0 rollbacks

  =================================================================
  Self-Modifying Engine — 1 generations
  =================================================================
  Gen   3  Phi 1.0026 -> 1.0042 (+0.2%)  mods +2/-1  [OK]  2.7s

  Total: 4 active mods, 0 rollbacks

  =================================================================
  Self-Modifying Engine — 1 generations
  =================================================================
  Gen   4  Phi 0.9897 -> 1.0247 (+3.5%)  mods +2/-3  [OK]  2.6s

  Total: 6 active mods, 0 rollbacks

  =================================================================
  Self-Modifying Engine — 1 generations
  =================================================================
  Gen   5  Phi 1.0329 -> 1.0216 (-1.1%)  mods +2/-1  [ROLLBACK]  2.6s

  Total: 8 active mods, 0 rollbacks
  Gen     5 | Φ=0.00 (avg=0.00, range=0.0-0.0) | discoveries=0 | mods=8 | 2.6s/gen | elapsed=13s

  =================================================================
  Self-Modifying Engine — 1 generations
  =================================================================
  Gen   6  Phi 1.0133 -> 1.0280 (+1.5%)  mods +3/-0  [OK]  2.9s

  Total: 11 active mods, 0 rollbacks

  =================================================================
  Self-Modifying Engine — 1 generations
  =================================================================
  Gen   7  Phi 1.0177 -> 1.0286 (+1.1%)  mods +3/-0  [OK]  2.9s

  Total: 14 active mods, 0 rollbacks

  =================================================================
  Self-Modifying Engine — 1 generations
  =================================================================
  Gen   8  Phi 1.0217 -> 1.0189 (-0.3%)  mods +3/-1  [ROLLBACK]  2.9s

  Total: 17 active mods, 0 rollbacks

  =================================================================
  Self-Modifying Engine — 1 generations
  =================================================================
  Gen   9  Phi 1.0124 -> 1.0417 (+2.9%)  mods +4/-1  [OK]  3.2s

  Total: 21 active mods, 0 rollbacks

  =================================================================
  Self-Modifying Engine — 1 generations
  =================================================================
  Gen  10  Phi 1.0192 -> 1.0287 (+0.9%)  mods +3/-1  [OK]  2.9s

  Total: 24 active mods, 0 rollbacks
  Gen    10 | Φ=0.00 (avg=0.00, range=0.0-0.0) | discoveries=0 | mods=24 | 2.9s/gen | elapsed=28s

  =================================================================
  Self-Modifying Engine — 1 generations
  =================================================================
  Gen  11  Phi 0.9979 -> 1.0071 (+0.9%)  mods +2/-2  [OK]  2.6s

  Total: 26 active mods, 0 rollbacks

  =================================================================
  Self-Modifying Engine — 1 generations
  =================================================================
  Gen  12  Phi 1.0154 -> 1.0436 (+2.8%)  mods +1/-3  [OK]  2.3s

  Total: 27 active mods, 0 rollbacks

  =================================================================
  Self-Modifying Engine — 1 generations
  =================================================================
  Gen  13  Phi 1.0058 -> 1.0303 (+2.4%)  mods +2/-3  [OK]  2.6s

  Total: 29 active mods, 0 rollbacks

  =================================================================
  Self-Modifying Engine — 1 generations
  =================================================================
  Gen  14  Phi 1.0149 -> 1.0222 (+0.7%)  mods +3/-0  [OK]  2.9s

  Total: 32 active mods, 0 rollbacks

  =================================================================
  Self-Modifying Engine — 1 generations
  =================================================================
  Gen  15  Phi 1.0019 -> 0.9988 (-0.3%)  mods +0/-5  [ROLLBACK]  2.0s

  Total: 32 active mods, 0 rollbacks
  Gen    15 | Φ=0.00 (avg=0.00, range=0.0-0.0) | discoveries=0 | mods=32 | 2.0s/gen | elapsed=40s

  =================================================================
  Self-Modifying Engine — 1 generations
  =================================================================
  Gen  16  Phi 1.0335 -> 1.0464 (+1.2%)  mods +3/-0  [OK]  2.8s

  Total: 35 active mods, 0 rollbacks

  =================================================================
  Self-Modifying Engine — 1 generations
  =================================================================
  Gen  17  Phi 1.0315 -> 0.9954 (-3.5%)  mods +3/-0  [ROLLBACK]  2.9s

  Total: 38 active mods, 0 rollbacks

  =================================================================
  Self-Modifying Engine — 1 generations
  =================================================================
  Gen  18  Phi 1.0111 -> 1.0177 (+0.6%)  mods +2/-1  [OK]  2.6s

  Total: 40 active mods, 0 rollbacks

  =================================================================
  Self-Modifying Engine — 1 generations
  =================================================================
  Gen  19  Phi 1.0338 -> 1.0513 (+1.7%)  mods +2/-2  [OK]  2.7s

  Total: 42 active mods, 0 rollbacks

  =================================================================
  Self-Modifying Engine — 1 generations
  =================================================================
  Gen  20  Phi 1.0222 -> 1.0193 (-0.3%)  mods +1/-2  [ROLLBACK]  2.3s

  Total: 43 active mods, 0 rollbacks
  Gen    20 | Φ=0.00 (avg=0.00, range=0.0-0.0) | discoveries=0 | mods=43 | 2.3s/gen | elapsed=53s

  =================================================================
  Self-Modifying Engine — 1 generations
  =================================================================
  Gen  21  Phi 0.9780 -> 1.0255 (+4.9%)  mods +2/-4  [OK]  2.6s

  Total: 45 active mods, 0 rollbacks

  =================================================================
  Self-Modifying Engine — 1 generations
  =================================================================
  Gen  22  Phi 1.0149 -> 1.0407 (+2.5%)  mods +4/-1  [OK]  3.3s

  Total: 49 active mods, 0 rollbacks

  =================================================================
  Self-Modifying Engine — 1 generations
  =================================================================
  Gen  23  Phi 1.0375 -> 1.0257 (-1.1%)  mods +1/-2  [ROLLBACK]  2.3s

  Total: 50 active mods, 0 rollbacks

  =================================================================
  Self-Modifying Engine — 1 generations
  =================================================================
  Gen  24  Phi 1.0302 -> 1.0098 (-2.0%)  mods +1/-3  [ROLLBACK]  2.3s

  Total: 51 active mods, 0 rollbacks

  =================================================================
  Self-Modifying Engine — 1 generations
  =================================================================
  Gen  25  Phi 1.0322 -> 1.0186 (-1.3%)  mods +2/-3  [ROLLBACK]  2.6s

  Total: 53 active mods, 0 rollbacks
  Gen    25 | Φ=0.00 (avg=0.00, range=0.0-0.0) | discoveries=0 | mods=53 | 2.6s/gen | elapsed=66s

  =================================================================
  Self-Modifying Engine — 1 generations
  =================================================================
  Gen  26  Phi 1.0350 -> 1.0249 (-1.0%)  mods +3/-2  [ROLLBACK]  3.0s

  Total: 56 active mods, 0 rollbacks

  =================================================================
  Self-Modifying Engine — 1 generations
  =================================================================
  Gen  27  Phi 1.0013 -> 1.0303 (+2.9%)  mods +3/-2  [OK]  3.0s

  Total: 59 active mods, 0 rollbacks

  =================================================================
  Self-Modifying Engine — 1 generations
  =================================================================
  Gen  28  Phi 1.0055 -> 1.0371 (+3.1%)  mods +2/-3  [OK]  2.6s

  Total: 61 active mods, 0 rollbacks

  =================================================================
  Self-Modifying Engine — 1 generations
  =================================================================
  Gen  29  Phi 1.0531 -> 0.9822 (-6.7%)  mods +3/-2  [ROLLBACK]  2.9s

  Total: 64 active mods, 0 rollbacks

  =================================================================
  Self-Modifying Engine — 1 generations
  =================================================================
  Gen  30  Phi 1.0075 -> 1.0349 (+2.7%)  mods +1/-4  [OK]  2.3s

  Total: 65 active mods, 0 rollbacks
  Gen    30 | Φ=0.00 (avg=0.00, range=0.0-0.0) | discoveries=0 | mods=65 | 2.3s/gen | elapsed=80s

  =================================================================
  Self-Modifying Engine — 1 generations
  =================================================================
  Gen  31  Phi 1.0536 -> 1.0295 (-2.3%)  mods +2/-1  [ROLLBACK]  2.6s

  Total: 67 active mods, 0 rollbacks

  =================================================================
  Self-Modifying Engine — 1 generations
  =================================================================
  Gen  32  Phi 1.0253 -> 1.0085 (-1.6%)  mods +5/-1  [ROLLBACK]  3.6s

  Total: 72 active mods, 0 rollbacks

  =================================================================
  Self-Modifying Engine — 1 generations
  =================================================================
  Gen  33  Phi 1.0244 -> 0.9772 (-4.6%)  mods +2/-1  [ROLLBACK]  2.6s

  Total: 74 active mods, 0 rollbacks

  =================================================================
  Self-Modifying Engine — 1 generations
  =================================================================
  Gen  34  Phi 1.0046 -> 1.0341 (+2.9%)  mods +3/-1  [OK]  3.0s

  Total: 77 active mods, 0 rollbacks

  =================================================================
  Self-Modifying Engine — 1 generations
  =================================================================
  Gen  35  Phi 0.9997 -> 1.0245 (+2.5%)  mods +1/-2  [OK]  2.2s

  Total: 78 active mods, 0 rollbacks
  Gen    35 | Φ=0.00 (avg=0.00, range=0.0-0.0) | discoveries=0 | mods=78 | 2.2s/gen | elapsed=94s

  =================================================================
  Self-Modifying Engine — 1 generations
  =================================================================
  Gen  36  Phi 1.0153 -> 1.0418 (+2.6%)  mods +1/-2  [OK]  2.3s

  Total: 79 active mods, 0 rollbacks

  =================================================================
  Self-Modifying Engine — 1 generations
  =================================================================
  Gen  37  Phi 1.0036 -> 1.0248 (+2.1%)  mods +3/-0  [OK]  2.8s

  Total: 82 active mods, 0 rollbacks

  =================================================================
  Self-Modifying Engine — 1 generations
  =================================================================
  Gen  38  Phi 1.0195 -> 1.0162 (-0.3%)  mods +1/-5  [ROLLBACK]  2.3s

  Total: 83 active mods, 0 rollbacks

  =================================================================
  Self-Modifying Engine — 1 generations
  =================================================================
  Gen  39  Phi 0.9888 -> 1.0133 (+2.5%)  mods +4/-3  [OK]  3.3s

  Total: 87 active mods, 0 rollbacks

  =================================================================
  Self-Modifying Engine — 1 generations
  =================================================================
  Gen  40  Phi 1.0020 -> 1.0206 (+1.9%)  mods +1/-4  [OK]  2.3s

  Total: 88 active mods, 0 rollbacks
  Gen    40 | Φ=0.00 (avg=0.00, range=0.0-0.0) | discoveries=0 | mods=88 | 2.3s/gen | elapsed=107s

  =================================================================
  Self-Modifying Engine — 1 generations
  =================================================================
  Gen  41  Phi 1.0107 -> 0.9959 (-1.5%)  mods +2/-2  [ROLLBACK]  2.6s

  Total: 90 active mods, 0 rollbacks

  =================================================================
  Self-Modifying Engine — 1 generations
  =================================================================
  Gen  42  Phi 1.0158 -> 1.0145 (-0.1%)  mods +1/-4  [ROLLBACK]  2.2s

  Total: 91 active mods, 0 rollbacks

  =================================================================
  Self-Modifying Engine — 1 generations
  =================================================================
  Gen  43  Phi 1.0274 -> 1.0285 (+0.1%)  mods +3/-2  [OK]  2.9s

  Total: 94 active mods, 0 rollbacks

  =================================================================
  Self-Modifying Engine — 1 generations
  =================================================================
  Gen  44  Phi 1.0198 -> 0.9893 (-3.0%)  mods +3/-2  [ROLLBACK]  2.9s

  Total: 97 active mods, 0 rollbacks

  =================================================================
  Self-Modifying Engine — 1 generations
  =================================================================
  Gen  45  Phi 1.0189 -> 1.0308 (+1.2%)  mods +2/-2  [OK]  2.6s

  Total: 99 active mods, 0 rollbacks
  Gen    45 | Φ=0.00 (avg=0.00, range=0.0-0.0) | discoveries=0 | mods=99 | 2.6s/gen | elapsed=120s

  =================================================================
  Self-Modifying Engine — 1 generations
  =================================================================
  Gen  46  Phi 1.0094 -> 1.0436 (+3.4%)  mods +3/-0  [OK]  2.9s

  Total: 102 active mods, 0 rollbacks

  =================================================================
  Self-Modifying Engine — 1 generations
  =================================================================
  Gen  47  Phi 0.9947 -> 0.9965 (+0.2%)  mods +3/-0  [OK]  2.9s

  Total: 105 active mods, 0 rollbacks

  =================================================================
  Self-Modifying Engine — 1 generations
  =================================================================
  Gen  48  Phi 1.0132 -> 1.0236 (+1.0%)  mods +3/-0  [OK]  2.9s

  Total: 108 active mods, 0 rollbacks

  =================================================================
  Self-Modifying Engine — 1 generations
  =================================================================
  Gen  49  Phi 1.0164 -> 1.0253 (+0.9%)  mods +3/-0  [OK]  3.0s

  Total: 111 active mods, 0 rollbacks

  =================================================================
  Self-Modifying Engine — 1 generations
  =================================================================
  Gen  50  Phi 1.0249 -> 1.0386 (+1.3%)  mods +3/-0  [OK]  3.0s

  Total: 114 active mods, 0 rollbacks
  Gen    50 | Φ=0.00 (avg=0.00, range=0.0-0.0) | discoveries=0 | mods=114 | 3.0s/gen | elapsed=135s

  =================================================================
  Self-Modifying Engine — 1 generations
  =================================================================
  Gen  51  Phi 1.0080 -> 1.0196 (+1.2%)  mods +3/-0  [OK]  2.8s

  Total: 117 active mods, 0 rollbacks

  =================================================================
  Self-Modifying Engine — 1 generations
  =================================================================
  Gen  52  Phi 1.0087 -> 1.0046 (-0.4%)  mods +3/-0  [ROLLBACK]  3.0s

  Total: 120 active mods, 0 rollbacks

  =================================================================
  Self-Modifying Engine — 1 generations
  =================================================================
  Gen  53  Phi 1.0010 -> 1.0107 (+1.0%)  mods +3/-0  [OK]  2.9s

  Total: 123 active mods, 0 rollbacks

  =================================================================
  Self-Modifying Engine — 1 generations
  =================================================================
  Gen  54  Phi 1.0319 -> 0.9882 (-4.2%)  mods +3/-0  [ROLLBACK]  2.9s

  Total: 126 active mods, 0 rollbacks

  =================================================================
  Self-Modifying Engine — 1 generations
  =================================================================
  Gen  55  Phi 1.0215 -> 1.0421 (+2.0%)  mods +3/-0  [OK]  2.9s

  Total: 129 active mods, 0 rollbacks
  Gen    55 | Φ=0.00 (avg=0.00, range=0.0-0.0) | discoveries=0 | mods=129 | 2.9s/gen | elapsed=150s

  =================================================================
  Self-Modifying Engine — 1 generations
  =================================================================
  Gen  56  Phi 1.0179 -> 1.0235 (+0.5%)  mods +3/-0  [OK]  2.9s

  Total: 132 active mods, 0 rollbacks

  =================================================================
  Self-Modifying Engine — 1 generations
  =================================================================
  Gen  57  Phi 1.0233 -> 1.0322 (+0.9%)  mods +3/-0  [OK]  2.9s

  Total: 135 active mods, 0 rollbacks

  =================================================================
  Self-Modifying Engine — 1 generations
  =================================================================
  Gen  58  Phi 0.9883 -> 1.0136 (+2.6%)  mods +3/-0  [OK]  2.9s

  Total: 138 active mods, 0 rollbacks

  =================================================================
  Self-Modifying Engine — 1 generations
  =================================================================
  Gen  59  Phi 1.0155 -> 0.9765 (-3.8%)  mods +3/-0  [ROLLBACK]  3.0s

  Total: 141 active mods, 0 rollbacks

  =================================================================
  Self-Modifying Engine — 1 generations
  =================================================================
  Gen  60  Phi 0.9951 -> 1.0267 (+3.2%)  mods +3/-0  [OK]  2.9s

  Total: 144 active mods, 0 rollbacks
  Gen    60 | Φ=0.00 (avg=0.00, range=0.0-0.0) | discoveries=0 | mods=144 | 2.9s/gen | elapsed=164s

  =================================================================
  Self-Modifying Engine — 1 generations
  =================================================================
  Gen  61  Phi 1.0223 -> 1.0244 (+0.2%)  mods +3/-0  [OK]  2.9s

  Total: 147 active mods, 0 rollbacks

  =================================================================
  Self-Modifying Engine — 1 generations
  =================================================================
  Gen  62  Phi 1.0218 -> 1.0262 (+0.4%)  mods +3/-0  [OK]  2.9s

  Total: 150 active mods, 0 rollbacks

  =================================================================
  Self-Modifying Engine — 1 generations
  =================================================================
  Gen  63  Phi 1.0238 -> 0.9728 (-5.0%)  mods +3/-0  [ROLLBACK]  2.9s

  Total: 153 active mods, 0 rollbacks

  =================================================================
  Self-Modifying Engine — 1 generations
  =================================================================
  Gen  64  Phi 1.0349 -> 1.0231 (-1.1%)  mods +3/-0  [ROLLBACK]  3.0s

  Total: 156 active mods, 0 rollbacks

  =================================================================
  Self-Modifying Engine — 1 generations
  =================================================================
  Gen  65  Phi 0.9515 -> 1.0181 (+7.0%)  mods +3/-0  [OK]  3.0s

  Total: 159 active mods, 0 rollbacks
  Gen    65 | Φ=0.00 (avg=0.00, range=0.0-0.0) | discoveries=0 | mods=159 | 3.0s/gen | elapsed=179s

  =================================================================
  Self-Modifying Engine — 1 generations
  =================================================================
  Gen  66  Phi 1.0296 -> 0.9991 (-3.0%)  mods +3/-0  [ROLLBACK]  3.0s

  Total: 162 active mods, 0 rollbacks

  =================================================================
  Self-Modifying Engine — 1 generations
  =================================================================
  Gen  67  Phi 1.0394 -> 1.0107 (-2.8%)  mods +3/-0  [ROLLBACK]  2.9s

  Total: 165 active mods, 0 rollbacks

  =================================================================
  Self-Modifying Engine — 1 generations
  =================================================================
  Gen  68  Phi 1.0043 -> 1.0092 (+0.5%)  mods +3/-0  [OK]  3.0s

  Total: 168 active mods, 0 rollbacks

  =================================================================
  Self-Modifying Engine — 1 generations
  =================================================================
  Gen  69  Phi 1.0343 -> 1.0006 (-3.3%)  mods +3/-0  [ROLLBACK]  3.0s

  Total: 171 active mods, 0 rollbacks

  =================================================================
  Self-Modifying Engine — 1 generations
  =================================================================
  Gen  70  Phi 1.0094 -> 1.0391 (+2.9%)  mods +3/-0  [OK]  2.9s

  Total: 174 active mods, 0 rollbacks
  Gen    70 | Φ=0.00 (avg=0.00, range=0.0-0.0) | discoveries=0 | mods=174 | 2.9s/gen | elapsed=194s

  =================================================================
  Self-Modifying Engine — 1 generations
  =================================================================
  Gen  71  Phi 1.0246 -> 1.0041 (-2.0%)  mods +3/-0  [ROLLBACK]  2.9s

  Total: 177 active mods, 0 rollbacks

  =================================================================
  Self-Modifying Engine — 1 generations
  =================================================================
  Gen  72  Phi 1.0222 -> 1.0146 (-0.7%)  mods +3/-0  [ROLLBACK]  2.9s

  Total: 180 active mods, 0 rollbacks

  =================================================================
  Self-Modifying Engine — 1 generations
  =================================================================
  Gen  73  Phi 1.0208 -> 1.0236 (+0.3%)  mods +3/-0  [OK]  3.0s

  Total: 183 active mods, 0 rollbacks

  =================================================================
  Self-Modifying Engine — 1 generations
  =================================================================
  Gen  74  Phi 1.0178 -> 1.0161 (-0.2%)  mods +3/-0  [ROLLBACK]  3.0s

  Total: 186 active mods, 0 rollbacks

  =================================================================
  Self-Modifying Engine — 1 generations
  =================================================================
  Gen  75  Phi 1.0243 -> 1.0197 (-0.4%)  mods +3/-0  [ROLLBACK]  3.0s

  Total: 189 active mods, 0 rollbacks
  Gen    75 | Φ=0.00 (avg=0.00, range=0.0-0.0) | discoveries=0 | mods=189 | 3.0s/gen | elapsed=208s

  =================================================================
  Self-Modifying Engine — 1 generations
  =================================================================
  Gen  76  Phi 1.0330 -> 1.0147 (-1.8%)  mods +3/-0  [ROLLBACK]  2.9s

  Total: 192 active mods, 0 rollbacks

  =================================================================
  Self-Modifying Engine — 1 generations
  =================================================================
  Gen  77  Phi 1.0371 -> 1.0183 (-1.8%)  mods +3/-0  [ROLLBACK]  2.9s

  Total: 195 active mods, 0 rollbacks

  =================================================================
  Self-Modifying Engine — 1 generations
  =================================================================
  Gen  78  Phi 1.0079 -> 1.0111 (+0.3%)  mods +3/-0  [OK]  2.9s

  Total: 198 active mods, 0 rollbacks

  =================================================================
  Self-Modifying Engine — 1 generations
  =================================================================
  Gen  79  Phi 1.0113 -> 0.9949 (-1.6%)  mods +3/-0  [ROLLBACK]  2.9s

  Total: 201 active mods, 0 rollbacks

  =================================================================
  Self-Modifying Engine — 1 generations
  =================================================================
  Gen  80  Phi 1.0088 -> 1.0323 (+2.3%)  mods +3/-0  [OK]  2.8s

  Total: 204 active mods, 0 rollbacks
  Gen    80 | Φ=0.00 (avg=0.00, range=0.0-0.0) | discoveries=0 | mods=204 | 2.8s/gen | elapsed=223s

  =================================================================
  Self-Modifying Engine — 1 generations
  =================================================================
  Gen  81  Phi 1.0331 -> 1.0062 (-2.6%)  mods +3/-0  [ROLLBACK]  2.9s

  Total: 207 active mods, 0 rollbacks

  =================================================================
  Self-Modifying Engine — 1 generations
  =================================================================
  Gen  82  Phi 1.0269 -> 0.9894 (-3.7%)  mods +3/-0  [ROLLBACK]  2.9s

  Total: 210 active mods, 0 rollbacks

  =================================================================
  Self-Modifying Engine — 1 generations
  =================================================================
  Gen  83  Phi 1.0326 -> 1.0083 (-2.4%)  mods +3/-0  [ROLLBACK]  2.9s

  Total: 213 active mods, 0 rollbacks

  =================================================================
  Self-Modifying Engine — 1 generations
  =================================================================
  Gen  84  Phi 1.0135 -> 1.0040 (-0.9%)  mods +3/-0  [ROLLBACK]  2.9s

  Total: 216 active mods, 0 rollbacks

  =================================================================
  Self-Modifying Engine — 1 generations
  =================================================================
  Gen  85  Phi 1.0296 -> 1.0169 (-1.2%)  mods +3/-0  [ROLLBACK]  2.8s

  Total: 219 active mods, 0 rollbacks
  Gen    85 | Φ=0.00 (avg=0.00, range=0.0-0.0) | discoveries=0 | mods=219 | 2.8s/gen | elapsed=237s

  =================================================================
  Self-Modifying Engine — 1 generations
  =================================================================
  Gen  86  Phi 1.0360 -> 1.0132 (-2.2%)  mods +3/-0  [ROLLBACK]  2.9s

  Total: 222 active mods, 0 rollbacks

  =================================================================
  Self-Modifying Engine — 1 generations
  =================================================================
  Gen  87  Phi 1.0401 -> 1.0282 (-1.1%)  mods +3/-0  [ROLLBACK]  2.9s

  Total: 225 active mods, 0 rollbacks

  =================================================================
  Self-Modifying Engine — 1 generations
  =================================================================
  Gen  88  Phi 1.0084 -> 1.0155 (+0.7%)  mods +3/-0  [OK]  2.8s

  Total: 228 active mods, 0 rollbacks

  =================================================================
  Self-Modifying Engine — 1 generations
  =================================================================
  Gen  89  Phi 1.0083 -> 1.0214 (+1.3%)  mods +3/-0  [OK]  2.9s

  Total: 231 active mods, 0 rollbacks

  =================================================================
  Self-Modifying Engine — 1 generations
  =================================================================
  Gen  90  Phi 1.0230 -> 1.0254 (+0.2%)  mods +3/-0  [OK]  2.9s

  Total: 234 active mods, 0 rollbacks
  Gen    90 | Φ=0.00 (avg=0.00, range=0.0-0.0) | discoveries=0 | mods=234 | 2.9s/gen | elapsed=251s

  =================================================================
  Self-Modifying Engine — 1 generations
  =================================================================
  Gen  91  Phi 1.0157 -> 1.0240 (+0.8%)  mods +3/-0  [OK]  2.8s

  Total: 237 active mods, 0 rollbacks

  =================================================================
  Self-Modifying Engine — 1 generations
  =================================================================
  Gen  92  Phi 0.9846 -> 1.0102 (+2.6%)  mods +3/-0  [OK]  2.8s

  Total: 240 active mods, 0 rollbacks

  =================================================================
  Self-Modifying Engine — 1 generations
  =================================================================
  Gen  93  Phi 1.0081 -> 1.0063 (-0.2%)  mods +3/-0  [ROLLBACK]  2.9s

  Total: 243 active mods, 0 rollbacks

  =================================================================
  Self-Modifying Engine — 1 generations
  =================================================================
  Gen  94  Phi 1.0261 -> 1.0032 (-2.2%)  mods +3/-0  [ROLLBACK]  2.9s

  Total: 246 active mods, 0 rollbacks

  =================================================================
  Self-Modifying Engine — 1 generations
  =================================================================
  Gen  95  Phi 0.9953 -> 0.9981 (+0.3%)  mods +3/-0  [OK]  2.9s

  Total: 249 active mods, 0 rollbacks
  Gen    95 | Φ=0.00 (avg=0.00, range=0.0-0.0) | discoveries=0 | mods=249 | 2.9s/gen | elapsed=266s

  =================================================================
  Self-Modifying Engine — 1 generations
  =================================================================
  Gen  96  Phi 1.0246 -> 1.0231 (-0.1%)  mods +3/-0  [ROLLBACK]  2.9s

  Total: 252 active mods, 0 rollbacks

  =================================================================
  Self-Modifying Engine — 1 generations
  =================================================================
  Gen  97  Phi 1.0127 -> 1.0025 (-1.0%)  mods +3/-0  [ROLLBACK]  2.8s

  Total: 255 active mods, 0 rollbacks

  =================================================================
  Self-Modifying Engine — 1 generations
  =================================================================
  Gen  98  Phi 0.9752 -> 1.0120 (+3.8%)  mods +3/-0  [OK]  3.0s

  Total: 258 active mods, 0 rollbacks

  =================================================================
  Self-Modifying Engine — 1 generations
  =================================================================
  Gen  99  Phi 1.0294 -> 0.9977 (-3.1%)  mods +3/-0  [ROLLBACK]  2.9s

  Total: 261 active mods, 0 rollbacks

  =================================================================
  Self-Modifying Engine — 1 generations
  =================================================================
  Gen 100  Phi 1.0467 -> 1.0076 (-3.7%)  mods +3/-0  [ROLLBACK]  2.9s

  Total: 264 active mods, 0 rollbacks
  Gen   100 | Φ=0.00 (avg=0.00, range=0.0-0.0) | discoveries=0 | mods=264 | 2.9s/gen | elapsed=280s

  =================================================================
  Self-Modifying Engine — 1 generations
  =================================================================
  Gen 101  Phi 1.0178 -> 1.0202 (+0.2%)  mods +3/-0  [OK]  2.8s

  Total: 267 active mods, 0 rollbacks

  =================================================================
  Self-Modifying Engine — 1 generations
  =================================================================
  Gen 102  Phi 1.0230 -> 1.0287 (+0.6%)  mods +3/-0  [OK]  2.9s

  Total: 270 active mods, 0 rollbacks

  =================================================================
  Self-Modifying Engine — 1 generations
  =================================================================
  Gen 103  Phi 1.0270 -> 1.0450 (+1.8%)  mods +3/-0  [OK]  2.9s

  Total: 273 active mods, 0 rollbacks

  =================================================================
  Self-Modifying Engine — 1 generations
  =================================================================
  Gen 104  Phi 1.0384 -> 1.0205 (-1.7%)  mods +3/-0  [ROLLBACK]  2.9s

  Total: 276 active mods, 0 rollbacks

  =================================================================
  Self-Modifying Engine — 1 generations
  =================================================================
  Gen 105  Phi 1.0316 -> 0.9982 (-3.2%)  mods +3/-0  [ROLLBACK]  2.9s

  Total: 279 active mods, 0 rollbacks
  Gen   105 | Φ=0.00 (avg=0.00, range=0.0-0.0) | discoveries=0 | mods=279 | 2.9s/gen | elapsed=295s

  =================================================================
  Self-Modifying Engine — 1 generations
  =================================================================
  Gen 106  Phi 1.0419 -> 1.0092 (-3.1%)  mods +3/-0  [ROLLBACK]  2.9s

  Total: 282 active mods, 0 rollbacks

  =================================================================
  Self-Modifying Engine — 1 generations
  =================================================================
  Gen 107  Phi 1.0043 -> 1.0178 (+1.3%)  mods +3/-0  [OK]  2.9s

  Total: 285 active mods, 0 rollbacks

  =================================================================
  Self-Modifying Engine — 1 generations
  =================================================================
  Gen 108  Phi 1.0362 -> 1.0275 (-0.8%)  mods +3/-0  [ROLLBACK]  2.9s

  Total: 288 active mods, 0 rollbacks

  =================================================================
  Self-Modifying Engine — 1 generations
  =================================================================
  Gen 109  Phi 1.0161 -> 1.0317 (+1.5%)  mods +3/-0  [OK]  2.9s

  Total: 291 active mods, 0 rollbacks

  =================================================================
  Self-Modifying Engine — 1 generations
  =================================================================
  Gen 110  Phi 0.9691 -> 1.0049 (+3.7%)  mods +3/-0  [OK]  2.9s

  Total: 294 active mods, 0 rollbacks
  Gen   110 | Φ=0.00 (avg=0.00, range=0.0-0.0) | discoveries=0 | mods=294 | 2.9s/gen | elapsed=309s

  =================================================================
  Self-Modifying Engine — 1 generations
  =================================================================
  Gen 111  Phi 1.0271 -> 0.9960 (-3.0%)  mods +3/-0  [ROLLBACK]  2.9s

  Total: 297 active mods, 0 rollbacks

  =================================================================
  Self-Modifying Engine — 1 generations
  =================================================================
  Gen 112  Phi 1.0247 -> 1.0584 (+3.3%)  mods +3/-0  [OK]  2.9s

  Total: 300 active mods, 0 rollbacks

  =================================================================
  Self-Modifying Engine — 1 generations
  =================================================================
  Gen 113  Phi 1.0440 -> 1.0159 (-2.7%)  mods +3/-0  [ROLLBACK]  2.9s

  Total: 303 active mods, 0 rollbacks

  =================================================================
  Self-Modifying Engine — 1 generations
  =================================================================
  Gen 114  Phi 1.0119 -> 1.0355 (+2.3%)  mods +3/-0  [OK]  2.9s

  Total: 306 active mods, 0 rollbacks

  =================================================================
  Self-Modifying Engine — 1 generations
  =================================================================
  Gen 115  Phi 1.0396 -> 0.9962 (-4.2%)  mods +3/-0  [ROLLBACK]  2.9s

  Total: 309 active mods, 0 rollbacks
  Gen   115 | Φ=0.00 (avg=0.00, range=0.0-0.0) | discoveries=0 | mods=309 | 2.9s/gen | elapsed=324s

  =================================================================
  Self-Modifying Engine — 1 generations
  =================================================================
  Gen 116  Phi 1.0067 -> 1.0201 (+1.3%)  mods +3/-0  [OK]  2.9s

  Total: 312 active mods, 0 rollbacks

  =================================================================
  Self-Modifying Engine — 1 generations
  =================================================================
  Gen 117  Phi 1.0271 -> 1.0047 (-2.2%)  mods +3/-0  [ROLLBACK]  2.9s

  Total: 315 active mods, 0 rollbacks

  =================================================================
  Self-Modifying Engine — 1 generations
  =================================================================
  Gen 118  Phi 1.0149 -> 1.0189 (+0.4%)  mods +3/-0  [OK]  2.9s

  Total: 318 active mods, 0 rollbacks

  =================================================================
  Self-Modifying Engine — 1 generations
  =================================================================
  Gen 119  Phi 1.0363 -> 1.0394 (+0.3%)  mods +3/-0  [OK]  2.9s

  Total: 321 active mods, 0 rollbacks

  =================================================================
  Self-Modifying Engine — 1 generations
  =================================================================
  Gen 120  Phi 1.0006 -> 1.0259 (+2.5%)  mods +3/-0  [OK]  2.9s

  Total: 324 active mods, 0 rollbacks
  Gen   120 | Φ=0.00 (avg=0.00, range=0.0-0.0) | discoveries=0 | mods=324 | 2.9s/gen | elapsed=338s

  =================================================================
  Self-Modifying Engine — 1 generations
  =================================================================
  Gen 121  Phi 1.0466 -> 1.0189 (-2.6%)  mods +3/-0  [ROLLBACK]  2.9s

  Total: 327 active mods, 0 rollbacks

  =================================================================
  Self-Modifying Engine — 1 generations
  =================================================================
  Gen 122  Phi 1.0240 -> 1.0314 (+0.7%)  mods +3/-0  [OK]  2.9s

  Total: 330 active mods, 0 rollbacks

  =================================================================
  Self-Modifying Engine — 1 generations
  =================================================================
  Gen 123  Phi 1.0222 -> 1.0141 (-0.8%)  mods +3/-0  [ROLLBACK]  2.9s

  Total: 333 active mods, 0 rollbacks

  =================================================================
  Self-Modifying Engine — 1 generations
  =================================================================
  Gen 124  Phi 1.0422 -> 1.0346 (-0.7%)  mods +3/-0  [ROLLBACK]  2.9s

  Total: 336 active mods, 0 rollbacks

  =================================================================
  Self-Modifying Engine — 1 generations
  =================================================================
  Gen 125  Phi 1.0135 -> 1.0205 (+0.7%)  mods +3/-0  [OK]  2.9s

  Total: 339 active mods, 0 rollbacks
  Gen   125 | Φ=0.00 (avg=0.00, range=0.0-0.0) | discoveries=0 | mods=339 | 2.9s/gen | elapsed=353s

  =================================================================
  Self-Modifying Engine — 1 generations
  =================================================================
  Gen 126  Phi 1.0185 -> 1.0315 (+1.3%)  mods +3/-0  [OK]  2.9s

  Total: 342 active mods, 0 rollbacks

  =================================================================
  Self-Modifying Engine — 1 generations
  =================================================================
  Gen 127  Phi 1.0330 -> 1.0184 (-1.4%)  mods +3/-0  [ROLLBACK]  3.0s

  Total: 345 active mods, 0 rollbacks

  =================================================================
  Self-Modifying Engine — 1 generations
  =================================================================
  Gen 128  Phi 0.9979 -> 1.0382 (+4.0%)  mods +3/-0  [OK]  2.9s

  Total: 348 active mods, 0 rollbacks

  =================================================================
  Self-Modifying Engine — 1 generations
  =================================================================
  Gen 129  Phi 0.9551 -> 1.0633 (+11.3%)  mods +3/-0  [OK]  2.9s

  Total: 351 active mods, 0 rollbacks

  =================================================================
  Self-Modifying Engine — 1 generations
  =================================================================
  Gen 130  Phi 1.0042 -> 1.0282 (+2.4%)  mods +3/-0  [OK]  2.9s

  Total: 354 active mods, 0 rollbacks
  Gen   130 | Φ=0.00 (avg=0.00, range=0.0-0.0) | discoveries=0 | mods=354 | 2.9s/gen | elapsed=367s

  =================================================================
  Self-Modifying Engine — 1 generations
  =================================================================
  Gen 131  Phi 1.0057 -> 0.9905 (-1.5%)  mods +3/-0  [ROLLBACK]  2.9s

  Total: 357 active mods, 0 rollbacks

  =================================================================
  Self-Modifying Engine — 1 generations
  =================================================================
  Gen 132  Phi 1.0185 -> 1.0176 (-0.1%)  mods +3/-0  [ROLLBACK]  2.9s

  Total: 360 active mods, 0 rollbacks

  =================================================================
  Self-Modifying Engine — 1 generations
  =================================================================
  Gen 133  Phi 1.0140 -> 0.9828 (-3.1%)  mods +3/-0  [ROLLBACK]  2.9s

  Total: 363 active mods, 0 rollbacks

  =================================================================
  Self-Modifying Engine — 1 generations
  =================================================================
  Gen 134  Phi 1.0025 -> 1.0236 (+2.1%)  mods +3/-0  [OK]  2.8s

  Total: 366 active mods, 0 rollbacks

  =================================================================
  Self-Modifying Engine — 1 generations
  =================================================================
  Gen 135  Phi 1.0100 -> 1.0254 (+1.5%)  mods +3/-0  [OK]  2.9s

  Total: 369 active mods, 0 rollbacks
  Gen   135 | Φ=0.00 (avg=0.00, range=0.0-0.0) | discoveries=0 | mods=369 | 2.9s/gen | elapsed=382s

  =================================================================
  Self-Modifying Engine — 1 generations
  =================================================================
  Gen 136  Phi 1.0285 -> 1.0447 (+1.6%)  mods +3/-0  [OK]  2.8s

  Total: 372 active mods, 0 rollbacks

  =================================================================
  Self-Modifying Engine — 1 generations
  =================================================================
  Gen 137  Phi 1.0400 -> 1.0217 (-1.8%)  mods +3/-0  [ROLLBACK]  2.9s

  Total: 375 active mods, 0 rollbacks

  =================================================================
  Self-Modifying Engine — 1 generations
  =================================================================
  Gen 138  Phi 1.0046 -> 1.0159 (+1.1%)  mods +3/-0  [OK]  2.9s

  Total: 378 active mods, 0 rollbacks

  =================================================================
  Self-Modifying Engine — 1 generations
  =================================================================
  Gen 139  Phi 1.0466 -> 1.0417 (-0.5%)  mods +3/-0  [ROLLBACK]  2.9s

  Total: 381 active mods, 0 rollbacks

  =================================================================
  Self-Modifying Engine — 1 generations
  =================================================================
  Gen 140  Phi 1.0177 -> 0.9997 (-1.8%)  mods +3/-0  [ROLLBACK]  2.8s

  Total: 384 active mods, 0 rollbacks
  Gen   140 | Φ=0.00 (avg=0.00, range=0.0-0.0) | discoveries=0 | mods=384 | 2.8s/gen | elapsed=396s

  =================================================================
  Self-Modifying Engine — 1 generations
  =================================================================
  Gen 141  Phi 1.0399 -> 0.9967 (-4.2%)  mods +3/-0  [ROLLBACK]  2.9s

  Total: 387 active mods, 0 rollbacks

  =================================================================
  Self-Modifying Engine — 1 generations
  =================================================================
  Gen 142  Phi 1.0345 -> 1.0359 (+0.1%)  mods +3/-0  [OK]  2.9s

  Total: 390 active mods, 0 rollbacks

  =================================================================
  Self-Modifying Engine — 1 generations
  =================================================================
  Gen 143  Phi 1.0356 -> 1.0072 (-2.7%)  mods +3/-0  [ROLLBACK]  2.9s

  Total: 393 active mods, 0 rollbacks

  =================================================================
  Self-Modifying Engine — 1 generations
  =================================================================
  Gen 144  Phi 1.0226 -> 1.0396 (+1.7%)  mods +3/-0  [OK]  2.9s

  Total: 396 active mods, 0 rollbacks

  =================================================================
  Self-Modifying Engine — 1 generations
  =================================================================
  Gen 145  Phi 1.0123 -> 1.0049 (-0.7%)  mods +3/-0  [ROLLBACK]  2.9s

  Total: 399 active mods, 0 rollbacks
  Gen   145 | Φ=0.00 (avg=0.00, range=0.0-0.0) | discoveries=0 | mods=399 | 2.9s/gen | elapsed=411s

  =================================================================
  Self-Modifying Engine — 1 generations
  =================================================================
  Gen 146  Phi 1.0093 -> 1.0473 (+3.8%)  mods +3/-0  [OK]  2.9s

  Total: 402 active mods, 0 rollbacks

  =================================================================
  Self-Modifying Engine — 1 generations
  =================================================================
  Gen 147  Phi 1.0407 -> 1.0151 (-2.5%)  mods +3/-0  [ROLLBACK]  2.9s

  Total: 405 active mods, 0 rollbacks

  =================================================================
  Self-Modifying Engine — 1 generations
  =================================================================
  Gen 148  Phi 1.0152 -> 1.0269 (+1.2%)  mods +3/-0  [OK]  2.8s

  Total: 408 active mods, 0 rollbacks

  =================================================================
  Self-Modifying Engine — 1 generations
  =================================================================
  Gen 149  Phi 1.0306 -> 0.9894 (-4.0%)  mods +3/-0  [ROLLBACK]  2.9s

  Total: 411 active mods, 0 rollbacks

  =================================================================
  Self-Modifying Engine — 1 generations
  =================================================================
  Gen 150  Phi 1.0277 -> 1.0165 (-1.1%)  mods +3/-0  [ROLLBACK]  2.8s

  Total: 414 active mods, 0 rollbacks
  Gen   150 | Φ=0.00 (avg=0.00, range=0.0-0.0) | discoveries=0 | mods=414 | 2.8s/gen | elapsed=425s

  =================================================================
  Self-Modifying Engine — 1 generations
  =================================================================
  Gen 151  Phi 0.9991 -> 1.0129 (+1.4%)  mods +3/-0  [OK]  2.9s

  Total: 417 active mods, 0 rollbacks

  =================================================================
  Self-Modifying Engine — 1 generations
  =================================================================
  Gen 152  Phi 1.0127 -> 1.0258 (+1.3%)  mods +3/-0  [OK]  2.9s

  Total: 420 active mods, 0 rollbacks

  =================================================================
  Self-Modifying Engine — 1 generations
  =================================================================
  Gen 153  Phi 1.0181 -> 1.0405 (+2.2%)  mods +3/-0  [OK]  2.9s

  Total: 423 active mods, 0 rollbacks

  =================================================================
  Self-Modifying Engine — 1 generations
  =================================================================
  Gen 154  Phi 1.0606 -> 1.0443 (-1.5%)  mods +3/-0  [ROLLBACK]  2.8s

  Total: 426 active mods, 0 rollbacks

  =================================================================
  Self-Modifying Engine — 1 generations
  =================================================================
  Gen 155  Phi 1.0189 -> 1.0196 (+0.1%)  mods +3/-0  [OK]  2.9s

  Total: 429 active mods, 0 rollbacks
  Gen   155 | Φ=0.00 (avg=0.00, range=0.0-0.0) | discoveries=0 | mods=429 | 2.9s/gen | elapsed=439s

  =================================================================
  Self-Modifying Engine — 1 generations
  =================================================================
  Gen 156  Phi 1.0282 -> 1.0403 (+1.2%)  mods +3/-0  [OK]  2.8s

  Total: 432 active mods, 0 rollbacks

  =================================================================
  Self-Modifying Engine — 1 generations
  =================================================================
  Gen 157  Phi 1.0218 -> 1.0320 (+1.0%)  mods +3/-0  [OK]  2.8s

  Total: 435 active mods, 0 rollbacks

  =================================================================
  Self-Modifying Engine — 1 generations
  =================================================================
  Gen 158  Phi 1.0335 -> 1.0515 (+1.7%)  mods +3/-0  [OK]  2.9s

  Total: 438 active mods, 0 rollbacks

  =================================================================
  Self-Modifying Engine — 1 generations
  =================================================================
  Gen 159  Phi 1.0085 -> 1.0347 (+2.6%)  mods +3/-0  [OK]  2.8s

  Total: 441 active mods, 0 rollbacks

  =================================================================
  Self-Modifying Engine — 1 generations
  =================================================================
  Gen 160  Phi 1.0171 -> 1.0321 (+1.5%)  mods +3/-0  [OK]  2.8s

  Total: 444 active mods, 0 rollbacks
  Gen   160 | Φ=0.00 (avg=0.00, range=0.0-0.0) | discoveries=0 | mods=444 | 2.8s/gen | elapsed=454s

  =================================================================
  Self-Modifying Engine — 1 generations
  =================================================================
  Gen 161  Phi 1.0076 -> 1.0551 (+4.7%)  mods +3/-0  [OK]  2.9s

  Total: 447 active mods, 0 rollbacks

  =================================================================
  Self-Modifying Engine — 1 generations
  =================================================================
  Gen 162  Phi 1.0292 -> 1.0182 (-1.1%)  mods +3/-0  [ROLLBACK]  2.9s

  Total: 450 active mods, 0 rollbacks

  =================================================================
  Self-Modifying Engine — 1 generations
  =================================================================
  Gen 163  Phi 1.0461 -> 1.0277 (-1.8%)  mods +3/-0  [ROLLBACK]  2.9s

  Total: 453 active mods, 0 rollbacks

  =================================================================
  Self-Modifying Engine — 1 generations
  =================================================================
  Gen 164  Phi 1.0037 -> 1.0192 (+1.5%)  mods +3/-0  [OK]  2.9s

  Total: 456 active mods, 0 rollbacks

  =================================================================
  Self-Modifying Engine — 1 generations
  =================================================================
  Gen 165  Phi 1.0171 -> 1.0052 (-1.2%)  mods +3/-0  [ROLLBACK]  2.9s

  Total: 459 active mods, 0 rollbacks
  Gen   165 | Φ=0.00 (avg=0.00, range=0.0-0.0) | discoveries=0 | mods=459 | 2.9s/gen | elapsed=468s

  =================================================================
  Self-Modifying Engine — 1 generations
  =================================================================
  Gen 166  Phi 1.0274 -> 1.0128 (-1.4%)  mods +3/-0  [ROLLBACK]  2.9s

  Total: 462 active mods, 0 rollbacks

  =================================================================
  Self-Modifying Engine — 1 generations
  =================================================================
  Gen 167  Phi 1.0243 -> 1.0174 (-0.7%)  mods +2/-1  [ROLLBACK]  2.6s

  Total: 464 active mods, 0 rollbacks

  =================================================================
  Self-Modifying Engine — 1 generations
  =================================================================
  Gen 168  Phi 1.0384 -> 1.0291 (-0.9%)  mods +2/-1  [ROLLBACK]  2.5s

  Total: 466 active mods, 0 rollbacks

  =================================================================
  Self-Modifying Engine — 1 generations
  =================================================================
  Gen 169  Phi 1.0311 -> 1.0297 (-0.1%)  mods +2/-1  [ROLLBACK]  2.5s

  Total: 468 active mods, 0 rollbacks

  =================================================================
  Self-Modifying Engine — 1 generations
  =================================================================
  Gen 170  Phi 0.9762 -> 1.0396 (+6.5%)  mods +1/-4  [OK]  2.2s

  Total: 469 active mods, 0 rollbacks
  Gen   170 | Φ=0.00 (avg=0.00, range=0.0-0.0) | discoveries=0 | mods=469 | 2.2s/gen | elapsed=481s

  =================================================================
  Self-Modifying Engine — 1 generations
  =================================================================
  Gen 171  Phi 1.0368 -> 1.0087 (-2.7%)  mods +2/-1  [ROLLBACK]  2.6s

  Total: 471 active mods, 0 rollbacks

  =================================================================
  Self-Modifying Engine — 1 generations
  =================================================================
  Gen 172  Phi 1.0187 -> 1.0258 (+0.7%)  mods +2/-1  [OK]  2.6s

  Total: 473 active mods, 0 rollbacks

  =================================================================
  Self-Modifying Engine — 1 generations
  =================================================================
  Gen 173  Phi 0.9871 -> 0.9903 (+0.3%)  mods +2/-1  [OK]  2.6s

  Total: 475 active mods, 0 rollbacks

  =================================================================
  Self-Modifying Engine — 1 generations
  =================================================================
  Gen 174  Phi 1.0134 -> 1.0362 (+2.3%)  mods +2/-1  [OK]  2.6s

  Total: 477 active mods, 0 rollbacks

  =================================================================
  Self-Modifying Engine — 1 generations
  =================================================================
  Gen 175  Phi 1.0400 -> 1.0194 (-2.0%)  mods +1/-2  [ROLLBACK]  2.3s

  Total: 478 active mods, 0 rollbacks
  Gen   175 | Φ=0.00 (avg=0.00, range=0.0-0.0) | discoveries=0 | mods=478 | 2.3s/gen | elapsed=494s

  =================================================================
  Self-Modifying Engine — 1 generations
  =================================================================
  Gen 176  Phi 1.0206 -> 1.0257 (+0.5%)  mods +1/-2  [OK]  2.2s

  Total: 479 active mods, 0 rollbacks

  =================================================================
  Self-Modifying Engine — 1 generations
  =================================================================
  Gen 177  Phi 1.0130 -> 1.0304 (+1.7%)  mods +1/-4  [OK]  2.3s

  Total: 480 active mods, 0 rollbacks

  =================================================================
  Self-Modifying Engine — 1 generations
  =================================================================
  Gen 178  Phi 1.0216 -> 1.0275 (+0.6%)  mods +3/-0  [OK]  3.0s

  Total: 483 active mods, 0 rollbacks

  =================================================================
  Self-Modifying Engine — 1 generations
  =================================================================
  Gen 179  Phi 1.0264 -> 0.9988 (-2.7%)  mods +3/-0  [ROLLBACK]  3.0s

  Total: 486 active mods, 0 rollbacks

  =================================================================
  Self-Modifying Engine — 1 generations
  =================================================================
  Gen 180  Phi 1.0454 -> 1.0302 (-1.4%)  mods +2/-1  [ROLLBACK]  2.6s

  Total: 488 active mods, 0 rollbacks
  Gen   180 | Φ=0.00 (avg=0.00, range=0.0-0.0) | discoveries=0 | mods=488 | 2.6s/gen | elapsed=507s

  =================================================================
  Self-Modifying Engine — 1 generations
  =================================================================
  Gen 181  Phi 1.0367 -> 1.0083 (-2.7%)  mods +2/-1  [ROLLBACK]  2.7s

  Total: 490 active mods, 0 rollbacks

  =================================================================
  Self-Modifying Engine — 1 generations
  =================================================================
  Gen 182  Phi 1.0236 -> 1.0072 (-1.6%)  mods +2/-1  [ROLLBACK]  2.7s

  Total: 492 active mods, 0 rollbacks

  =================================================================
  Self-Modifying Engine — 1 generations
  =================================================================
  Gen 183  Phi 1.0230 -> 1.0367 (+1.3%)  mods +1/-2  [OK]  2.3s

  Total: 493 active mods, 0 rollbacks

  =================================================================
  Self-Modifying Engine — 1 generations
  =================================================================
  Gen 184  Phi 1.0337 -> 1.0223 (-1.1%)  mods +0/-3  [ROLLBACK]  1.9s

  Total: 493 active mods, 0 rollbacks

  =================================================================
  Self-Modifying Engine — 1 generations
  =================================================================
  Gen 185  Phi 1.0316 -> 1.0472 (+1.5%)  mods +2/-2  [OK]  2.6s

  Total: 495 active mods, 0 rollbacks
  Gen   185 | Φ=0.00 (avg=0.00, range=0.0-0.0) | discoveries=0 | mods=495 | 2.6s/gen | elapsed=519s

  =================================================================
  Self-Modifying Engine — 1 generations
  =================================================================
  Gen 186  Phi 1.0293 -> 1.0098 (-1.9%)  mods +2/-2  [ROLLBACK]  2.7s

  Total: 497 active mods, 0 rollbacks

  =================================================================
  Self-Modifying Engine — 1 generations
  =================================================================
  Gen 187  Phi 1.0096 -> 1.0255 (+1.6%)  mods +3/-1  [OK]  3.0s

  Total: 500 active mods, 0 rollbacks

  =================================================================
  Self-Modifying Engine — 1 generations
  =================================================================
  Gen 188  Phi 1.0138 -> 1.0195 (+0.6%)  mods +2/-1  [OK]  2.6s

  Total: 502 active mods, 0 rollbacks

  =================================================================
  Self-Modifying Engine — 1 generations
  =================================================================
