[GATE] dispatch=local reason=remote_unreachable cmd="python3 /tmp/anima_runpod_orchestrator_helper.hexa_tmp run --pod-name v10-phi-v3-rwkv7-r3 --gpu-id NVIDIA H100 80GB HBM3 --gpu-count 1 --image runpod/pytorch:2.4.0-py3.11-cuda12.4.1-devel-ubuntu22.04 --disk-gb 60 --volume-gb 60 --upload /tmp/hf_token:/workspace/.hf_token --upload /tmp/anima_phi_v3_rwkv_wrapper.py:/workspace/phi_v3_rwkv.py --pip-install  --command pip uninstall -y torchvision 2>&1 | tail -1 && pip install -q 'transformers>=4.48.0,<4.55' accelerate sentencepiece numpy einops triton 2>&1 | tail -3 && pip install -q git+https://github.com/fla-org/flash-linear-attention 2>&1 | tail -3 && mkdir -p /workspace/out && cd /workspace && python3 -c 'import transformers; print("transformers=", transformers.__version__)' && ANIMA_BASE=fla-hub/rwkv7-1.5B-world ANIMA_OUTPUT=/workspace/out/phi_v3_canonical.json python3 phi_v3_rwkv.py 2>&1 | tail -100 --download /workspace/out:state/v10_phi_v3_nontransformer/rwkv/out --max-cost 0.45 --max-runtime-min 13 --hourly-rate 2.99 --auto-terminate --output state/v10_phi_v3_nontransformer/rwkv/runpod_run_r3.json --run-id v10-phi-v3-rwkv7-r3"
[create] pod=v10-phi-v3-rwkv7-r3 gpu=NVIDIA H100 80GB HBM3
  pod_id=henqbgr31pd0pn cost=$2.99/hr
[ssh-wait] pod=henqbgr31pd0pn
  ip=216.243.220.221 port=19401
[scp] /tmp/hf_token -> 216.243.220.221:/workspace/.hf_token
[scp] /tmp/anima_phi_v3_rwkv_wrapper.py -> 216.243.220.221:/workspace/phi_v3_rwkv.py
[exec] pip uninstall -y torchvision 2>&1 | tail -1 && pip install -q 'transformers>=4.48.0,<4.55' accelerat
Traceback (most recent call last):
  File "/tmp/anima_runpod_orchestrator_helper.hexa_tmp", line 182, in <module>
    if __name__ == '__main__': main()
                               ~~~~^^
  File "/tmp/anima_runpod_orchestrator_helper.hexa_tmp", line 179, in main
    elif args.cmd == 'run': cmd_run(args)
                            ~~~~~~~^^^^^^
  File "/tmp/anima_runpod_orchestrator_helper.hexa_tmp", line 126, in cmd_run
    r = pod_ssh_exec(ip, port, args.command, args.dry_run, timeout=int(args.max_runtime_min*60))
  File "/tmp/anima_runpod_orchestrator_helper.hexa_tmp", line 76, in pod_ssh_exec
    r = subprocess.run(['ssh', '-i', SSH_KEY, '-o', 'StrictHostKeyChecking=no',
                         '-p', str(port), f'root@{ip}', command],
                        capture_output=True, text=True, timeout=timeout)
  File "/opt/homebrew/Cellar/python@3.14/3.14.3_1/Frameworks/Python.framework/Versions/3.14/lib/python3.14/subprocess.py", line 556, in run
    stdout, stderr = process.communicate(input, timeout=timeout)
                     ~~~~~~~~~~~~~~~~~~~^^^^^^^^^^^^^^^^^^^^^^^^
  File "/opt/homebrew/Cellar/python@3.14/3.14.3_1/Frameworks/Python.framework/Versions/3.14/lib/python3.14/subprocess.py", line 1220, in communicate
    stdout, stderr = self._communicate(input, endtime, timeout)
                     ~~~~~~~~~~~~~~~~~^^^^^^^^^^^^^^^^^^^^^^^^^
  File "/opt/homebrew/Cellar/python@3.14/3.14.3_1/Frameworks/Python.framework/Versions/3.14/lib/python3.14/subprocess.py", line 2153, in _communicate
    self._check_timeout(endtime, orig_timeout, stdout, stderr)
    ~~~~~~~~~~~~~~~~~~~^^^^^^^^^^^^^^^^^^^^^^^^^^^^^^^^^^^^^^^
  File "/opt/homebrew/Cellar/python@3.14/3.14.3_1/Frameworks/Python.framework/Versions/3.14/lib/python3.14/subprocess.py", line 1267, in _check_timeout
    raise TimeoutExpired(
    ...<2 lines>...
            stderr=b''.join(stderr_seq) if stderr_seq else None)
subprocess.TimeoutExpired: Command '['ssh', '-i', '/Users/ghost/.runpod/ssh/RunPod-Key-Go', '-o', 'StrictHostKeyChecking=no', '-p', '19401', 'root@216.243.220.221', 'pip uninstall -y torchvision 2>&1 | tail -1 && pip install -q \'transformers>=4.48.0,<4.55\' accelerate sentencepiece numpy einops triton 2>&1 | tail -3 && pip install -q git+https://github.com/fla-org/flash-linear-attention 2>&1 | tail -3 && mkdir -p /workspace/out && cd /workspace && python3 -c \'import transformers; print("transformers=", transformers.__version__)\' && ANIMA_BASE=fla-hub/rwkv7-1.5B-world ANIMA_OUTPUT=/workspace/out/phi_v3_canonical.json python3 phi_v3_rwkv.py 2>&1 | tail -100']' timed out after 780 seconds
