[phi-v3-rwkv] base=fla-hub/rwkv7-1.5B-world N=16 HALF=8 K=8 HID_TRUNC=8(auto) eff_dof_full=8 eff_dof_half=0 ridge=0.001
A new version of the following files was downloaded from https://huggingface.co/fla-hub/rwkv7-1.5B-world:
- hf_rwkv_tokenizer.py
. Make sure to double-check they do not contain any added malicious code. To avoid downloading new versions of the code file, you can pin a revision.
A new version of the following files was downloaded from https://huggingface.co/fla-hub/rwkv7-1.5B-world:
- modeling_rwkv7.py
. Make sure to double-check they do not contain any added malicious code. To avoid downloading new versions of the code file, you can pin a revision.
/usr/local/lib/python3.11/dist-packages/fla/layers/rwkv7.py:148: UserWarning: According to Bo, you are using a potentially buggy FLA implementation of RWKV. If you plan to report any numbers based on this implementation, we strongly recommend cross-checking with the official repo: https://github.com/BlinkDL/RWKV-LM. Bo may disagree with results reported from this version.
  warnings.warn(
[phi-v3-rwkv] loaded 17.7s h_dim=2048 model_class=RWKV7ForCausalLM
[phi-v3-rwkv] hook installed on backbone.ModuleList[-1] (n_blocks=24)
[phi-v3-rwkv] forward 4/16
[phi-v3-rwkv] forward 8/16
[phi-v3-rwkv] forward 12/16
[phi-v3-rwkv] forward 16/16
[phi-v3-rwkv] activations (N,H)=(16, 8) top_var=[149.02, 63.49, 60.78, 56.14, 53.78, 45.76, 41.18, 40.54]
[phi-v3-rwkv] I_full = log|C(N=16,H=8)| = 27.4940
[phi-v3-rwkv] sample-part 1/8 S1|S2=8|8 phi=-6.0056
[phi-v3-rwkv] sample-part 2/8 S1|S2=8|8 phi=-3.8390
[phi-v3-rwkv] sample-part 3/8 S1|S2=8|8 phi=-4.4162
[phi-v3-rwkv] sample-part 4/8 S1|S2=8|8 phi=-4.5982
[phi-v3-rwkv] sample-part 5/8 S1|S2=8|8 phi=-5.5964
[phi-v3-rwkv] sample-part 6/8 S1|S2=8|8 phi=-3.5708
[phi-v3-rwkv] sample-part 7/8 S1|S2=8|8 phi=-2.2785
[phi-v3-rwkv] sample-part 8/8 S1|S2=8|8 phi=-9.0674
[phi-v3-rwkv] DONE phi_star_min=-9.0674 sign=negative_anti_integrated positive_gate=False -> /workspace/out/phi_v3_canonical.json
