[2026-04-27T13:05:57Z] Creating pod anima-gemma-27b-retry-v2-20260427130557...
[2026-04-27T13:05:58Z] create call returned
[2026-04-27T13:06:09Z] POD_ID=3q7pqjhsmnulm6
[2026-04-27T13:06:10Z] iter=1 status=RUNNING
ssh_info=Usage:
  runpodctl pod [command]

Aliases:
  pod, pods

Available Commands:
  create      create a new pod
  delete      delete a pod
  get         get pod details
  list        list all pods
  reset       reset a pod
  restart     restart a pod
  start       start a stopped pod
  stop        stop a running pod
  update      update an existing pod

Flags:
  -h, --help   help for pod

Global Flags:
  -o, --output string   output format (json, yaml) (default "json")

Use "runpodctl pod [command] --help" for more information about a command.

{"error":"unknown flag: --getCmd"}
[2026-04-27T13:06:37Z] SSH ready (i=1)
-rw-rw-rw- 1 root root    37 Apr 27 13:07 /workspace/.hf_token
-rw-rw-rw- 1 root root   691 Apr 27 13:07 /workspace/gemma_27b_retry_v2_launch.sh
-rw-rw-rw- 1 root root 11112 Apr 27 13:07 /workspace/gemma_27b_retry_v2_wrapper.py
done
WARNING: Running pip as the 'root' user can result in broken permissions and conflicting behaviour with the system package manager, possibly rendering your system unusable.It is recommended to use a virtual environment instead: https://pip.pypa.io/warnings/venv. Use the --root-user-action option if you know what you are doing and want to suppress this warning.
WARNING: Running pip as the 'root' user can result in broken permissions and conflicting behaviour with the system package manager, possibly rendering your system unusable. It is recommended to use a virtual environment instead: https://pip.pypa.io/warnings/venv. Use the --root-user-action option if you know what you are doing and want to suppress this warning.
wrapper-launched pid=217
[2026-04-27T13:07:38Z] launch script returned
