[phi-v3] base=state-spaces/mamba-2.8b-hf N=16 HALF=8 K=8 HID_TRUNC=8(auto) eff_dof_full=8 eff_dof_half=0 ridge=0.001
[wrapper] tokenizer override: state-spaces/mamba-2.8b-hf -> EleutherAI/gpt-neox-20b
Downloading shards:   0%|          | 0/3 [00:00<?, ?it/s]Downloading shards:  33%|███▎      | 1/3 [00:06<00:12,  6.49s/it]Downloading shards:  67%|██████▋   | 2/3 [00:12<00:06,  6.29s/it]Downloading shards: 100%|██████████| 3/3 [00:15<00:00,  4.82s/it]Downloading shards: 100%|██████████| 3/3 [00:15<00:00,  5.24s/it]
/usr/local/lib/python3.11/dist-packages/transformers/generation/configuration_utils.py:777: UserWarning: `return_dict_in_generate` is NOT set to `True`, but `output_hidden_states` is. When `return_dict_in_generate` is not `True`, `output_hidden_states` is ignored.
  warnings.warn(
The fast path is not available because one of `(selective_state_update, selective_scan_fn, causal_conv1d_fn, causal_conv1d_update, mamba_inner_fn)` is None. Falling back to the sequential implementation of Mamba, as use_mambapy is set to False. To install follow https://github.com/state-spaces/mamba/#installation and https://github.com/Dao-AILab/causal-conv1d. For the mamba.py backend, follow https://github.com/alxndrTL/mamba.py.
Loading checkpoint shards:   0%|          | 0/3 [00:00<?, ?it/s]Loading checkpoint shards:  33%|███▎      | 1/3 [00:09<00:19,  9.77s/it]Loading checkpoint shards:  67%|██████▋   | 2/3 [00:20<00:10, 10.53s/it]Loading checkpoint shards: 100%|██████████| 3/3 [00:23<00:00,  6.84s/it]Loading checkpoint shards: 100%|██████████| 3/3 [00:23<00:00,  7.76s/it]
[phi-v3] loaded 46.5s h_dim=2560
[phi-v3] forward 4/16
[phi-v3] forward 8/16
[phi-v3] forward 12/16
[phi-v3] forward 16/16
[phi-v3] activations (N,H)=(16, 8) top_var=[78.88, 71.44, 35.5, 32.38, 29.28, 28.5, 27.88, 26.99]
[phi-v3] I_full = log|C(N=16,H=8)| = 20.7091
[phi-v3] sample-part 1/8 S1|S2=8|8 phi=5.6791
[phi-v3] sample-part 2/8 S1|S2=8|8 phi=2.2647
[phi-v3] sample-part 3/8 S1|S2=8|8 phi=1.9688
[phi-v3] sample-part 4/8 S1|S2=8|8 phi=4.6883
[phi-v3] sample-part 5/8 S1|S2=8|8 phi=0.3897
[phi-v3] sample-part 6/8 S1|S2=8|8 phi=1.0584
[phi-v3] sample-part 7/8 S1|S2=8|8 phi=2.0757
[phi-v3] sample-part 8/8 S1|S2=8|8 phi=0.3258
[phi-v3] DONE phi_star_min=0.3258 sign=positive_iit_integrated positive_gate=True -> /workspace/out/phi_v3_canonical.json
