[2026-04-26T11:35:51Z] === launch_h100_pilot_t1 START ===
[2026-04-26T11:35:51Z] ANIMA_ROOT=/Users/ghost/core/anima
[2026-04-26T11:35:51Z] COST_CAP_USD=0.5 WALL_CLOCK_SEC=3600
[2026-04-26T11:35:57Z] ERROR: no RUNNING pod matching 'anima-pilot-t1' found.
[2026-04-26T11:35:57Z]        create one manually (cost-aware) before re-running.
[2026-04-26T11:37:55Z] === launch_h100_pilot_t1 START ===
[2026-04-26T11:37:55Z] ANIMA_ROOT=/Users/ghost/core/anima
[2026-04-26T11:37:55Z] COST_CAP_USD=0.5 WALL_CLOCK_SEC=3600
[GATE] dispatch=local reason=remote_unreachable cmd="python3 -c 
import json, sys
try:
    pods = json.load(sys.stdin)
except Exception:
    pods = []
for p in pods:
    nm = p.get("name", "")
    st = p.get("desiredStatus", "")
    if nm.startswith("anima-pilot-t1") and st == "RUNNING":
        print(p.get("id", ""))
        break
"
[2026-04-26T11:37:57Z] POD_ID=stldy2ewplkhsj
[2026-04-26T11:37:58Z] POD_IP=103.207.149.92 POD_PORT=19325
[2026-04-26T11:37:58Z] Staging payload to /workspace/anima_pilot_t1/ ...
Warning: Permanently added '[103.207.149.92]:19325' (ED25519) to the list of known hosts.
[2026-04-26T11:38:01Z] rsync tribev2 ref ...
Warning: Permanently added '[103.207.149.92]:19325' (ED25519) to the list of known hosts.
bash: line 1: rsync: command not found
rsync: connection unexpectedly closed (0 bytes received so far) [sender]
rsync error: error in rsync protocol data stream (code 12) at io.c(232) [sender=3.4.1]
[2026-04-26T11:38:03Z] scp corpus ...
Warning: Permanently added '[103.207.149.92]:19325' (ED25519) to the list of known hosts.
[2026-04-26T11:38:08Z] scp scripts ...
Warning: Permanently added '[103.207.149.92]:19325' (ED25519) to the list of known hosts.
[2026-04-26T11:38:22Z] === launch_h100_pilot_t1 START ===
[2026-04-26T11:38:22Z] ANIMA_ROOT=/Users/ghost/core/anima
[2026-04-26T11:38:22Z] COST_CAP_USD=0.5 WALL_CLOCK_SEC=3600
[GATE] dispatch=local reason=remote_unreachable cmd="python3 -c 
import json, sys
try:
    pods = json.load(sys.stdin)
except Exception:
    pods = []
for p in pods:
    nm = p.get("name", "")
    st = p.get("desiredStatus", "")
    if nm.startswith("anima-pilot-t1") and st == "RUNNING":
        print(p.get("id", ""))
        break
"
[2026-04-26T11:38:24Z] POD_ID=stldy2ewplkhsj
[2026-04-26T11:38:26Z] POD_IP=103.207.149.92 POD_PORT=19325
[2026-04-26T11:38:26Z] Staging payload to /workspace/anima_pilot_t1/ ...
Warning: Permanently added '[103.207.149.92]:19325' (ED25519) to the list of known hosts.
[2026-04-26T11:38:28Z] tar+ssh tribev2 ref (rsync fallback) ...
[2026-04-26T11:38:28Z] tarball size=1MB
Warning: Permanently added '[103.207.149.92]:19325' (ED25519) to the list of known hosts.
Warning: Permanently added '[103.207.149.92]:19325' (ED25519) to the list of known hosts.
tar: Ignoring unknown extended header keyword 'LIBARCHIVE.xattr.com.apple.provenance'
tar: Ignoring unknown extended header keyword 'LIBARCHIVE.xattr.com.apple.provenance'
tar: Ignoring unknown extended header keyword 'LIBARCHIVE.xattr.com.apple.provenance'
tar: Ignoring unknown extended header keyword 'LIBARCHIVE.xattr.com.apple.provenance'
tar: Ignoring unknown extended header keyword 'LIBARCHIVE.xattr.com.apple.provenance'
tar: Ignoring unknown extended header keyword 'LIBARCHIVE.xattr.com.apple.provenance'
tar: Ignoring unknown extended header keyword 'LIBARCHIVE.xattr.com.apple.provenance'
tar: Ignoring unknown extended header keyword 'LIBARCHIVE.xattr.com.apple.provenance'
tar: Ignoring unknown extended header keyword 'LIBARCHIVE.xattr.com.apple.provenance'
tar: Ignoring unknown extended header keyword 'LIBARCHIVE.xattr.com.apple.provenance'
tar: Ignoring unknown extended header keyword 'LIBARCHIVE.xattr.com.apple.provenance'
tar: Ignoring unknown extended header keyword 'LIBARCHIVE.xattr.com.apple.provenance'
tar: Ignoring unknown extended header keyword 'LIBARCHIVE.xattr.com.apple.provenance'
tar: Ignoring unknown extended header keyword 'LIBARCHIVE.xattr.com.apple.provenance'
tar: Ignoring unknown extended header keyword 'LIBARCHIVE.xattr.com.apple.provenance'
tar: Ignoring unknown extended header keyword 'LIBARCHIVE.xattr.com.apple.provenance'
tar: Ignoring unknown extended header keyword 'LIBARCHIVE.xattr.com.apple.provenance'
tar: Ignoring unknown extended header keyword 'LIBARCHIVE.xattr.com.apple.provenance'
tar: Ignoring unknown extended header keyword 'LIBARCHIVE.xattr.com.apple.provenance'
tar: Ignoring unknown extended header keyword 'LIBARCHIVE.xattr.com.apple.provenance'
tar: Ignoring unknown extended header keyword 'LIBARCHIVE.xattr.com.apple.provenance'
tar: Ignoring unknown extended header keyword 'LIBARCHIVE.xattr.com.apple.provenance'
tar: Ignoring unknown extended header keyword 'LIBARCHIVE.xattr.com.apple.provenance'
tar: Ignoring unknown extended header keyword 'LIBARCHIVE.xattr.com.apple.provenance'
tar: Ignoring unknown extended header keyword 'LIBARCHIVE.xattr.com.apple.provenance'
tar: Ignoring unknown extended header keyword 'LIBARCHIVE.xattr.com.apple.provenance'
ANIMA_INTEGRATION_PROPOSAL.md
CODE_OF_CONDUCT.md
CONTRIBUTING.md
LICENSE
README.md
SUMMARY_KR.md
inventory.json
pyproject.toml
tribev2
tar: Ignoring unknown extended header keyword 'LIBARCHIVE.xattr.com.apple.provenance'
tar: Ignoring unknown extended header keyword 'LIBARCHIVE.xattr.com.apple.provenance'
tar: Ignoring unknown extended header keyword 'LIBARCHIVE.xattr.com.apple.provenance'
tar: Ignoring unknown extended header keyword 'LIBARCHIVE.xattr.com.apple.provenance'
tar: Ignoring unknown extended header keyword 'LIBARCHIVE.xattr.com.apple.provenance'
tar: Ignoring unknown extended header keyword 'LIBARCHIVE.xattr.com.apple.provenance'
tar: Ignoring unknown extended header keyword 'LIBARCHIVE.xattr.com.apple.provenance'
tar: Ignoring unknown extended header keyword 'LIBARCHIVE.xattr.com.apple.provenance'
tar: Ignoring unknown extended header keyword 'LIBARCHIVE.xattr.com.apple.provenance'
tar: Ignoring unknown extended header keyword 'LIBARCHIVE.xattr.com.apple.provenance'
tar: Ignoring unknown extended header keyword 'LIBARCHIVE.xattr.com.apple.provenance'
tar: Ignoring unknown extended header keyword 'LIBARCHIVE.xattr.com.apple.provenance'
tar: Ignoring unknown extended header keyword 'LIBARCHIVE.xattr.com.apple.provenance'
[2026-04-26T11:38:33Z] scp corpus ...
Warning: Permanently added '[103.207.149.92]:19325' (ED25519) to the list of known hosts.
[2026-04-26T11:38:38Z] scp scripts ...
scp: stat local "/Users/ghost/core/anima/anima-tribev2-pilot/scripts/pilot_t1_inference_full.py": No such file or directory
Warning: Permanently added '[103.207.149.92]:19325' (ED25519) to the list of known hosts.
Warning: Permanently added '[103.207.149.92]:19325' (ED25519) to the list of known hosts.
[2026-04-26T11:38:42Z] HF token uploaded.
[2026-04-26T11:38:42Z] Stage complete.
[2026-04-26T11:38:42Z] Running install (cap=900s) ...
Warning: Permanently added '[103.207.149.92]:19325' (ED25519) to the list of known hosts.
bash: /workspace/anima_pilot_t1/scripts/install_pod_deps.sh: No such file or directory
[2026-04-26T11:38:44Z] install_rc=0
[2026-04-26T11:38:44Z] Running inference (cap=2400s) ...
