[2026-04-26T16:32:20Z] === launch_h100_pilot_t1_v3 START ===
[2026-04-26T16:32:20Z] ANIMA_ROOT=/Users/ghost/core/anima COST_CAP=0.65 WALL_CLOCK=3600 IDLE_KILL=1800 CLIENT_FAIL_FAST=3600 POLL_INTERVAL=30 DRY_RUN=1
[2026-04-26T16:32:20Z] DRY_RUN=1 — synthetic dry-run: no SSH, no pod ops.
[2026-04-26T16:32:20Z] [selftest] verifying client-side polling timing logic ...
[2026-04-26T16:32:20Z] [selftest] synthetic dir=/Users/ghost/core/anima/anima-tribev2-pilot/state/dry_run_v3_1777221140
[2026-04-26T16:32:21Z] [selftest:positive] phase=install_started OK (elapsed=1s)
[2026-04-26T16:32:22Z] [selftest:positive] phase=install_done OK (elapsed=2s)
[2026-04-26T16:32:23Z] [selftest:positive] phase=inference_started OK (elapsed=3s)
[2026-04-26T16:32:25Z] [selftest:positive] phase=inference_done OK (elapsed=5s)
[2026-04-26T16:32:30Z] [selftest:negative] OK fail-fast triggered at elapsed=5s (threshold=5s)
[2026-04-26T16:32:30Z] [selftest] positive=1 negative_fail_fast=1
[2026-04-26T16:32:30Z] === DRY_RUN selftest PASS ===
[2026-04-26T16:32:34Z] === launch_h100_pilot_t1_v3 START ===
[2026-04-26T16:32:34Z] ANIMA_ROOT=/Users/ghost/core/anima COST_CAP=0.65 WALL_CLOCK=3600 IDLE_KILL=1800 CLIENT_FAIL_FAST=3600 POLL_INTERVAL=30 DRY_RUN=1
[2026-04-26T16:32:34Z] DRY_RUN=1 — synthetic dry-run: no SSH, no pod ops.
[2026-04-26T16:32:34Z] [selftest] verifying client-side polling timing logic ...
[2026-04-26T16:32:34Z] [selftest] synthetic dir=/Users/ghost/core/anima/anima-tribev2-pilot/state/dry_run_v3_1777221154
[2026-04-26T16:32:36Z] [selftest:positive] phase=install_started OK (elapsed=2s)
[2026-04-26T16:32:36Z] [selftest:positive] phase=install_done OK (elapsed=2s)
[2026-04-26T16:32:37Z] [selftest:positive] phase=inference_started OK (elapsed=3s)
[2026-04-26T16:32:39Z] [selftest:positive] phase=inference_done OK (elapsed=5s)
[2026-04-26T16:32:44Z] [selftest:negative] OK fail-fast triggered at elapsed=5s (threshold=5s)
[2026-04-26T16:32:44Z] [selftest] positive=1 negative_fail_fast=1
[2026-04-26T16:32:44Z] === DRY_RUN selftest PASS ===
