[2026-04-27T13:22:37Z] Creating pod anima-gemma-27b-retry-v3-20260427132200...
[2026-04-27T13:22:37Z] POD_ID=d8qrg4y40io8fy
[2026-04-27T13:22:39Z] iter=1 status=RUNNING
[2026-04-27T13:22:54Z] iter=1 ssh_host=103.207.149.151 port=14259
[2026-04-27T13:22:55Z] SSH ready (i=1)
Warning: Permanently added '[103.207.149.151]:14259' (ED25519) to the list of known hosts.
-rw------- 1 root root    37 Apr 27 13:23 /workspace/.hf_token
-rw-r--r-- 1 root root   758 Apr 27 13:23 /workspace/gemma_27b_retry_v3_launch.sh
-rw-r--r-- 1 root root 17211 Apr 27 13:23 /workspace/gemma_27b_retry_v3_wrapper.py

[notice] A new release of pip is available: 24.2 -> 26.1
[notice] To update, run: python -m pip install --upgrade pip

[notice] A new release of pip is available: 24.2 -> 26.1
[notice] To update, run: python -m pip install --upgrade pip
wrapper-launched pid=574
[2026-04-27T13:23:25Z] launch script returned
Warning: Permanently added '[103.207.149.151]:14259' (ED25519) to the list of known hosts.

[notice] A new release of pip is available: 24.2 -> 26.1
[notice] To update, run: python -m pip install --upgrade pip

[notice] A new release of pip is available: 24.2 -> 26.1
[notice] To update, run: python -m pip install --upgrade pip
wrapper-launched pid=751
[2026-04-27T13:24:22Z] relaunch (after transformers install) returned
