__LAW_64_CYCLE_4_T8N_RULE110_GENERALIZATION_BEGIN__ rule-110 elementary CA generalization test
hypothesis H1 (universal): CA(5) advantage > +50/1000 at N=15 on at least one init AND descends with N — Law 64 v5 universal
hypothesis H2 (Conway-specific): max advantage < +5/1000 OR reverse advantage at N=15 — Law 64 SCOPED to Conway
hypothesis H3 (intermediate): 0 < max_adv_n15 < +50 — partial generalization, magnitude rule-dependent
seed=20260428 len=128 rule=110 N_TEST=15 k_live_density=41
init_single_cell_alive=1 (expect 1)
init_density_alive=41 (expect 41)
--- init=single_cell — N_TRAIN ladder 15 → 50 → 150 → 500 → 1500 ---
  init=single_cell n_train=15 ca_acc=1000 tf_acc=393 advantage_per_thousand=1544
  init=single_cell n_train=50 ca_acc=1000 tf_acc=405 advantage_per_thousand=1469
  init=single_cell n_train=150 ca_acc=1000 tf_acc=527 advantage_per_thousand=897
  init=single_cell n_train=500 ca_acc=1000 tf_acc=658 advantage_per_thousand=519
  init=single_cell n_train=1500 ca_acc=1000 tf_acc=666 advantage_per_thousand=501
--- init=density_32pct — N_TRAIN ladder 15 → 50 → 150 → 500 → 1500 ---
  init=density_32pct n_train=15 ca_acc=1000 tf_acc=528 advantage_per_thousand=893
  init=density_32pct n_train=50 ca_acc=1000 tf_acc=515 advantage_per_thousand=941
  init=density_32pct n_train=150 ca_acc=1000 tf_acc=488 advantage_per_thousand=1049
  init=density_32pct n_train=500 ca_acc=1000 tf_acc=423 advantage_per_thousand=1364
  init=density_32pct n_train=1500 ca_acc=1000 tf_acc=593 advantage_per_thousand=686
--- aggregate ---
adv_single_cell_n15=1544 adv_density_n15=893
adv_single_cell_n1500=501 adv_density_n1500=686
max_adv_n15=1544 min_adv_n15=893
drift_single_cell(n1500-n15)=-1043
drift_density(n1500-n15)=-207
--- verdict ---
verdict=H1_SUPPORTED_universal_CA_vs_Markov_advantage_generalizes_to_rule110
law_64_direction=LAW_64_v5_UNIVERSAL_CA_PROPERTY
--- Law 64 v5 statement candidate (H1 confirmed) ---
Law_64_v5: CA(5) > Markov o1 at low N_TRAIN holds across multiple CA rules (Conway B3/S23 2D + Wolfram rule-110 1D), suggesting STRUCTURAL neighbor-coupling property generalizes beyond Conway. Caveat: tested 2 rules only; broader rule sweep is forward step.
__LAW_64_CYCLE_4_T8N_RESULT__ H1_SUPPORTED_universal_CA_vs_Markov_advantage_generalizes_to_rule110
raw_91_C1_falsifiable=YES_pre_registered_thresholds_50_and_5_per_thousand_at_N15
raw_91_C2_replicable=YES_seed_20260428_deterministic_LCG_rule110_canonical
raw_91_C3_no_p_hacking=YES_thresholds_and_ladder_frozen_in_header_before_run
raw_91_C4_data_caveats=length_128_toroidal_2_inits_single_cell_AND_density_32pct_single_seed
raw_91_C5_negative_result_published=YES_emit_regardless_of_outcome_per_raw_71
raw_91_caveat=CA(5) here is 5-cell oracle (subsumes rule-110's 3-cell window) — perfect ceiling, parallel to Conway _conway_step direct evaluation
raw_91_caveat=Earlier F1 cycle 3 commit 6f0351e1 tested rule-110 with N_CELLS=5 (substrate too small, both models 100%, advantage 0). T8n uses LEN=128 for non-trivial Markov failure mode.
raw_91_caveat=Single seed / single density placement / single single_cell placement. Multi-seed sweep is forward step T8o.
