2026/04/15 17:16:33 NOTICE: Config file "/root/.config/rclone/rclone.conf" not found - using defaults
2026/04/15 17:16:33 Failed to create file system for "r2:anima-models/clm-d64-kr/r1/step_5000/": didn't find section in config file
[cuda_ffi] module loaded — CUDA/cuBLAS extern FFI bindings ready (batch GEMM #23 included)
[cuda_rtc] module loaded — NVRTC + driver API bindings ready
[cuda_kernels] module loaded — 20 kernels ready for NVRTC compile (12 base + 8 fused)
[gpu_train] module loaded — CLM training primitives ready
[corpus_loader] module ready — load_corpus(path) / synthetic_*()
[train_clm_kr] ==================================================
[train_clm_kr] CLM byte-level KR (GPU, hexa-native, zero-Rust)
[train_clm_kr] config: D=64 FF=256 NL=6 VOCAB=256 SEQ=128 RANK=16 BATCH=1 GRAD_ACC=8 effective_batch=8
[train_clm_kr] schedule: STEPS=50000 WARMUP=500 LR_MAX=0.003 LR_MIN=0.0003
[train_clm_kr] log_every=500 eval_every=1000 save_every=5000
[train_clm_kr] ckpt_dir=/workspace/ckpt_clm_d64_kr
[train_clm_kr] r2_prefix=r2:anima-models/clm-d64-kr round=1
[train_clm_kr] random baseline ln(256) = 5.54518
[train_clm_kr] ==================================================
[cuda_ffi] initialized — handle=94192052126928
[cuda_ffi] GPU memory: 80484 MB free / 81079 MB total
[cuda_rtc] initialized — ctx=94192038436016
[cuda_rtc] cache HIT 'clm_kernels.cu' → .hexa-cache/ptx_162369251.ptx (49031 bytes)
[cuda_kernels] gpu_init_kernels OK — 20 entry points resolved (12 base + 8 fused)
[train_clm_kr] kernels: NVRTC compile OK (12 custom kernels)
[train_clm_kr] tensor cores: CUBLAS_TENSOR_OP_MATH enabled
[train_clm_kr] cfg: D=64 FF=256 NL=6 SEQ=128 RANK=16
[corpus] loading: training/corpus_ko_seed.tok
[corpus] loaded 63305 tokens from training/corpus_ko_seed.tok
[train_clm_kr] corpus: 63305 bytes from training/corpus_ko_seed.tok
[train_clm_kr] first bytes: 236 157 152 236 139 ...
[gpu_train] init_gpu_weights — D=64 FF=256 NL=6 VOCAB=256 SEQ=128 RANK=16
[train_clm_kr] weights: GPU initialized (seed=54321, scale=0.1)
[train_clm_kr] buffers: fwd/grad/eval allocated on GPU
[cuda_ffi] GPU memory: 79982 MB free / 81079 MB total
[train_clm_kr] ==================================================
[train_clm_kr] training start — STEPS=50000
[train_clm_kr] ==================================================
[train_clm_kr] step=1 loss=5.71049 lr=7.5e-07 elapsed=0.0941538s
[train_clm_kr] step=500 loss=4.16239 lr=0.000375 elapsed=19.5285s
[train_clm_kr] step=1000 loss=3.22337 lr=0.000374915 elapsed=38.964s
[train_clm_kr] eval step=1000 ppl=24.505 kr_acc=-1/16
[phi] step=1000 phi_proxy=101.017
[train_clm_kr] step=1500 loss=2.98634 lr=0.00037466 elapsed=58.8391s
[train_clm_kr] step=2000 loss=2.9486 lr=0.000374236 elapsed=78.5415s
[train_clm_kr] eval step=2000 ppl=16.8561 kr_acc=-1/16
[phi] step=2000 phi_proxy=101.209
[train_clm_kr] step=2500 loss=2.75425 lr=0.000373642 elapsed=98.2538s
[train_clm_kr] step=3000 loss=2.75691 lr=0.00037288 elapsed=118.213s
[train_clm_kr] eval step=3000 ppl=14.4949 kr_acc=-1/16
[phi] step=3000 phi_proxy=101.41
[train_clm_kr] step=3500 loss=2.67283 lr=0.00037195 elapsed=138.277s
[train_clm_kr] step=4000 loss=2.71985 lr=0.000370854 elapsed=158.487s
[train_clm_kr] eval step=4000 ppl=13.2856 kr_acc=-1/16
[phi] step=4000 phi_proxy=101.591
[train_clm_kr] step=4500 loss=2.57342 lr=0.000369591 elapsed=178.697s
[train_clm_kr] step=5000 loss=2.52099 lr=0.000368164 elapsed=199.294s
[train_clm_kr] eval step=5000 ppl=12.509 kr_acc=-1/16
[phi] step=5000 phi_proxy=101.748
[gpu_train] saved checkpoint → /workspace/ckpt_clm_d64_kr/step_5000.hexackpt (NL=6, 51 tensors)
[train_clm_kr] saved checkpoint → /workspace/ckpt_clm_d64_kr/step_5000.hexackpt
[train_clm_kr] R2 upload: rclone copy /workspace/ckpt_clm_d64_kr/step_5000.hexackpt r2:anima-models/clm-d64-kr/r1/step_5000/
[train_clm_kr] WARN — rclone exit= (R2 upload deferred, local ckpt intact: /workspace/ckpt_clm_d64_kr/step_5000.hexackpt)
[train_clm_kr] step=5500 loss=2.46865 lr=0.000366575 elapsed=220.091s
[train_clm_kr] step=6000 loss=2.51667 lr=0.000364823 elapsed=240.493s
[train_clm_kr] eval step=6000 ppl=11.9831 kr_acc=-1/16
[phi] step=6000 phi_proxy=101.888
[train_clm_kr] step=6500 loss=2.54285 lr=0.000362912 elapsed=260.684s
[train_clm_kr] step=7000 loss=2.5288 lr=0.000360843 elapse2026/04/15 17:19:56 NOTICE: Config file "/root/.config/rclone/rclone.conf" not found - using defaults
2026/04/15 17:19:56 Failed to create file system for "r2:anima-models/clm-d64-kr/r1/step_10000/": didn't find section in config file
2026/04/15 17:23:22 NOTICE: Config file "/root/.config/rclone/rclone.conf" not found - using defaults
2026/04/15 17:23:22 Failed to create file system for "r2:anima-models/clm-d64-kr/r1/step_15000/": didn't find section in config file
d=280.729s
[train_clm_kr] eval step=7000 ppl=11.5331 kr_acc=-1/16
[phi] step=7000 phi_proxy=102.013
[train_clm_kr] step=7500 loss=2.42495 lr=0.000358619 elapsed=301.129s
[train_clm_kr] step=8000 loss=2.38937 lr=0.000356241 elapsed=321.339s
[train_clm_kr] eval step=8000 ppl=11.2274 kr_acc=-1/16
[phi] step=8000 phi_proxy=102.126
[train_clm_kr] step=8500 loss=2.457 lr=0.000353712 elapsed=341.707s
[train_clm_kr] step=9000 loss=2.572 lr=0.000351035 elapsed=362.138s
[train_clm_kr] eval step=9000 ppl=10.9267 kr_acc=-1/16
[phi] step=9000 phi_proxy=102.229
[train_clm_kr] step=9500 loss=2.31572 lr=0.000348212 elapsed=382.552s
[train_clm_kr] step=10000 loss=2.42452 lr=0.000345245 elapsed=402.536s
[train_clm_kr] eval step=10000 ppl=10.6895 kr_acc=-1/16
[phi] step=10000 phi_proxy=102.323
[gpu_train] saved checkpoint → /workspace/ckpt_clm_d64_kr/step_10000.hexackpt (NL=6, 51 tensors)
[train_clm_kr] saved checkpoint → /workspace/ckpt_clm_d64_kr/step_10000.hexackpt
[train_clm_kr] R2 upload: rclone copy /workspace/ckpt_clm_d64_kr/step_10000.hexackpt r2:anima-models/clm-d64-kr/r1/step_10000/
[train_clm_kr] WARN — rclone exit= (R2 upload deferred, local ckpt intact: /workspace/ckpt_clm_d64_kr/step_10000.hexackpt)
[train_clm_kr] step=10500 loss=2.42133 lr=0.000342139 elapsed=428.819s
[train_clm_kr] step=11000 loss=2.45625 lr=0.000338896 elapsed=448.385s
[train_clm_kr] eval step=11000 ppl=10.507 kr_acc=-1/16
[phi] step=11000 phi_proxy=102.408
[train_clm_kr] step=11500 loss=2.25567 lr=0.00033552 elapsed=467.909s
[train_clm_kr] step=12000 loss=2.30919 lr=0.000332013 elapsed=488.365s
[train_clm_kr] eval step=12000 ppl=10.3218 kr_acc=-1/16
[phi] step=12000 phi_proxy=102.486
[train_clm_kr] step=12500 loss=2.44548 lr=0.00032838 elapsed=508.454s
[train_clm_kr] step=13000 loss=2.38809 lr=0.000324624 elapsed=528.009s
[train_clm_kr] eval step=13000 ppl=10.1394 kr_acc=-1/16
[phi] step=13000 phi_proxy=102.557
[train_clm_kr] step=13500 loss=2.36619 lr=0.000320748 elapsed=548.246s
[train_clm_kr] step=14000 loss=2.37447 lr=0.000316758 elapsed=567.986s
[train_clm_kr] eval step=14000 ppl=9.9898 kr_acc=-1/16
[phi] step=14000 phi_proxy=102.622
[train_clm_kr] step=14500 loss=2.24309 lr=0.000312656 elapsed=587.742s
[train_clm_kr] step=15000 loss=2.36199 lr=0.000308447 elapsed=607.853s
[train_clm_kr] eval step=15000 ppl=9.85745 kr_acc=-1/16
[phi] step=15000 phi_proxy=102.683
[gpu_train] saved checkpoint → /workspace/ckpt_clm_d64_kr/step_15000.hexackpt (NL=6, 51 tensors)
[train_clm_kr] saved checkpoint → /workspace/ckpt_clm_d64_kr/step_15000.hexackpt
[train_clm_kr] R2 upload: rclone copy /workspace/ckpt_clm_d64_kr/step_15000.hexackpt r2:anima-models/clm-d64-kr/r1/step_15000/
[train_clm_kr] WARN — rclone exit= (R2 upload deferred, local ckpt intact: /workspace/ckpt_clm_d64_kr/step_15000.hexackpt)
[train_clm_kr] step=15500 loss=2.38035 lr=0.000304135 elapsed=628.277s
[train_clm_kr] step=16000 loss=2.2213 lr=0.000299724 elapsed=647.724s
[train_clm_kr] eval step=16000 ppl=9.73542 kr_acc=-1/16
[phi] step=16000 phi_proxy=102.736
[train_clm_kr] step=16500 loss=2.30761 lr=0.000295219 elapsed=667.738s
[train_clm_kr] step=17000 loss=2.34747 lr=0.000290625 elapsed=687.569s
[train_clm_kr] eval step=17000 ppl=9.61381 kr_acc=-1/16
[phi] step=17000 phi_proxy=102.785
[train_clm_kr] step=17500 loss=2.23747 lr=0.000285946 elapsed=707.716s
[train_clm_kr] step=18000 loss=2.18463 lr=0.000281186 elapsed=728.115s
[train_clm_kr] eval step=18000 ppl=9.59228 kr_acc=-1/16
[phi] step=18000 phi_proxy=102.832
[train_clm_kr] step=18500 loss=2.27678 lr=0.000276351 elapsed=747.934s
[train_clm_kr] step=19000 loss=2.19207 lr=0.000271446 elapsed=767.764s
[train_clm_kr] eval step=19000 ppl=9.46375 kr_acc=-1/16
[phi] step=19000 phi_proxy=102.872
[train_clm_kr] step=19500 loss=2.30708 lr=0.000266475 elapsed=788.202s
[train_clm_kr] step=20000 loss=2.28566 lr=0.000261443 elapsed=808.546s
[train_clm_kr] eval step=20000 ppl=9.36281 kr_acc=-1/16
[phi] step=20000 phi_proxy=102.91
[gpu_train] saved checkpoint → /workspace/ckpt_clm_d64_kr/step_20000.hexackpt (NL=6, 51 tensors)
[train_clm_kr] save2026/04/15 17:26:42 NOTICE: Config file "/root/.config/rclone/rclone.conf" not found - using defaults
2026/04/15 17:26:42 Failed to create file system for "r2:anima-models/clm-d64-kr/r1/step_20000/": didn't find section in config file
2026/04/15 17:30:08 NOTICE: Config file "/root/.config/rclone/rclone.conf" not found - using defaults
2026/04/15 17:30:08 Failed to create file system for "r2:anima-models/clm-d64-kr/r1/step_25000/": didn't find section in config file
2026/04/15 17:33:29 NOTICE: Config file "/root/.config/rclone/rclone.conf" not found - using defaults
2026/04/15 17:33:29 Failed to create file system for "r2:anima-models/clm-d64-kr/r1/step_30000/": didn't find section in config file
d checkpoint → /workspace/ckpt_clm_d64_kr/step_20000.hexackpt
[train_clm_kr] R2 upload: rclone copy /workspace/ckpt_clm_d64_kr/step_20000.hexackpt r2:anima-models/clm-d64-kr/r1/step_20000/
[train_clm_kr] WARN — rclone exit= (R2 upload deferred, local ckpt intact: /workspace/ckpt_clm_d64_kr/step_20000.hexackpt)
[train_clm_kr] step=20500 loss=2.27299 lr=0.000256355 elapsed=829.122s
[train_clm_kr] step=21000 loss=2.2526 lr=0.000251217 elapsed=849.31s
[train_clm_kr] eval step=21000 ppl=9.28239 kr_acc=-1/16
[phi] step=21000 phi_proxy=102.945
[train_clm_kr] step=21500 loss=2.17188 lr=0.000246034 elapsed=869.173s
[train_clm_kr] step=22000 loss=2.26553 lr=0.000240811 elapsed=889.208s
[train_clm_kr] eval step=22000 ppl=9.24277 kr_acc=-1/16
[phi] step=22000 phi_proxy=102.977
[train_clm_kr] step=22500 loss=2.193 lr=0.000235553 elapsed=909.418s
[train_clm_kr] step=23000 loss=2.2139 lr=0.000230266 elapsed=929.258s
[train_clm_kr] eval step=23000 ppl=9.18379 kr_acc=-1/16
[phi] step=23000 phi_proxy=103.006
[train_clm_kr] step=23500 loss=2.26111 lr=0.000224954 elapsed=949.043s
[train_clm_kr] step=24000 loss=2.18142 lr=0.000219623 elapsed=969.479s
[train_clm_kr] eval step=24000 ppl=9.08817 kr_acc=-1/16
[phi] step=24000 phi_proxy=103.032
[train_clm_kr] step=24500 loss=2.32124 lr=0.000214279 elapsed=989.835s
[train_clm_kr] step=25000 loss=2.19408 lr=0.000208927 elapsed=1014.44s
[train_clm_kr] eval step=25000 ppl=9.01191 kr_acc=-1/16
[phi] step=25000 phi_proxy=103.055
[gpu_train] saved checkpoint → /workspace/ckpt_clm_d64_kr/step_25000.hexackpt (NL=6, 51 tensors)
[train_clm_kr] saved checkpoint → /workspace/ckpt_clm_d64_kr/step_25000.hexackpt
[train_clm_kr] R2 upload: rclone copy /workspace/ckpt_clm_d64_kr/step_25000.hexackpt r2:anima-models/clm-d64-kr/r1/step_25000/
[train_clm_kr] WARN — rclone exit= (R2 upload deferred, local ckpt intact: /workspace/ckpt_clm_d64_kr/step_25000.hexackpt)
[train_clm_kr] step=25500 loss=2.1838 lr=0.000203573 elapsed=1035.58s
[train_clm_kr] step=26000 loss=2.3074 lr=0.000198221 elapsed=1055.09s
[train_clm_kr] eval step=26000 ppl=8.98515 kr_acc=-1/16
[phi] step=26000 phi_proxy=103.078
[train_clm_kr] step=26500 loss=2.09159 lr=0.000192877 elapsed=1074.67s
[train_clm_kr] step=27000 loss=2.22962 lr=0.000187546 elapsed=1094.92s
[train_clm_kr] eval step=27000 ppl=8.91138 kr_acc=-1/16
[phi] step=27000 phi_proxy=103.098
[train_clm_kr] step=27500 loss=2.21541 lr=0.000182234 elapsed=1114.59s
[train_clm_kr] step=28000 loss=2.14019 lr=0.000176947 elapsed=1134.73s
[train_clm_kr] eval step=28000 ppl=8.87273 kr_acc=-1/16
[phi] step=28000 phi_proxy=103.118
[train_clm_kr] step=28500 loss=2.30302 lr=0.000171689 elapsed=1155.39s
[train_clm_kr] step=29000 loss=2.26281 lr=0.000166466 elapsed=1175.09s
[train_clm_kr] eval step=29000 ppl=8.85911 kr_acc=-1/16
[phi] step=29000 phi_proxy=103.136
[train_clm_kr] step=29500 loss=2.25982 lr=0.000161283 elapsed=1194.78s
[train_clm_kr] step=30000 loss=2.20541 lr=0.000156145 elapsed=1215.02s
[train_clm_kr] eval step=30000 ppl=8.82114 kr_acc=-1/16
[phi] step=30000 phi_proxy=103.15
[gpu_train] saved checkpoint → /workspace/ckpt_clm_d64_kr/step_30000.hexackpt (NL=6, 51 tensors)
[train_clm_kr] saved checkpoint → /workspace/ckpt_clm_d64_kr/step_30000.hexackpt
[train_clm_kr] R2 upload: rclone copy /workspace/ckpt_clm_d64_kr/step_30000.hexackpt r2:anima-models/clm-d64-kr/r1/step_30000/
[train_clm_kr] WARN — rclone exit= (R2 upload deferred, local ckpt intact: /workspace/ckpt_clm_d64_kr/step_30000.hexackpt)
[train_clm_kr] step=30500 loss=2.21839 lr=0.000151057 elapsed=1235.69s
[train_clm_kr] step=31000 loss=2.18354 lr=0.000146025 elapsed=1255.26s
[train_clm_kr] eval step=31000 ppl=8.80142 kr_acc=-1/16
[phi] step=31000 phi_proxy=103.165
[train_clm_kr] step=31500 loss=2.20379 lr=0.000141054 elapsed=1275.29s
[train_clm_kr] step=32000 loss=2.23964 lr=0.000136149 elapsed=1295.16s
[train_clm_kr] eval step=32000 ppl=8.77292 kr_acc=-1/16
[phi] step=32000 phi_proxy=103.177
[train_clm_kr] step=32500 loss=2.19348 lr=0.000131314 elapsed=1314.89s
[train_clm_kr] step=33000 loss=2.12033 lr=0.0001265542026/04/15 17:36:51 NOTICE: Config file "/root/.config/rclone/rclone.conf" not found - using defaults
2026/04/15 17:36:51 Failed to create file system for "r2:anima-models/clm-d64-kr/r1/step_35000/": didn't find section in config file
2026/04/15 17:40:20 NOTICE: Config file "/root/.config/rclone/rclone.conf" not found - using defaults
2026/04/15 17:40:20 Failed to create file system for "r2:anima-models/clm-d64-kr/r1/step_40000/": didn't find section in config file
2026/04/15 17:43:40 NOTICE: Config file "/root/.config/rclone/rclone.conf" not found - using defaults
2026/04/15 17:43:40 Failed to create file system for "r2:anima-models/clm-d64-kr/r1/step_45000/": didn't find section in config file
 elapsed=1335.95s
[train_clm_kr] eval step=33000 ppl=8.74606 kr_acc=-1/16
[phi] step=33000 phi_proxy=103.188
[train_clm_kr] step=33500 loss=2.21929 lr=0.000121875 elapsed=1356.41s
[train_clm_kr] step=34000 loss=2.2134 lr=0.000117281 elapsed=1376.43s
[train_clm_kr] eval step=34000 ppl=8.72274 kr_acc=-1/16
[phi] step=34000 phi_proxy=103.198
[train_clm_kr] step=34500 loss=2.16246 lr=0.000112776 elapsed=1396.83s
[train_clm_kr] step=35000 loss=2.10365 lr=0.000108365 elapsed=1417.03s
[train_clm_kr] eval step=35000 ppl=8.69543 kr_acc=-1/16
[phi] step=35000 phi_proxy=103.208
[gpu_train] saved checkpoint → /workspace/ckpt_clm_d64_kr/step_35000.hexackpt (NL=6, 51 tensors)
[train_clm_kr] saved checkpoint → /workspace/ckpt_clm_d64_kr/step_35000.hexackpt
[train_clm_kr] R2 upload: rclone copy /workspace/ckpt_clm_d64_kr/step_35000.hexackpt r2:anima-models/clm-d64-kr/r1/step_35000/
[train_clm_kr] WARN — rclone exit= (R2 upload deferred, local ckpt intact: /workspace/ckpt_clm_d64_kr/step_35000.hexackpt)
[train_clm_kr] step=35500 loss=2.18813 lr=0.000104053 elapsed=1438.5s
[train_clm_kr] step=36000 loss=2.15534 lr=9.98442e-05 elapsed=1458.14s
[train_clm_kr] eval step=36000 ppl=8.67267 kr_acc=-1/16
[phi] step=36000 phi_proxy=103.216
[train_clm_kr] step=36500 loss=2.22084 lr=9.57423e-05 elapsed=1478.16s
[train_clm_kr] step=37000 loss=2.14349 lr=9.17515e-05 elapsed=1498.72s
[train_clm_kr] eval step=37000 ppl=8.661 kr_acc=-1/16
[phi] step=37000 phi_proxy=103.224
[train_clm_kr] step=37500 loss=2.14871 lr=8.78761e-05 elapsed=1519.06s
[train_clm_kr] step=38000 loss=2.13325 lr=8.41199e-05 elapsed=1539.12s
[train_clm_kr] eval step=38000 ppl=8.63637 kr_acc=-1/16
[phi] step=38000 phi_proxy=103.231
[train_clm_kr] step=38500 loss=2.21143 lr=8.04866e-05 elapsed=1559.81s
[train_clm_kr] step=39000 loss=2.27582 lr=7.698e-05 elapsed=1580.42s
[train_clm_kr] eval step=39000 ppl=8.61019 kr_acc=-1/16
[phi] step=39000 phi_proxy=103.237
[train_clm_kr] step=39500 loss=2.02141 lr=7.36035e-05 elapsed=1600.4s
[train_clm_kr] step=40000 loss=2.11843 lr=7.03606e-05 elapsed=1625.76s
[train_clm_kr] eval step=40000 ppl=8.6159 kr_acc=-1/16
[phi] step=40000 phi_proxy=103.242
[gpu_train] saved checkpoint → /workspace/ckpt_clm_d64_kr/step_40000.hexackpt (NL=6, 51 tensors)
[train_clm_kr] saved checkpoint → /workspace/ckpt_clm_d64_kr/step_40000.hexackpt
[train_clm_kr] R2 upload: rclone copy /workspace/ckpt_clm_d64_kr/step_40000.hexackpt r2:anima-models/clm-d64-kr/r1/step_40000/
[train_clm_kr] WARN — rclone exit= (R2 upload deferred, local ckpt intact: /workspace/ckpt_clm_d64_kr/step_40000.hexackpt)
[train_clm_kr] step=40500 loss=2.14513 lr=6.72546e-05 elapsed=1646.49s
[train_clm_kr] step=41000 loss=2.16174 lr=6.42885e-05 elapsed=1666.12s
[train_clm_kr] eval step=41000 ppl=8.59925 kr_acc=-1/16
[phi] step=41000 phi_proxy=103.246
[train_clm_kr] step=41500 loss=2.07936 lr=6.14653e-05 elapsed=1686.14s
[train_clm_kr] step=42000 loss=2.18186 lr=5.87879e-05 elapsed=1705.85s
[train_clm_kr] eval step=42000 ppl=8.58166 kr_acc=-1/16
[phi] step=42000 phi_proxy=103.251
[train_clm_kr] step=42500 loss=2.09727 lr=5.6259e-05 elapsed=1725.65s
[train_clm_kr] step=43000 loss=2.10878 lr=5.38811e-05 elapsed=1746.01s
[train_clm_kr] eval step=43000 ppl=8.58007 kr_acc=-1/16
[phi] step=43000 phi_proxy=103.255
[train_clm_kr] step=43500 loss=2.1498 lr=5.16567e-05 elapsed=1765.9s
[train_clm_kr] step=44000 loss=2.10831 lr=4.95879e-05 elapsed=1785.85s
[train_clm_kr] eval step=44000 ppl=8.56853 kr_acc=-1/16
[phi] step=44000 phi_proxy=103.258
[train_clm_kr] step=44500 loss=2.13072 lr=4.76769e-05 elapsed=1806.34s
[train_clm_kr] step=45000 loss=2.15783 lr=4.59255e-05 elapsed=1826.23s
[train_clm_kr] eval step=45000 ppl=8.55879 kr_acc=-1/16
[phi] step=45000 phi_proxy=103.261
[gpu_train] saved checkpoint → /workspace/ckpt_clm_d64_kr/step_45000.hexackpt (NL=6, 51 tensors)
[train_clm_kr] saved checkpoint → /workspace/ckpt_clm_d64_kr/step_45000.hexackpt
[train_clm_kr] R2 upload: rclone copy /workspace/ckpt_clm_d64_kr/step_45000.hexackpt r2:anima-models/clm-d64-kr/r1/step_45000/
[train_clm_kr] WARN — r2026/04/15 17:47:05 NOTICE: Config file "/root/.config/rclone/rclone.conf" not found - using defaults
2026/04/15 17:47:05 Failed to create file system for "r2:anima-models/clm-d64-kr/r1/step_50000/": didn't find section in config file
2026/04/15 17:47:06 NOTICE: Config file "/root/.config/rclone/rclone.conf" not found - using defaults
2026/04/15 17:47:06 Failed to create file system for "r2:anima-models/clm-d64-kr/r1/step_50000/": didn't find section in config file
clone exit= (R2 upload deferred, local ckpt intact: /workspace/ckpt_clm_d64_kr/step_45000.hexackpt)
[train_clm_kr] step=45500 loss=2.09846 lr=4.43356e-05 elapsed=1847.02s
[train_clm_kr] step=46000 loss=2.14469 lr=4.29087e-05 elapsed=1867.12s
[train_clm_kr] eval step=46000 ppl=8.55722 kr_acc=-1/16
[phi] step=46000 phi_proxy=103.264
[train_clm_kr] step=46500 loss=2.14733 lr=4.16462e-05 elapsed=1887.19s
[train_clm_kr] step=47000 loss=2.17761 lr=4.05495e-05 elapsed=1907.34s
[train_clm_kr] eval step=47000 ppl=8.5453 kr_acc=-1/16
[phi] step=47000 phi_proxy=103.267
[train_clm_kr] step=47500 loss=2.24336 lr=3.96197e-05 elapsed=1928s
[train_clm_kr] step=48000 loss=2.18181 lr=3.88576e-05 elapsed=1948.34s
[train_clm_kr] eval step=48000 ppl=8.53321 kr_acc=-1/16
[phi] step=48000 phi_proxy=103.27
[train_clm_kr] step=48500 loss=2.17685 lr=3.82641e-05 elapsed=1968.56s
[train_clm_kr] step=49000 loss=2.15991 lr=3.78397e-05 elapsed=1989.45s
[train_clm_kr] eval step=49000 ppl=8.52249 kr_acc=-1/16
[phi] step=49000 phi_proxy=103.272
[train_clm_kr] step=49500 loss=2.11131 lr=3.7585e-05 elapsed=2010.03s
[train_clm_kr] step=50000 loss=2.15232 lr=3.75e-05 elapsed=2030.52s
[train_clm_kr] eval step=50000 ppl=8.51341 kr_acc=-1/16
[phi] step=50000 phi_proxy=103.274
[gpu_train] saved checkpoint → /workspace/ckpt_clm_d64_kr/step_50000.hexackpt (NL=6, 51 tensors)
[train_clm_kr] saved checkpoint → /workspace/ckpt_clm_d64_kr/step_50000.hexackpt
[train_clm_kr] R2 upload: rclone copy /workspace/ckpt_clm_d64_kr/step_50000.hexackpt r2:anima-models/clm-d64-kr/r1/step_50000/
[train_clm_kr] WARN — rclone exit= (R2 upload deferred, local ckpt intact: /workspace/ckpt_clm_d64_kr/step_50000.hexackpt)

[train_clm_kr] ==================================================
[train_clm_kr] training complete — STEPS=50000
[train_clm_kr] loss_initial = 5.71049
[train_clm_kr] loss_final   = 2.15232
[train_clm_kr] Δ loss       = -3.55817
[train_clm_kr] total_s      = 2031.73
[train_clm_kr] s/step       = 0.0406346
[train_clm_kr] ==================================================
[train_clm_kr] PASS — relative improvement = 62.3093%
[gpu_train] saved checkpoint → /workspace/ckpt_clm_d64_kr/final.hexackpt (NL=6, 51 tensors)
[train_clm_kr] saved final checkpoint → /workspace/ckpt_clm_d64_kr/final.hexackpt
[train_clm_kr] R2 upload: rclone copy /workspace/ckpt_clm_d64_kr/final.hexackpt r2:anima-models/clm-d64-kr/r1/step_50000/
[train_clm_kr] WARN — rclone exit= (R2 upload deferred, local ckpt intact: /workspace/ckpt_clm_d64_kr/final.hexackpt)
[train_clm_kr] cuda_shutdown — done. Bye.
