2026/04/15 17:03:49 NOTICE: Config file "/root/.config/rclone/rclone.conf" not found - using defaults
2026/04/15 17:03:49 Failed to create file system for "r2:anima-models/clm-d64-kr/r1/step_500/": didn't find section in config file
[cuda_ffi] module loaded — CUDA/cuBLAS extern FFI bindings ready (batch GEMM #23 included)
[cuda_rtc] module loaded — NVRTC + driver API bindings ready
[cuda_kernels] module loaded — 20 kernels ready for NVRTC compile (12 base + 8 fused)
[gpu_train] module loaded — CLM training primitives ready
[corpus_loader] module ready — load_corpus(path) / synthetic_*()
[train_clm_kr] ==================================================
[train_clm_kr] CLM byte-level KR (GPU, hexa-native, zero-Rust)
[train_clm_kr] config: D=64 FF=256 NL=6 VOCAB=256 SEQ=128 RANK=16 BATCH=1 GRAD_ACC=8 effective_batch=8
[train_clm_kr] schedule: STEPS=500 WARMUP=100 LR_MAX=0.003 LR_MIN=0.0003
[train_clm_kr] log_every=50 eval_every=100 save_every=500
[train_clm_kr] ckpt_dir=/workspace/ckpt_clm_d64_kr
[train_clm_kr] r2_prefix=r2:anima-models/clm-d64-kr round=1
[train_clm_kr] random baseline ln(256) = 5.54518
[train_clm_kr] ==================================================
[cuda_ffi] initialized — handle=110987617136880
[cuda_ffi] GPU memory: 80484 MB free / 81079 MB total
[cuda_rtc] initialized — ctx=110987603446896
[cuda_rtc] cache HIT 'clm_kernels.cu' → .hexa-cache/ptx_162369251.ptx (49031 bytes)
[cuda_kernels] gpu_init_kernels OK — 20 entry points resolved (12 base + 8 fused)
[train_clm_kr] kernels: NVRTC compile OK (12 custom kernels)
[train_clm_kr] tensor cores: CUBLAS_TENSOR_OP_MATH enabled
[train_clm_kr] cfg: D=64 FF=256 NL=6 SEQ=128 RANK=16
[corpus] loading: training/corpus_ko_seed.tok
[corpus] loaded 63305 tokens from training/corpus_ko_seed.tok
[train_clm_kr] corpus: 63305 bytes from training/corpus_ko_seed.tok
[train_clm_kr] first bytes: 236 157 152 236 139 ...
[gpu_train] init_gpu_weights — D=64 FF=256 NL=6 VOCAB=256 SEQ=128 RANK=16
[train_clm_kr] weights: GPU initialized (seed=54321, scale=0.1)
[train_clm_kr] buffers: fwd/grad/eval allocated on GPU
[cuda_ffi] GPU memory: 79982 MB free / 81079 MB total
[train_clm_kr] ==================================================
[train_clm_kr] training start — STEPS=500
[train_clm_kr] ==================================================
[train_clm_kr] step=1 loss=5.71049 lr=3.75e-06 elapsed=0.100565s
[train_clm_kr] step=50 loss=5.46825 lr=0.0001875 elapsed=1.9151s
[train_clm_kr] step=100 loss=5.17154 lr=0.000375 elapsed=3.79096s
[train_clm_kr] eval step=100 ppl=168.874 kr_acc=-1/16
[phi] step=100 phi_proxy=-nan
[train_clm_kr] step=150 loss=4.74398 lr=0.000362155 elapsed=5.69336s
[train_clm_kr] step=200 loss=4.54595 lr=0.000325574 elapsed=7.58619s
[train_clm_kr] eval step=200 ppl=88.8068 kr_acc=-1/16
[phi] step=200 phi_proxy=-nan
[train_clm_kr] step=250 loss=4.39231 lr=0.000270828 elapsed=9.47176s
[train_clm_kr] step=300 loss=4.13588 lr=0.00020625 elapsed=11.3674s
[train_clm_kr] eval step=300 ppl=63.1219 kr_acc=-1/16
[phi] step=300 phi_proxy=nan
[train_clm_kr] step=350 loss=4.12663 lr=0.000141672 elapsed=13.2638s
[train_clm_kr] step=400 loss=3.90366 lr=8.69257e-05 elapsed=15.1809s
[train_clm_kr] eval step=400 ppl=54.2685 kr_acc=-1/16
[phi] step=400 phi_proxy=nan
[train_clm_kr] step=450 loss=3.89483 lr=5.03453e-05 elapsed=17.0979s
[train_clm_kr] step=500 loss=4.09368 lr=3.75e-05 elapsed=19.022s
[train_clm_kr] eval step=500 ppl=51.4838 kr_acc=-1/16
[phi] step=500 phi_proxy=-nan
[gpu_train] saved checkpoint → /workspace/ckpt_clm_d64_kr/step_500.hexackpt (NL=6, 51 tensors)
[train_clm_kr] saved checkpoint → /workspace/ckpt_clm_d64_kr/step_500.hexackpt
[train_clm_kr] R2 upload: rclone copy /workspace/ckpt_clm_d64_kr/step_500.hexackpt r2:anima-models/clm-d64-kr/r1/step_500/
[train_clm_kr] WARN — rclone exit= (R2 upload deferred, local ckpt intact: /workspace/ckpt_clm_d64_kr/step_500.hexackpt)

[train_clm_kr] ==================================================
[train_clm_kr] training complete — STEPS=500
[train_clm_kr] loss_initial = 5.71049
[train_clm_kr] loss_final   = 4.09368
[train_clm_kr] Δ loss       = -1.61681
[train_clm_kr] total_s      = 19.9852
[train_clm_kr] s/step       = 0.0399703
[train_clm_kr] ==================================================
[train_clm_kr] PASS — relati2026/04/15 17:03:50 NOTICE: Config file "/root/.config/rclone/rclone.conf" not found - using defaults
2026/04/15 17:03:50 Failed to create file system for "r2:anima-models/clm-d64-kr/r1/step_500/": didn't find section in config file
ve improvement = 28.313%
[gpu_train] saved checkpoint → /workspace/ckpt_clm_d64_kr/final.hexackpt (NL=6, 51 tensors)
[train_clm_kr] saved final checkpoint → /workspace/ckpt_clm_d64_kr/final.hexackpt
[train_clm_kr] R2 upload: rclone copy /workspace/ckpt_clm_d64_kr/final.hexackpt r2:anima-models/clm-d64-kr/r1/step_500/
[train_clm_kr] WARN — rclone exit= (R2 upload deferred, local ckpt intact: /workspace/ckpt_clm_d64_kr/final.hexackpt)
[train_clm_kr] cuda_shutdown — done. Bye.
