2026/04/15 16:59:58 NOTICE: Config file "/root/.config/rclone/rclone.conf" not found - using defaults
2026/04/15 16:59:58 Failed to create file system for "r2:anima-models/clm-d64-kr/r1/step_20/": didn't find section in config file
[cuda_ffi] module loaded — CUDA/cuBLAS extern FFI bindings ready (batch GEMM #23 included)
[cuda_rtc] module loaded — NVRTC + driver API bindings ready
[cuda_kernels] module loaded — 20 kernels ready for NVRTC compile (12 base + 8 fused)
[gpu_train] module loaded — CLM training primitives ready
[corpus_loader] module ready — load_corpus(path) / synthetic_*()
[train_clm_kr] ==================================================
[train_clm_kr] CLM byte-level KR (GPU, hexa-native, zero-Rust)
[train_clm_kr] config: D=64 FF=256 NL=6 VOCAB=256 SEQ=128 RANK=16 BATCH=1 GRAD_ACC=8 effective_batch=8
[train_clm_kr] schedule: STEPS=20 WARMUP=5 LR_MAX=0.0003 LR_MIN=3e-05
[train_clm_kr] log_every=1 eval_every=10 save_every=20
[train_clm_kr] ckpt_dir=/workspace/ckpt_clm_d64_kr
[train_clm_kr] r2_prefix=r2:anima-models/clm-d64-kr round=1
[train_clm_kr] random baseline ln(256) = 5.54518
[train_clm_kr] ==================================================
[cuda_ffi] initialized — handle=99481865368016
[cuda_ffi] GPU memory: 80484 MB free / 81079 MB total
[cuda_rtc] initialized — ctx=99481851677808
[cuda_rtc] cache HIT 'clm_kernels.cu' → .hexa-cache/ptx_162369251.ptx (49031 bytes)
[cuda_kernels] gpu_init_kernels OK — 20 entry points resolved (12 base + 8 fused)
[train_clm_kr] kernels: NVRTC compile OK (12 custom kernels)
[train_clm_kr] tensor cores: CUBLAS_TENSOR_OP_MATH enabled
[train_clm_kr] cfg: D=64 FF=256 NL=6 SEQ=128 RANK=16
[corpus] loading: training/corpus_ko_seed.tok
[corpus] loaded 63305 tokens from training/corpus_ko_seed.tok
[train_clm_kr] corpus: 63305 bytes from training/corpus_ko_seed.tok
[train_clm_kr] first bytes: 236 157 152 236 139 ...
[gpu_train] init_gpu_weights — D=64 FF=256 NL=6 VOCAB=256 SEQ=128 RANK=16
[train_clm_kr] weights: GPU initialized (seed=54321, scale=0.02)
[train_clm_kr] buffers: fwd/grad/eval allocated on GPU
[cuda_ffi] GPU memory: 79982 MB free / 81079 MB total
[train_clm_kr] ==================================================
[train_clm_kr] training start — STEPS=20
[train_clm_kr] ==================================================
[train_clm_kr] step=1 loss=5.54508 lr=7.5e-06 elapsed=0.090885s
[train_clm_kr] step=2 loss=5.54504 lr=1.5e-05 elapsed=0.126999s
[train_clm_kr] step=3 loss=5.54503 lr=2.25e-05 elapsed=0.162849s
[train_clm_kr] step=4 loss=5.54505 lr=3e-05 elapsed=0.19883s
[train_clm_kr] step=5 loss=5.54507 lr=3.75e-05 elapsed=0.242794s
[train_clm_kr] step=6 loss=5.54507 lr=3.71312e-05 elapsed=0.286873s
[train_clm_kr] step=7 loss=5.54508 lr=3.60411e-05 elapsed=0.323058s
[train_clm_kr] step=8 loss=5.54502 lr=3.42772e-05 elapsed=0.358996s
[train_clm_kr] step=9 loss=5.54503 lr=3.19166e-05 elapsed=0.394811s
[train_clm_kr] step=10 loss=5.54505 lr=2.90625e-05 elapsed=0.431006s
[train_clm_kr] eval step=10 ppl=255.964 kr_acc=-1/16
[phi] step=10 phi_proxy=nan
[train_clm_kr] step=11 loss=5.545 lr=2.58397e-05 elapsed=0.489082s
[train_clm_kr] step=12 loss=5.54504 lr=2.23889e-05 elapsed=0.524994s
[train_clm_kr] step=13 loss=5.54506 lr=1.88611e-05 elapsed=0.560859s
[train_clm_kr] step=14 loss=5.54503 lr=1.54103e-05 elapsed=0.596696s
[train_clm_kr] step=15 loss=5.54501 lr=1.21875e-05 elapsed=0.632526s
[train_clm_kr] step=16 loss=5.54501 lr=9.33342e-06 elapsed=0.668629s
[train_clm_kr] step=17 loss=5.54507 lr=6.97284e-06 elapsed=0.704493s
[train_clm_kr] step=18 loss=5.54506 lr=5.20892e-06 elapsed=0.740228s
[train_clm_kr] step=19 loss=5.54507 lr=4.11876e-06 elapsed=0.776138s
[train_clm_kr] step=20 loss=5.54506 lr=3.75e-06 elapsed=0.811935s
[train_clm_kr] eval step=20 ppl=255.964 kr_acc=-1/16
[phi] step=20 phi_proxy=nan
[gpu_train] saved checkpoint → /workspace/ckpt_clm_d64_kr/step_20.hexackpt (NL=6, 51 tensors)
[train_clm_kr] saved checkpoint → /workspace/ckpt_clm_d64_kr/step_20.hexackpt
[train_clm_kr] R2 upload: rclone copy /workspace/ckpt_clm_d64_kr/step_20.hexackpt r2:anima-models/clm-d64-kr/r1/step_20/
[train_clm_kr] WARN — rclone exit= (R2 upload deferred, local ckpt intact: /workspace/ckpt_clm_d64_kr/step_20.hexackpt)

[train_clm_kr] ==================================================
[tra2026/04/15 16:59:59 NOTICE: Config file "/root/.config/rclone/rclone.conf" not found - using defaults
2026/04/15 16:59:59 Failed to create file system for "r2:anima-models/clm-d64-kr/r1/step_20/": didn't find section in config file
in_clm_kr] training complete — STEPS=20
[train_clm_kr] loss_initial = 5.54508
[train_clm_kr] loss_final   = 5.54506
[train_clm_kr] Δ loss       = -2.03252e-05
[train_clm_kr] total_s      = 1.77553
[train_clm_kr] s/step       = 0.0887764
[train_clm_kr] ==================================================
[train_clm_kr] WEAK — loss did not drop materially (need diagnosis)
[gpu_train] saved checkpoint → /workspace/ckpt_clm_d64_kr/final.hexackpt (NL=6, 51 tensors)
[train_clm_kr] saved final checkpoint → /workspace/ckpt_clm_d64_kr/final.hexackpt
[train_clm_kr] R2 upload: rclone copy /workspace/ckpt_clm_d64_kr/final.hexackpt r2:anima-models/clm-d64-kr/r1/step_20/
[train_clm_kr] WARN — rclone exit= (R2 upload deferred, local ckpt intact: /workspace/ckpt_clm_d64_kr/final.hexackpt)
[train_clm_kr] cuda_shutdown — done. Bye.
