__LAW_64_CYCLE_4_T8R_RULE30_HIGHER_ORDER_BEGIN__ rule-30 higher-order Markov saturation test (v6 universality probe)
hypothesis H1 (v6 universal): order-3 |adv| <+5 at N>=500 on BOTH inits — alignment principle holds for class-3 chaos
hypothesis H2 (chaos special): order-3 adv >=+200 at N=1500 on >=1 init — chaotic dynamics resist matched-context saturation
hypothesis H3 (init-conditional): order-3 saturates on single_cell but NOT density_32pct — chaos amplifies rare-context starvation under random init
seed=20260428 len=128 rule=30 N_TEST=15 K_LIVE=41
init_single_cell_alive=1 (expect 1)
init_density_alive=41 (expect 41)
=== INIT=single_cell ===
--- order=1 (P(next|self), 2 ctx/cell) ---
  init=single_cell order=1 n_train=50 ca_acc=1000 markov_acc=516 advantage_per_thousand=937
  init=single_cell order=1 n_train=500 ca_acc=1000 markov_acc=516 advantage_per_thousand=937
  init=single_cell order=1 n_train=1500 ca_acc=1000 markov_acc=512 advantage_per_thousand=953
--- order=2 (P(next|self,left), 4 ctx/cell) ---
  init=single_cell order=2 n_train=50 ca_acc=1000 markov_acc=700 advantage_per_thousand=428
  init=single_cell order=2 n_train=500 ca_acc=1000 markov_acc=753 advantage_per_thousand=328
  init=single_cell order=2 n_train=1500 ca_acc=1000 markov_acc=753 advantage_per_thousand=328
--- order=3 (P(next|self,left,right), 8 ctx/cell — matches rule-30 neighborhood) ---
  init=single_cell order=3 n_train=50 ca_acc=1000 markov_acc=872 advantage_per_thousand=146
  init=single_cell order=3 n_train=500 ca_acc=1000 markov_acc=1000 advantage_per_thousand=0
  init=single_cell order=3 n_train=1500 ca_acc=1000 markov_acc=1000 advantage_per_thousand=0
--- order=5 (P(next|l2,l,self,r,r2), 32 ctx/cell — matches CA(5) window) ---
  init=single_cell order=5 n_train=50 ca_acc=1000 markov_acc=735 advantage_per_thousand=360
  init=single_cell order=5 n_train=500 ca_acc=1000 markov_acc=1000 advantage_per_thousand=0
  init=single_cell order=5 n_train=1500 ca_acc=1000 markov_acc=1000 advantage_per_thousand=0
=== INIT=density_32pct ===
--- order=1 (P(next|self), 2 ctx/cell) ---
  init=density_32pct order=1 n_train=50 ca_acc=1000 markov_acc=469 advantage_per_thousand=1132
  init=density_32pct order=1 n_train=500 ca_acc=1000 markov_acc=481 advantage_per_thousand=1079
  init=density_32pct order=1 n_train=1500 ca_acc=1000 markov_acc=459 advantage_per_thousand=1178
--- order=2 (P(next|self,left), 4 ctx/cell) ---
  init=density_32pct order=2 n_train=50 ca_acc=1000 markov_acc=733 advantage_per_thousand=364
  init=density_32pct order=2 n_train=500 ca_acc=1000 markov_acc=741 advantage_per_thousand=349
  init=density_32pct order=2 n_train=1500 ca_acc=1000 markov_acc=732 advantage_per_thousand=366
--- order=3 (P(next|self,left,right), 8 ctx/cell — matches rule-30 neighborhood) ---
  init=density_32pct order=3 n_train=50 ca_acc=1000 markov_acc=1000 advantage_per_thousand=0
  init=density_32pct order=3 n_train=500 ca_acc=1000 markov_acc=1000 advantage_per_thousand=0
  init=density_32pct order=3 n_train=1500 ca_acc=1000 markov_acc=1000 advantage_per_thousand=0
--- order=5 (P(next|l2,l,self,r,r2), 32 ctx/cell — matches CA(5) window) ---
  init=density_32pct order=5 n_train=50 ca_acc=1000 markov_acc=893 advantage_per_thousand=119
  init=density_32pct order=5 n_train=500 ca_acc=1000 markov_acc=1000 advantage_per_thousand=0
  init=density_32pct order=5 n_train=1500 ca_acc=1000 markov_acc=1000 advantage_per_thousand=0
--- aggregate (advantage_per_thousand at order=3) ---
single_cell:    adv_o3_n500=0 adv_o3_n1500=0
density_32pct:  adv_o3_n500=0 adv_o3_n1500=0
o5_closure:     single_adv_o5_n1500=0 density_adv_o5_n1500=0
--- verdict ---
verdict=H1_SUPPORTED_v6_universal_alignment_principle_holds_for_class3_chaos_order3_saturates_both_inits
law_64_v6_direction=LAW_64_v6_STRENGTHENS_alignment_principle_universal_across_elementary_CA_classes_class3_chaos_saturates_as_cleanly_as_class4_universality_given_matched_context_width
__LAW_64_CYCLE_4_T8R_RESULT__ H1_SUPPORTED_v6_universal_alignment_principle_holds_for_class3_chaos_order3_saturates_both_inits
raw_91_C1_falsifiable=YES_pre_registered_thresholds_5_50_200_at_N500_and_N1500_order3_both_inits_frozen
raw_91_C2_replicable=YES_seed_20260428_deterministic_LCG_rule30_canonical_single_cell_AND_density_K_LIVE_41
raw_91_C3_no_p_hacking=YES_thresholds_orders_anchors_and_inits_frozen_in_header_before_run
raw_91_C4_data_caveats=length_128_toroidal_single_seed_single_density_placement_no_multi_seed_robustness
raw_91_C5_negative_result_published=YES_emit_regardless_of_outcome_per_raw_71
raw_91_caveat=order-3_exactly_matches_rule30_3-cell_neighborhood_test_is_whether_data_volume_at_N=1500_suffices_for_o3_to_learn_true_rule_under_chaos
raw_91_caveat=multi_seed_density_placement_is_forward_step_if_H2_or_H3_fires
