__LAW_64_CYCLE_4_T8P_WOLFRAM_RULE_SWEEP_BEGIN__ 4 elementary rules × 3 N_TRAIN × 2 inits
hypothesis H1 (class-conditional): {30,90,110}=PERSIST(>200) AND 184=SATURATE(<50) → Law 64 v6 class-conditional
hypothesis H2 (rule-110-specific): only 110=PERSIST; 30, 90, 184 all SATURATE → rule-110 universality unique
hypothesis H3 (algebraic-closure):  {30,110}=PERSIST AND {90,184}=SATURATE → algebraic-closure split
seed=20260428 len=128 N_TEST=15 k_live_density=41
rules=[30,90,110,184] N_TRAIN_ladder=[15,500,1500]
=== rule=30 ===
  -- init=single_cell --
  rule=30 init=single_cell n_train=15 ca_acc=1000 tf_acc=515 advantage_per_thousand=941
  rule=30 init=single_cell n_train=500 ca_acc=1000 tf_acc=516 advantage_per_thousand=937
  rule=30 init=single_cell n_train=1500 ca_acc=1000 tf_acc=512 advantage_per_thousand=953
  -- init=density_32pct --
  rule=30 init=density_32pct n_train=15 ca_acc=1000 tf_acc=476 advantage_per_thousand=1100
  rule=30 init=density_32pct n_train=500 ca_acc=1000 tf_acc=481 advantage_per_thousand=1079
  rule=30 init=density_32pct n_train=1500 ca_acc=1000 tf_acc=459 advantage_per_thousand=1178
  rule=30 max_adv_n1500=1178 (single=953 density=1178)
=== rule=90 ===
  -- init=single_cell --
  rule=90 init=single_cell n_train=15 ca_acc=1000 tf_acc=1000 advantage_per_thousand=0
  rule=90 init=single_cell n_train=500 ca_acc=1000 tf_acc=1000 advantage_per_thousand=0
  rule=90 init=single_cell n_train=1500 ca_acc=1000 tf_acc=1000 advantage_per_thousand=0
  -- init=density_32pct --
  rule=90 init=density_32pct n_train=15 ca_acc=1000 tf_acc=625 advantage_per_thousand=600
  rule=90 init=density_32pct n_train=500 ca_acc=1000 tf_acc=1000 advantage_per_thousand=0
  rule=90 init=density_32pct n_train=1500 ca_acc=1000 tf_acc=1000 advantage_per_thousand=0
  rule=90 max_adv_n1500=0 (single=0 density=0)
=== rule=110 ===
  -- init=single_cell --
  rule=110 init=single_cell n_train=15 ca_acc=1000 tf_acc=393 advantage_per_thousand=1544
  rule=110 init=single_cell n_train=500 ca_acc=1000 tf_acc=658 advantage_per_thousand=519
  rule=110 init=single_cell n_train=1500 ca_acc=1000 tf_acc=666 advantage_per_thousand=501
  -- init=density_32pct --
  rule=110 init=density_32pct n_train=15 ca_acc=1000 tf_acc=528 advantage_per_thousand=893
  rule=110 init=density_32pct n_train=500 ca_acc=1000 tf_acc=423 advantage_per_thousand=1364
  rule=110 init=density_32pct n_train=1500 ca_acc=1000 tf_acc=593 advantage_per_thousand=686
  rule=110 max_adv_n1500=686 (single=501 density=686)
=== rule=184 ===
  -- init=single_cell --
  rule=184 init=single_cell n_train=15 ca_acc=1000 tf_acc=992 advantage_per_thousand=8
  rule=184 init=single_cell n_train=500 ca_acc=1000 tf_acc=992 advantage_per_thousand=8
  rule=184 init=single_cell n_train=1500 ca_acc=1000 tf_acc=992 advantage_per_thousand=8
  -- init=density_32pct --
  rule=184 init=density_32pct n_train=15 ca_acc=1000 tf_acc=626 advantage_per_thousand=597
  rule=184 init=density_32pct n_train=500 ca_acc=1000 tf_acc=679 advantage_per_thousand=472
  rule=184 init=density_32pct n_train=1500 ca_acc=1000 tf_acc=679 advantage_per_thousand=472
  rule=184 max_adv_n1500=472 (single=8 density=472)
--- aggregate ---
rule=30  max_adv_n1500=1178 classification=PERSIST
rule=90  max_adv_n1500=0 classification=SATURATE
rule=110 max_adv_n1500=686 classification=PERSIST
rule=184 max_adv_n1500=472 classification=PERSIST
--- verdict ---
verdict=MIXED_pattern_does_not_match_any_pre_registered_hypothesis_report_raw
law_64_direction=INCONCLUSIVE_no_v6_emitted
__LAW_64_CYCLE_4_T8P_RESULT__ MIXED_pattern_does_not_match_any_pre_registered_hypothesis_report_raw
raw_91_C1_falsifiable=YES_pre_registered_thresholds_PERSIST_gt_200_SATURATE_lt_50_at_N1500_per_rule
raw_91_C2_replicable=YES_seed_20260428_deterministic_LCG_4_canonical_Wolfram_rules
raw_91_C3_no_p_hacking=YES_thresholds_and_3_hypotheses_frozen_in_header_before_run
raw_91_C4_data_caveats=length_128_toroidal_2_inits_single_cell_AND_density_32pct_single_seed_single_placement
raw_91_C5_negative_result_published=YES_emit_regardless_of_outcome_per_raw_71
raw_91_caveat=CA(5) here is 5-cell oracle (subsumes elementary 3-cell rule) — perfect ceiling for ALL 4 rules
raw_91_caveat=N_TRAIN ladder compressed to 3 ticks (15/500/1500) vs T8n's 5 ticks; drift-shape resolution reduced
raw_91_caveat=Single seed / single density placement / single single_cell placement. Multi-seed sweep is forward step.
raw_91_caveat=Tested 4 rules of 256 elementary; class-3/4 sample is rules {30,90,110}, class-2 sample is {184} only. Broader rule sweep is forward step T8q.
